[2023-08-01T21:30:33.714+0000] {processor.py:156} INFO - Started process (PID=69) to work on /home/airflow/.local/lib/python3.7/site-packages/airflow/example_dags/example_kubernetes_executor.py
[2023-08-01T21:30:33.715+0000] {processor.py:799} INFO - Processing file /home/airflow/.local/lib/python3.7/site-packages/airflow/example_dags/example_kubernetes_executor.py for tasks to queue
[2023-08-01T21:30:33.716+0000] {logging_mixin.py:149} INFO - [2023-08-01T21:30:33.716+0000] {dagbag.py:541} INFO - Filling up the DagBag from /home/airflow/.local/lib/python3.7/site-packages/airflow/example_dags/example_kubernetes_executor.py
[2023-08-01T21:30:34.045+0000] {processor.py:809} INFO - DAG(s) dict_keys(['example_kubernetes_executor']) retrieved from /home/airflow/.local/lib/python3.7/site-packages/airflow/example_dags/example_kubernetes_executor.py
[2023-08-01T21:30:34.110+0000] {logging_mixin.py:149} INFO - [2023-08-01T21:30:34.110+0000] {dag.py:2726} INFO - Sync 1 DAGs
[2023-08-01T21:30:34.150+0000] {logging_mixin.py:149} INFO - [2023-08-01T21:30:34.150+0000] {dag.py:3490} INFO - Setting next_dagrun for example_kubernetes_executor to None, run_after=None
[2023-08-01T21:30:34.174+0000] {processor.py:178} INFO - Processing /home/airflow/.local/lib/python3.7/site-packages/airflow/example_dags/example_kubernetes_executor.py took 0.464 seconds
[2023-08-01T21:31:04.913+0000] {processor.py:156} INFO - Started process (PID=126) to work on /home/airflow/.local/lib/python3.7/site-packages/airflow/example_dags/example_kubernetes_executor.py
[2023-08-01T21:31:04.914+0000] {processor.py:799} INFO - Processing file /home/airflow/.local/lib/python3.7/site-packages/airflow/example_dags/example_kubernetes_executor.py for tasks to queue
[2023-08-01T21:31:04.915+0000] {logging_mixin.py:149} INFO - [2023-08-01T21:31:04.915+0000] {dagbag.py:541} INFO - Filling up the DagBag from /home/airflow/.local/lib/python3.7/site-packages/airflow/example_dags/example_kubernetes_executor.py
[2023-08-01T21:31:05.096+0000] {processor.py:809} INFO - DAG(s) dict_keys(['example_kubernetes_executor']) retrieved from /home/airflow/.local/lib/python3.7/site-packages/airflow/example_dags/example_kubernetes_executor.py
[2023-08-01T21:31:05.185+0000] {logging_mixin.py:149} INFO - [2023-08-01T21:31:05.185+0000] {dag.py:2726} INFO - Sync 1 DAGs
[2023-08-01T21:31:05.220+0000] {logging_mixin.py:149} INFO - [2023-08-01T21:31:05.219+0000] {dag.py:3490} INFO - Setting next_dagrun for example_kubernetes_executor to None, run_after=None
[2023-08-01T21:31:05.242+0000] {processor.py:178} INFO - Processing /home/airflow/.local/lib/python3.7/site-packages/airflow/example_dags/example_kubernetes_executor.py took 0.332 seconds
[2023-08-01T21:32:12.352+0000] {processor.py:156} INFO - Started process (PID=68) to work on /home/airflow/.local/lib/python3.7/site-packages/airflow/example_dags/example_kubernetes_executor.py
[2023-08-01T21:32:12.354+0000] {processor.py:799} INFO - Processing file /home/airflow/.local/lib/python3.7/site-packages/airflow/example_dags/example_kubernetes_executor.py for tasks to queue
[2023-08-01T21:32:12.355+0000] {logging_mixin.py:149} INFO - [2023-08-01T21:32:12.354+0000] {dagbag.py:541} INFO - Filling up the DagBag from /home/airflow/.local/lib/python3.7/site-packages/airflow/example_dags/example_kubernetes_executor.py
[2023-08-01T21:32:12.655+0000] {processor.py:809} INFO - DAG(s) dict_keys(['example_kubernetes_executor']) retrieved from /home/airflow/.local/lib/python3.7/site-packages/airflow/example_dags/example_kubernetes_executor.py
[2023-08-01T21:32:12.726+0000] {logging_mixin.py:149} INFO - [2023-08-01T21:32:12.726+0000] {dag.py:2726} INFO - Sync 1 DAGs
[2023-08-01T21:32:12.762+0000] {logging_mixin.py:149} INFO - [2023-08-01T21:32:12.762+0000] {dag.py:3490} INFO - Setting next_dagrun for example_kubernetes_executor to None, run_after=None
[2023-08-01T21:32:12.788+0000] {processor.py:178} INFO - Processing /home/airflow/.local/lib/python3.7/site-packages/airflow/example_dags/example_kubernetes_executor.py took 0.439 seconds
[2023-08-01T21:32:43.120+0000] {processor.py:156} INFO - Started process (PID=125) to work on /home/airflow/.local/lib/python3.7/site-packages/airflow/example_dags/example_kubernetes_executor.py
[2023-08-01T21:32:43.122+0000] {processor.py:799} INFO - Processing file /home/airflow/.local/lib/python3.7/site-packages/airflow/example_dags/example_kubernetes_executor.py for tasks to queue
[2023-08-01T21:32:43.123+0000] {logging_mixin.py:149} INFO - [2023-08-01T21:32:43.123+0000] {dagbag.py:541} INFO - Filling up the DagBag from /home/airflow/.local/lib/python3.7/site-packages/airflow/example_dags/example_kubernetes_executor.py
[2023-08-01T21:32:43.380+0000] {processor.py:809} INFO - DAG(s) dict_keys(['example_kubernetes_executor']) retrieved from /home/airflow/.local/lib/python3.7/site-packages/airflow/example_dags/example_kubernetes_executor.py
[2023-08-01T21:32:43.464+0000] {logging_mixin.py:149} INFO - [2023-08-01T21:32:43.464+0000] {dag.py:2726} INFO - Sync 1 DAGs
[2023-08-01T21:32:43.499+0000] {logging_mixin.py:149} INFO - [2023-08-01T21:32:43.499+0000] {dag.py:3490} INFO - Setting next_dagrun for example_kubernetes_executor to None, run_after=None
[2023-08-01T21:32:43.527+0000] {processor.py:178} INFO - Processing /home/airflow/.local/lib/python3.7/site-packages/airflow/example_dags/example_kubernetes_executor.py took 0.409 seconds
[2023-08-01T21:33:14.977+0000] {processor.py:156} INFO - Started process (PID=183) to work on /home/airflow/.local/lib/python3.7/site-packages/airflow/example_dags/example_kubernetes_executor.py
[2023-08-01T21:33:14.979+0000] {processor.py:799} INFO - Processing file /home/airflow/.local/lib/python3.7/site-packages/airflow/example_dags/example_kubernetes_executor.py for tasks to queue
[2023-08-01T21:33:14.980+0000] {logging_mixin.py:149} INFO - [2023-08-01T21:33:14.980+0000] {dagbag.py:541} INFO - Filling up the DagBag from /home/airflow/.local/lib/python3.7/site-packages/airflow/example_dags/example_kubernetes_executor.py
[2023-08-01T21:33:15.354+0000] {processor.py:809} INFO - DAG(s) dict_keys(['example_kubernetes_executor']) retrieved from /home/airflow/.local/lib/python3.7/site-packages/airflow/example_dags/example_kubernetes_executor.py
[2023-08-01T21:33:15.442+0000] {logging_mixin.py:149} INFO - [2023-08-01T21:33:15.442+0000] {dag.py:2726} INFO - Sync 1 DAGs
[2023-08-01T21:33:15.480+0000] {logging_mixin.py:149} INFO - [2023-08-01T21:33:15.480+0000] {dag.py:3490} INFO - Setting next_dagrun for example_kubernetes_executor to None, run_after=None
[2023-08-01T21:33:15.506+0000] {processor.py:178} INFO - Processing /home/airflow/.local/lib/python3.7/site-packages/airflow/example_dags/example_kubernetes_executor.py took 0.533 seconds
[2023-08-01T21:33:45.589+0000] {processor.py:156} INFO - Started process (PID=240) to work on /home/airflow/.local/lib/python3.7/site-packages/airflow/example_dags/example_kubernetes_executor.py
[2023-08-01T21:33:45.591+0000] {processor.py:799} INFO - Processing file /home/airflow/.local/lib/python3.7/site-packages/airflow/example_dags/example_kubernetes_executor.py for tasks to queue
[2023-08-01T21:33:45.592+0000] {logging_mixin.py:149} INFO - [2023-08-01T21:33:45.591+0000] {dagbag.py:541} INFO - Filling up the DagBag from /home/airflow/.local/lib/python3.7/site-packages/airflow/example_dags/example_kubernetes_executor.py
[2023-08-01T21:33:45.768+0000] {processor.py:809} INFO - DAG(s) dict_keys(['example_kubernetes_executor']) retrieved from /home/airflow/.local/lib/python3.7/site-packages/airflow/example_dags/example_kubernetes_executor.py
[2023-08-01T21:33:45.854+0000] {logging_mixin.py:149} INFO - [2023-08-01T21:33:45.854+0000] {dag.py:2726} INFO - Sync 1 DAGs
[2023-08-01T21:33:45.890+0000] {logging_mixin.py:149} INFO - [2023-08-01T21:33:45.890+0000] {dag.py:3490} INFO - Setting next_dagrun for example_kubernetes_executor to None, run_after=None
[2023-08-01T21:33:45.914+0000] {processor.py:178} INFO - Processing /home/airflow/.local/lib/python3.7/site-packages/airflow/example_dags/example_kubernetes_executor.py took 0.328 seconds
[2023-08-01T21:34:16.423+0000] {processor.py:156} INFO - Started process (PID=296) to work on /home/airflow/.local/lib/python3.7/site-packages/airflow/example_dags/example_kubernetes_executor.py
[2023-08-01T21:34:16.425+0000] {processor.py:799} INFO - Processing file /home/airflow/.local/lib/python3.7/site-packages/airflow/example_dags/example_kubernetes_executor.py for tasks to queue
[2023-08-01T21:34:16.426+0000] {logging_mixin.py:149} INFO - [2023-08-01T21:34:16.425+0000] {dagbag.py:541} INFO - Filling up the DagBag from /home/airflow/.local/lib/python3.7/site-packages/airflow/example_dags/example_kubernetes_executor.py
[2023-08-01T21:34:16.616+0000] {processor.py:809} INFO - DAG(s) dict_keys(['example_kubernetes_executor']) retrieved from /home/airflow/.local/lib/python3.7/site-packages/airflow/example_dags/example_kubernetes_executor.py
[2023-08-01T21:34:16.712+0000] {logging_mixin.py:149} INFO - [2023-08-01T21:34:16.712+0000] {dag.py:2726} INFO - Sync 1 DAGs
[2023-08-01T21:34:16.752+0000] {logging_mixin.py:149} INFO - [2023-08-01T21:34:16.752+0000] {dag.py:3490} INFO - Setting next_dagrun for example_kubernetes_executor to None, run_after=None
[2023-08-01T21:34:16.779+0000] {processor.py:178} INFO - Processing /home/airflow/.local/lib/python3.7/site-packages/airflow/example_dags/example_kubernetes_executor.py took 0.359 seconds
[2023-08-01T21:34:47.151+0000] {processor.py:156} INFO - Started process (PID=353) to work on /home/airflow/.local/lib/python3.7/site-packages/airflow/example_dags/example_kubernetes_executor.py
[2023-08-01T21:34:47.152+0000] {processor.py:799} INFO - Processing file /home/airflow/.local/lib/python3.7/site-packages/airflow/example_dags/example_kubernetes_executor.py for tasks to queue
[2023-08-01T21:34:47.153+0000] {logging_mixin.py:149} INFO - [2023-08-01T21:34:47.153+0000] {dagbag.py:541} INFO - Filling up the DagBag from /home/airflow/.local/lib/python3.7/site-packages/airflow/example_dags/example_kubernetes_executor.py
[2023-08-01T21:34:47.385+0000] {processor.py:809} INFO - DAG(s) dict_keys(['example_kubernetes_executor']) retrieved from /home/airflow/.local/lib/python3.7/site-packages/airflow/example_dags/example_kubernetes_executor.py
[2023-08-01T21:34:47.502+0000] {logging_mixin.py:149} INFO - [2023-08-01T21:34:47.501+0000] {dag.py:2726} INFO - Sync 1 DAGs
[2023-08-01T21:34:47.558+0000] {logging_mixin.py:149} INFO - [2023-08-01T21:34:47.558+0000] {dag.py:3490} INFO - Setting next_dagrun for example_kubernetes_executor to None, run_after=None
[2023-08-01T21:34:47.583+0000] {processor.py:178} INFO - Processing /home/airflow/.local/lib/python3.7/site-packages/airflow/example_dags/example_kubernetes_executor.py took 0.435 seconds
[2023-08-01T21:35:18.326+0000] {processor.py:156} INFO - Started process (PID=410) to work on /home/airflow/.local/lib/python3.7/site-packages/airflow/example_dags/example_kubernetes_executor.py
[2023-08-01T21:35:18.327+0000] {processor.py:799} INFO - Processing file /home/airflow/.local/lib/python3.7/site-packages/airflow/example_dags/example_kubernetes_executor.py for tasks to queue
[2023-08-01T21:35:18.328+0000] {logging_mixin.py:149} INFO - [2023-08-01T21:35:18.328+0000] {dagbag.py:541} INFO - Filling up the DagBag from /home/airflow/.local/lib/python3.7/site-packages/airflow/example_dags/example_kubernetes_executor.py
[2023-08-01T21:35:18.513+0000] {processor.py:809} INFO - DAG(s) dict_keys(['example_kubernetes_executor']) retrieved from /home/airflow/.local/lib/python3.7/site-packages/airflow/example_dags/example_kubernetes_executor.py
[2023-08-01T21:35:18.599+0000] {logging_mixin.py:149} INFO - [2023-08-01T21:35:18.599+0000] {dag.py:2726} INFO - Sync 1 DAGs
[2023-08-01T21:35:18.637+0000] {logging_mixin.py:149} INFO - [2023-08-01T21:35:18.636+0000] {dag.py:3490} INFO - Setting next_dagrun for example_kubernetes_executor to None, run_after=None
[2023-08-01T21:35:18.665+0000] {processor.py:178} INFO - Processing /home/airflow/.local/lib/python3.7/site-packages/airflow/example_dags/example_kubernetes_executor.py took 0.341 seconds
[2023-08-01T21:35:49.468+0000] {processor.py:156} INFO - Started process (PID=467) to work on /home/airflow/.local/lib/python3.7/site-packages/airflow/example_dags/example_kubernetes_executor.py
[2023-08-01T21:35:49.469+0000] {processor.py:799} INFO - Processing file /home/airflow/.local/lib/python3.7/site-packages/airflow/example_dags/example_kubernetes_executor.py for tasks to queue
[2023-08-01T21:35:49.470+0000] {logging_mixin.py:149} INFO - [2023-08-01T21:35:49.470+0000] {dagbag.py:541} INFO - Filling up the DagBag from /home/airflow/.local/lib/python3.7/site-packages/airflow/example_dags/example_kubernetes_executor.py
[2023-08-01T21:35:49.677+0000] {processor.py:809} INFO - DAG(s) dict_keys(['example_kubernetes_executor']) retrieved from /home/airflow/.local/lib/python3.7/site-packages/airflow/example_dags/example_kubernetes_executor.py
[2023-08-01T21:35:49.789+0000] {logging_mixin.py:149} INFO - [2023-08-01T21:35:49.789+0000] {dag.py:2726} INFO - Sync 1 DAGs
[2023-08-01T21:35:49.834+0000] {logging_mixin.py:149} INFO - [2023-08-01T21:35:49.834+0000] {dag.py:3490} INFO - Setting next_dagrun for example_kubernetes_executor to None, run_after=None
[2023-08-01T21:35:49.862+0000] {processor.py:178} INFO - Processing /home/airflow/.local/lib/python3.7/site-packages/airflow/example_dags/example_kubernetes_executor.py took 0.397 seconds
[2023-08-01T21:36:20.601+0000] {processor.py:156} INFO - Started process (PID=524) to work on /home/airflow/.local/lib/python3.7/site-packages/airflow/example_dags/example_kubernetes_executor.py
[2023-08-01T21:36:20.602+0000] {processor.py:799} INFO - Processing file /home/airflow/.local/lib/python3.7/site-packages/airflow/example_dags/example_kubernetes_executor.py for tasks to queue
[2023-08-01T21:36:20.603+0000] {logging_mixin.py:149} INFO - [2023-08-01T21:36:20.603+0000] {dagbag.py:541} INFO - Filling up the DagBag from /home/airflow/.local/lib/python3.7/site-packages/airflow/example_dags/example_kubernetes_executor.py
[2023-08-01T21:36:20.856+0000] {processor.py:809} INFO - DAG(s) dict_keys(['example_kubernetes_executor']) retrieved from /home/airflow/.local/lib/python3.7/site-packages/airflow/example_dags/example_kubernetes_executor.py
[2023-08-01T21:36:20.944+0000] {logging_mixin.py:149} INFO - [2023-08-01T21:36:20.944+0000] {dag.py:2726} INFO - Sync 1 DAGs
[2023-08-01T21:36:20.984+0000] {logging_mixin.py:149} INFO - [2023-08-01T21:36:20.983+0000] {dag.py:3490} INFO - Setting next_dagrun for example_kubernetes_executor to None, run_after=None
[2023-08-01T21:36:21.008+0000] {processor.py:178} INFO - Processing /home/airflow/.local/lib/python3.7/site-packages/airflow/example_dags/example_kubernetes_executor.py took 0.410 seconds
[2023-08-01T21:36:51.356+0000] {processor.py:156} INFO - Started process (PID=581) to work on /home/airflow/.local/lib/python3.7/site-packages/airflow/example_dags/example_kubernetes_executor.py
[2023-08-01T21:36:51.357+0000] {processor.py:799} INFO - Processing file /home/airflow/.local/lib/python3.7/site-packages/airflow/example_dags/example_kubernetes_executor.py for tasks to queue
[2023-08-01T21:36:51.358+0000] {logging_mixin.py:149} INFO - [2023-08-01T21:36:51.358+0000] {dagbag.py:541} INFO - Filling up the DagBag from /home/airflow/.local/lib/python3.7/site-packages/airflow/example_dags/example_kubernetes_executor.py
[2023-08-01T21:36:51.623+0000] {processor.py:809} INFO - DAG(s) dict_keys(['example_kubernetes_executor']) retrieved from /home/airflow/.local/lib/python3.7/site-packages/airflow/example_dags/example_kubernetes_executor.py
[2023-08-01T21:36:51.723+0000] {logging_mixin.py:149} INFO - [2023-08-01T21:36:51.723+0000] {dag.py:2726} INFO - Sync 1 DAGs
[2023-08-01T21:36:51.765+0000] {logging_mixin.py:149} INFO - [2023-08-01T21:36:51.765+0000] {dag.py:3490} INFO - Setting next_dagrun for example_kubernetes_executor to None, run_after=None
[2023-08-01T21:36:51.800+0000] {processor.py:178} INFO - Processing /home/airflow/.local/lib/python3.7/site-packages/airflow/example_dags/example_kubernetes_executor.py took 0.447 seconds
