[2023-08-01T21:30:33.103+0000] {processor.py:156} INFO - Started process (PID=66) to work on /home/airflow/.local/lib/python3.7/site-packages/airflow/example_dags/example_short_circuit_operator.py
[2023-08-01T21:30:33.105+0000] {processor.py:799} INFO - Processing file /home/airflow/.local/lib/python3.7/site-packages/airflow/example_dags/example_short_circuit_operator.py for tasks to queue
[2023-08-01T21:30:33.106+0000] {logging_mixin.py:149} INFO - [2023-08-01T21:30:33.106+0000] {dagbag.py:541} INFO - Filling up the DagBag from /home/airflow/.local/lib/python3.7/site-packages/airflow/example_dags/example_short_circuit_operator.py
[2023-08-01T21:30:33.119+0000] {processor.py:809} INFO - DAG(s) dict_keys(['example_short_circuit_operator']) retrieved from /home/airflow/.local/lib/python3.7/site-packages/airflow/example_dags/example_short_circuit_operator.py
[2023-08-01T21:30:33.200+0000] {logging_mixin.py:149} INFO - [2023-08-01T21:30:33.200+0000] {dag.py:2726} INFO - Sync 1 DAGs
[2023-08-01T21:30:33.255+0000] {logging_mixin.py:149} INFO - [2023-08-01T21:30:33.255+0000] {dag.py:3490} INFO - Setting next_dagrun for example_short_circuit_operator to 2023-07-31T21:30:33.254964+00:00, run_after=2023-08-01T21:30:33.254964+00:00
[2023-08-01T21:30:33.283+0000] {processor.py:178} INFO - Processing /home/airflow/.local/lib/python3.7/site-packages/airflow/example_dags/example_short_circuit_operator.py took 0.184 seconds
[2023-08-01T21:31:03.513+0000] {processor.py:156} INFO - Started process (PID=122) to work on /home/airflow/.local/lib/python3.7/site-packages/airflow/example_dags/example_short_circuit_operator.py
[2023-08-01T21:31:03.514+0000] {processor.py:799} INFO - Processing file /home/airflow/.local/lib/python3.7/site-packages/airflow/example_dags/example_short_circuit_operator.py for tasks to queue
[2023-08-01T21:31:03.515+0000] {logging_mixin.py:149} INFO - [2023-08-01T21:31:03.515+0000] {dagbag.py:541} INFO - Filling up the DagBag from /home/airflow/.local/lib/python3.7/site-packages/airflow/example_dags/example_short_circuit_operator.py
[2023-08-01T21:31:03.525+0000] {processor.py:809} INFO - DAG(s) dict_keys(['example_short_circuit_operator']) retrieved from /home/airflow/.local/lib/python3.7/site-packages/airflow/example_dags/example_short_circuit_operator.py
[2023-08-01T21:31:03.600+0000] {logging_mixin.py:149} INFO - [2023-08-01T21:31:03.600+0000] {dag.py:2726} INFO - Sync 1 DAGs
[2023-08-01T21:31:03.635+0000] {logging_mixin.py:149} INFO - [2023-08-01T21:31:03.635+0000] {dag.py:3490} INFO - Setting next_dagrun for example_short_circuit_operator to 2023-07-31T21:31:03.634954+00:00, run_after=2023-08-01T21:31:03.634954+00:00
[2023-08-01T21:31:03.659+0000] {processor.py:178} INFO - Processing /home/airflow/.local/lib/python3.7/site-packages/airflow/example_dags/example_short_circuit_operator.py took 0.148 seconds
[2023-08-01T21:32:11.691+0000] {processor.py:156} INFO - Started process (PID=65) to work on /home/airflow/.local/lib/python3.7/site-packages/airflow/example_dags/example_short_circuit_operator.py
[2023-08-01T21:32:11.697+0000] {processor.py:799} INFO - Processing file /home/airflow/.local/lib/python3.7/site-packages/airflow/example_dags/example_short_circuit_operator.py for tasks to queue
[2023-08-01T21:32:11.698+0000] {logging_mixin.py:149} INFO - [2023-08-01T21:32:11.698+0000] {dagbag.py:541} INFO - Filling up the DagBag from /home/airflow/.local/lib/python3.7/site-packages/airflow/example_dags/example_short_circuit_operator.py
[2023-08-01T21:32:11.716+0000] {processor.py:809} INFO - DAG(s) dict_keys(['example_short_circuit_operator']) retrieved from /home/airflow/.local/lib/python3.7/site-packages/airflow/example_dags/example_short_circuit_operator.py
[2023-08-01T21:32:11.840+0000] {logging_mixin.py:149} INFO - [2023-08-01T21:32:11.840+0000] {dag.py:2726} INFO - Sync 1 DAGs
[2023-08-01T21:32:11.910+0000] {logging_mixin.py:149} INFO - [2023-08-01T21:32:11.909+0000] {dag.py:3490} INFO - Setting next_dagrun for example_short_circuit_operator to 2023-07-31T21:32:11.908737+00:00, run_after=2023-08-01T21:32:11.908737+00:00
[2023-08-01T21:32:11.959+0000] {processor.py:178} INFO - Processing /home/airflow/.local/lib/python3.7/site-packages/airflow/example_dags/example_short_circuit_operator.py took 0.273 seconds
[2023-08-01T21:32:42.614+0000] {processor.py:156} INFO - Started process (PID=122) to work on /home/airflow/.local/lib/python3.7/site-packages/airflow/example_dags/example_short_circuit_operator.py
[2023-08-01T21:32:42.616+0000] {processor.py:799} INFO - Processing file /home/airflow/.local/lib/python3.7/site-packages/airflow/example_dags/example_short_circuit_operator.py for tasks to queue
[2023-08-01T21:32:42.616+0000] {logging_mixin.py:149} INFO - [2023-08-01T21:32:42.616+0000] {dagbag.py:541} INFO - Filling up the DagBag from /home/airflow/.local/lib/python3.7/site-packages/airflow/example_dags/example_short_circuit_operator.py
[2023-08-01T21:32:42.625+0000] {processor.py:809} INFO - DAG(s) dict_keys(['example_short_circuit_operator']) retrieved from /home/airflow/.local/lib/python3.7/site-packages/airflow/example_dags/example_short_circuit_operator.py
[2023-08-01T21:32:42.718+0000] {logging_mixin.py:149} INFO - [2023-08-01T21:32:42.717+0000] {dag.py:2726} INFO - Sync 1 DAGs
[2023-08-01T21:32:42.761+0000] {logging_mixin.py:149} INFO - [2023-08-01T21:32:42.761+0000] {dag.py:3490} INFO - Setting next_dagrun for example_short_circuit_operator to 2023-07-31T21:32:42.760305+00:00, run_after=2023-08-01T21:32:42.760305+00:00
[2023-08-01T21:32:42.786+0000] {processor.py:178} INFO - Processing /home/airflow/.local/lib/python3.7/site-packages/airflow/example_dags/example_short_circuit_operator.py took 0.174 seconds
[2023-08-01T21:33:13.269+0000] {processor.py:156} INFO - Started process (PID=178) to work on /home/airflow/.local/lib/python3.7/site-packages/airflow/example_dags/example_short_circuit_operator.py
[2023-08-01T21:33:13.270+0000] {processor.py:799} INFO - Processing file /home/airflow/.local/lib/python3.7/site-packages/airflow/example_dags/example_short_circuit_operator.py for tasks to queue
[2023-08-01T21:33:13.271+0000] {logging_mixin.py:149} INFO - [2023-08-01T21:33:13.271+0000] {dagbag.py:541} INFO - Filling up the DagBag from /home/airflow/.local/lib/python3.7/site-packages/airflow/example_dags/example_short_circuit_operator.py
[2023-08-01T21:33:13.280+0000] {processor.py:809} INFO - DAG(s) dict_keys(['example_short_circuit_operator']) retrieved from /home/airflow/.local/lib/python3.7/site-packages/airflow/example_dags/example_short_circuit_operator.py
[2023-08-01T21:33:13.451+0000] {logging_mixin.py:149} INFO - [2023-08-01T21:33:13.451+0000] {dag.py:2726} INFO - Sync 1 DAGs
[2023-08-01T21:33:13.486+0000] {logging_mixin.py:149} INFO - [2023-08-01T21:33:13.486+0000] {dag.py:3490} INFO - Setting next_dagrun for example_short_circuit_operator to 2023-07-31T21:33:13.485686+00:00, run_after=2023-08-01T21:33:13.485686+00:00
[2023-08-01T21:33:13.509+0000] {processor.py:178} INFO - Processing /home/airflow/.local/lib/python3.7/site-packages/airflow/example_dags/example_short_circuit_operator.py took 0.243 seconds
[2023-08-01T21:33:44.805+0000] {processor.py:156} INFO - Started process (PID=235) to work on /home/airflow/.local/lib/python3.7/site-packages/airflow/example_dags/example_short_circuit_operator.py
[2023-08-01T21:33:44.809+0000] {processor.py:799} INFO - Processing file /home/airflow/.local/lib/python3.7/site-packages/airflow/example_dags/example_short_circuit_operator.py for tasks to queue
[2023-08-01T21:33:44.811+0000] {logging_mixin.py:149} INFO - [2023-08-01T21:33:44.811+0000] {dagbag.py:541} INFO - Filling up the DagBag from /home/airflow/.local/lib/python3.7/site-packages/airflow/example_dags/example_short_circuit_operator.py
[2023-08-01T21:33:44.822+0000] {processor.py:809} INFO - DAG(s) dict_keys(['example_short_circuit_operator']) retrieved from /home/airflow/.local/lib/python3.7/site-packages/airflow/example_dags/example_short_circuit_operator.py
[2023-08-01T21:33:44.896+0000] {logging_mixin.py:149} INFO - [2023-08-01T21:33:44.896+0000] {dag.py:2726} INFO - Sync 1 DAGs
[2023-08-01T21:33:44.933+0000] {logging_mixin.py:149} INFO - [2023-08-01T21:33:44.932+0000] {dag.py:3490} INFO - Setting next_dagrun for example_short_circuit_operator to 2023-07-31T21:33:44.932302+00:00, run_after=2023-08-01T21:33:44.932302+00:00
[2023-08-01T21:33:44.957+0000] {processor.py:178} INFO - Processing /home/airflow/.local/lib/python3.7/site-packages/airflow/example_dags/example_short_circuit_operator.py took 0.159 seconds
[2023-08-01T21:34:15.781+0000] {processor.py:156} INFO - Started process (PID=292) to work on /home/airflow/.local/lib/python3.7/site-packages/airflow/example_dags/example_short_circuit_operator.py
[2023-08-01T21:34:15.782+0000] {processor.py:799} INFO - Processing file /home/airflow/.local/lib/python3.7/site-packages/airflow/example_dags/example_short_circuit_operator.py for tasks to queue
[2023-08-01T21:34:15.783+0000] {logging_mixin.py:149} INFO - [2023-08-01T21:34:15.783+0000] {dagbag.py:541} INFO - Filling up the DagBag from /home/airflow/.local/lib/python3.7/site-packages/airflow/example_dags/example_short_circuit_operator.py
[2023-08-01T21:34:15.793+0000] {processor.py:809} INFO - DAG(s) dict_keys(['example_short_circuit_operator']) retrieved from /home/airflow/.local/lib/python3.7/site-packages/airflow/example_dags/example_short_circuit_operator.py
[2023-08-01T21:34:15.871+0000] {logging_mixin.py:149} INFO - [2023-08-01T21:34:15.870+0000] {dag.py:2726} INFO - Sync 1 DAGs
[2023-08-01T21:34:15.906+0000] {logging_mixin.py:149} INFO - [2023-08-01T21:34:15.906+0000] {dag.py:3490} INFO - Setting next_dagrun for example_short_circuit_operator to 2023-07-31T21:34:15.905348+00:00, run_after=2023-08-01T21:34:15.905348+00:00
[2023-08-01T21:34:15.930+0000] {processor.py:178} INFO - Processing /home/airflow/.local/lib/python3.7/site-packages/airflow/example_dags/example_short_circuit_operator.py took 0.152 seconds
[2023-08-01T21:34:46.620+0000] {processor.py:156} INFO - Started process (PID=349) to work on /home/airflow/.local/lib/python3.7/site-packages/airflow/example_dags/example_short_circuit_operator.py
[2023-08-01T21:34:46.621+0000] {processor.py:799} INFO - Processing file /home/airflow/.local/lib/python3.7/site-packages/airflow/example_dags/example_short_circuit_operator.py for tasks to queue
[2023-08-01T21:34:46.622+0000] {logging_mixin.py:149} INFO - [2023-08-01T21:34:46.622+0000] {dagbag.py:541} INFO - Filling up the DagBag from /home/airflow/.local/lib/python3.7/site-packages/airflow/example_dags/example_short_circuit_operator.py
[2023-08-01T21:34:46.631+0000] {processor.py:809} INFO - DAG(s) dict_keys(['example_short_circuit_operator']) retrieved from /home/airflow/.local/lib/python3.7/site-packages/airflow/example_dags/example_short_circuit_operator.py
[2023-08-01T21:34:46.704+0000] {logging_mixin.py:149} INFO - [2023-08-01T21:34:46.704+0000] {dag.py:2726} INFO - Sync 1 DAGs
[2023-08-01T21:34:46.738+0000] {logging_mixin.py:149} INFO - [2023-08-01T21:34:46.738+0000] {dag.py:3490} INFO - Setting next_dagrun for example_short_circuit_operator to 2023-07-31T21:34:46.738057+00:00, run_after=2023-08-01T21:34:46.738057+00:00
[2023-08-01T21:34:46.762+0000] {processor.py:178} INFO - Processing /home/airflow/.local/lib/python3.7/site-packages/airflow/example_dags/example_short_circuit_operator.py took 0.145 seconds
[2023-08-01T21:35:17.804+0000] {processor.py:156} INFO - Started process (PID=406) to work on /home/airflow/.local/lib/python3.7/site-packages/airflow/example_dags/example_short_circuit_operator.py
[2023-08-01T21:35:17.806+0000] {processor.py:799} INFO - Processing file /home/airflow/.local/lib/python3.7/site-packages/airflow/example_dags/example_short_circuit_operator.py for tasks to queue
[2023-08-01T21:35:17.807+0000] {logging_mixin.py:149} INFO - [2023-08-01T21:35:17.807+0000] {dagbag.py:541} INFO - Filling up the DagBag from /home/airflow/.local/lib/python3.7/site-packages/airflow/example_dags/example_short_circuit_operator.py
[2023-08-01T21:35:17.816+0000] {processor.py:809} INFO - DAG(s) dict_keys(['example_short_circuit_operator']) retrieved from /home/airflow/.local/lib/python3.7/site-packages/airflow/example_dags/example_short_circuit_operator.py
[2023-08-01T21:35:17.896+0000] {logging_mixin.py:149} INFO - [2023-08-01T21:35:17.896+0000] {dag.py:2726} INFO - Sync 1 DAGs
[2023-08-01T21:35:17.932+0000] {logging_mixin.py:149} INFO - [2023-08-01T21:35:17.932+0000] {dag.py:3490} INFO - Setting next_dagrun for example_short_circuit_operator to 2023-07-31T21:35:17.931424+00:00, run_after=2023-08-01T21:35:17.931424+00:00
[2023-08-01T21:35:17.957+0000] {processor.py:178} INFO - Processing /home/airflow/.local/lib/python3.7/site-packages/airflow/example_dags/example_short_circuit_operator.py took 0.155 seconds
[2023-08-01T21:35:48.942+0000] {processor.py:156} INFO - Started process (PID=463) to work on /home/airflow/.local/lib/python3.7/site-packages/airflow/example_dags/example_short_circuit_operator.py
[2023-08-01T21:35:48.943+0000] {processor.py:799} INFO - Processing file /home/airflow/.local/lib/python3.7/site-packages/airflow/example_dags/example_short_circuit_operator.py for tasks to queue
[2023-08-01T21:35:48.944+0000] {logging_mixin.py:149} INFO - [2023-08-01T21:35:48.944+0000] {dagbag.py:541} INFO - Filling up the DagBag from /home/airflow/.local/lib/python3.7/site-packages/airflow/example_dags/example_short_circuit_operator.py
[2023-08-01T21:35:48.953+0000] {processor.py:809} INFO - DAG(s) dict_keys(['example_short_circuit_operator']) retrieved from /home/airflow/.local/lib/python3.7/site-packages/airflow/example_dags/example_short_circuit_operator.py
[2023-08-01T21:35:49.027+0000] {logging_mixin.py:149} INFO - [2023-08-01T21:35:49.026+0000] {dag.py:2726} INFO - Sync 1 DAGs
[2023-08-01T21:35:49.063+0000] {logging_mixin.py:149} INFO - [2023-08-01T21:35:49.062+0000] {dag.py:3490} INFO - Setting next_dagrun for example_short_circuit_operator to 2023-07-31T21:35:49.062305+00:00, run_after=2023-08-01T21:35:49.062305+00:00
[2023-08-01T21:35:49.087+0000] {processor.py:178} INFO - Processing /home/airflow/.local/lib/python3.7/site-packages/airflow/example_dags/example_short_circuit_operator.py took 0.147 seconds
[2023-08-01T21:36:20.012+0000] {processor.py:156} INFO - Started process (PID=520) to work on /home/airflow/.local/lib/python3.7/site-packages/airflow/example_dags/example_short_circuit_operator.py
[2023-08-01T21:36:20.014+0000] {processor.py:799} INFO - Processing file /home/airflow/.local/lib/python3.7/site-packages/airflow/example_dags/example_short_circuit_operator.py for tasks to queue
[2023-08-01T21:36:20.015+0000] {logging_mixin.py:149} INFO - [2023-08-01T21:36:20.015+0000] {dagbag.py:541} INFO - Filling up the DagBag from /home/airflow/.local/lib/python3.7/site-packages/airflow/example_dags/example_short_circuit_operator.py
[2023-08-01T21:36:20.027+0000] {processor.py:809} INFO - DAG(s) dict_keys(['example_short_circuit_operator']) retrieved from /home/airflow/.local/lib/python3.7/site-packages/airflow/example_dags/example_short_circuit_operator.py
[2023-08-01T21:36:20.125+0000] {logging_mixin.py:149} INFO - [2023-08-01T21:36:20.124+0000] {dag.py:2726} INFO - Sync 1 DAGs
[2023-08-01T21:36:20.170+0000] {logging_mixin.py:149} INFO - [2023-08-01T21:36:20.170+0000] {dag.py:3490} INFO - Setting next_dagrun for example_short_circuit_operator to 2023-07-31T21:36:20.169249+00:00, run_after=2023-08-01T21:36:20.169249+00:00
[2023-08-01T21:36:20.197+0000] {processor.py:178} INFO - Processing /home/airflow/.local/lib/python3.7/site-packages/airflow/example_dags/example_short_circuit_operator.py took 0.188 seconds
[2023-08-01T21:36:50.827+0000] {processor.py:156} INFO - Started process (PID=577) to work on /home/airflow/.local/lib/python3.7/site-packages/airflow/example_dags/example_short_circuit_operator.py
[2023-08-01T21:36:50.828+0000] {processor.py:799} INFO - Processing file /home/airflow/.local/lib/python3.7/site-packages/airflow/example_dags/example_short_circuit_operator.py for tasks to queue
[2023-08-01T21:36:50.829+0000] {logging_mixin.py:149} INFO - [2023-08-01T21:36:50.828+0000] {dagbag.py:541} INFO - Filling up the DagBag from /home/airflow/.local/lib/python3.7/site-packages/airflow/example_dags/example_short_circuit_operator.py
[2023-08-01T21:36:50.837+0000] {processor.py:809} INFO - DAG(s) dict_keys(['example_short_circuit_operator']) retrieved from /home/airflow/.local/lib/python3.7/site-packages/airflow/example_dags/example_short_circuit_operator.py
[2023-08-01T21:36:50.910+0000] {logging_mixin.py:149} INFO - [2023-08-01T21:36:50.910+0000] {dag.py:2726} INFO - Sync 1 DAGs
[2023-08-01T21:36:50.948+0000] {logging_mixin.py:149} INFO - [2023-08-01T21:36:50.948+0000] {dag.py:3490} INFO - Setting next_dagrun for example_short_circuit_operator to 2023-07-31T21:36:50.947509+00:00, run_after=2023-08-01T21:36:50.947509+00:00
[2023-08-01T21:36:50.980+0000] {processor.py:178} INFO - Processing /home/airflow/.local/lib/python3.7/site-packages/airflow/example_dags/example_short_circuit_operator.py took 0.156 seconds
