[2023-08-01T21:30:32.346+0000] {processor.py:156} INFO - Started process (PID=59) to work on /home/airflow/.local/lib/python3.7/site-packages/airflow/example_dags/example_params_trigger_ui.py
[2023-08-01T21:30:32.347+0000] {processor.py:799} INFO - Processing file /home/airflow/.local/lib/python3.7/site-packages/airflow/example_dags/example_params_trigger_ui.py for tasks to queue
[2023-08-01T21:30:32.348+0000] {logging_mixin.py:149} INFO - [2023-08-01T21:30:32.348+0000] {dagbag.py:541} INFO - Filling up the DagBag from /home/airflow/.local/lib/python3.7/site-packages/airflow/example_dags/example_params_trigger_ui.py
[2023-08-01T21:30:32.376+0000] {processor.py:809} INFO - DAG(s) dict_keys(['example_params_trigger_ui']) retrieved from /home/airflow/.local/lib/python3.7/site-packages/airflow/example_dags/example_params_trigger_ui.py
[2023-08-01T21:30:32.466+0000] {logging_mixin.py:149} INFO - [2023-08-01T21:30:32.466+0000] {dag.py:2726} INFO - Sync 1 DAGs
[2023-08-01T21:30:32.512+0000] {logging_mixin.py:149} INFO - [2023-08-01T21:30:32.512+0000] {dag.py:3490} INFO - Setting next_dagrun for example_params_trigger_ui to None, run_after=None
[2023-08-01T21:30:32.537+0000] {processor.py:178} INFO - Processing /home/airflow/.local/lib/python3.7/site-packages/airflow/example_dags/example_params_trigger_ui.py took 0.194 seconds
[2023-08-01T21:31:02.917+0000] {processor.py:156} INFO - Started process (PID=116) to work on /home/airflow/.local/lib/python3.7/site-packages/airflow/example_dags/example_params_trigger_ui.py
[2023-08-01T21:31:02.918+0000] {processor.py:799} INFO - Processing file /home/airflow/.local/lib/python3.7/site-packages/airflow/example_dags/example_params_trigger_ui.py for tasks to queue
[2023-08-01T21:31:02.919+0000] {logging_mixin.py:149} INFO - [2023-08-01T21:31:02.919+0000] {dagbag.py:541} INFO - Filling up the DagBag from /home/airflow/.local/lib/python3.7/site-packages/airflow/example_dags/example_params_trigger_ui.py
[2023-08-01T21:31:02.941+0000] {processor.py:809} INFO - DAG(s) dict_keys(['example_params_trigger_ui']) retrieved from /home/airflow/.local/lib/python3.7/site-packages/airflow/example_dags/example_params_trigger_ui.py
[2023-08-01T21:31:03.060+0000] {logging_mixin.py:149} INFO - [2023-08-01T21:31:03.060+0000] {dag.py:2726} INFO - Sync 1 DAGs
[2023-08-01T21:31:03.095+0000] {logging_mixin.py:149} INFO - [2023-08-01T21:31:03.095+0000] {dag.py:3490} INFO - Setting next_dagrun for example_params_trigger_ui to None, run_after=None
[2023-08-01T21:31:03.120+0000] {processor.py:178} INFO - Processing /home/airflow/.local/lib/python3.7/site-packages/airflow/example_dags/example_params_trigger_ui.py took 0.207 seconds
[2023-08-01T21:32:10.037+0000] {processor.py:156} INFO - Started process (PID=58) to work on /home/airflow/.local/lib/python3.7/site-packages/airflow/example_dags/example_params_trigger_ui.py
[2023-08-01T21:32:10.040+0000] {processor.py:799} INFO - Processing file /home/airflow/.local/lib/python3.7/site-packages/airflow/example_dags/example_params_trigger_ui.py for tasks to queue
[2023-08-01T21:32:10.042+0000] {logging_mixin.py:149} INFO - [2023-08-01T21:32:10.042+0000] {dagbag.py:541} INFO - Filling up the DagBag from /home/airflow/.local/lib/python3.7/site-packages/airflow/example_dags/example_params_trigger_ui.py
[2023-08-01T21:32:10.074+0000] {processor.py:809} INFO - DAG(s) dict_keys(['example_params_trigger_ui']) retrieved from /home/airflow/.local/lib/python3.7/site-packages/airflow/example_dags/example_params_trigger_ui.py
[2023-08-01T21:32:10.153+0000] {logging_mixin.py:149} INFO - [2023-08-01T21:32:10.153+0000] {dag.py:2726} INFO - Sync 1 DAGs
[2023-08-01T21:32:10.208+0000] {logging_mixin.py:149} INFO - [2023-08-01T21:32:10.208+0000] {dag.py:3490} INFO - Setting next_dagrun for example_params_trigger_ui to None, run_after=None
[2023-08-01T21:32:10.239+0000] {processor.py:178} INFO - Processing /home/airflow/.local/lib/python3.7/site-packages/airflow/example_dags/example_params_trigger_ui.py took 0.207 seconds
[2023-08-01T21:32:40.872+0000] {processor.py:156} INFO - Started process (PID=115) to work on /home/airflow/.local/lib/python3.7/site-packages/airflow/example_dags/example_params_trigger_ui.py
[2023-08-01T21:32:40.873+0000] {processor.py:799} INFO - Processing file /home/airflow/.local/lib/python3.7/site-packages/airflow/example_dags/example_params_trigger_ui.py for tasks to queue
[2023-08-01T21:32:40.874+0000] {logging_mixin.py:149} INFO - [2023-08-01T21:32:40.874+0000] {dagbag.py:541} INFO - Filling up the DagBag from /home/airflow/.local/lib/python3.7/site-packages/airflow/example_dags/example_params_trigger_ui.py
[2023-08-01T21:32:40.894+0000] {processor.py:809} INFO - DAG(s) dict_keys(['example_params_trigger_ui']) retrieved from /home/airflow/.local/lib/python3.7/site-packages/airflow/example_dags/example_params_trigger_ui.py
[2023-08-01T21:32:41.013+0000] {logging_mixin.py:149} INFO - [2023-08-01T21:32:41.013+0000] {dag.py:2726} INFO - Sync 1 DAGs
[2023-08-01T21:32:41.125+0000] {logging_mixin.py:149} INFO - [2023-08-01T21:32:41.125+0000] {dag.py:3490} INFO - Setting next_dagrun for example_params_trigger_ui to None, run_after=None
[2023-08-01T21:32:41.147+0000] {processor.py:178} INFO - Processing /home/airflow/.local/lib/python3.7/site-packages/airflow/example_dags/example_params_trigger_ui.py took 0.278 seconds
[2023-08-01T21:33:12.289+0000] {processor.py:156} INFO - Started process (PID=172) to work on /home/airflow/.local/lib/python3.7/site-packages/airflow/example_dags/example_params_trigger_ui.py
[2023-08-01T21:33:12.291+0000] {processor.py:799} INFO - Processing file /home/airflow/.local/lib/python3.7/site-packages/airflow/example_dags/example_params_trigger_ui.py for tasks to queue
[2023-08-01T21:33:12.292+0000] {logging_mixin.py:149} INFO - [2023-08-01T21:33:12.291+0000] {dagbag.py:541} INFO - Filling up the DagBag from /home/airflow/.local/lib/python3.7/site-packages/airflow/example_dags/example_params_trigger_ui.py
[2023-08-01T21:33:12.312+0000] {processor.py:809} INFO - DAG(s) dict_keys(['example_params_trigger_ui']) retrieved from /home/airflow/.local/lib/python3.7/site-packages/airflow/example_dags/example_params_trigger_ui.py
[2023-08-01T21:33:12.607+0000] {logging_mixin.py:149} INFO - [2023-08-01T21:33:12.607+0000] {dag.py:2726} INFO - Sync 1 DAGs
[2023-08-01T21:33:12.643+0000] {logging_mixin.py:149} INFO - [2023-08-01T21:33:12.643+0000] {dag.py:3490} INFO - Setting next_dagrun for example_params_trigger_ui to None, run_after=None
[2023-08-01T21:33:12.667+0000] {processor.py:178} INFO - Processing /home/airflow/.local/lib/python3.7/site-packages/airflow/example_dags/example_params_trigger_ui.py took 0.381 seconds
[2023-08-01T21:33:43.790+0000] {processor.py:156} INFO - Started process (PID=229) to work on /home/airflow/.local/lib/python3.7/site-packages/airflow/example_dags/example_params_trigger_ui.py
[2023-08-01T21:33:43.792+0000] {processor.py:799} INFO - Processing file /home/airflow/.local/lib/python3.7/site-packages/airflow/example_dags/example_params_trigger_ui.py for tasks to queue
[2023-08-01T21:33:43.793+0000] {logging_mixin.py:149} INFO - [2023-08-01T21:33:43.793+0000] {dagbag.py:541} INFO - Filling up the DagBag from /home/airflow/.local/lib/python3.7/site-packages/airflow/example_dags/example_params_trigger_ui.py
[2023-08-01T21:33:43.820+0000] {processor.py:809} INFO - DAG(s) dict_keys(['example_params_trigger_ui']) retrieved from /home/airflow/.local/lib/python3.7/site-packages/airflow/example_dags/example_params_trigger_ui.py
[2023-08-01T21:33:43.982+0000] {logging_mixin.py:149} INFO - [2023-08-01T21:33:43.982+0000] {dag.py:2726} INFO - Sync 1 DAGs
[2023-08-01T21:33:44.021+0000] {logging_mixin.py:149} INFO - [2023-08-01T21:33:44.021+0000] {dag.py:3490} INFO - Setting next_dagrun for example_params_trigger_ui to None, run_after=None
[2023-08-01T21:33:44.059+0000] {processor.py:178} INFO - Processing /home/airflow/.local/lib/python3.7/site-packages/airflow/example_dags/example_params_trigger_ui.py took 0.272 seconds
[2023-08-01T21:34:14.120+0000] {processor.py:156} INFO - Started process (PID=286) to work on /home/airflow/.local/lib/python3.7/site-packages/airflow/example_dags/example_params_trigger_ui.py
[2023-08-01T21:34:14.121+0000] {processor.py:799} INFO - Processing file /home/airflow/.local/lib/python3.7/site-packages/airflow/example_dags/example_params_trigger_ui.py for tasks to queue
[2023-08-01T21:34:14.122+0000] {logging_mixin.py:149} INFO - [2023-08-01T21:34:14.122+0000] {dagbag.py:541} INFO - Filling up the DagBag from /home/airflow/.local/lib/python3.7/site-packages/airflow/example_dags/example_params_trigger_ui.py
[2023-08-01T21:34:14.143+0000] {processor.py:809} INFO - DAG(s) dict_keys(['example_params_trigger_ui']) retrieved from /home/airflow/.local/lib/python3.7/site-packages/airflow/example_dags/example_params_trigger_ui.py
[2023-08-01T21:34:14.262+0000] {logging_mixin.py:149} INFO - [2023-08-01T21:34:14.262+0000] {dag.py:2726} INFO - Sync 1 DAGs
[2023-08-01T21:34:14.298+0000] {logging_mixin.py:149} INFO - [2023-08-01T21:34:14.298+0000] {dag.py:3490} INFO - Setting next_dagrun for example_params_trigger_ui to None, run_after=None
[2023-08-01T21:34:14.320+0000] {processor.py:178} INFO - Processing /home/airflow/.local/lib/python3.7/site-packages/airflow/example_dags/example_params_trigger_ui.py took 0.203 seconds
[2023-08-01T21:34:44.658+0000] {processor.py:156} INFO - Started process (PID=343) to work on /home/airflow/.local/lib/python3.7/site-packages/airflow/example_dags/example_params_trigger_ui.py
[2023-08-01T21:34:44.660+0000] {processor.py:799} INFO - Processing file /home/airflow/.local/lib/python3.7/site-packages/airflow/example_dags/example_params_trigger_ui.py for tasks to queue
[2023-08-01T21:34:44.661+0000] {logging_mixin.py:149} INFO - [2023-08-01T21:34:44.661+0000] {dagbag.py:541} INFO - Filling up the DagBag from /home/airflow/.local/lib/python3.7/site-packages/airflow/example_dags/example_params_trigger_ui.py
[2023-08-01T21:34:44.726+0000] {processor.py:809} INFO - DAG(s) dict_keys(['example_params_trigger_ui']) retrieved from /home/airflow/.local/lib/python3.7/site-packages/airflow/example_dags/example_params_trigger_ui.py
[2023-08-01T21:34:44.939+0000] {logging_mixin.py:149} INFO - [2023-08-01T21:34:44.939+0000] {dag.py:2726} INFO - Sync 1 DAGs
[2023-08-01T21:34:44.978+0000] {logging_mixin.py:149} INFO - [2023-08-01T21:34:44.978+0000] {dag.py:3490} INFO - Setting next_dagrun for example_params_trigger_ui to None, run_after=None
[2023-08-01T21:34:45.007+0000] {processor.py:178} INFO - Processing /home/airflow/.local/lib/python3.7/site-packages/airflow/example_dags/example_params_trigger_ui.py took 0.354 seconds
[2023-08-01T21:35:15.109+0000] {processor.py:156} INFO - Started process (PID=400) to work on /home/airflow/.local/lib/python3.7/site-packages/airflow/example_dags/example_params_trigger_ui.py
[2023-08-01T21:35:15.110+0000] {processor.py:799} INFO - Processing file /home/airflow/.local/lib/python3.7/site-packages/airflow/example_dags/example_params_trigger_ui.py for tasks to queue
[2023-08-01T21:35:15.111+0000] {logging_mixin.py:149} INFO - [2023-08-01T21:35:15.111+0000] {dagbag.py:541} INFO - Filling up the DagBag from /home/airflow/.local/lib/python3.7/site-packages/airflow/example_dags/example_params_trigger_ui.py
[2023-08-01T21:35:15.144+0000] {processor.py:809} INFO - DAG(s) dict_keys(['example_params_trigger_ui']) retrieved from /home/airflow/.local/lib/python3.7/site-packages/airflow/example_dags/example_params_trigger_ui.py
[2023-08-01T21:35:15.272+0000] {logging_mixin.py:149} INFO - [2023-08-01T21:35:15.272+0000] {dag.py:2726} INFO - Sync 1 DAGs
[2023-08-01T21:35:15.307+0000] {logging_mixin.py:149} INFO - [2023-08-01T21:35:15.307+0000] {dag.py:3490} INFO - Setting next_dagrun for example_params_trigger_ui to None, run_after=None
[2023-08-01T21:35:15.330+0000] {processor.py:178} INFO - Processing /home/airflow/.local/lib/python3.7/site-packages/airflow/example_dags/example_params_trigger_ui.py took 0.225 seconds
[2023-08-01T21:35:46.063+0000] {processor.py:156} INFO - Started process (PID=457) to work on /home/airflow/.local/lib/python3.7/site-packages/airflow/example_dags/example_params_trigger_ui.py
[2023-08-01T21:35:46.068+0000] {processor.py:799} INFO - Processing file /home/airflow/.local/lib/python3.7/site-packages/airflow/example_dags/example_params_trigger_ui.py for tasks to queue
[2023-08-01T21:35:46.077+0000] {logging_mixin.py:149} INFO - [2023-08-01T21:35:46.077+0000] {dagbag.py:541} INFO - Filling up the DagBag from /home/airflow/.local/lib/python3.7/site-packages/airflow/example_dags/example_params_trigger_ui.py
[2023-08-01T21:35:46.120+0000] {processor.py:809} INFO - DAG(s) dict_keys(['example_params_trigger_ui']) retrieved from /home/airflow/.local/lib/python3.7/site-packages/airflow/example_dags/example_params_trigger_ui.py
[2023-08-01T21:35:46.314+0000] {logging_mixin.py:149} INFO - [2023-08-01T21:35:46.313+0000] {dag.py:2726} INFO - Sync 1 DAGs
[2023-08-01T21:35:46.362+0000] {logging_mixin.py:149} INFO - [2023-08-01T21:35:46.361+0000] {dag.py:3490} INFO - Setting next_dagrun for example_params_trigger_ui to None, run_after=None
[2023-08-01T21:35:46.391+0000] {processor.py:178} INFO - Processing /home/airflow/.local/lib/python3.7/site-packages/airflow/example_dags/example_params_trigger_ui.py took 0.346 seconds
[2023-08-01T21:36:17.224+0000] {processor.py:156} INFO - Started process (PID=514) to work on /home/airflow/.local/lib/python3.7/site-packages/airflow/example_dags/example_params_trigger_ui.py
[2023-08-01T21:36:17.228+0000] {processor.py:799} INFO - Processing file /home/airflow/.local/lib/python3.7/site-packages/airflow/example_dags/example_params_trigger_ui.py for tasks to queue
[2023-08-01T21:36:17.229+0000] {logging_mixin.py:149} INFO - [2023-08-01T21:36:17.229+0000] {dagbag.py:541} INFO - Filling up the DagBag from /home/airflow/.local/lib/python3.7/site-packages/airflow/example_dags/example_params_trigger_ui.py
[2023-08-01T21:36:17.262+0000] {processor.py:809} INFO - DAG(s) dict_keys(['example_params_trigger_ui']) retrieved from /home/airflow/.local/lib/python3.7/site-packages/airflow/example_dags/example_params_trigger_ui.py
[2023-08-01T21:36:17.405+0000] {logging_mixin.py:149} INFO - [2023-08-01T21:36:17.405+0000] {dag.py:2726} INFO - Sync 1 DAGs
[2023-08-01T21:36:17.443+0000] {logging_mixin.py:149} INFO - [2023-08-01T21:36:17.443+0000] {dag.py:3490} INFO - Setting next_dagrun for example_params_trigger_ui to None, run_after=None
[2023-08-01T21:36:17.468+0000] {processor.py:178} INFO - Processing /home/airflow/.local/lib/python3.7/site-packages/airflow/example_dags/example_params_trigger_ui.py took 0.248 seconds
[2023-08-01T21:36:48.033+0000] {processor.py:156} INFO - Started process (PID=571) to work on /home/airflow/.local/lib/python3.7/site-packages/airflow/example_dags/example_params_trigger_ui.py
[2023-08-01T21:36:48.036+0000] {processor.py:799} INFO - Processing file /home/airflow/.local/lib/python3.7/site-packages/airflow/example_dags/example_params_trigger_ui.py for tasks to queue
[2023-08-01T21:36:48.037+0000] {logging_mixin.py:149} INFO - [2023-08-01T21:36:48.037+0000] {dagbag.py:541} INFO - Filling up the DagBag from /home/airflow/.local/lib/python3.7/site-packages/airflow/example_dags/example_params_trigger_ui.py
[2023-08-01T21:36:48.063+0000] {processor.py:809} INFO - DAG(s) dict_keys(['example_params_trigger_ui']) retrieved from /home/airflow/.local/lib/python3.7/site-packages/airflow/example_dags/example_params_trigger_ui.py
[2023-08-01T21:36:48.181+0000] {logging_mixin.py:149} INFO - [2023-08-01T21:36:48.181+0000] {dag.py:2726} INFO - Sync 1 DAGs
[2023-08-01T21:36:48.216+0000] {logging_mixin.py:149} INFO - [2023-08-01T21:36:48.216+0000] {dag.py:3490} INFO - Setting next_dagrun for example_params_trigger_ui to None, run_after=None
[2023-08-01T21:36:48.236+0000] {processor.py:178} INFO - Processing /home/airflow/.local/lib/python3.7/site-packages/airflow/example_dags/example_params_trigger_ui.py took 0.208 seconds
