[2023-08-01T21:30:32.810+0000] {processor.py:156} INFO - Started process (PID=63) to work on /home/airflow/.local/lib/python3.7/site-packages/airflow/example_dags/example_branch_operator.py
[2023-08-01T21:30:32.811+0000] {processor.py:799} INFO - Processing file /home/airflow/.local/lib/python3.7/site-packages/airflow/example_dags/example_branch_operator.py for tasks to queue
[2023-08-01T21:30:32.812+0000] {logging_mixin.py:149} INFO - [2023-08-01T21:30:32.812+0000] {dagbag.py:541} INFO - Filling up the DagBag from /home/airflow/.local/lib/python3.7/site-packages/airflow/example_dags/example_branch_operator.py
[2023-08-01T21:30:32.826+0000] {processor.py:809} INFO - DAG(s) dict_keys(['example_branch_operator']) retrieved from /home/airflow/.local/lib/python3.7/site-packages/airflow/example_dags/example_branch_operator.py
[2023-08-01T21:30:32.911+0000] {logging_mixin.py:149} INFO - [2023-08-01T21:30:32.911+0000] {dag.py:2726} INFO - Sync 1 DAGs
[2023-08-01T21:30:32.968+0000] {logging_mixin.py:149} INFO - [2023-08-01T21:30:32.968+0000] {dag.py:3490} INFO - Setting next_dagrun for example_branch_operator to 2023-07-31T00:00:00+00:00, run_after=2023-08-01T00:00:00+00:00
[2023-08-01T21:30:32.994+0000] {processor.py:178} INFO - Processing /home/airflow/.local/lib/python3.7/site-packages/airflow/example_dags/example_branch_operator.py took 0.187 seconds
[2023-08-01T21:31:03.341+0000] {processor.py:156} INFO - Started process (PID=120) to work on /home/airflow/.local/lib/python3.7/site-packages/airflow/example_dags/example_branch_operator.py
[2023-08-01T21:31:03.342+0000] {processor.py:799} INFO - Processing file /home/airflow/.local/lib/python3.7/site-packages/airflow/example_dags/example_branch_operator.py for tasks to queue
[2023-08-01T21:31:03.343+0000] {logging_mixin.py:149} INFO - [2023-08-01T21:31:03.343+0000] {dagbag.py:541} INFO - Filling up the DagBag from /home/airflow/.local/lib/python3.7/site-packages/airflow/example_dags/example_branch_operator.py
[2023-08-01T21:31:03.354+0000] {processor.py:809} INFO - DAG(s) dict_keys(['example_branch_operator']) retrieved from /home/airflow/.local/lib/python3.7/site-packages/airflow/example_dags/example_branch_operator.py
[2023-08-01T21:31:03.428+0000] {logging_mixin.py:149} INFO - [2023-08-01T21:31:03.428+0000] {dag.py:2726} INFO - Sync 1 DAGs
[2023-08-01T21:31:03.466+0000] {logging_mixin.py:149} INFO - [2023-08-01T21:31:03.465+0000] {dag.py:3490} INFO - Setting next_dagrun for example_branch_operator to 2023-07-31T00:00:00+00:00, run_after=2023-08-01T00:00:00+00:00
[2023-08-01T21:31:03.487+0000] {processor.py:178} INFO - Processing /home/airflow/.local/lib/python3.7/site-packages/airflow/example_dags/example_branch_operator.py took 0.150 seconds
[2023-08-01T21:32:10.625+0000] {processor.py:156} INFO - Started process (PID=62) to work on /home/airflow/.local/lib/python3.7/site-packages/airflow/example_dags/example_branch_operator.py
[2023-08-01T21:32:10.628+0000] {processor.py:799} INFO - Processing file /home/airflow/.local/lib/python3.7/site-packages/airflow/example_dags/example_branch_operator.py for tasks to queue
[2023-08-01T21:32:10.630+0000] {logging_mixin.py:149} INFO - [2023-08-01T21:32:10.630+0000] {dagbag.py:541} INFO - Filling up the DagBag from /home/airflow/.local/lib/python3.7/site-packages/airflow/example_dags/example_branch_operator.py
[2023-08-01T21:32:10.644+0000] {processor.py:809} INFO - DAG(s) dict_keys(['example_branch_operator']) retrieved from /home/airflow/.local/lib/python3.7/site-packages/airflow/example_dags/example_branch_operator.py
[2023-08-01T21:32:10.753+0000] {logging_mixin.py:149} INFO - [2023-08-01T21:32:10.752+0000] {dag.py:2726} INFO - Sync 1 DAGs
[2023-08-01T21:32:11.332+0000] {logging_mixin.py:149} INFO - [2023-08-01T21:32:11.331+0000] {dag.py:3490} INFO - Setting next_dagrun for example_branch_operator to 2023-07-31T00:00:00+00:00, run_after=2023-08-01T00:00:00+00:00
[2023-08-01T21:32:11.504+0000] {processor.py:178} INFO - Processing /home/airflow/.local/lib/python3.7/site-packages/airflow/example_dags/example_branch_operator.py took 0.882 seconds
[2023-08-01T21:32:42.402+0000] {processor.py:156} INFO - Started process (PID=119) to work on /home/airflow/.local/lib/python3.7/site-packages/airflow/example_dags/example_branch_operator.py
[2023-08-01T21:32:42.403+0000] {processor.py:799} INFO - Processing file /home/airflow/.local/lib/python3.7/site-packages/airflow/example_dags/example_branch_operator.py for tasks to queue
[2023-08-01T21:32:42.405+0000] {logging_mixin.py:149} INFO - [2023-08-01T21:32:42.404+0000] {dagbag.py:541} INFO - Filling up the DagBag from /home/airflow/.local/lib/python3.7/site-packages/airflow/example_dags/example_branch_operator.py
[2023-08-01T21:32:42.418+0000] {processor.py:809} INFO - DAG(s) dict_keys(['example_branch_operator']) retrieved from /home/airflow/.local/lib/python3.7/site-packages/airflow/example_dags/example_branch_operator.py
[2023-08-01T21:32:42.510+0000] {logging_mixin.py:149} INFO - [2023-08-01T21:32:42.509+0000] {dag.py:2726} INFO - Sync 1 DAGs
[2023-08-01T21:32:42.550+0000] {logging_mixin.py:149} INFO - [2023-08-01T21:32:42.550+0000] {dag.py:3490} INFO - Setting next_dagrun for example_branch_operator to 2023-07-31T00:00:00+00:00, run_after=2023-08-01T00:00:00+00:00
[2023-08-01T21:32:42.581+0000] {processor.py:178} INFO - Processing /home/airflow/.local/lib/python3.7/site-packages/airflow/example_dags/example_branch_operator.py took 0.183 seconds
[2023-08-01T21:33:13.000+0000] {processor.py:156} INFO - Started process (PID=176) to work on /home/airflow/.local/lib/python3.7/site-packages/airflow/example_dags/example_branch_operator.py
[2023-08-01T21:33:13.002+0000] {processor.py:799} INFO - Processing file /home/airflow/.local/lib/python3.7/site-packages/airflow/example_dags/example_branch_operator.py for tasks to queue
[2023-08-01T21:33:13.003+0000] {logging_mixin.py:149} INFO - [2023-08-01T21:33:13.003+0000] {dagbag.py:541} INFO - Filling up the DagBag from /home/airflow/.local/lib/python3.7/site-packages/airflow/example_dags/example_branch_operator.py
[2023-08-01T21:33:13.014+0000] {processor.py:809} INFO - DAG(s) dict_keys(['example_branch_operator']) retrieved from /home/airflow/.local/lib/python3.7/site-packages/airflow/example_dags/example_branch_operator.py
[2023-08-01T21:33:13.176+0000] {logging_mixin.py:149} INFO - [2023-08-01T21:33:13.176+0000] {dag.py:2726} INFO - Sync 1 DAGs
[2023-08-01T21:33:13.210+0000] {logging_mixin.py:149} INFO - [2023-08-01T21:33:13.210+0000] {dag.py:3490} INFO - Setting next_dagrun for example_branch_operator to 2023-07-31T00:00:00+00:00, run_after=2023-08-01T00:00:00+00:00
[2023-08-01T21:33:13.231+0000] {processor.py:178} INFO - Processing /home/airflow/.local/lib/python3.7/site-packages/airflow/example_dags/example_branch_operator.py took 0.234 seconds
[2023-08-01T21:33:44.602+0000] {processor.py:156} INFO - Started process (PID=233) to work on /home/airflow/.local/lib/python3.7/site-packages/airflow/example_dags/example_branch_operator.py
[2023-08-01T21:33:44.603+0000] {processor.py:799} INFO - Processing file /home/airflow/.local/lib/python3.7/site-packages/airflow/example_dags/example_branch_operator.py for tasks to queue
[2023-08-01T21:33:44.604+0000] {logging_mixin.py:149} INFO - [2023-08-01T21:33:44.604+0000] {dagbag.py:541} INFO - Filling up the DagBag from /home/airflow/.local/lib/python3.7/site-packages/airflow/example_dags/example_branch_operator.py
[2023-08-01T21:33:44.616+0000] {processor.py:809} INFO - DAG(s) dict_keys(['example_branch_operator']) retrieved from /home/airflow/.local/lib/python3.7/site-packages/airflow/example_dags/example_branch_operator.py
[2023-08-01T21:33:44.694+0000] {logging_mixin.py:149} INFO - [2023-08-01T21:33:44.694+0000] {dag.py:2726} INFO - Sync 1 DAGs
[2023-08-01T21:33:44.740+0000] {logging_mixin.py:149} INFO - [2023-08-01T21:33:44.739+0000] {dag.py:3490} INFO - Setting next_dagrun for example_branch_operator to 2023-07-31T00:00:00+00:00, run_after=2023-08-01T00:00:00+00:00
[2023-08-01T21:33:44.765+0000] {processor.py:178} INFO - Processing /home/airflow/.local/lib/python3.7/site-packages/airflow/example_dags/example_branch_operator.py took 0.166 seconds
[2023-08-01T21:34:15.589+0000] {processor.py:156} INFO - Started process (PID=290) to work on /home/airflow/.local/lib/python3.7/site-packages/airflow/example_dags/example_branch_operator.py
[2023-08-01T21:34:15.590+0000] {processor.py:799} INFO - Processing file /home/airflow/.local/lib/python3.7/site-packages/airflow/example_dags/example_branch_operator.py for tasks to queue
[2023-08-01T21:34:15.591+0000] {logging_mixin.py:149} INFO - [2023-08-01T21:34:15.591+0000] {dagbag.py:541} INFO - Filling up the DagBag from /home/airflow/.local/lib/python3.7/site-packages/airflow/example_dags/example_branch_operator.py
[2023-08-01T21:34:15.601+0000] {processor.py:809} INFO - DAG(s) dict_keys(['example_branch_operator']) retrieved from /home/airflow/.local/lib/python3.7/site-packages/airflow/example_dags/example_branch_operator.py
[2023-08-01T21:34:15.674+0000] {logging_mixin.py:149} INFO - [2023-08-01T21:34:15.674+0000] {dag.py:2726} INFO - Sync 1 DAGs
[2023-08-01T21:34:15.709+0000] {logging_mixin.py:149} INFO - [2023-08-01T21:34:15.709+0000] {dag.py:3490} INFO - Setting next_dagrun for example_branch_operator to 2023-07-31T00:00:00+00:00, run_after=2023-08-01T00:00:00+00:00
[2023-08-01T21:34:15.730+0000] {processor.py:178} INFO - Processing /home/airflow/.local/lib/python3.7/site-packages/airflow/example_dags/example_branch_operator.py took 0.144 seconds
[2023-08-01T21:34:46.415+0000] {processor.py:156} INFO - Started process (PID=347) to work on /home/airflow/.local/lib/python3.7/site-packages/airflow/example_dags/example_branch_operator.py
[2023-08-01T21:34:46.416+0000] {processor.py:799} INFO - Processing file /home/airflow/.local/lib/python3.7/site-packages/airflow/example_dags/example_branch_operator.py for tasks to queue
[2023-08-01T21:34:46.417+0000] {logging_mixin.py:149} INFO - [2023-08-01T21:34:46.417+0000] {dagbag.py:541} INFO - Filling up the DagBag from /home/airflow/.local/lib/python3.7/site-packages/airflow/example_dags/example_branch_operator.py
[2023-08-01T21:34:46.432+0000] {processor.py:809} INFO - DAG(s) dict_keys(['example_branch_operator']) retrieved from /home/airflow/.local/lib/python3.7/site-packages/airflow/example_dags/example_branch_operator.py
[2023-08-01T21:34:46.517+0000] {logging_mixin.py:149} INFO - [2023-08-01T21:34:46.517+0000] {dag.py:2726} INFO - Sync 1 DAGs
[2023-08-01T21:34:46.556+0000] {logging_mixin.py:149} INFO - [2023-08-01T21:34:46.556+0000] {dag.py:3490} INFO - Setting next_dagrun for example_branch_operator to 2023-07-31T00:00:00+00:00, run_after=2023-08-01T00:00:00+00:00
[2023-08-01T21:34:46.585+0000] {processor.py:178} INFO - Processing /home/airflow/.local/lib/python3.7/site-packages/airflow/example_dags/example_branch_operator.py took 0.174 seconds
[2023-08-01T21:35:17.613+0000] {processor.py:156} INFO - Started process (PID=404) to work on /home/airflow/.local/lib/python3.7/site-packages/airflow/example_dags/example_branch_operator.py
[2023-08-01T21:35:17.614+0000] {processor.py:799} INFO - Processing file /home/airflow/.local/lib/python3.7/site-packages/airflow/example_dags/example_branch_operator.py for tasks to queue
[2023-08-01T21:35:17.615+0000] {logging_mixin.py:149} INFO - [2023-08-01T21:35:17.615+0000] {dagbag.py:541} INFO - Filling up the DagBag from /home/airflow/.local/lib/python3.7/site-packages/airflow/example_dags/example_branch_operator.py
[2023-08-01T21:35:17.625+0000] {processor.py:809} INFO - DAG(s) dict_keys(['example_branch_operator']) retrieved from /home/airflow/.local/lib/python3.7/site-packages/airflow/example_dags/example_branch_operator.py
[2023-08-01T21:35:17.706+0000] {logging_mixin.py:149} INFO - [2023-08-01T21:35:17.706+0000] {dag.py:2726} INFO - Sync 1 DAGs
[2023-08-01T21:35:17.744+0000] {logging_mixin.py:149} INFO - [2023-08-01T21:35:17.744+0000] {dag.py:3490} INFO - Setting next_dagrun for example_branch_operator to 2023-07-31T00:00:00+00:00, run_after=2023-08-01T00:00:00+00:00
[2023-08-01T21:35:17.767+0000] {processor.py:178} INFO - Processing /home/airflow/.local/lib/python3.7/site-packages/airflow/example_dags/example_branch_operator.py took 0.157 seconds
[2023-08-01T21:35:48.756+0000] {processor.py:156} INFO - Started process (PID=461) to work on /home/airflow/.local/lib/python3.7/site-packages/airflow/example_dags/example_branch_operator.py
[2023-08-01T21:35:48.757+0000] {processor.py:799} INFO - Processing file /home/airflow/.local/lib/python3.7/site-packages/airflow/example_dags/example_branch_operator.py for tasks to queue
[2023-08-01T21:35:48.758+0000] {logging_mixin.py:149} INFO - [2023-08-01T21:35:48.758+0000] {dagbag.py:541} INFO - Filling up the DagBag from /home/airflow/.local/lib/python3.7/site-packages/airflow/example_dags/example_branch_operator.py
[2023-08-01T21:35:48.768+0000] {processor.py:809} INFO - DAG(s) dict_keys(['example_branch_operator']) retrieved from /home/airflow/.local/lib/python3.7/site-packages/airflow/example_dags/example_branch_operator.py
[2023-08-01T21:35:48.849+0000] {logging_mixin.py:149} INFO - [2023-08-01T21:35:48.849+0000] {dag.py:2726} INFO - Sync 1 DAGs
[2023-08-01T21:35:48.890+0000] {logging_mixin.py:149} INFO - [2023-08-01T21:35:48.890+0000] {dag.py:3490} INFO - Setting next_dagrun for example_branch_operator to 2023-07-31T00:00:00+00:00, run_after=2023-08-01T00:00:00+00:00
[2023-08-01T21:35:48.913+0000] {processor.py:178} INFO - Processing /home/airflow/.local/lib/python3.7/site-packages/airflow/example_dags/example_branch_operator.py took 0.160 seconds
[2023-08-01T21:36:19.807+0000] {processor.py:156} INFO - Started process (PID=518) to work on /home/airflow/.local/lib/python3.7/site-packages/airflow/example_dags/example_branch_operator.py
[2023-08-01T21:36:19.808+0000] {processor.py:799} INFO - Processing file /home/airflow/.local/lib/python3.7/site-packages/airflow/example_dags/example_branch_operator.py for tasks to queue
[2023-08-01T21:36:19.809+0000] {logging_mixin.py:149} INFO - [2023-08-01T21:36:19.809+0000] {dagbag.py:541} INFO - Filling up the DagBag from /home/airflow/.local/lib/python3.7/site-packages/airflow/example_dags/example_branch_operator.py
[2023-08-01T21:36:19.823+0000] {processor.py:809} INFO - DAG(s) dict_keys(['example_branch_operator']) retrieved from /home/airflow/.local/lib/python3.7/site-packages/airflow/example_dags/example_branch_operator.py
[2023-08-01T21:36:19.905+0000] {logging_mixin.py:149} INFO - [2023-08-01T21:36:19.905+0000] {dag.py:2726} INFO - Sync 1 DAGs
[2023-08-01T21:36:19.951+0000] {logging_mixin.py:149} INFO - [2023-08-01T21:36:19.951+0000] {dag.py:3490} INFO - Setting next_dagrun for example_branch_operator to 2023-07-31T00:00:00+00:00, run_after=2023-08-01T00:00:00+00:00
[2023-08-01T21:36:19.978+0000] {processor.py:178} INFO - Processing /home/airflow/.local/lib/python3.7/site-packages/airflow/example_dags/example_branch_operator.py took 0.175 seconds
[2023-08-01T21:36:50.646+0000] {processor.py:156} INFO - Started process (PID=575) to work on /home/airflow/.local/lib/python3.7/site-packages/airflow/example_dags/example_branch_operator.py
[2023-08-01T21:36:50.647+0000] {processor.py:799} INFO - Processing file /home/airflow/.local/lib/python3.7/site-packages/airflow/example_dags/example_branch_operator.py for tasks to queue
[2023-08-01T21:36:50.648+0000] {logging_mixin.py:149} INFO - [2023-08-01T21:36:50.648+0000] {dagbag.py:541} INFO - Filling up the DagBag from /home/airflow/.local/lib/python3.7/site-packages/airflow/example_dags/example_branch_operator.py
[2023-08-01T21:36:50.658+0000] {processor.py:809} INFO - DAG(s) dict_keys(['example_branch_operator']) retrieved from /home/airflow/.local/lib/python3.7/site-packages/airflow/example_dags/example_branch_operator.py
[2023-08-01T21:36:50.732+0000] {logging_mixin.py:149} INFO - [2023-08-01T21:36:50.732+0000] {dag.py:2726} INFO - Sync 1 DAGs
[2023-08-01T21:36:50.770+0000] {logging_mixin.py:149} INFO - [2023-08-01T21:36:50.770+0000] {dag.py:3490} INFO - Setting next_dagrun for example_branch_operator to 2023-07-31T00:00:00+00:00, run_after=2023-08-01T00:00:00+00:00
[2023-08-01T21:36:50.794+0000] {processor.py:178} INFO - Processing /home/airflow/.local/lib/python3.7/site-packages/airflow/example_dags/example_branch_operator.py took 0.152 seconds
