[2023-08-01T21:30:31.891+0000] {processor.py:156} INFO - Started process (PID=55) to work on /home/airflow/.local/lib/python3.7/site-packages/airflow/example_dags/example_trigger_controller_dag.py
[2023-08-01T21:30:31.892+0000] {processor.py:799} INFO - Processing file /home/airflow/.local/lib/python3.7/site-packages/airflow/example_dags/example_trigger_controller_dag.py for tasks to queue
[2023-08-01T21:30:31.894+0000] {logging_mixin.py:149} INFO - [2023-08-01T21:30:31.893+0000] {dagbag.py:541} INFO - Filling up the DagBag from /home/airflow/.local/lib/python3.7/site-packages/airflow/example_dags/example_trigger_controller_dag.py
[2023-08-01T21:30:31.901+0000] {processor.py:809} INFO - DAG(s) dict_keys(['example_trigger_controller_dag']) retrieved from /home/airflow/.local/lib/python3.7/site-packages/airflow/example_dags/example_trigger_controller_dag.py
[2023-08-01T21:30:31.987+0000] {logging_mixin.py:149} INFO - [2023-08-01T21:30:31.987+0000] {dag.py:2726} INFO - Sync 1 DAGs
[2023-08-01T21:30:32.048+0000] {logging_mixin.py:149} INFO - [2023-08-01T21:30:32.047+0000] {dag.py:3490} INFO - Setting next_dagrun for example_trigger_controller_dag to 2021-01-01T00:00:00+00:00, run_after=2021-01-01T00:00:00+00:00
[2023-08-01T21:30:32.076+0000] {processor.py:178} INFO - Processing /home/airflow/.local/lib/python3.7/site-packages/airflow/example_dags/example_trigger_controller_dag.py took 0.190 seconds
[2023-08-01T21:31:02.577+0000] {processor.py:156} INFO - Started process (PID=112) to work on /home/airflow/.local/lib/python3.7/site-packages/airflow/example_dags/example_trigger_controller_dag.py
[2023-08-01T21:31:02.578+0000] {processor.py:799} INFO - Processing file /home/airflow/.local/lib/python3.7/site-packages/airflow/example_dags/example_trigger_controller_dag.py for tasks to queue
[2023-08-01T21:31:02.579+0000] {logging_mixin.py:149} INFO - [2023-08-01T21:31:02.579+0000] {dagbag.py:541} INFO - Filling up the DagBag from /home/airflow/.local/lib/python3.7/site-packages/airflow/example_dags/example_trigger_controller_dag.py
[2023-08-01T21:31:02.584+0000] {processor.py:809} INFO - DAG(s) dict_keys(['example_trigger_controller_dag']) retrieved from /home/airflow/.local/lib/python3.7/site-packages/airflow/example_dags/example_trigger_controller_dag.py
[2023-08-01T21:31:02.659+0000] {logging_mixin.py:149} INFO - [2023-08-01T21:31:02.659+0000] {dag.py:2726} INFO - Sync 1 DAGs
[2023-08-01T21:31:02.695+0000] {logging_mixin.py:149} INFO - [2023-08-01T21:31:02.694+0000] {dag.py:3490} INFO - Setting next_dagrun for example_trigger_controller_dag to 2021-01-01T00:00:00+00:00, run_after=2021-01-01T00:00:00+00:00
[2023-08-01T21:31:02.717+0000] {processor.py:178} INFO - Processing /home/airflow/.local/lib/python3.7/site-packages/airflow/example_dags/example_trigger_controller_dag.py took 0.143 seconds
[2023-08-01T21:32:09.058+0000] {processor.py:156} INFO - Started process (PID=54) to work on /home/airflow/.local/lib/python3.7/site-packages/airflow/example_dags/example_trigger_controller_dag.py
[2023-08-01T21:32:09.061+0000] {processor.py:799} INFO - Processing file /home/airflow/.local/lib/python3.7/site-packages/airflow/example_dags/example_trigger_controller_dag.py for tasks to queue
[2023-08-01T21:32:09.062+0000] {logging_mixin.py:149} INFO - [2023-08-01T21:32:09.062+0000] {dagbag.py:541} INFO - Filling up the DagBag from /home/airflow/.local/lib/python3.7/site-packages/airflow/example_dags/example_trigger_controller_dag.py
[2023-08-01T21:32:09.074+0000] {processor.py:809} INFO - DAG(s) dict_keys(['example_trigger_controller_dag']) retrieved from /home/airflow/.local/lib/python3.7/site-packages/airflow/example_dags/example_trigger_controller_dag.py
[2023-08-01T21:32:09.167+0000] {logging_mixin.py:149} INFO - [2023-08-01T21:32:09.167+0000] {dag.py:2726} INFO - Sync 1 DAGs
[2023-08-01T21:32:09.307+0000] {logging_mixin.py:149} INFO - [2023-08-01T21:32:09.306+0000] {dag.py:3490} INFO - Setting next_dagrun for example_trigger_controller_dag to 2021-01-01T00:00:00+00:00, run_after=2021-01-01T00:00:00+00:00
[2023-08-01T21:32:09.482+0000] {processor.py:178} INFO - Processing /home/airflow/.local/lib/python3.7/site-packages/airflow/example_dags/example_trigger_controller_dag.py took 0.433 seconds
[2023-08-01T21:32:40.520+0000] {processor.py:156} INFO - Started process (PID=111) to work on /home/airflow/.local/lib/python3.7/site-packages/airflow/example_dags/example_trigger_controller_dag.py
[2023-08-01T21:32:40.523+0000] {processor.py:799} INFO - Processing file /home/airflow/.local/lib/python3.7/site-packages/airflow/example_dags/example_trigger_controller_dag.py for tasks to queue
[2023-08-01T21:32:40.525+0000] {logging_mixin.py:149} INFO - [2023-08-01T21:32:40.525+0000] {dagbag.py:541} INFO - Filling up the DagBag from /home/airflow/.local/lib/python3.7/site-packages/airflow/example_dags/example_trigger_controller_dag.py
[2023-08-01T21:32:40.533+0000] {processor.py:809} INFO - DAG(s) dict_keys(['example_trigger_controller_dag']) retrieved from /home/airflow/.local/lib/python3.7/site-packages/airflow/example_dags/example_trigger_controller_dag.py
[2023-08-01T21:32:40.613+0000] {logging_mixin.py:149} INFO - [2023-08-01T21:32:40.613+0000] {dag.py:2726} INFO - Sync 1 DAGs
[2023-08-01T21:32:40.647+0000] {logging_mixin.py:149} INFO - [2023-08-01T21:32:40.647+0000] {dag.py:3490} INFO - Setting next_dagrun for example_trigger_controller_dag to 2021-01-01T00:00:00+00:00, run_after=2021-01-01T00:00:00+00:00
[2023-08-01T21:32:40.668+0000] {processor.py:178} INFO - Processing /home/airflow/.local/lib/python3.7/site-packages/airflow/example_dags/example_trigger_controller_dag.py took 0.154 seconds
[2023-08-01T21:33:11.717+0000] {processor.py:156} INFO - Started process (PID=168) to work on /home/airflow/.local/lib/python3.7/site-packages/airflow/example_dags/example_trigger_controller_dag.py
[2023-08-01T21:33:11.721+0000] {processor.py:799} INFO - Processing file /home/airflow/.local/lib/python3.7/site-packages/airflow/example_dags/example_trigger_controller_dag.py for tasks to queue
[2023-08-01T21:33:11.723+0000] {logging_mixin.py:149} INFO - [2023-08-01T21:33:11.722+0000] {dagbag.py:541} INFO - Filling up the DagBag from /home/airflow/.local/lib/python3.7/site-packages/airflow/example_dags/example_trigger_controller_dag.py
[2023-08-01T21:33:11.736+0000] {processor.py:809} INFO - DAG(s) dict_keys(['example_trigger_controller_dag']) retrieved from /home/airflow/.local/lib/python3.7/site-packages/airflow/example_dags/example_trigger_controller_dag.py
[2023-08-01T21:33:11.830+0000] {logging_mixin.py:149} INFO - [2023-08-01T21:33:11.830+0000] {dag.py:2726} INFO - Sync 1 DAGs
[2023-08-01T21:33:11.958+0000] {logging_mixin.py:149} INFO - [2023-08-01T21:33:11.957+0000] {dag.py:3490} INFO - Setting next_dagrun for example_trigger_controller_dag to 2021-01-01T00:00:00+00:00, run_after=2021-01-01T00:00:00+00:00
[2023-08-01T21:33:11.981+0000] {processor.py:178} INFO - Processing /home/airflow/.local/lib/python3.7/site-packages/airflow/example_dags/example_trigger_controller_dag.py took 0.274 seconds
[2023-08-01T21:33:43.035+0000] {processor.py:156} INFO - Started process (PID=225) to work on /home/airflow/.local/lib/python3.7/site-packages/airflow/example_dags/example_trigger_controller_dag.py
[2023-08-01T21:33:43.039+0000] {processor.py:799} INFO - Processing file /home/airflow/.local/lib/python3.7/site-packages/airflow/example_dags/example_trigger_controller_dag.py for tasks to queue
[2023-08-01T21:33:43.043+0000] {logging_mixin.py:149} INFO - [2023-08-01T21:33:43.043+0000] {dagbag.py:541} INFO - Filling up the DagBag from /home/airflow/.local/lib/python3.7/site-packages/airflow/example_dags/example_trigger_controller_dag.py
[2023-08-01T21:33:43.071+0000] {processor.py:809} INFO - DAG(s) dict_keys(['example_trigger_controller_dag']) retrieved from /home/airflow/.local/lib/python3.7/site-packages/airflow/example_dags/example_trigger_controller_dag.py
[2023-08-01T21:33:43.187+0000] {logging_mixin.py:149} INFO - [2023-08-01T21:33:43.187+0000] {dag.py:2726} INFO - Sync 1 DAGs
[2023-08-01T21:33:43.243+0000] {logging_mixin.py:149} INFO - [2023-08-01T21:33:43.243+0000] {dag.py:3490} INFO - Setting next_dagrun for example_trigger_controller_dag to 2021-01-01T00:00:00+00:00, run_after=2021-01-01T00:00:00+00:00
[2023-08-01T21:33:43.284+0000] {processor.py:178} INFO - Processing /home/airflow/.local/lib/python3.7/site-packages/airflow/example_dags/example_trigger_controller_dag.py took 0.257 seconds
[2023-08-01T21:34:13.648+0000] {processor.py:156} INFO - Started process (PID=282) to work on /home/airflow/.local/lib/python3.7/site-packages/airflow/example_dags/example_trigger_controller_dag.py
[2023-08-01T21:34:13.650+0000] {processor.py:799} INFO - Processing file /home/airflow/.local/lib/python3.7/site-packages/airflow/example_dags/example_trigger_controller_dag.py for tasks to queue
[2023-08-01T21:34:13.651+0000] {logging_mixin.py:149} INFO - [2023-08-01T21:34:13.651+0000] {dagbag.py:541} INFO - Filling up the DagBag from /home/airflow/.local/lib/python3.7/site-packages/airflow/example_dags/example_trigger_controller_dag.py
[2023-08-01T21:34:13.658+0000] {processor.py:809} INFO - DAG(s) dict_keys(['example_trigger_controller_dag']) retrieved from /home/airflow/.local/lib/python3.7/site-packages/airflow/example_dags/example_trigger_controller_dag.py
[2023-08-01T21:34:13.737+0000] {logging_mixin.py:149} INFO - [2023-08-01T21:34:13.736+0000] {dag.py:2726} INFO - Sync 1 DAGs
[2023-08-01T21:34:13.777+0000] {logging_mixin.py:149} INFO - [2023-08-01T21:34:13.777+0000] {dag.py:3490} INFO - Setting next_dagrun for example_trigger_controller_dag to 2021-01-01T00:00:00+00:00, run_after=2021-01-01T00:00:00+00:00
[2023-08-01T21:34:13.809+0000] {processor.py:178} INFO - Processing /home/airflow/.local/lib/python3.7/site-packages/airflow/example_dags/example_trigger_controller_dag.py took 0.164 seconds
[2023-08-01T21:34:44.120+0000] {processor.py:156} INFO - Started process (PID=339) to work on /home/airflow/.local/lib/python3.7/site-packages/airflow/example_dags/example_trigger_controller_dag.py
[2023-08-01T21:34:44.125+0000] {processor.py:799} INFO - Processing file /home/airflow/.local/lib/python3.7/site-packages/airflow/example_dags/example_trigger_controller_dag.py for tasks to queue
[2023-08-01T21:34:44.128+0000] {logging_mixin.py:149} INFO - [2023-08-01T21:34:44.128+0000] {dagbag.py:541} INFO - Filling up the DagBag from /home/airflow/.local/lib/python3.7/site-packages/airflow/example_dags/example_trigger_controller_dag.py
[2023-08-01T21:34:44.146+0000] {processor.py:809} INFO - DAG(s) dict_keys(['example_trigger_controller_dag']) retrieved from /home/airflow/.local/lib/python3.7/site-packages/airflow/example_dags/example_trigger_controller_dag.py
[2023-08-01T21:34:44.279+0000] {logging_mixin.py:149} INFO - [2023-08-01T21:34:44.278+0000] {dag.py:2726} INFO - Sync 1 DAGs
[2023-08-01T21:34:44.329+0000] {logging_mixin.py:149} INFO - [2023-08-01T21:34:44.328+0000] {dag.py:3490} INFO - Setting next_dagrun for example_trigger_controller_dag to 2021-01-01T00:00:00+00:00, run_after=2021-01-01T00:00:00+00:00
[2023-08-01T21:34:44.357+0000] {processor.py:178} INFO - Processing /home/airflow/.local/lib/python3.7/site-packages/airflow/example_dags/example_trigger_controller_dag.py took 0.248 seconds
[2023-08-01T21:35:14.741+0000] {processor.py:156} INFO - Started process (PID=396) to work on /home/airflow/.local/lib/python3.7/site-packages/airflow/example_dags/example_trigger_controller_dag.py
[2023-08-01T21:35:14.743+0000] {processor.py:799} INFO - Processing file /home/airflow/.local/lib/python3.7/site-packages/airflow/example_dags/example_trigger_controller_dag.py for tasks to queue
[2023-08-01T21:35:14.746+0000] {logging_mixin.py:149} INFO - [2023-08-01T21:35:14.745+0000] {dagbag.py:541} INFO - Filling up the DagBag from /home/airflow/.local/lib/python3.7/site-packages/airflow/example_dags/example_trigger_controller_dag.py
[2023-08-01T21:35:14.755+0000] {processor.py:809} INFO - DAG(s) dict_keys(['example_trigger_controller_dag']) retrieved from /home/airflow/.local/lib/python3.7/site-packages/airflow/example_dags/example_trigger_controller_dag.py
[2023-08-01T21:35:14.836+0000] {logging_mixin.py:149} INFO - [2023-08-01T21:35:14.836+0000] {dag.py:2726} INFO - Sync 1 DAGs
[2023-08-01T21:35:14.874+0000] {logging_mixin.py:149} INFO - [2023-08-01T21:35:14.874+0000] {dag.py:3490} INFO - Setting next_dagrun for example_trigger_controller_dag to 2021-01-01T00:00:00+00:00, run_after=2021-01-01T00:00:00+00:00
[2023-08-01T21:35:14.897+0000] {processor.py:178} INFO - Processing /home/airflow/.local/lib/python3.7/site-packages/airflow/example_dags/example_trigger_controller_dag.py took 0.160 seconds
[2023-08-01T21:35:45.239+0000] {processor.py:156} INFO - Started process (PID=453) to work on /home/airflow/.local/lib/python3.7/site-packages/airflow/example_dags/example_trigger_controller_dag.py
[2023-08-01T21:35:45.245+0000] {processor.py:799} INFO - Processing file /home/airflow/.local/lib/python3.7/site-packages/airflow/example_dags/example_trigger_controller_dag.py for tasks to queue
[2023-08-01T21:35:45.248+0000] {logging_mixin.py:149} INFO - [2023-08-01T21:35:45.248+0000] {dagbag.py:541} INFO - Filling up the DagBag from /home/airflow/.local/lib/python3.7/site-packages/airflow/example_dags/example_trigger_controller_dag.py
[2023-08-01T21:35:45.263+0000] {processor.py:809} INFO - DAG(s) dict_keys(['example_trigger_controller_dag']) retrieved from /home/airflow/.local/lib/python3.7/site-packages/airflow/example_dags/example_trigger_controller_dag.py
[2023-08-01T21:35:45.426+0000] {logging_mixin.py:149} INFO - [2023-08-01T21:35:45.426+0000] {dag.py:2726} INFO - Sync 1 DAGs
[2023-08-01T21:35:45.505+0000] {logging_mixin.py:149} INFO - [2023-08-01T21:35:45.504+0000] {dag.py:3490} INFO - Setting next_dagrun for example_trigger_controller_dag to 2021-01-01T00:00:00+00:00, run_after=2021-01-01T00:00:00+00:00
[2023-08-01T21:35:45.573+0000] {processor.py:178} INFO - Processing /home/airflow/.local/lib/python3.7/site-packages/airflow/example_dags/example_trigger_controller_dag.py took 0.353 seconds
[2023-08-01T21:36:15.742+0000] {processor.py:156} INFO - Started process (PID=510) to work on /home/airflow/.local/lib/python3.7/site-packages/airflow/example_dags/example_trigger_controller_dag.py
[2023-08-01T21:36:15.743+0000] {processor.py:799} INFO - Processing file /home/airflow/.local/lib/python3.7/site-packages/airflow/example_dags/example_trigger_controller_dag.py for tasks to queue
[2023-08-01T21:36:15.744+0000] {logging_mixin.py:149} INFO - [2023-08-01T21:36:15.744+0000] {dagbag.py:541} INFO - Filling up the DagBag from /home/airflow/.local/lib/python3.7/site-packages/airflow/example_dags/example_trigger_controller_dag.py
[2023-08-01T21:36:15.750+0000] {processor.py:809} INFO - DAG(s) dict_keys(['example_trigger_controller_dag']) retrieved from /home/airflow/.local/lib/python3.7/site-packages/airflow/example_dags/example_trigger_controller_dag.py
[2023-08-01T21:36:15.836+0000] {logging_mixin.py:149} INFO - [2023-08-01T21:36:15.836+0000] {dag.py:2726} INFO - Sync 1 DAGs
[2023-08-01T21:36:15.872+0000] {logging_mixin.py:149} INFO - [2023-08-01T21:36:15.872+0000] {dag.py:3490} INFO - Setting next_dagrun for example_trigger_controller_dag to 2021-01-01T00:00:00+00:00, run_after=2021-01-01T00:00:00+00:00
[2023-08-01T21:36:15.896+0000] {processor.py:178} INFO - Processing /home/airflow/.local/lib/python3.7/site-packages/airflow/example_dags/example_trigger_controller_dag.py took 0.159 seconds
[2023-08-01T21:36:46.653+0000] {processor.py:156} INFO - Started process (PID=567) to work on /home/airflow/.local/lib/python3.7/site-packages/airflow/example_dags/example_trigger_controller_dag.py
[2023-08-01T21:36:46.656+0000] {processor.py:799} INFO - Processing file /home/airflow/.local/lib/python3.7/site-packages/airflow/example_dags/example_trigger_controller_dag.py for tasks to queue
[2023-08-01T21:36:46.657+0000] {logging_mixin.py:149} INFO - [2023-08-01T21:36:46.657+0000] {dagbag.py:541} INFO - Filling up the DagBag from /home/airflow/.local/lib/python3.7/site-packages/airflow/example_dags/example_trigger_controller_dag.py
[2023-08-01T21:36:46.665+0000] {processor.py:809} INFO - DAG(s) dict_keys(['example_trigger_controller_dag']) retrieved from /home/airflow/.local/lib/python3.7/site-packages/airflow/example_dags/example_trigger_controller_dag.py
[2023-08-01T21:36:46.742+0000] {logging_mixin.py:149} INFO - [2023-08-01T21:36:46.742+0000] {dag.py:2726} INFO - Sync 1 DAGs
[2023-08-01T21:36:46.776+0000] {logging_mixin.py:149} INFO - [2023-08-01T21:36:46.776+0000] {dag.py:3490} INFO - Setting next_dagrun for example_trigger_controller_dag to 2021-01-01T00:00:00+00:00, run_after=2021-01-01T00:00:00+00:00
[2023-08-01T21:36:46.798+0000] {processor.py:178} INFO - Processing /home/airflow/.local/lib/python3.7/site-packages/airflow/example_dags/example_trigger_controller_dag.py took 0.152 seconds
