[2023-08-01T21:30:31.646+0000] {processor.py:156} INFO - Started process (PID=53) to work on /home/airflow/.local/lib/python3.7/site-packages/airflow/example_dags/example_skip_dag.py
[2023-08-01T21:30:31.648+0000] {processor.py:799} INFO - Processing file /home/airflow/.local/lib/python3.7/site-packages/airflow/example_dags/example_skip_dag.py for tasks to queue
[2023-08-01T21:30:31.649+0000] {logging_mixin.py:149} INFO - [2023-08-01T21:30:31.649+0000] {dagbag.py:541} INFO - Filling up the DagBag from /home/airflow/.local/lib/python3.7/site-packages/airflow/example_dags/example_skip_dag.py
[2023-08-01T21:30:31.670+0000] {processor.py:809} INFO - DAG(s) dict_keys(['example_skip_dag']) retrieved from /home/airflow/.local/lib/python3.7/site-packages/airflow/example_dags/example_skip_dag.py
[2023-08-01T21:30:31.749+0000] {logging_mixin.py:149} INFO - [2023-08-01T21:30:31.749+0000] {dag.py:2726} INFO - Sync 1 DAGs
[2023-08-01T21:30:31.814+0000] {logging_mixin.py:149} INFO - [2023-08-01T21:30:31.814+0000] {dag.py:3490} INFO - Setting next_dagrun for example_skip_dag to 2023-07-31T21:30:31.813254+00:00, run_after=2023-08-01T21:30:31.813254+00:00
[2023-08-01T21:30:31.848+0000] {processor.py:178} INFO - Processing /home/airflow/.local/lib/python3.7/site-packages/airflow/example_dags/example_skip_dag.py took 0.206 seconds
[2023-08-01T21:31:02.408+0000] {processor.py:156} INFO - Started process (PID=110) to work on /home/airflow/.local/lib/python3.7/site-packages/airflow/example_dags/example_skip_dag.py
[2023-08-01T21:31:02.409+0000] {processor.py:799} INFO - Processing file /home/airflow/.local/lib/python3.7/site-packages/airflow/example_dags/example_skip_dag.py for tasks to queue
[2023-08-01T21:31:02.410+0000] {logging_mixin.py:149} INFO - [2023-08-01T21:31:02.410+0000] {dagbag.py:541} INFO - Filling up the DagBag from /home/airflow/.local/lib/python3.7/site-packages/airflow/example_dags/example_skip_dag.py
[2023-08-01T21:31:02.418+0000] {processor.py:809} INFO - DAG(s) dict_keys(['example_skip_dag']) retrieved from /home/airflow/.local/lib/python3.7/site-packages/airflow/example_dags/example_skip_dag.py
[2023-08-01T21:31:02.492+0000] {logging_mixin.py:149} INFO - [2023-08-01T21:31:02.491+0000] {dag.py:2726} INFO - Sync 1 DAGs
[2023-08-01T21:31:02.527+0000] {logging_mixin.py:149} INFO - [2023-08-01T21:31:02.527+0000] {dag.py:3490} INFO - Setting next_dagrun for example_skip_dag to 2023-07-31T21:31:02.526746+00:00, run_after=2023-08-01T21:31:02.526746+00:00
[2023-08-01T21:31:02.551+0000] {processor.py:178} INFO - Processing /home/airflow/.local/lib/python3.7/site-packages/airflow/example_dags/example_skip_dag.py took 0.146 seconds
[2023-08-01T21:32:07.366+0000] {processor.py:156} INFO - Started process (PID=52) to work on /home/airflow/.local/lib/python3.7/site-packages/airflow/example_dags/example_skip_dag.py
[2023-08-01T21:32:07.368+0000] {processor.py:799} INFO - Processing file /home/airflow/.local/lib/python3.7/site-packages/airflow/example_dags/example_skip_dag.py for tasks to queue
[2023-08-01T21:32:07.372+0000] {logging_mixin.py:149} INFO - [2023-08-01T21:32:07.372+0000] {dagbag.py:541} INFO - Filling up the DagBag from /home/airflow/.local/lib/python3.7/site-packages/airflow/example_dags/example_skip_dag.py
[2023-08-01T21:32:07.382+0000] {processor.py:809} INFO - DAG(s) dict_keys(['example_skip_dag']) retrieved from /home/airflow/.local/lib/python3.7/site-packages/airflow/example_dags/example_skip_dag.py
[2023-08-01T21:32:07.473+0000] {logging_mixin.py:149} INFO - [2023-08-01T21:32:07.473+0000] {dag.py:2726} INFO - Sync 1 DAGs
[2023-08-01T21:32:08.021+0000] {logging_mixin.py:149} INFO - [2023-08-01T21:32:07.979+0000] {dag.py:3490} INFO - Setting next_dagrun for example_skip_dag to 2023-07-31T21:32:07.728584+00:00, run_after=2023-08-01T21:32:07.728584+00:00
[2023-08-01T21:32:08.903+0000] {processor.py:178} INFO - Processing /home/airflow/.local/lib/python3.7/site-packages/airflow/example_dags/example_skip_dag.py took 1.541 seconds
[2023-08-01T21:32:39.298+0000] {processor.py:156} INFO - Started process (PID=109) to work on /home/airflow/.local/lib/python3.7/site-packages/airflow/example_dags/example_skip_dag.py
[2023-08-01T21:32:39.301+0000] {processor.py:799} INFO - Processing file /home/airflow/.local/lib/python3.7/site-packages/airflow/example_dags/example_skip_dag.py for tasks to queue
[2023-08-01T21:32:39.302+0000] {logging_mixin.py:149} INFO - [2023-08-01T21:32:39.302+0000] {dagbag.py:541} INFO - Filling up the DagBag from /home/airflow/.local/lib/python3.7/site-packages/airflow/example_dags/example_skip_dag.py
[2023-08-01T21:32:39.314+0000] {processor.py:809} INFO - DAG(s) dict_keys(['example_skip_dag']) retrieved from /home/airflow/.local/lib/python3.7/site-packages/airflow/example_dags/example_skip_dag.py
[2023-08-01T21:32:39.393+0000] {logging_mixin.py:149} INFO - [2023-08-01T21:32:39.393+0000] {dag.py:2726} INFO - Sync 1 DAGs
[2023-08-01T21:32:39.431+0000] {logging_mixin.py:149} INFO - [2023-08-01T21:32:39.431+0000] {dag.py:3490} INFO - Setting next_dagrun for example_skip_dag to 2023-07-31T21:32:39.430503+00:00, run_after=2023-08-01T21:32:39.430503+00:00
[2023-08-01T21:32:39.456+0000] {processor.py:178} INFO - Processing /home/airflow/.local/lib/python3.7/site-packages/airflow/example_dags/example_skip_dag.py took 0.164 seconds
[2023-08-01T21:33:10.368+0000] {processor.py:156} INFO - Started process (PID=166) to work on /home/airflow/.local/lib/python3.7/site-packages/airflow/example_dags/example_skip_dag.py
[2023-08-01T21:33:10.370+0000] {processor.py:799} INFO - Processing file /home/airflow/.local/lib/python3.7/site-packages/airflow/example_dags/example_skip_dag.py for tasks to queue
[2023-08-01T21:33:10.371+0000] {logging_mixin.py:149} INFO - [2023-08-01T21:33:10.371+0000] {dagbag.py:541} INFO - Filling up the DagBag from /home/airflow/.local/lib/python3.7/site-packages/airflow/example_dags/example_skip_dag.py
[2023-08-01T21:33:10.384+0000] {processor.py:809} INFO - DAG(s) dict_keys(['example_skip_dag']) retrieved from /home/airflow/.local/lib/python3.7/site-packages/airflow/example_dags/example_skip_dag.py
[2023-08-01T21:33:10.467+0000] {logging_mixin.py:149} INFO - [2023-08-01T21:33:10.467+0000] {dag.py:2726} INFO - Sync 1 DAGs
[2023-08-01T21:33:10.586+0000] {logging_mixin.py:149} INFO - [2023-08-01T21:33:10.586+0000] {dag.py:3490} INFO - Setting next_dagrun for example_skip_dag to 2023-07-31T21:33:10.585629+00:00, run_after=2023-08-01T21:33:10.585629+00:00
[2023-08-01T21:33:10.611+0000] {processor.py:178} INFO - Processing /home/airflow/.local/lib/python3.7/site-packages/airflow/example_dags/example_skip_dag.py took 0.248 seconds
[2023-08-01T21:33:40.704+0000] {processor.py:156} INFO - Started process (PID=223) to work on /home/airflow/.local/lib/python3.7/site-packages/airflow/example_dags/example_skip_dag.py
[2023-08-01T21:33:40.706+0000] {processor.py:799} INFO - Processing file /home/airflow/.local/lib/python3.7/site-packages/airflow/example_dags/example_skip_dag.py for tasks to queue
[2023-08-01T21:33:40.707+0000] {logging_mixin.py:149} INFO - [2023-08-01T21:33:40.707+0000] {dagbag.py:541} INFO - Filling up the DagBag from /home/airflow/.local/lib/python3.7/site-packages/airflow/example_dags/example_skip_dag.py
[2023-08-01T21:33:40.721+0000] {processor.py:809} INFO - DAG(s) dict_keys(['example_skip_dag']) retrieved from /home/airflow/.local/lib/python3.7/site-packages/airflow/example_dags/example_skip_dag.py
[2023-08-01T21:33:40.801+0000] {logging_mixin.py:149} INFO - [2023-08-01T21:33:40.801+0000] {dag.py:2726} INFO - Sync 1 DAGs
[2023-08-01T21:33:40.838+0000] {logging_mixin.py:149} INFO - [2023-08-01T21:33:40.837+0000] {dag.py:3490} INFO - Setting next_dagrun for example_skip_dag to 2023-07-31T21:33:40.837066+00:00, run_after=2023-08-01T21:33:40.837066+00:00
[2023-08-01T21:33:40.864+0000] {processor.py:178} INFO - Processing /home/airflow/.local/lib/python3.7/site-packages/airflow/example_dags/example_skip_dag.py took 0.167 seconds
[2023-08-01T21:34:11.419+0000] {processor.py:156} INFO - Started process (PID=280) to work on /home/airflow/.local/lib/python3.7/site-packages/airflow/example_dags/example_skip_dag.py
[2023-08-01T21:34:11.421+0000] {processor.py:799} INFO - Processing file /home/airflow/.local/lib/python3.7/site-packages/airflow/example_dags/example_skip_dag.py for tasks to queue
[2023-08-01T21:34:11.423+0000] {logging_mixin.py:149} INFO - [2023-08-01T21:34:11.423+0000] {dagbag.py:541} INFO - Filling up the DagBag from /home/airflow/.local/lib/python3.7/site-packages/airflow/example_dags/example_skip_dag.py
[2023-08-01T21:34:11.437+0000] {processor.py:809} INFO - DAG(s) dict_keys(['example_skip_dag']) retrieved from /home/airflow/.local/lib/python3.7/site-packages/airflow/example_dags/example_skip_dag.py
[2023-08-01T21:34:11.519+0000] {logging_mixin.py:149} INFO - [2023-08-01T21:34:11.519+0000] {dag.py:2726} INFO - Sync 1 DAGs
[2023-08-01T21:34:11.557+0000] {logging_mixin.py:149} INFO - [2023-08-01T21:34:11.557+0000] {dag.py:3490} INFO - Setting next_dagrun for example_skip_dag to 2023-07-31T21:34:11.556711+00:00, run_after=2023-08-01T21:34:11.556711+00:00
[2023-08-01T21:34:11.581+0000] {processor.py:178} INFO - Processing /home/airflow/.local/lib/python3.7/site-packages/airflow/example_dags/example_skip_dag.py took 0.169 seconds
[2023-08-01T21:34:42.017+0000] {processor.py:156} INFO - Started process (PID=337) to work on /home/airflow/.local/lib/python3.7/site-packages/airflow/example_dags/example_skip_dag.py
[2023-08-01T21:34:42.020+0000] {processor.py:799} INFO - Processing file /home/airflow/.local/lib/python3.7/site-packages/airflow/example_dags/example_skip_dag.py for tasks to queue
[2023-08-01T21:34:42.021+0000] {logging_mixin.py:149} INFO - [2023-08-01T21:34:42.021+0000] {dagbag.py:541} INFO - Filling up the DagBag from /home/airflow/.local/lib/python3.7/site-packages/airflow/example_dags/example_skip_dag.py
[2023-08-01T21:34:42.037+0000] {processor.py:809} INFO - DAG(s) dict_keys(['example_skip_dag']) retrieved from /home/airflow/.local/lib/python3.7/site-packages/airflow/example_dags/example_skip_dag.py
[2023-08-01T21:34:42.128+0000] {logging_mixin.py:149} INFO - [2023-08-01T21:34:42.127+0000] {dag.py:2726} INFO - Sync 1 DAGs
[2023-08-01T21:34:42.168+0000] {logging_mixin.py:149} INFO - [2023-08-01T21:34:42.168+0000] {dag.py:3490} INFO - Setting next_dagrun for example_skip_dag to 2023-07-31T21:34:42.167526+00:00, run_after=2023-08-01T21:34:42.167526+00:00
[2023-08-01T21:34:42.197+0000] {processor.py:178} INFO - Processing /home/airflow/.local/lib/python3.7/site-packages/airflow/example_dags/example_skip_dag.py took 0.189 seconds
[2023-08-01T21:35:12.531+0000] {processor.py:156} INFO - Started process (PID=394) to work on /home/airflow/.local/lib/python3.7/site-packages/airflow/example_dags/example_skip_dag.py
[2023-08-01T21:35:12.534+0000] {processor.py:799} INFO - Processing file /home/airflow/.local/lib/python3.7/site-packages/airflow/example_dags/example_skip_dag.py for tasks to queue
[2023-08-01T21:35:12.536+0000] {logging_mixin.py:149} INFO - [2023-08-01T21:35:12.536+0000] {dagbag.py:541} INFO - Filling up the DagBag from /home/airflow/.local/lib/python3.7/site-packages/airflow/example_dags/example_skip_dag.py
[2023-08-01T21:35:12.560+0000] {processor.py:809} INFO - DAG(s) dict_keys(['example_skip_dag']) retrieved from /home/airflow/.local/lib/python3.7/site-packages/airflow/example_dags/example_skip_dag.py
[2023-08-01T21:35:12.655+0000] {logging_mixin.py:149} INFO - [2023-08-01T21:35:12.655+0000] {dag.py:2726} INFO - Sync 1 DAGs
[2023-08-01T21:35:12.717+0000] {logging_mixin.py:149} INFO - [2023-08-01T21:35:12.717+0000] {dag.py:3490} INFO - Setting next_dagrun for example_skip_dag to 2023-07-31T21:35:12.715903+00:00, run_after=2023-08-01T21:35:12.715903+00:00
[2023-08-01T21:35:12.749+0000] {processor.py:178} INFO - Processing /home/airflow/.local/lib/python3.7/site-packages/airflow/example_dags/example_skip_dag.py took 0.223 seconds
[2023-08-01T21:35:43.023+0000] {processor.py:156} INFO - Started process (PID=451) to work on /home/airflow/.local/lib/python3.7/site-packages/airflow/example_dags/example_skip_dag.py
[2023-08-01T21:35:43.025+0000] {processor.py:799} INFO - Processing file /home/airflow/.local/lib/python3.7/site-packages/airflow/example_dags/example_skip_dag.py for tasks to queue
[2023-08-01T21:35:43.027+0000] {logging_mixin.py:149} INFO - [2023-08-01T21:35:43.027+0000] {dagbag.py:541} INFO - Filling up the DagBag from /home/airflow/.local/lib/python3.7/site-packages/airflow/example_dags/example_skip_dag.py
[2023-08-01T21:35:43.041+0000] {processor.py:809} INFO - DAG(s) dict_keys(['example_skip_dag']) retrieved from /home/airflow/.local/lib/python3.7/site-packages/airflow/example_dags/example_skip_dag.py
[2023-08-01T21:35:43.168+0000] {logging_mixin.py:149} INFO - [2023-08-01T21:35:43.167+0000] {dag.py:2726} INFO - Sync 1 DAGs
[2023-08-01T21:35:43.272+0000] {logging_mixin.py:149} INFO - [2023-08-01T21:35:43.270+0000] {dag.py:3490} INFO - Setting next_dagrun for example_skip_dag to 2023-07-31T21:35:43.266068+00:00, run_after=2023-08-01T21:35:43.266068+00:00
[2023-08-01T21:35:43.315+0000] {processor.py:178} INFO - Processing /home/airflow/.local/lib/python3.7/site-packages/airflow/example_dags/example_skip_dag.py took 0.297 seconds
[2023-08-01T21:36:14.706+0000] {processor.py:156} INFO - Started process (PID=508) to work on /home/airflow/.local/lib/python3.7/site-packages/airflow/example_dags/example_skip_dag.py
[2023-08-01T21:36:14.708+0000] {processor.py:799} INFO - Processing file /home/airflow/.local/lib/python3.7/site-packages/airflow/example_dags/example_skip_dag.py for tasks to queue
[2023-08-01T21:36:14.709+0000] {logging_mixin.py:149} INFO - [2023-08-01T21:36:14.709+0000] {dagbag.py:541} INFO - Filling up the DagBag from /home/airflow/.local/lib/python3.7/site-packages/airflow/example_dags/example_skip_dag.py
[2023-08-01T21:36:14.719+0000] {processor.py:809} INFO - DAG(s) dict_keys(['example_skip_dag']) retrieved from /home/airflow/.local/lib/python3.7/site-packages/airflow/example_dags/example_skip_dag.py
[2023-08-01T21:36:14.798+0000] {logging_mixin.py:149} INFO - [2023-08-01T21:36:14.798+0000] {dag.py:2726} INFO - Sync 1 DAGs
[2023-08-01T21:36:14.835+0000] {logging_mixin.py:149} INFO - [2023-08-01T21:36:14.835+0000] {dag.py:3490} INFO - Setting next_dagrun for example_skip_dag to 2023-07-31T21:36:14.834608+00:00, run_after=2023-08-01T21:36:14.834608+00:00
[2023-08-01T21:36:14.861+0000] {processor.py:178} INFO - Processing /home/airflow/.local/lib/python3.7/site-packages/airflow/example_dags/example_skip_dag.py took 0.161 seconds
[2023-08-01T21:36:45.402+0000] {processor.py:156} INFO - Started process (PID=565) to work on /home/airflow/.local/lib/python3.7/site-packages/airflow/example_dags/example_skip_dag.py
[2023-08-01T21:36:45.403+0000] {processor.py:799} INFO - Processing file /home/airflow/.local/lib/python3.7/site-packages/airflow/example_dags/example_skip_dag.py for tasks to queue
[2023-08-01T21:36:45.404+0000] {logging_mixin.py:149} INFO - [2023-08-01T21:36:45.404+0000] {dagbag.py:541} INFO - Filling up the DagBag from /home/airflow/.local/lib/python3.7/site-packages/airflow/example_dags/example_skip_dag.py
[2023-08-01T21:36:45.412+0000] {processor.py:809} INFO - DAG(s) dict_keys(['example_skip_dag']) retrieved from /home/airflow/.local/lib/python3.7/site-packages/airflow/example_dags/example_skip_dag.py
[2023-08-01T21:36:45.487+0000] {logging_mixin.py:149} INFO - [2023-08-01T21:36:45.487+0000] {dag.py:2726} INFO - Sync 1 DAGs
[2023-08-01T21:36:45.522+0000] {logging_mixin.py:149} INFO - [2023-08-01T21:36:45.522+0000] {dag.py:3490} INFO - Setting next_dagrun for example_skip_dag to 2023-07-31T21:36:45.521754+00:00, run_after=2023-08-01T21:36:45.521754+00:00
[2023-08-01T21:36:45.545+0000] {processor.py:178} INFO - Processing /home/airflow/.local/lib/python3.7/site-packages/airflow/example_dags/example_skip_dag.py took 0.146 seconds
