[2023-08-01T21:30:31.616+0000] {processor.py:156} INFO - Started process (PID=52) to work on /home/airflow/.local/lib/python3.7/site-packages/airflow/example_dags/example_dag_decorator.py
[2023-08-01T21:30:31.617+0000] {processor.py:799} INFO - Processing file /home/airflow/.local/lib/python3.7/site-packages/airflow/example_dags/example_dag_decorator.py for tasks to queue
[2023-08-01T21:30:31.618+0000] {logging_mixin.py:149} INFO - [2023-08-01T21:30:31.618+0000] {dagbag.py:541} INFO - Filling up the DagBag from /home/airflow/.local/lib/python3.7/site-packages/airflow/example_dags/example_dag_decorator.py
[2023-08-01T21:30:31.627+0000] {logging_mixin.py:149} INFO - [2023-08-01T21:30:31.627+0000] {taskmixin.py:211} WARNING - Dependency <Task(_PythonDecoratedOperator): prepare_email>, send_email already registered for DAG: example_dag_decorator
[2023-08-01T21:30:31.628+0000] {logging_mixin.py:149} INFO - [2023-08-01T21:30:31.628+0000] {taskmixin.py:211} WARNING - Dependency <Task(EmailOperator): send_email>, prepare_email already registered for DAG: example_dag_decorator
[2023-08-01T21:30:31.637+0000] {processor.py:809} INFO - DAG(s) dict_keys(['example_dag_decorator']) retrieved from /home/airflow/.local/lib/python3.7/site-packages/airflow/example_dags/example_dag_decorator.py
[2023-08-01T21:30:31.720+0000] {logging_mixin.py:149} INFO - [2023-08-01T21:30:31.720+0000] {dag.py:2726} INFO - Sync 1 DAGs
[2023-08-01T21:30:31.771+0000] {logging_mixin.py:149} INFO - [2023-08-01T21:30:31.771+0000] {dag.py:3490} INFO - Setting next_dagrun for example_dag_decorator to None, run_after=None
[2023-08-01T21:30:31.810+0000] {processor.py:178} INFO - Processing /home/airflow/.local/lib/python3.7/site-packages/airflow/example_dags/example_dag_decorator.py took 0.198 seconds
[2023-08-01T21:31:02.321+0000] {processor.py:156} INFO - Started process (PID=109) to work on /home/airflow/.local/lib/python3.7/site-packages/airflow/example_dags/example_dag_decorator.py
[2023-08-01T21:31:02.323+0000] {processor.py:799} INFO - Processing file /home/airflow/.local/lib/python3.7/site-packages/airflow/example_dags/example_dag_decorator.py for tasks to queue
[2023-08-01T21:31:02.324+0000] {logging_mixin.py:149} INFO - [2023-08-01T21:31:02.323+0000] {dagbag.py:541} INFO - Filling up the DagBag from /home/airflow/.local/lib/python3.7/site-packages/airflow/example_dags/example_dag_decorator.py
[2023-08-01T21:31:02.331+0000] {logging_mixin.py:149} INFO - [2023-08-01T21:31:02.331+0000] {taskmixin.py:211} WARNING - Dependency <Task(_PythonDecoratedOperator): prepare_email>, send_email already registered for DAG: example_dag_decorator
[2023-08-01T21:31:02.331+0000] {logging_mixin.py:149} INFO - [2023-08-01T21:31:02.331+0000] {taskmixin.py:211} WARNING - Dependency <Task(EmailOperator): send_email>, prepare_email already registered for DAG: example_dag_decorator
[2023-08-01T21:31:02.338+0000] {processor.py:809} INFO - DAG(s) dict_keys(['example_dag_decorator']) retrieved from /home/airflow/.local/lib/python3.7/site-packages/airflow/example_dags/example_dag_decorator.py
[2023-08-01T21:31:02.454+0000] {logging_mixin.py:149} INFO - [2023-08-01T21:31:02.454+0000] {dag.py:2726} INFO - Sync 1 DAGs
[2023-08-01T21:31:02.484+0000] {logging_mixin.py:149} INFO - [2023-08-01T21:31:02.484+0000] {dag.py:3490} INFO - Setting next_dagrun for example_dag_decorator to None, run_after=None
[2023-08-01T21:31:02.508+0000] {processor.py:178} INFO - Processing /home/airflow/.local/lib/python3.7/site-packages/airflow/example_dags/example_dag_decorator.py took 0.189 seconds
[2023-08-01T21:32:07.285+0000] {processor.py:156} INFO - Started process (PID=51) to work on /home/airflow/.local/lib/python3.7/site-packages/airflow/example_dags/example_dag_decorator.py
[2023-08-01T21:32:07.288+0000] {processor.py:799} INFO - Processing file /home/airflow/.local/lib/python3.7/site-packages/airflow/example_dags/example_dag_decorator.py for tasks to queue
[2023-08-01T21:32:07.290+0000] {logging_mixin.py:149} INFO - [2023-08-01T21:32:07.290+0000] {dagbag.py:541} INFO - Filling up the DagBag from /home/airflow/.local/lib/python3.7/site-packages/airflow/example_dags/example_dag_decorator.py
[2023-08-01T21:32:07.300+0000] {logging_mixin.py:149} INFO - [2023-08-01T21:32:07.300+0000] {taskmixin.py:211} WARNING - Dependency <Task(_PythonDecoratedOperator): prepare_email>, send_email already registered for DAG: example_dag_decorator
[2023-08-01T21:32:07.301+0000] {logging_mixin.py:149} INFO - [2023-08-01T21:32:07.301+0000] {taskmixin.py:211} WARNING - Dependency <Task(EmailOperator): send_email>, prepare_email already registered for DAG: example_dag_decorator
[2023-08-01T21:32:07.312+0000] {processor.py:809} INFO - DAG(s) dict_keys(['example_dag_decorator']) retrieved from /home/airflow/.local/lib/python3.7/site-packages/airflow/example_dags/example_dag_decorator.py
[2023-08-01T21:32:07.385+0000] {logging_mixin.py:149} INFO - [2023-08-01T21:32:07.385+0000] {dag.py:2726} INFO - Sync 1 DAGs
[2023-08-01T21:32:07.456+0000] {logging_mixin.py:149} INFO - [2023-08-01T21:32:07.455+0000] {dag.py:3490} INFO - Setting next_dagrun for example_dag_decorator to None, run_after=None
[2023-08-01T21:32:07.563+0000] {processor.py:178} INFO - Processing /home/airflow/.local/lib/python3.7/site-packages/airflow/example_dags/example_dag_decorator.py took 0.274 seconds
[2023-08-01T21:32:38.109+0000] {processor.py:156} INFO - Started process (PID=108) to work on /home/airflow/.local/lib/python3.7/site-packages/airflow/example_dags/example_dag_decorator.py
[2023-08-01T21:32:38.114+0000] {processor.py:799} INFO - Processing file /home/airflow/.local/lib/python3.7/site-packages/airflow/example_dags/example_dag_decorator.py for tasks to queue
[2023-08-01T21:32:38.115+0000] {logging_mixin.py:149} INFO - [2023-08-01T21:32:38.115+0000] {dagbag.py:541} INFO - Filling up the DagBag from /home/airflow/.local/lib/python3.7/site-packages/airflow/example_dags/example_dag_decorator.py
[2023-08-01T21:32:38.123+0000] {logging_mixin.py:149} INFO - [2023-08-01T21:32:38.123+0000] {taskmixin.py:211} WARNING - Dependency <Task(_PythonDecoratedOperator): prepare_email>, send_email already registered for DAG: example_dag_decorator
[2023-08-01T21:32:38.124+0000] {logging_mixin.py:149} INFO - [2023-08-01T21:32:38.124+0000] {taskmixin.py:211} WARNING - Dependency <Task(EmailOperator): send_email>, prepare_email already registered for DAG: example_dag_decorator
[2023-08-01T21:32:38.133+0000] {processor.py:809} INFO - DAG(s) dict_keys(['example_dag_decorator']) retrieved from /home/airflow/.local/lib/python3.7/site-packages/airflow/example_dags/example_dag_decorator.py
[2023-08-01T21:32:38.246+0000] {logging_mixin.py:149} INFO - [2023-08-01T21:32:38.246+0000] {dag.py:2726} INFO - Sync 1 DAGs
[2023-08-01T21:32:38.352+0000] {logging_mixin.py:149} INFO - [2023-08-01T21:32:38.352+0000] {dag.py:3490} INFO - Setting next_dagrun for example_dag_decorator to None, run_after=None
[2023-08-01T21:32:38.378+0000] {processor.py:178} INFO - Processing /home/airflow/.local/lib/python3.7/site-packages/airflow/example_dags/example_dag_decorator.py took 0.272 seconds
[2023-08-01T21:33:09.093+0000] {processor.py:156} INFO - Started process (PID=165) to work on /home/airflow/.local/lib/python3.7/site-packages/airflow/example_dags/example_dag_decorator.py
[2023-08-01T21:33:09.095+0000] {processor.py:799} INFO - Processing file /home/airflow/.local/lib/python3.7/site-packages/airflow/example_dags/example_dag_decorator.py for tasks to queue
[2023-08-01T21:33:09.096+0000] {logging_mixin.py:149} INFO - [2023-08-01T21:33:09.096+0000] {dagbag.py:541} INFO - Filling up the DagBag from /home/airflow/.local/lib/python3.7/site-packages/airflow/example_dags/example_dag_decorator.py
[2023-08-01T21:33:09.103+0000] {logging_mixin.py:149} INFO - [2023-08-01T21:33:09.103+0000] {taskmixin.py:211} WARNING - Dependency <Task(_PythonDecoratedOperator): prepare_email>, send_email already registered for DAG: example_dag_decorator
[2023-08-01T21:33:09.103+0000] {logging_mixin.py:149} INFO - [2023-08-01T21:33:09.103+0000] {taskmixin.py:211} WARNING - Dependency <Task(EmailOperator): send_email>, prepare_email already registered for DAG: example_dag_decorator
[2023-08-01T21:33:09.111+0000] {processor.py:809} INFO - DAG(s) dict_keys(['example_dag_decorator']) retrieved from /home/airflow/.local/lib/python3.7/site-packages/airflow/example_dags/example_dag_decorator.py
[2023-08-01T21:33:09.303+0000] {logging_mixin.py:149} INFO - [2023-08-01T21:33:09.303+0000] {dag.py:2726} INFO - Sync 1 DAGs
[2023-08-01T21:33:09.333+0000] {logging_mixin.py:149} INFO - [2023-08-01T21:33:09.333+0000] {dag.py:3490} INFO - Setting next_dagrun for example_dag_decorator to None, run_after=None
[2023-08-01T21:33:09.355+0000] {processor.py:178} INFO - Processing /home/airflow/.local/lib/python3.7/site-packages/airflow/example_dags/example_dag_decorator.py took 0.265 seconds
[2023-08-01T21:33:39.658+0000] {processor.py:156} INFO - Started process (PID=222) to work on /home/airflow/.local/lib/python3.7/site-packages/airflow/example_dags/example_dag_decorator.py
[2023-08-01T21:33:39.659+0000] {processor.py:799} INFO - Processing file /home/airflow/.local/lib/python3.7/site-packages/airflow/example_dags/example_dag_decorator.py for tasks to queue
[2023-08-01T21:33:39.661+0000] {logging_mixin.py:149} INFO - [2023-08-01T21:33:39.660+0000] {dagbag.py:541} INFO - Filling up the DagBag from /home/airflow/.local/lib/python3.7/site-packages/airflow/example_dags/example_dag_decorator.py
[2023-08-01T21:33:39.670+0000] {logging_mixin.py:149} INFO - [2023-08-01T21:33:39.669+0000] {taskmixin.py:211} WARNING - Dependency <Task(_PythonDecoratedOperator): prepare_email>, send_email already registered for DAG: example_dag_decorator
[2023-08-01T21:33:39.670+0000] {logging_mixin.py:149} INFO - [2023-08-01T21:33:39.670+0000] {taskmixin.py:211} WARNING - Dependency <Task(EmailOperator): send_email>, prepare_email already registered for DAG: example_dag_decorator
[2023-08-01T21:33:39.680+0000] {processor.py:809} INFO - DAG(s) dict_keys(['example_dag_decorator']) retrieved from /home/airflow/.local/lib/python3.7/site-packages/airflow/example_dags/example_dag_decorator.py
[2023-08-01T21:33:39.798+0000] {logging_mixin.py:149} INFO - [2023-08-01T21:33:39.798+0000] {dag.py:2726} INFO - Sync 1 DAGs
[2023-08-01T21:33:39.829+0000] {logging_mixin.py:149} INFO - [2023-08-01T21:33:39.829+0000] {dag.py:3490} INFO - Setting next_dagrun for example_dag_decorator to None, run_after=None
[2023-08-01T21:33:39.852+0000] {processor.py:178} INFO - Processing /home/airflow/.local/lib/python3.7/site-packages/airflow/example_dags/example_dag_decorator.py took 0.197 seconds
[2023-08-01T21:34:10.368+0000] {processor.py:156} INFO - Started process (PID=279) to work on /home/airflow/.local/lib/python3.7/site-packages/airflow/example_dags/example_dag_decorator.py
[2023-08-01T21:34:10.369+0000] {processor.py:799} INFO - Processing file /home/airflow/.local/lib/python3.7/site-packages/airflow/example_dags/example_dag_decorator.py for tasks to queue
[2023-08-01T21:34:10.370+0000] {logging_mixin.py:149} INFO - [2023-08-01T21:34:10.370+0000] {dagbag.py:541} INFO - Filling up the DagBag from /home/airflow/.local/lib/python3.7/site-packages/airflow/example_dags/example_dag_decorator.py
[2023-08-01T21:34:10.380+0000] {logging_mixin.py:149} INFO - [2023-08-01T21:34:10.380+0000] {taskmixin.py:211} WARNING - Dependency <Task(_PythonDecoratedOperator): prepare_email>, send_email already registered for DAG: example_dag_decorator
[2023-08-01T21:34:10.381+0000] {logging_mixin.py:149} INFO - [2023-08-01T21:34:10.381+0000] {taskmixin.py:211} WARNING - Dependency <Task(EmailOperator): send_email>, prepare_email already registered for DAG: example_dag_decorator
[2023-08-01T21:34:10.389+0000] {processor.py:809} INFO - DAG(s) dict_keys(['example_dag_decorator']) retrieved from /home/airflow/.local/lib/python3.7/site-packages/airflow/example_dags/example_dag_decorator.py
[2023-08-01T21:34:10.511+0000] {logging_mixin.py:149} INFO - [2023-08-01T21:34:10.511+0000] {dag.py:2726} INFO - Sync 1 DAGs
[2023-08-01T21:34:10.543+0000] {logging_mixin.py:149} INFO - [2023-08-01T21:34:10.543+0000] {dag.py:3490} INFO - Setting next_dagrun for example_dag_decorator to None, run_after=None
[2023-08-01T21:34:10.568+0000] {processor.py:178} INFO - Processing /home/airflow/.local/lib/python3.7/site-packages/airflow/example_dags/example_dag_decorator.py took 0.203 seconds
[2023-08-01T21:34:40.810+0000] {processor.py:156} INFO - Started process (PID=336) to work on /home/airflow/.local/lib/python3.7/site-packages/airflow/example_dags/example_dag_decorator.py
[2023-08-01T21:34:40.812+0000] {processor.py:799} INFO - Processing file /home/airflow/.local/lib/python3.7/site-packages/airflow/example_dags/example_dag_decorator.py for tasks to queue
[2023-08-01T21:34:40.812+0000] {logging_mixin.py:149} INFO - [2023-08-01T21:34:40.812+0000] {dagbag.py:541} INFO - Filling up the DagBag from /home/airflow/.local/lib/python3.7/site-packages/airflow/example_dags/example_dag_decorator.py
[2023-08-01T21:34:40.820+0000] {logging_mixin.py:149} INFO - [2023-08-01T21:34:40.820+0000] {taskmixin.py:211} WARNING - Dependency <Task(_PythonDecoratedOperator): prepare_email>, send_email already registered for DAG: example_dag_decorator
[2023-08-01T21:34:40.821+0000] {logging_mixin.py:149} INFO - [2023-08-01T21:34:40.821+0000] {taskmixin.py:211} WARNING - Dependency <Task(EmailOperator): send_email>, prepare_email already registered for DAG: example_dag_decorator
[2023-08-01T21:34:40.839+0000] {processor.py:809} INFO - DAG(s) dict_keys(['example_dag_decorator']) retrieved from /home/airflow/.local/lib/python3.7/site-packages/airflow/example_dags/example_dag_decorator.py
[2023-08-01T21:34:40.955+0000] {logging_mixin.py:149} INFO - [2023-08-01T21:34:40.955+0000] {dag.py:2726} INFO - Sync 1 DAGs
[2023-08-01T21:34:40.985+0000] {logging_mixin.py:149} INFO - [2023-08-01T21:34:40.985+0000] {dag.py:3490} INFO - Setting next_dagrun for example_dag_decorator to None, run_after=None
[2023-08-01T21:34:41.010+0000] {processor.py:178} INFO - Processing /home/airflow/.local/lib/python3.7/site-packages/airflow/example_dags/example_dag_decorator.py took 0.202 seconds
[2023-08-01T21:35:11.394+0000] {processor.py:156} INFO - Started process (PID=393) to work on /home/airflow/.local/lib/python3.7/site-packages/airflow/example_dags/example_dag_decorator.py
[2023-08-01T21:35:11.395+0000] {processor.py:799} INFO - Processing file /home/airflow/.local/lib/python3.7/site-packages/airflow/example_dags/example_dag_decorator.py for tasks to queue
[2023-08-01T21:35:11.396+0000] {logging_mixin.py:149} INFO - [2023-08-01T21:35:11.396+0000] {dagbag.py:541} INFO - Filling up the DagBag from /home/airflow/.local/lib/python3.7/site-packages/airflow/example_dags/example_dag_decorator.py
[2023-08-01T21:35:11.404+0000] {logging_mixin.py:149} INFO - [2023-08-01T21:35:11.404+0000] {taskmixin.py:211} WARNING - Dependency <Task(_PythonDecoratedOperator): prepare_email>, send_email already registered for DAG: example_dag_decorator
[2023-08-01T21:35:11.405+0000] {logging_mixin.py:149} INFO - [2023-08-01T21:35:11.405+0000] {taskmixin.py:211} WARNING - Dependency <Task(EmailOperator): send_email>, prepare_email already registered for DAG: example_dag_decorator
[2023-08-01T21:35:11.413+0000] {processor.py:809} INFO - DAG(s) dict_keys(['example_dag_decorator']) retrieved from /home/airflow/.local/lib/python3.7/site-packages/airflow/example_dags/example_dag_decorator.py
[2023-08-01T21:35:11.552+0000] {logging_mixin.py:149} INFO - [2023-08-01T21:35:11.552+0000] {dag.py:2726} INFO - Sync 1 DAGs
[2023-08-01T21:35:11.583+0000] {logging_mixin.py:149} INFO - [2023-08-01T21:35:11.583+0000] {dag.py:3490} INFO - Setting next_dagrun for example_dag_decorator to None, run_after=None
[2023-08-01T21:35:11.612+0000] {processor.py:178} INFO - Processing /home/airflow/.local/lib/python3.7/site-packages/airflow/example_dags/example_dag_decorator.py took 0.221 seconds
[2023-08-01T21:35:41.751+0000] {processor.py:156} INFO - Started process (PID=450) to work on /home/airflow/.local/lib/python3.7/site-packages/airflow/example_dags/example_dag_decorator.py
[2023-08-01T21:35:41.754+0000] {processor.py:799} INFO - Processing file /home/airflow/.local/lib/python3.7/site-packages/airflow/example_dags/example_dag_decorator.py for tasks to queue
[2023-08-01T21:35:41.756+0000] {logging_mixin.py:149} INFO - [2023-08-01T21:35:41.756+0000] {dagbag.py:541} INFO - Filling up the DagBag from /home/airflow/.local/lib/python3.7/site-packages/airflow/example_dags/example_dag_decorator.py
[2023-08-01T21:35:41.765+0000] {logging_mixin.py:149} INFO - [2023-08-01T21:35:41.765+0000] {taskmixin.py:211} WARNING - Dependency <Task(_PythonDecoratedOperator): prepare_email>, send_email already registered for DAG: example_dag_decorator
[2023-08-01T21:35:41.766+0000] {logging_mixin.py:149} INFO - [2023-08-01T21:35:41.766+0000] {taskmixin.py:211} WARNING - Dependency <Task(EmailOperator): send_email>, prepare_email already registered for DAG: example_dag_decorator
[2023-08-01T21:35:41.775+0000] {processor.py:809} INFO - DAG(s) dict_keys(['example_dag_decorator']) retrieved from /home/airflow/.local/lib/python3.7/site-packages/airflow/example_dags/example_dag_decorator.py
[2023-08-01T21:35:41.900+0000] {logging_mixin.py:149} INFO - [2023-08-01T21:35:41.900+0000] {dag.py:2726} INFO - Sync 1 DAGs
[2023-08-01T21:35:41.933+0000] {logging_mixin.py:149} INFO - [2023-08-01T21:35:41.933+0000] {dag.py:3490} INFO - Setting next_dagrun for example_dag_decorator to None, run_after=None
[2023-08-01T21:35:41.959+0000] {processor.py:178} INFO - Processing /home/airflow/.local/lib/python3.7/site-packages/airflow/example_dags/example_dag_decorator.py took 0.211 seconds
[2023-08-01T21:36:14.457+0000] {processor.py:156} INFO - Started process (PID=507) to work on /home/airflow/.local/lib/python3.7/site-packages/airflow/example_dags/example_dag_decorator.py
[2023-08-01T21:36:14.460+0000] {processor.py:799} INFO - Processing file /home/airflow/.local/lib/python3.7/site-packages/airflow/example_dags/example_dag_decorator.py for tasks to queue
[2023-08-01T21:36:14.463+0000] {logging_mixin.py:149} INFO - [2023-08-01T21:36:14.463+0000] {dagbag.py:541} INFO - Filling up the DagBag from /home/airflow/.local/lib/python3.7/site-packages/airflow/example_dags/example_dag_decorator.py
[2023-08-01T21:36:14.477+0000] {logging_mixin.py:149} INFO - [2023-08-01T21:36:14.476+0000] {taskmixin.py:211} WARNING - Dependency <Task(_PythonDecoratedOperator): prepare_email>, send_email already registered for DAG: example_dag_decorator
[2023-08-01T21:36:14.478+0000] {logging_mixin.py:149} INFO - [2023-08-01T21:36:14.477+0000] {taskmixin.py:211} WARNING - Dependency <Task(EmailOperator): send_email>, prepare_email already registered for DAG: example_dag_decorator
[2023-08-01T21:36:14.487+0000] {processor.py:809} INFO - DAG(s) dict_keys(['example_dag_decorator']) retrieved from /home/airflow/.local/lib/python3.7/site-packages/airflow/example_dags/example_dag_decorator.py
[2023-08-01T21:36:14.606+0000] {logging_mixin.py:149} INFO - [2023-08-01T21:36:14.605+0000] {dag.py:2726} INFO - Sync 1 DAGs
[2023-08-01T21:36:14.637+0000] {logging_mixin.py:149} INFO - [2023-08-01T21:36:14.637+0000] {dag.py:3490} INFO - Setting next_dagrun for example_dag_decorator to None, run_after=None
[2023-08-01T21:36:14.663+0000] {processor.py:178} INFO - Processing /home/airflow/.local/lib/python3.7/site-packages/airflow/example_dags/example_dag_decorator.py took 0.209 seconds
[2023-08-01T21:36:45.381+0000] {processor.py:156} INFO - Started process (PID=564) to work on /home/airflow/.local/lib/python3.7/site-packages/airflow/example_dags/example_dag_decorator.py
[2023-08-01T21:36:45.382+0000] {processor.py:799} INFO - Processing file /home/airflow/.local/lib/python3.7/site-packages/airflow/example_dags/example_dag_decorator.py for tasks to queue
[2023-08-01T21:36:45.383+0000] {logging_mixin.py:149} INFO - [2023-08-01T21:36:45.383+0000] {dagbag.py:541} INFO - Filling up the DagBag from /home/airflow/.local/lib/python3.7/site-packages/airflow/example_dags/example_dag_decorator.py
[2023-08-01T21:36:45.390+0000] {logging_mixin.py:149} INFO - [2023-08-01T21:36:45.390+0000] {taskmixin.py:211} WARNING - Dependency <Task(_PythonDecoratedOperator): prepare_email>, send_email already registered for DAG: example_dag_decorator
[2023-08-01T21:36:45.391+0000] {logging_mixin.py:149} INFO - [2023-08-01T21:36:45.391+0000] {taskmixin.py:211} WARNING - Dependency <Task(EmailOperator): send_email>, prepare_email already registered for DAG: example_dag_decorator
[2023-08-01T21:36:45.398+0000] {processor.py:809} INFO - DAG(s) dict_keys(['example_dag_decorator']) retrieved from /home/airflow/.local/lib/python3.7/site-packages/airflow/example_dags/example_dag_decorator.py
[2023-08-01T21:36:45.523+0000] {logging_mixin.py:149} INFO - [2023-08-01T21:36:45.523+0000] {dag.py:2726} INFO - Sync 1 DAGs
[2023-08-01T21:36:45.554+0000] {logging_mixin.py:149} INFO - [2023-08-01T21:36:45.554+0000] {dag.py:3490} INFO - Setting next_dagrun for example_dag_decorator to None, run_after=None
[2023-08-01T21:36:45.579+0000] {processor.py:178} INFO - Processing /home/airflow/.local/lib/python3.7/site-packages/airflow/example_dags/example_dag_decorator.py took 0.201 seconds
