[2023-08-01T21:30:30.578+0000] {processor.py:156} INFO - Started process (PID=42) to work on /home/airflow/.local/lib/python3.7/site-packages/airflow/example_dags/example_params_ui_tutorial.py
[2023-08-01T21:30:30.579+0000] {processor.py:799} INFO - Processing file /home/airflow/.local/lib/python3.7/site-packages/airflow/example_dags/example_params_ui_tutorial.py for tasks to queue
[2023-08-01T21:30:30.580+0000] {logging_mixin.py:149} INFO - [2023-08-01T21:30:30.580+0000] {dagbag.py:541} INFO - Filling up the DagBag from /home/airflow/.local/lib/python3.7/site-packages/airflow/example_dags/example_params_ui_tutorial.py
[2023-08-01T21:30:30.622+0000] {processor.py:809} INFO - DAG(s) dict_keys(['example_params_ui_tutorial']) retrieved from /home/airflow/.local/lib/python3.7/site-packages/airflow/example_dags/example_params_ui_tutorial.py
[2023-08-01T21:30:30.690+0000] {logging_mixin.py:149} INFO - [2023-08-01T21:30:30.690+0000] {dag.py:2726} INFO - Sync 1 DAGs
[2023-08-01T21:30:30.728+0000] {logging_mixin.py:149} INFO - [2023-08-01T21:30:30.727+0000] {dag.py:3490} INFO - Setting next_dagrun for example_params_ui_tutorial to None, run_after=None
[2023-08-01T21:30:30.751+0000] {processor.py:178} INFO - Processing /home/airflow/.local/lib/python3.7/site-packages/airflow/example_dags/example_params_ui_tutorial.py took 0.175 seconds
[2023-08-01T21:31:01.361+0000] {processor.py:156} INFO - Started process (PID=99) to work on /home/airflow/.local/lib/python3.7/site-packages/airflow/example_dags/example_params_ui_tutorial.py
[2023-08-01T21:31:01.363+0000] {processor.py:799} INFO - Processing file /home/airflow/.local/lib/python3.7/site-packages/airflow/example_dags/example_params_ui_tutorial.py for tasks to queue
[2023-08-01T21:31:01.364+0000] {logging_mixin.py:149} INFO - [2023-08-01T21:31:01.364+0000] {dagbag.py:541} INFO - Filling up the DagBag from /home/airflow/.local/lib/python3.7/site-packages/airflow/example_dags/example_params_ui_tutorial.py
[2023-08-01T21:31:01.404+0000] {processor.py:809} INFO - DAG(s) dict_keys(['example_params_ui_tutorial']) retrieved from /home/airflow/.local/lib/python3.7/site-packages/airflow/example_dags/example_params_ui_tutorial.py
[2023-08-01T21:31:01.510+0000] {logging_mixin.py:149} INFO - [2023-08-01T21:31:01.510+0000] {dag.py:2726} INFO - Sync 1 DAGs
[2023-08-01T21:31:01.545+0000] {logging_mixin.py:149} INFO - [2023-08-01T21:31:01.545+0000] {dag.py:3490} INFO - Setting next_dagrun for example_params_ui_tutorial to None, run_after=None
[2023-08-01T21:31:01.566+0000] {processor.py:178} INFO - Processing /home/airflow/.local/lib/python3.7/site-packages/airflow/example_dags/example_params_ui_tutorial.py took 0.207 seconds
[2023-08-01T21:32:04.051+0000] {processor.py:156} INFO - Started process (PID=41) to work on /home/airflow/.local/lib/python3.7/site-packages/airflow/example_dags/example_params_ui_tutorial.py
[2023-08-01T21:32:04.053+0000] {processor.py:799} INFO - Processing file /home/airflow/.local/lib/python3.7/site-packages/airflow/example_dags/example_params_ui_tutorial.py for tasks to queue
[2023-08-01T21:32:04.054+0000] {logging_mixin.py:149} INFO - [2023-08-01T21:32:04.054+0000] {dagbag.py:541} INFO - Filling up the DagBag from /home/airflow/.local/lib/python3.7/site-packages/airflow/example_dags/example_params_ui_tutorial.py
[2023-08-01T21:32:04.209+0000] {processor.py:809} INFO - DAG(s) dict_keys(['example_params_ui_tutorial']) retrieved from /home/airflow/.local/lib/python3.7/site-packages/airflow/example_dags/example_params_ui_tutorial.py
[2023-08-01T21:32:04.317+0000] {logging_mixin.py:149} INFO - [2023-08-01T21:32:04.316+0000] {dag.py:2726} INFO - Sync 1 DAGs
[2023-08-01T21:32:04.389+0000] {logging_mixin.py:149} INFO - [2023-08-01T21:32:04.389+0000] {dag.py:3490} INFO - Setting next_dagrun for example_params_ui_tutorial to None, run_after=None
[2023-08-01T21:32:04.430+0000] {processor.py:178} INFO - Processing /home/airflow/.local/lib/python3.7/site-packages/airflow/example_dags/example_params_ui_tutorial.py took 0.383 seconds
[2023-08-01T21:32:35.418+0000] {processor.py:156} INFO - Started process (PID=98) to work on /home/airflow/.local/lib/python3.7/site-packages/airflow/example_dags/example_params_ui_tutorial.py
[2023-08-01T21:32:35.422+0000] {processor.py:799} INFO - Processing file /home/airflow/.local/lib/python3.7/site-packages/airflow/example_dags/example_params_ui_tutorial.py for tasks to queue
[2023-08-01T21:32:35.424+0000] {logging_mixin.py:149} INFO - [2023-08-01T21:32:35.424+0000] {dagbag.py:541} INFO - Filling up the DagBag from /home/airflow/.local/lib/python3.7/site-packages/airflow/example_dags/example_params_ui_tutorial.py
[2023-08-01T21:32:35.473+0000] {processor.py:809} INFO - DAG(s) dict_keys(['example_params_ui_tutorial']) retrieved from /home/airflow/.local/lib/python3.7/site-packages/airflow/example_dags/example_params_ui_tutorial.py
[2023-08-01T21:32:35.578+0000] {logging_mixin.py:149} INFO - [2023-08-01T21:32:35.578+0000] {dag.py:2726} INFO - Sync 1 DAGs
[2023-08-01T21:32:35.627+0000] {logging_mixin.py:149} INFO - [2023-08-01T21:32:35.627+0000] {dag.py:3490} INFO - Setting next_dagrun for example_params_ui_tutorial to None, run_after=None
[2023-08-01T21:32:35.652+0000] {processor.py:178} INFO - Processing /home/airflow/.local/lib/python3.7/site-packages/airflow/example_dags/example_params_ui_tutorial.py took 0.238 seconds
[2023-08-01T21:33:05.823+0000] {processor.py:156} INFO - Started process (PID=155) to work on /home/airflow/.local/lib/python3.7/site-packages/airflow/example_dags/example_params_ui_tutorial.py
[2023-08-01T21:33:05.824+0000] {processor.py:799} INFO - Processing file /home/airflow/.local/lib/python3.7/site-packages/airflow/example_dags/example_params_ui_tutorial.py for tasks to queue
[2023-08-01T21:33:05.825+0000] {logging_mixin.py:149} INFO - [2023-08-01T21:33:05.825+0000] {dagbag.py:541} INFO - Filling up the DagBag from /home/airflow/.local/lib/python3.7/site-packages/airflow/example_dags/example_params_ui_tutorial.py
[2023-08-01T21:33:05.863+0000] {processor.py:809} INFO - DAG(s) dict_keys(['example_params_ui_tutorial']) retrieved from /home/airflow/.local/lib/python3.7/site-packages/airflow/example_dags/example_params_ui_tutorial.py
[2023-08-01T21:33:06.052+0000] {logging_mixin.py:149} INFO - [2023-08-01T21:33:06.052+0000] {dag.py:2726} INFO - Sync 1 DAGs
[2023-08-01T21:33:06.085+0000] {logging_mixin.py:149} INFO - [2023-08-01T21:33:06.085+0000] {dag.py:3490} INFO - Setting next_dagrun for example_params_ui_tutorial to None, run_after=None
[2023-08-01T21:33:06.106+0000] {processor.py:178} INFO - Processing /home/airflow/.local/lib/python3.7/site-packages/airflow/example_dags/example_params_ui_tutorial.py took 0.286 seconds
[2023-08-01T21:33:36.895+0000] {processor.py:156} INFO - Started process (PID=212) to work on /home/airflow/.local/lib/python3.7/site-packages/airflow/example_dags/example_params_ui_tutorial.py
[2023-08-01T21:33:36.897+0000] {processor.py:799} INFO - Processing file /home/airflow/.local/lib/python3.7/site-packages/airflow/example_dags/example_params_ui_tutorial.py for tasks to queue
[2023-08-01T21:33:36.899+0000] {logging_mixin.py:149} INFO - [2023-08-01T21:33:36.899+0000] {dagbag.py:541} INFO - Filling up the DagBag from /home/airflow/.local/lib/python3.7/site-packages/airflow/example_dags/example_params_ui_tutorial.py
[2023-08-01T21:33:36.959+0000] {processor.py:809} INFO - DAG(s) dict_keys(['example_params_ui_tutorial']) retrieved from /home/airflow/.local/lib/python3.7/site-packages/airflow/example_dags/example_params_ui_tutorial.py
[2023-08-01T21:33:37.212+0000] {logging_mixin.py:149} INFO - [2023-08-01T21:33:37.211+0000] {dag.py:2726} INFO - Sync 1 DAGs
[2023-08-01T21:33:37.484+0000] {logging_mixin.py:149} INFO - [2023-08-01T21:33:37.481+0000] {dag.py:3490} INFO - Setting next_dagrun for example_params_ui_tutorial to None, run_after=None
[2023-08-01T21:33:37.695+0000] {processor.py:178} INFO - Processing /home/airflow/.local/lib/python3.7/site-packages/airflow/example_dags/example_params_ui_tutorial.py took 0.803 seconds
[2023-08-01T21:34:08.361+0000] {processor.py:156} INFO - Started process (PID=269) to work on /home/airflow/.local/lib/python3.7/site-packages/airflow/example_dags/example_params_ui_tutorial.py
[2023-08-01T21:34:08.364+0000] {processor.py:799} INFO - Processing file /home/airflow/.local/lib/python3.7/site-packages/airflow/example_dags/example_params_ui_tutorial.py for tasks to queue
[2023-08-01T21:34:08.366+0000] {logging_mixin.py:149} INFO - [2023-08-01T21:34:08.365+0000] {dagbag.py:541} INFO - Filling up the DagBag from /home/airflow/.local/lib/python3.7/site-packages/airflow/example_dags/example_params_ui_tutorial.py
[2023-08-01T21:34:08.418+0000] {processor.py:809} INFO - DAG(s) dict_keys(['example_params_ui_tutorial']) retrieved from /home/airflow/.local/lib/python3.7/site-packages/airflow/example_dags/example_params_ui_tutorial.py
[2023-08-01T21:34:08.520+0000] {logging_mixin.py:149} INFO - [2023-08-01T21:34:08.520+0000] {dag.py:2726} INFO - Sync 1 DAGs
[2023-08-01T21:34:08.555+0000] {logging_mixin.py:149} INFO - [2023-08-01T21:34:08.555+0000] {dag.py:3490} INFO - Setting next_dagrun for example_params_ui_tutorial to None, run_after=None
[2023-08-01T21:34:08.576+0000] {processor.py:178} INFO - Processing /home/airflow/.local/lib/python3.7/site-packages/airflow/example_dags/example_params_ui_tutorial.py took 0.221 seconds
[2023-08-01T21:34:38.786+0000] {processor.py:156} INFO - Started process (PID=326) to work on /home/airflow/.local/lib/python3.7/site-packages/airflow/example_dags/example_params_ui_tutorial.py
[2023-08-01T21:34:38.790+0000] {processor.py:799} INFO - Processing file /home/airflow/.local/lib/python3.7/site-packages/airflow/example_dags/example_params_ui_tutorial.py for tasks to queue
[2023-08-01T21:34:38.793+0000] {logging_mixin.py:149} INFO - [2023-08-01T21:34:38.792+0000] {dagbag.py:541} INFO - Filling up the DagBag from /home/airflow/.local/lib/python3.7/site-packages/airflow/example_dags/example_params_ui_tutorial.py
[2023-08-01T21:34:38.872+0000] {processor.py:809} INFO - DAG(s) dict_keys(['example_params_ui_tutorial']) retrieved from /home/airflow/.local/lib/python3.7/site-packages/airflow/example_dags/example_params_ui_tutorial.py
[2023-08-01T21:34:39.462+0000] {logging_mixin.py:149} INFO - [2023-08-01T21:34:39.461+0000] {dag.py:2726} INFO - Sync 1 DAGs
[2023-08-01T21:34:39.686+0000] {logging_mixin.py:149} INFO - [2023-08-01T21:34:39.686+0000] {dag.py:3490} INFO - Setting next_dagrun for example_params_ui_tutorial to None, run_after=None
[2023-08-01T21:34:39.780+0000] {processor.py:178} INFO - Processing /home/airflow/.local/lib/python3.7/site-packages/airflow/example_dags/example_params_ui_tutorial.py took 1.000 seconds
[2023-08-01T21:35:10.379+0000] {processor.py:156} INFO - Started process (PID=383) to work on /home/airflow/.local/lib/python3.7/site-packages/airflow/example_dags/example_params_ui_tutorial.py
[2023-08-01T21:35:10.381+0000] {processor.py:799} INFO - Processing file /home/airflow/.local/lib/python3.7/site-packages/airflow/example_dags/example_params_ui_tutorial.py for tasks to queue
[2023-08-01T21:35:10.382+0000] {logging_mixin.py:149} INFO - [2023-08-01T21:35:10.382+0000] {dagbag.py:541} INFO - Filling up the DagBag from /home/airflow/.local/lib/python3.7/site-packages/airflow/example_dags/example_params_ui_tutorial.py
[2023-08-01T21:35:10.434+0000] {processor.py:809} INFO - DAG(s) dict_keys(['example_params_ui_tutorial']) retrieved from /home/airflow/.local/lib/python3.7/site-packages/airflow/example_dags/example_params_ui_tutorial.py
[2023-08-01T21:35:10.544+0000] {logging_mixin.py:149} INFO - [2023-08-01T21:35:10.544+0000] {dag.py:2726} INFO - Sync 1 DAGs
[2023-08-01T21:35:10.583+0000] {logging_mixin.py:149} INFO - [2023-08-01T21:35:10.583+0000] {dag.py:3490} INFO - Setting next_dagrun for example_params_ui_tutorial to None, run_after=None
[2023-08-01T21:35:10.609+0000] {processor.py:178} INFO - Processing /home/airflow/.local/lib/python3.7/site-packages/airflow/example_dags/example_params_ui_tutorial.py took 0.234 seconds
[2023-08-01T21:35:40.705+0000] {processor.py:156} INFO - Started process (PID=440) to work on /home/airflow/.local/lib/python3.7/site-packages/airflow/example_dags/example_params_ui_tutorial.py
[2023-08-01T21:35:40.707+0000] {processor.py:799} INFO - Processing file /home/airflow/.local/lib/python3.7/site-packages/airflow/example_dags/example_params_ui_tutorial.py for tasks to queue
[2023-08-01T21:35:40.708+0000] {logging_mixin.py:149} INFO - [2023-08-01T21:35:40.708+0000] {dagbag.py:541} INFO - Filling up the DagBag from /home/airflow/.local/lib/python3.7/site-packages/airflow/example_dags/example_params_ui_tutorial.py
[2023-08-01T21:35:40.755+0000] {processor.py:809} INFO - DAG(s) dict_keys(['example_params_ui_tutorial']) retrieved from /home/airflow/.local/lib/python3.7/site-packages/airflow/example_dags/example_params_ui_tutorial.py
[2023-08-01T21:35:40.864+0000] {logging_mixin.py:149} INFO - [2023-08-01T21:35:40.864+0000] {dag.py:2726} INFO - Sync 1 DAGs
[2023-08-01T21:35:40.902+0000] {logging_mixin.py:149} INFO - [2023-08-01T21:35:40.902+0000] {dag.py:3490} INFO - Setting next_dagrun for example_params_ui_tutorial to None, run_after=None
[2023-08-01T21:35:40.925+0000] {processor.py:178} INFO - Processing /home/airflow/.local/lib/python3.7/site-packages/airflow/example_dags/example_params_ui_tutorial.py took 0.225 seconds
[2023-08-01T21:36:11.309+0000] {processor.py:156} INFO - Started process (PID=497) to work on /home/airflow/.local/lib/python3.7/site-packages/airflow/example_dags/example_params_ui_tutorial.py
[2023-08-01T21:36:11.430+0000] {processor.py:799} INFO - Processing file /home/airflow/.local/lib/python3.7/site-packages/airflow/example_dags/example_params_ui_tutorial.py for tasks to queue
[2023-08-01T21:36:11.453+0000] {logging_mixin.py:149} INFO - [2023-08-01T21:36:11.452+0000] {dagbag.py:541} INFO - Filling up the DagBag from /home/airflow/.local/lib/python3.7/site-packages/airflow/example_dags/example_params_ui_tutorial.py
[2023-08-01T21:36:12.159+0000] {processor.py:809} INFO - DAG(s) dict_keys(['example_params_ui_tutorial']) retrieved from /home/airflow/.local/lib/python3.7/site-packages/airflow/example_dags/example_params_ui_tutorial.py
[2023-08-01T21:36:12.494+0000] {logging_mixin.py:149} INFO - [2023-08-01T21:36:12.491+0000] {dag.py:2726} INFO - Sync 1 DAGs
[2023-08-01T21:36:12.763+0000] {logging_mixin.py:149} INFO - [2023-08-01T21:36:12.762+0000] {dag.py:3490} INFO - Setting next_dagrun for example_params_ui_tutorial to None, run_after=None
[2023-08-01T21:36:12.965+0000] {processor.py:178} INFO - Processing /home/airflow/.local/lib/python3.7/site-packages/airflow/example_dags/example_params_ui_tutorial.py took 1.679 seconds
[2023-08-01T21:36:43.472+0000] {processor.py:156} INFO - Started process (PID=554) to work on /home/airflow/.local/lib/python3.7/site-packages/airflow/example_dags/example_params_ui_tutorial.py
[2023-08-01T21:36:43.474+0000] {processor.py:799} INFO - Processing file /home/airflow/.local/lib/python3.7/site-packages/airflow/example_dags/example_params_ui_tutorial.py for tasks to queue
[2023-08-01T21:36:43.476+0000] {logging_mixin.py:149} INFO - [2023-08-01T21:36:43.476+0000] {dagbag.py:541} INFO - Filling up the DagBag from /home/airflow/.local/lib/python3.7/site-packages/airflow/example_dags/example_params_ui_tutorial.py
[2023-08-01T21:36:43.524+0000] {processor.py:809} INFO - DAG(s) dict_keys(['example_params_ui_tutorial']) retrieved from /home/airflow/.local/lib/python3.7/site-packages/airflow/example_dags/example_params_ui_tutorial.py
[2023-08-01T21:36:43.627+0000] {logging_mixin.py:149} INFO - [2023-08-01T21:36:43.627+0000] {dag.py:2726} INFO - Sync 1 DAGs
[2023-08-01T21:36:43.663+0000] {logging_mixin.py:149} INFO - [2023-08-01T21:36:43.663+0000] {dag.py:3490} INFO - Setting next_dagrun for example_params_ui_tutorial to None, run_after=None
[2023-08-01T21:36:43.684+0000] {processor.py:178} INFO - Processing /home/airflow/.local/lib/python3.7/site-packages/airflow/example_dags/example_params_ui_tutorial.py took 0.218 seconds
