[2023-08-01T21:30:31.014+0000] {processor.py:156} INFO - Started process (PID=47) to work on /home/airflow/.local/lib/python3.7/site-packages/airflow/example_dags/example_branch_python_dop_operator_3.py
[2023-08-01T21:30:31.015+0000] {processor.py:799} INFO - Processing file /home/airflow/.local/lib/python3.7/site-packages/airflow/example_dags/example_branch_python_dop_operator_3.py for tasks to queue
[2023-08-01T21:30:31.016+0000] {logging_mixin.py:149} INFO - [2023-08-01T21:30:31.016+0000] {dagbag.py:541} INFO - Filling up the DagBag from /home/airflow/.local/lib/python3.7/site-packages/airflow/example_dags/example_branch_python_dop_operator_3.py
[2023-08-01T21:30:31.026+0000] {processor.py:809} INFO - DAG(s) dict_keys(['example_branch_dop_operator_v3']) retrieved from /home/airflow/.local/lib/python3.7/site-packages/airflow/example_dags/example_branch_python_dop_operator_3.py
[2023-08-01T21:30:31.090+0000] {logging_mixin.py:149} INFO - [2023-08-01T21:30:31.090+0000] {dag.py:2726} INFO - Sync 1 DAGs
[2023-08-01T21:30:31.134+0000] {logging_mixin.py:149} INFO - [2023-08-01T21:30:31.134+0000] {dag.py:3490} INFO - Setting next_dagrun for example_branch_dop_operator_v3 to 2023-08-01T21:29:00+00:00, run_after=2023-08-01T21:30:00+00:00
[2023-08-01T21:30:31.161+0000] {processor.py:178} INFO - Processing /home/airflow/.local/lib/python3.7/site-packages/airflow/example_dags/example_branch_python_dop_operator_3.py took 0.150 seconds
[2023-08-01T21:31:01.886+0000] {processor.py:156} INFO - Started process (PID=104) to work on /home/airflow/.local/lib/python3.7/site-packages/airflow/example_dags/example_branch_python_dop_operator_3.py
[2023-08-01T21:31:01.887+0000] {processor.py:799} INFO - Processing file /home/airflow/.local/lib/python3.7/site-packages/airflow/example_dags/example_branch_python_dop_operator_3.py for tasks to queue
[2023-08-01T21:31:01.888+0000] {logging_mixin.py:149} INFO - [2023-08-01T21:31:01.888+0000] {dagbag.py:541} INFO - Filling up the DagBag from /home/airflow/.local/lib/python3.7/site-packages/airflow/example_dags/example_branch_python_dop_operator_3.py
[2023-08-01T21:31:01.897+0000] {processor.py:809} INFO - DAG(s) dict_keys(['example_branch_dop_operator_v3']) retrieved from /home/airflow/.local/lib/python3.7/site-packages/airflow/example_dags/example_branch_python_dop_operator_3.py
[2023-08-01T21:31:01.972+0000] {logging_mixin.py:149} INFO - [2023-08-01T21:31:01.972+0000] {dag.py:2726} INFO - Sync 1 DAGs
[2023-08-01T21:31:02.014+0000] {logging_mixin.py:149} INFO - [2023-08-01T21:31:02.014+0000] {dag.py:3490} INFO - Setting next_dagrun for example_branch_dop_operator_v3 to 2023-08-01T21:30:00+00:00, run_after=2023-08-01T21:31:00+00:00
[2023-08-01T21:31:02.046+0000] {processor.py:178} INFO - Processing /home/airflow/.local/lib/python3.7/site-packages/airflow/example_dags/example_branch_python_dop_operator_3.py took 0.163 seconds
[2023-08-01T21:32:05.712+0000] {processor.py:156} INFO - Started process (PID=46) to work on /home/airflow/.local/lib/python3.7/site-packages/airflow/example_dags/example_branch_python_dop_operator_3.py
[2023-08-01T21:32:05.715+0000] {processor.py:799} INFO - Processing file /home/airflow/.local/lib/python3.7/site-packages/airflow/example_dags/example_branch_python_dop_operator_3.py for tasks to queue
[2023-08-01T21:32:05.729+0000] {logging_mixin.py:149} INFO - [2023-08-01T21:32:05.717+0000] {dagbag.py:541} INFO - Filling up the DagBag from /home/airflow/.local/lib/python3.7/site-packages/airflow/example_dags/example_branch_python_dop_operator_3.py
[2023-08-01T21:32:05.857+0000] {processor.py:809} INFO - DAG(s) dict_keys(['example_branch_dop_operator_v3']) retrieved from /home/airflow/.local/lib/python3.7/site-packages/airflow/example_dags/example_branch_python_dop_operator_3.py
[2023-08-01T21:32:06.068+0000] {logging_mixin.py:149} INFO - [2023-08-01T21:32:06.067+0000] {dag.py:2726} INFO - Sync 1 DAGs
[2023-08-01T21:32:06.254+0000] {logging_mixin.py:149} INFO - [2023-08-01T21:32:06.253+0000] {dag.py:3490} INFO - Setting next_dagrun for example_branch_dop_operator_v3 to 2023-08-01T21:31:00+00:00, run_after=2023-08-01T21:32:00+00:00
[2023-08-01T21:32:06.314+0000] {processor.py:178} INFO - Processing /home/airflow/.local/lib/python3.7/site-packages/airflow/example_dags/example_branch_python_dop_operator_3.py took 0.607 seconds
[2023-08-01T21:32:36.591+0000] {processor.py:156} INFO - Started process (PID=103) to work on /home/airflow/.local/lib/python3.7/site-packages/airflow/example_dags/example_branch_python_dop_operator_3.py
[2023-08-01T21:32:36.592+0000] {processor.py:799} INFO - Processing file /home/airflow/.local/lib/python3.7/site-packages/airflow/example_dags/example_branch_python_dop_operator_3.py for tasks to queue
[2023-08-01T21:32:36.593+0000] {logging_mixin.py:149} INFO - [2023-08-01T21:32:36.593+0000] {dagbag.py:541} INFO - Filling up the DagBag from /home/airflow/.local/lib/python3.7/site-packages/airflow/example_dags/example_branch_python_dop_operator_3.py
[2023-08-01T21:32:36.604+0000] {processor.py:809} INFO - DAG(s) dict_keys(['example_branch_dop_operator_v3']) retrieved from /home/airflow/.local/lib/python3.7/site-packages/airflow/example_dags/example_branch_python_dop_operator_3.py
[2023-08-01T21:32:36.684+0000] {logging_mixin.py:149} INFO - [2023-08-01T21:32:36.684+0000] {dag.py:2726} INFO - Sync 1 DAGs
[2023-08-01T21:32:36.742+0000] {logging_mixin.py:149} INFO - [2023-08-01T21:32:36.742+0000] {dag.py:3490} INFO - Setting next_dagrun for example_branch_dop_operator_v3 to 2023-08-01T21:31:00+00:00, run_after=2023-08-01T21:32:00+00:00
[2023-08-01T21:32:36.794+0000] {processor.py:178} INFO - Processing /home/airflow/.local/lib/python3.7/site-packages/airflow/example_dags/example_branch_python_dop_operator_3.py took 0.207 seconds
[2023-08-01T21:33:07.483+0000] {processor.py:156} INFO - Started process (PID=160) to work on /home/airflow/.local/lib/python3.7/site-packages/airflow/example_dags/example_branch_python_dop_operator_3.py
[2023-08-01T21:33:07.485+0000] {processor.py:799} INFO - Processing file /home/airflow/.local/lib/python3.7/site-packages/airflow/example_dags/example_branch_python_dop_operator_3.py for tasks to queue
[2023-08-01T21:33:07.486+0000] {logging_mixin.py:149} INFO - [2023-08-01T21:33:07.485+0000] {dagbag.py:541} INFO - Filling up the DagBag from /home/airflow/.local/lib/python3.7/site-packages/airflow/example_dags/example_branch_python_dop_operator_3.py
[2023-08-01T21:33:07.495+0000] {processor.py:809} INFO - DAG(s) dict_keys(['example_branch_dop_operator_v3']) retrieved from /home/airflow/.local/lib/python3.7/site-packages/airflow/example_dags/example_branch_python_dop_operator_3.py
[2023-08-01T21:33:07.568+0000] {logging_mixin.py:149} INFO - [2023-08-01T21:33:07.568+0000] {dag.py:2726} INFO - Sync 1 DAGs
[2023-08-01T21:33:07.698+0000] {logging_mixin.py:149} INFO - [2023-08-01T21:33:07.698+0000] {dag.py:3490} INFO - Setting next_dagrun for example_branch_dop_operator_v3 to 2023-08-01T21:32:00+00:00, run_after=2023-08-01T21:33:00+00:00
[2023-08-01T21:33:07.719+0000] {processor.py:178} INFO - Processing /home/airflow/.local/lib/python3.7/site-packages/airflow/example_dags/example_branch_python_dop_operator_3.py took 0.239 seconds
[2023-08-01T21:33:39.023+0000] {processor.py:156} INFO - Started process (PID=217) to work on /home/airflow/.local/lib/python3.7/site-packages/airflow/example_dags/example_branch_python_dop_operator_3.py
[2023-08-01T21:33:39.025+0000] {processor.py:799} INFO - Processing file /home/airflow/.local/lib/python3.7/site-packages/airflow/example_dags/example_branch_python_dop_operator_3.py for tasks to queue
[2023-08-01T21:33:39.026+0000] {logging_mixin.py:149} INFO - [2023-08-01T21:33:39.026+0000] {dagbag.py:541} INFO - Filling up the DagBag from /home/airflow/.local/lib/python3.7/site-packages/airflow/example_dags/example_branch_python_dop_operator_3.py
[2023-08-01T21:33:39.040+0000] {processor.py:809} INFO - DAG(s) dict_keys(['example_branch_dop_operator_v3']) retrieved from /home/airflow/.local/lib/python3.7/site-packages/airflow/example_dags/example_branch_python_dop_operator_3.py
[2023-08-01T21:33:39.143+0000] {logging_mixin.py:149} INFO - [2023-08-01T21:33:39.143+0000] {dag.py:2726} INFO - Sync 1 DAGs
[2023-08-01T21:33:39.191+0000] {logging_mixin.py:149} INFO - [2023-08-01T21:33:39.190+0000] {dag.py:3490} INFO - Setting next_dagrun for example_branch_dop_operator_v3 to 2023-08-01T21:32:00+00:00, run_after=2023-08-01T21:33:00+00:00
[2023-08-01T21:33:39.220+0000] {processor.py:178} INFO - Processing /home/airflow/.local/lib/python3.7/site-packages/airflow/example_dags/example_branch_python_dop_operator_3.py took 0.201 seconds
[2023-08-01T21:34:09.839+0000] {processor.py:156} INFO - Started process (PID=274) to work on /home/airflow/.local/lib/python3.7/site-packages/airflow/example_dags/example_branch_python_dop_operator_3.py
[2023-08-01T21:34:09.840+0000] {processor.py:799} INFO - Processing file /home/airflow/.local/lib/python3.7/site-packages/airflow/example_dags/example_branch_python_dop_operator_3.py for tasks to queue
[2023-08-01T21:34:09.841+0000] {logging_mixin.py:149} INFO - [2023-08-01T21:34:09.841+0000] {dagbag.py:541} INFO - Filling up the DagBag from /home/airflow/.local/lib/python3.7/site-packages/airflow/example_dags/example_branch_python_dop_operator_3.py
[2023-08-01T21:34:09.851+0000] {processor.py:809} INFO - DAG(s) dict_keys(['example_branch_dop_operator_v3']) retrieved from /home/airflow/.local/lib/python3.7/site-packages/airflow/example_dags/example_branch_python_dop_operator_3.py
[2023-08-01T21:34:09.923+0000] {logging_mixin.py:149} INFO - [2023-08-01T21:34:09.923+0000] {dag.py:2726} INFO - Sync 1 DAGs
[2023-08-01T21:34:09.962+0000] {logging_mixin.py:149} INFO - [2023-08-01T21:34:09.961+0000] {dag.py:3490} INFO - Setting next_dagrun for example_branch_dop_operator_v3 to 2023-08-01T21:33:00+00:00, run_after=2023-08-01T21:34:00+00:00
[2023-08-01T21:34:09.985+0000] {processor.py:178} INFO - Processing /home/airflow/.local/lib/python3.7/site-packages/airflow/example_dags/example_branch_python_dop_operator_3.py took 0.149 seconds
[2023-08-01T21:34:40.408+0000] {processor.py:156} INFO - Started process (PID=331) to work on /home/airflow/.local/lib/python3.7/site-packages/airflow/example_dags/example_branch_python_dop_operator_3.py
[2023-08-01T21:34:40.410+0000] {processor.py:799} INFO - Processing file /home/airflow/.local/lib/python3.7/site-packages/airflow/example_dags/example_branch_python_dop_operator_3.py for tasks to queue
[2023-08-01T21:34:40.411+0000] {logging_mixin.py:149} INFO - [2023-08-01T21:34:40.411+0000] {dagbag.py:541} INFO - Filling up the DagBag from /home/airflow/.local/lib/python3.7/site-packages/airflow/example_dags/example_branch_python_dop_operator_3.py
[2023-08-01T21:34:40.421+0000] {processor.py:809} INFO - DAG(s) dict_keys(['example_branch_dop_operator_v3']) retrieved from /home/airflow/.local/lib/python3.7/site-packages/airflow/example_dags/example_branch_python_dop_operator_3.py
[2023-08-01T21:34:40.495+0000] {logging_mixin.py:149} INFO - [2023-08-01T21:34:40.495+0000] {dag.py:2726} INFO - Sync 1 DAGs
[2023-08-01T21:34:40.537+0000] {logging_mixin.py:149} INFO - [2023-08-01T21:34:40.536+0000] {dag.py:3490} INFO - Setting next_dagrun for example_branch_dop_operator_v3 to 2023-08-01T21:33:00+00:00, run_after=2023-08-01T21:34:00+00:00
[2023-08-01T21:34:40.559+0000] {processor.py:178} INFO - Processing /home/airflow/.local/lib/python3.7/site-packages/airflow/example_dags/example_branch_python_dop_operator_3.py took 0.155 seconds
[2023-08-01T21:35:10.867+0000] {processor.py:156} INFO - Started process (PID=388) to work on /home/airflow/.local/lib/python3.7/site-packages/airflow/example_dags/example_branch_python_dop_operator_3.py
[2023-08-01T21:35:10.868+0000] {processor.py:799} INFO - Processing file /home/airflow/.local/lib/python3.7/site-packages/airflow/example_dags/example_branch_python_dop_operator_3.py for tasks to queue
[2023-08-01T21:35:10.869+0000] {logging_mixin.py:149} INFO - [2023-08-01T21:35:10.869+0000] {dagbag.py:541} INFO - Filling up the DagBag from /home/airflow/.local/lib/python3.7/site-packages/airflow/example_dags/example_branch_python_dop_operator_3.py
[2023-08-01T21:35:10.878+0000] {processor.py:809} INFO - DAG(s) dict_keys(['example_branch_dop_operator_v3']) retrieved from /home/airflow/.local/lib/python3.7/site-packages/airflow/example_dags/example_branch_python_dop_operator_3.py
[2023-08-01T21:35:10.957+0000] {logging_mixin.py:149} INFO - [2023-08-01T21:35:10.957+0000] {dag.py:2726} INFO - Sync 1 DAGs
[2023-08-01T21:35:11.001+0000] {logging_mixin.py:149} INFO - [2023-08-01T21:35:11.001+0000] {dag.py:3490} INFO - Setting next_dagrun for example_branch_dop_operator_v3 to 2023-08-01T21:34:00+00:00, run_after=2023-08-01T21:35:00+00:00
[2023-08-01T21:35:11.027+0000] {processor.py:178} INFO - Processing /home/airflow/.local/lib/python3.7/site-packages/airflow/example_dags/example_branch_python_dop_operator_3.py took 0.164 seconds
[2023-08-01T21:35:41.190+0000] {processor.py:156} INFO - Started process (PID=445) to work on /home/airflow/.local/lib/python3.7/site-packages/airflow/example_dags/example_branch_python_dop_operator_3.py
[2023-08-01T21:35:41.191+0000] {processor.py:799} INFO - Processing file /home/airflow/.local/lib/python3.7/site-packages/airflow/example_dags/example_branch_python_dop_operator_3.py for tasks to queue
[2023-08-01T21:35:41.192+0000] {logging_mixin.py:149} INFO - [2023-08-01T21:35:41.192+0000] {dagbag.py:541} INFO - Filling up the DagBag from /home/airflow/.local/lib/python3.7/site-packages/airflow/example_dags/example_branch_python_dop_operator_3.py
[2023-08-01T21:35:41.206+0000] {processor.py:809} INFO - DAG(s) dict_keys(['example_branch_dop_operator_v3']) retrieved from /home/airflow/.local/lib/python3.7/site-packages/airflow/example_dags/example_branch_python_dop_operator_3.py
[2023-08-01T21:35:41.288+0000] {logging_mixin.py:149} INFO - [2023-08-01T21:35:41.284+0000] {dag.py:2726} INFO - Sync 1 DAGs
[2023-08-01T21:35:41.339+0000] {logging_mixin.py:149} INFO - [2023-08-01T21:35:41.338+0000] {dag.py:3490} INFO - Setting next_dagrun for example_branch_dop_operator_v3 to 2023-08-01T21:34:00+00:00, run_after=2023-08-01T21:35:00+00:00
[2023-08-01T21:35:41.366+0000] {processor.py:178} INFO - Processing /home/airflow/.local/lib/python3.7/site-packages/airflow/example_dags/example_branch_python_dop_operator_3.py took 0.179 seconds
[2023-08-01T21:36:13.485+0000] {processor.py:156} INFO - Started process (PID=502) to work on /home/airflow/.local/lib/python3.7/site-packages/airflow/example_dags/example_branch_python_dop_operator_3.py
[2023-08-01T21:36:13.487+0000] {processor.py:799} INFO - Processing file /home/airflow/.local/lib/python3.7/site-packages/airflow/example_dags/example_branch_python_dop_operator_3.py for tasks to queue
[2023-08-01T21:36:13.488+0000] {logging_mixin.py:149} INFO - [2023-08-01T21:36:13.488+0000] {dagbag.py:541} INFO - Filling up the DagBag from /home/airflow/.local/lib/python3.7/site-packages/airflow/example_dags/example_branch_python_dop_operator_3.py
[2023-08-01T21:36:13.497+0000] {processor.py:809} INFO - DAG(s) dict_keys(['example_branch_dop_operator_v3']) retrieved from /home/airflow/.local/lib/python3.7/site-packages/airflow/example_dags/example_branch_python_dop_operator_3.py
[2023-08-01T21:36:13.577+0000] {logging_mixin.py:149} INFO - [2023-08-01T21:36:13.577+0000] {dag.py:2726} INFO - Sync 1 DAGs
[2023-08-01T21:36:13.621+0000] {logging_mixin.py:149} INFO - [2023-08-01T21:36:13.621+0000] {dag.py:3490} INFO - Setting next_dagrun for example_branch_dop_operator_v3 to 2023-08-01T21:35:00+00:00, run_after=2023-08-01T21:36:00+00:00
[2023-08-01T21:36:13.648+0000] {processor.py:178} INFO - Processing /home/airflow/.local/lib/python3.7/site-packages/airflow/example_dags/example_branch_python_dop_operator_3.py took 0.166 seconds
[2023-08-01T21:36:43.939+0000] {processor.py:156} INFO - Started process (PID=559) to work on /home/airflow/.local/lib/python3.7/site-packages/airflow/example_dags/example_branch_python_dop_operator_3.py
[2023-08-01T21:36:43.940+0000] {processor.py:799} INFO - Processing file /home/airflow/.local/lib/python3.7/site-packages/airflow/example_dags/example_branch_python_dop_operator_3.py for tasks to queue
[2023-08-01T21:36:43.941+0000] {logging_mixin.py:149} INFO - [2023-08-01T21:36:43.941+0000] {dagbag.py:541} INFO - Filling up the DagBag from /home/airflow/.local/lib/python3.7/site-packages/airflow/example_dags/example_branch_python_dop_operator_3.py
[2023-08-01T21:36:43.952+0000] {processor.py:809} INFO - DAG(s) dict_keys(['example_branch_dop_operator_v3']) retrieved from /home/airflow/.local/lib/python3.7/site-packages/airflow/example_dags/example_branch_python_dop_operator_3.py
[2023-08-01T21:36:44.030+0000] {logging_mixin.py:149} INFO - [2023-08-01T21:36:44.030+0000] {dag.py:2726} INFO - Sync 1 DAGs
[2023-08-01T21:36:44.070+0000] {logging_mixin.py:149} INFO - [2023-08-01T21:36:44.070+0000] {dag.py:3490} INFO - Setting next_dagrun for example_branch_dop_operator_v3 to 2023-08-01T21:35:00+00:00, run_after=2023-08-01T21:36:00+00:00
[2023-08-01T21:36:44.092+0000] {processor.py:178} INFO - Processing /home/airflow/.local/lib/python3.7/site-packages/airflow/example_dags/example_branch_python_dop_operator_3.py took 0.156 seconds
