[2023-08-01T21:30:31.194+0000] {processor.py:156} INFO - Started process (PID=49) to work on /home/airflow/.local/lib/python3.7/site-packages/airflow/example_dags/example_xcom.py
[2023-08-01T21:30:31.195+0000] {processor.py:799} INFO - Processing file /home/airflow/.local/lib/python3.7/site-packages/airflow/example_dags/example_xcom.py for tasks to queue
[2023-08-01T21:30:31.196+0000] {logging_mixin.py:149} INFO - [2023-08-01T21:30:31.196+0000] {dagbag.py:541} INFO - Filling up the DagBag from /home/airflow/.local/lib/python3.7/site-packages/airflow/example_dags/example_xcom.py
[2023-08-01T21:30:31.205+0000] {processor.py:809} INFO - DAG(s) dict_keys(['example_xcom']) retrieved from /home/airflow/.local/lib/python3.7/site-packages/airflow/example_dags/example_xcom.py
[2023-08-01T21:30:31.282+0000] {logging_mixin.py:149} INFO - [2023-08-01T21:30:31.282+0000] {dag.py:2726} INFO - Sync 1 DAGs
[2023-08-01T21:30:31.355+0000] {logging_mixin.py:149} INFO - [2023-08-01T21:30:31.355+0000] {dag.py:3490} INFO - Setting next_dagrun for example_xcom to 2021-01-01T00:00:00+00:00, run_after=2021-01-01T00:00:00+00:00
[2023-08-01T21:30:31.387+0000] {processor.py:178} INFO - Processing /home/airflow/.local/lib/python3.7/site-packages/airflow/example_dags/example_xcom.py took 0.197 seconds
[2023-08-01T21:31:02.073+0000] {processor.py:156} INFO - Started process (PID=106) to work on /home/airflow/.local/lib/python3.7/site-packages/airflow/example_dags/example_xcom.py
[2023-08-01T21:31:02.074+0000] {processor.py:799} INFO - Processing file /home/airflow/.local/lib/python3.7/site-packages/airflow/example_dags/example_xcom.py for tasks to queue
[2023-08-01T21:31:02.075+0000] {logging_mixin.py:149} INFO - [2023-08-01T21:31:02.075+0000] {dagbag.py:541} INFO - Filling up the DagBag from /home/airflow/.local/lib/python3.7/site-packages/airflow/example_dags/example_xcom.py
[2023-08-01T21:31:02.085+0000] {processor.py:809} INFO - DAG(s) dict_keys(['example_xcom']) retrieved from /home/airflow/.local/lib/python3.7/site-packages/airflow/example_dags/example_xcom.py
[2023-08-01T21:31:02.160+0000] {logging_mixin.py:149} INFO - [2023-08-01T21:31:02.160+0000] {dag.py:2726} INFO - Sync 1 DAGs
[2023-08-01T21:31:02.196+0000] {logging_mixin.py:149} INFO - [2023-08-01T21:31:02.195+0000] {dag.py:3490} INFO - Setting next_dagrun for example_xcom to 2021-01-01T00:00:00+00:00, run_after=2021-01-01T00:00:00+00:00
[2023-08-01T21:31:02.217+0000] {processor.py:178} INFO - Processing /home/airflow/.local/lib/python3.7/site-packages/airflow/example_dags/example_xcom.py took 0.147 seconds
[2023-08-01T21:32:06.388+0000] {processor.py:156} INFO - Started process (PID=48) to work on /home/airflow/.local/lib/python3.7/site-packages/airflow/example_dags/example_xcom.py
[2023-08-01T21:32:06.399+0000] {processor.py:799} INFO - Processing file /home/airflow/.local/lib/python3.7/site-packages/airflow/example_dags/example_xcom.py for tasks to queue
[2023-08-01T21:32:06.402+0000] {logging_mixin.py:149} INFO - [2023-08-01T21:32:06.401+0000] {dagbag.py:541} INFO - Filling up the DagBag from /home/airflow/.local/lib/python3.7/site-packages/airflow/example_dags/example_xcom.py
[2023-08-01T21:32:06.469+0000] {processor.py:809} INFO - DAG(s) dict_keys(['example_xcom']) retrieved from /home/airflow/.local/lib/python3.7/site-packages/airflow/example_dags/example_xcom.py
[2023-08-01T21:32:06.586+0000] {logging_mixin.py:149} INFO - [2023-08-01T21:32:06.586+0000] {dag.py:2726} INFO - Sync 1 DAGs
[2023-08-01T21:32:06.914+0000] {logging_mixin.py:149} INFO - [2023-08-01T21:32:06.914+0000] {dag.py:3490} INFO - Setting next_dagrun for example_xcom to 2021-01-01T00:00:00+00:00, run_after=2021-01-01T00:00:00+00:00
[2023-08-01T21:32:06.984+0000] {processor.py:178} INFO - Processing /home/airflow/.local/lib/python3.7/site-packages/airflow/example_dags/example_xcom.py took 0.599 seconds
[2023-08-01T21:32:37.870+0000] {processor.py:156} INFO - Started process (PID=105) to work on /home/airflow/.local/lib/python3.7/site-packages/airflow/example_dags/example_xcom.py
[2023-08-01T21:32:37.872+0000] {processor.py:799} INFO - Processing file /home/airflow/.local/lib/python3.7/site-packages/airflow/example_dags/example_xcom.py for tasks to queue
[2023-08-01T21:32:37.875+0000] {logging_mixin.py:149} INFO - [2023-08-01T21:32:37.874+0000] {dagbag.py:541} INFO - Filling up the DagBag from /home/airflow/.local/lib/python3.7/site-packages/airflow/example_dags/example_xcom.py
[2023-08-01T21:32:37.887+0000] {processor.py:809} INFO - DAG(s) dict_keys(['example_xcom']) retrieved from /home/airflow/.local/lib/python3.7/site-packages/airflow/example_dags/example_xcom.py
[2023-08-01T21:32:37.963+0000] {logging_mixin.py:149} INFO - [2023-08-01T21:32:37.963+0000] {dag.py:2726} INFO - Sync 1 DAGs
[2023-08-01T21:32:37.998+0000] {logging_mixin.py:149} INFO - [2023-08-01T21:32:37.998+0000] {dag.py:3490} INFO - Setting next_dagrun for example_xcom to 2021-01-01T00:00:00+00:00, run_after=2021-01-01T00:00:00+00:00
[2023-08-01T21:32:38.022+0000] {processor.py:178} INFO - Processing /home/airflow/.local/lib/python3.7/site-packages/airflow/example_dags/example_xcom.py took 0.158 seconds
[2023-08-01T21:33:08.794+0000] {processor.py:156} INFO - Started process (PID=162) to work on /home/airflow/.local/lib/python3.7/site-packages/airflow/example_dags/example_xcom.py
[2023-08-01T21:33:08.797+0000] {processor.py:799} INFO - Processing file /home/airflow/.local/lib/python3.7/site-packages/airflow/example_dags/example_xcom.py for tasks to queue
[2023-08-01T21:33:08.799+0000] {logging_mixin.py:149} INFO - [2023-08-01T21:33:08.799+0000] {dagbag.py:541} INFO - Filling up the DagBag from /home/airflow/.local/lib/python3.7/site-packages/airflow/example_dags/example_xcom.py
[2023-08-01T21:33:08.812+0000] {processor.py:809} INFO - DAG(s) dict_keys(['example_xcom']) retrieved from /home/airflow/.local/lib/python3.7/site-packages/airflow/example_dags/example_xcom.py
[2023-08-01T21:33:08.891+0000] {logging_mixin.py:149} INFO - [2023-08-01T21:33:08.890+0000] {dag.py:2726} INFO - Sync 1 DAGs
[2023-08-01T21:33:09.022+0000] {logging_mixin.py:149} INFO - [2023-08-01T21:33:09.022+0000] {dag.py:3490} INFO - Setting next_dagrun for example_xcom to 2021-01-01T00:00:00+00:00, run_after=2021-01-01T00:00:00+00:00
[2023-08-01T21:33:09.043+0000] {processor.py:178} INFO - Processing /home/airflow/.local/lib/python3.7/site-packages/airflow/example_dags/example_xcom.py took 0.255 seconds
[2023-08-01T21:33:39.275+0000] {processor.py:156} INFO - Started process (PID=219) to work on /home/airflow/.local/lib/python3.7/site-packages/airflow/example_dags/example_xcom.py
[2023-08-01T21:33:39.277+0000] {processor.py:799} INFO - Processing file /home/airflow/.local/lib/python3.7/site-packages/airflow/example_dags/example_xcom.py for tasks to queue
[2023-08-01T21:33:39.278+0000] {logging_mixin.py:149} INFO - [2023-08-01T21:33:39.278+0000] {dagbag.py:541} INFO - Filling up the DagBag from /home/airflow/.local/lib/python3.7/site-packages/airflow/example_dags/example_xcom.py
[2023-08-01T21:33:39.293+0000] {processor.py:809} INFO - DAG(s) dict_keys(['example_xcom']) retrieved from /home/airflow/.local/lib/python3.7/site-packages/airflow/example_dags/example_xcom.py
[2023-08-01T21:33:39.379+0000] {logging_mixin.py:149} INFO - [2023-08-01T21:33:39.379+0000] {dag.py:2726} INFO - Sync 1 DAGs
[2023-08-01T21:33:39.415+0000] {logging_mixin.py:149} INFO - [2023-08-01T21:33:39.415+0000] {dag.py:3490} INFO - Setting next_dagrun for example_xcom to 2021-01-01T00:00:00+00:00, run_after=2021-01-01T00:00:00+00:00
[2023-08-01T21:33:39.441+0000] {processor.py:178} INFO - Processing /home/airflow/.local/lib/python3.7/site-packages/airflow/example_dags/example_xcom.py took 0.171 seconds
[2023-08-01T21:34:10.018+0000] {processor.py:156} INFO - Started process (PID=276) to work on /home/airflow/.local/lib/python3.7/site-packages/airflow/example_dags/example_xcom.py
[2023-08-01T21:34:10.019+0000] {processor.py:799} INFO - Processing file /home/airflow/.local/lib/python3.7/site-packages/airflow/example_dags/example_xcom.py for tasks to queue
[2023-08-01T21:34:10.020+0000] {logging_mixin.py:149} INFO - [2023-08-01T21:34:10.019+0000] {dagbag.py:541} INFO - Filling up the DagBag from /home/airflow/.local/lib/python3.7/site-packages/airflow/example_dags/example_xcom.py
[2023-08-01T21:34:10.029+0000] {processor.py:809} INFO - DAG(s) dict_keys(['example_xcom']) retrieved from /home/airflow/.local/lib/python3.7/site-packages/airflow/example_dags/example_xcom.py
[2023-08-01T21:34:10.102+0000] {logging_mixin.py:149} INFO - [2023-08-01T21:34:10.102+0000] {dag.py:2726} INFO - Sync 1 DAGs
[2023-08-01T21:34:10.136+0000] {logging_mixin.py:149} INFO - [2023-08-01T21:34:10.136+0000] {dag.py:3490} INFO - Setting next_dagrun for example_xcom to 2021-01-01T00:00:00+00:00, run_after=2021-01-01T00:00:00+00:00
[2023-08-01T21:34:10.161+0000] {processor.py:178} INFO - Processing /home/airflow/.local/lib/python3.7/site-packages/airflow/example_dags/example_xcom.py took 0.146 seconds
[2023-08-01T21:34:40.588+0000] {processor.py:156} INFO - Started process (PID=333) to work on /home/airflow/.local/lib/python3.7/site-packages/airflow/example_dags/example_xcom.py
[2023-08-01T21:34:40.589+0000] {processor.py:799} INFO - Processing file /home/airflow/.local/lib/python3.7/site-packages/airflow/example_dags/example_xcom.py for tasks to queue
[2023-08-01T21:34:40.590+0000] {logging_mixin.py:149} INFO - [2023-08-01T21:34:40.590+0000] {dagbag.py:541} INFO - Filling up the DagBag from /home/airflow/.local/lib/python3.7/site-packages/airflow/example_dags/example_xcom.py
[2023-08-01T21:34:40.599+0000] {processor.py:809} INFO - DAG(s) dict_keys(['example_xcom']) retrieved from /home/airflow/.local/lib/python3.7/site-packages/airflow/example_dags/example_xcom.py
[2023-08-01T21:34:40.673+0000] {logging_mixin.py:149} INFO - [2023-08-01T21:34:40.673+0000] {dag.py:2726} INFO - Sync 1 DAGs
[2023-08-01T21:34:40.708+0000] {logging_mixin.py:149} INFO - [2023-08-01T21:34:40.708+0000] {dag.py:3490} INFO - Setting next_dagrun for example_xcom to 2021-01-01T00:00:00+00:00, run_after=2021-01-01T00:00:00+00:00
[2023-08-01T21:34:40.732+0000] {processor.py:178} INFO - Processing /home/airflow/.local/lib/python3.7/site-packages/airflow/example_dags/example_xcom.py took 0.147 seconds
[2023-08-01T21:35:11.057+0000] {processor.py:156} INFO - Started process (PID=390) to work on /home/airflow/.local/lib/python3.7/site-packages/airflow/example_dags/example_xcom.py
[2023-08-01T21:35:11.058+0000] {processor.py:799} INFO - Processing file /home/airflow/.local/lib/python3.7/site-packages/airflow/example_dags/example_xcom.py for tasks to queue
[2023-08-01T21:35:11.059+0000] {logging_mixin.py:149} INFO - [2023-08-01T21:35:11.059+0000] {dagbag.py:541} INFO - Filling up the DagBag from /home/airflow/.local/lib/python3.7/site-packages/airflow/example_dags/example_xcom.py
[2023-08-01T21:35:11.068+0000] {processor.py:809} INFO - DAG(s) dict_keys(['example_xcom']) retrieved from /home/airflow/.local/lib/python3.7/site-packages/airflow/example_dags/example_xcom.py
[2023-08-01T21:35:11.145+0000] {logging_mixin.py:149} INFO - [2023-08-01T21:35:11.145+0000] {dag.py:2726} INFO - Sync 1 DAGs
[2023-08-01T21:35:11.194+0000] {logging_mixin.py:149} INFO - [2023-08-01T21:35:11.190+0000] {dag.py:3490} INFO - Setting next_dagrun for example_xcom to 2021-01-01T00:00:00+00:00, run_after=2021-01-01T00:00:00+00:00
[2023-08-01T21:35:11.246+0000] {processor.py:178} INFO - Processing /home/airflow/.local/lib/python3.7/site-packages/airflow/example_dags/example_xcom.py took 0.193 seconds
[2023-08-01T21:35:41.396+0000] {processor.py:156} INFO - Started process (PID=447) to work on /home/airflow/.local/lib/python3.7/site-packages/airflow/example_dags/example_xcom.py
[2023-08-01T21:35:41.397+0000] {processor.py:799} INFO - Processing file /home/airflow/.local/lib/python3.7/site-packages/airflow/example_dags/example_xcom.py for tasks to queue
[2023-08-01T21:35:41.398+0000] {logging_mixin.py:149} INFO - [2023-08-01T21:35:41.398+0000] {dagbag.py:541} INFO - Filling up the DagBag from /home/airflow/.local/lib/python3.7/site-packages/airflow/example_dags/example_xcom.py
[2023-08-01T21:35:41.407+0000] {processor.py:809} INFO - DAG(s) dict_keys(['example_xcom']) retrieved from /home/airflow/.local/lib/python3.7/site-packages/airflow/example_dags/example_xcom.py
[2023-08-01T21:35:41.485+0000] {logging_mixin.py:149} INFO - [2023-08-01T21:35:41.485+0000] {dag.py:2726} INFO - Sync 1 DAGs
[2023-08-01T21:35:41.520+0000] {logging_mixin.py:149} INFO - [2023-08-01T21:35:41.519+0000] {dag.py:3490} INFO - Setting next_dagrun for example_xcom to 2021-01-01T00:00:00+00:00, run_after=2021-01-01T00:00:00+00:00
[2023-08-01T21:35:41.542+0000] {processor.py:178} INFO - Processing /home/airflow/.local/lib/python3.7/site-packages/airflow/example_dags/example_xcom.py took 0.149 seconds
[2023-08-01T21:36:13.682+0000] {processor.py:156} INFO - Started process (PID=504) to work on /home/airflow/.local/lib/python3.7/site-packages/airflow/example_dags/example_xcom.py
[2023-08-01T21:36:13.684+0000] {processor.py:799} INFO - Processing file /home/airflow/.local/lib/python3.7/site-packages/airflow/example_dags/example_xcom.py for tasks to queue
[2023-08-01T21:36:13.685+0000] {logging_mixin.py:149} INFO - [2023-08-01T21:36:13.685+0000] {dagbag.py:541} INFO - Filling up the DagBag from /home/airflow/.local/lib/python3.7/site-packages/airflow/example_dags/example_xcom.py
[2023-08-01T21:36:13.693+0000] {processor.py:809} INFO - DAG(s) dict_keys(['example_xcom']) retrieved from /home/airflow/.local/lib/python3.7/site-packages/airflow/example_dags/example_xcom.py
[2023-08-01T21:36:13.810+0000] {logging_mixin.py:149} INFO - [2023-08-01T21:36:13.810+0000] {dag.py:2726} INFO - Sync 1 DAGs
[2023-08-01T21:36:13.889+0000] {logging_mixin.py:149} INFO - [2023-08-01T21:36:13.889+0000] {dag.py:3490} INFO - Setting next_dagrun for example_xcom to 2021-01-01T00:00:00+00:00, run_after=2021-01-01T00:00:00+00:00
[2023-08-01T21:36:13.956+0000] {processor.py:178} INFO - Processing /home/airflow/.local/lib/python3.7/site-packages/airflow/example_dags/example_xcom.py took 0.276 seconds
[2023-08-01T21:36:44.120+0000] {processor.py:156} INFO - Started process (PID=561) to work on /home/airflow/.local/lib/python3.7/site-packages/airflow/example_dags/example_xcom.py
[2023-08-01T21:36:44.122+0000] {processor.py:799} INFO - Processing file /home/airflow/.local/lib/python3.7/site-packages/airflow/example_dags/example_xcom.py for tasks to queue
[2023-08-01T21:36:44.123+0000] {logging_mixin.py:149} INFO - [2023-08-01T21:36:44.122+0000] {dagbag.py:541} INFO - Filling up the DagBag from /home/airflow/.local/lib/python3.7/site-packages/airflow/example_dags/example_xcom.py
[2023-08-01T21:36:44.131+0000] {processor.py:809} INFO - DAG(s) dict_keys(['example_xcom']) retrieved from /home/airflow/.local/lib/python3.7/site-packages/airflow/example_dags/example_xcom.py
[2023-08-01T21:36:44.211+0000] {logging_mixin.py:149} INFO - [2023-08-01T21:36:44.211+0000] {dag.py:2726} INFO - Sync 1 DAGs
[2023-08-01T21:36:44.246+0000] {logging_mixin.py:149} INFO - [2023-08-01T21:36:44.246+0000] {dag.py:3490} INFO - Setting next_dagrun for example_xcom to 2021-01-01T00:00:00+00:00, run_after=2021-01-01T00:00:00+00:00
[2023-08-01T21:36:44.270+0000] {processor.py:178} INFO - Processing /home/airflow/.local/lib/python3.7/site-packages/airflow/example_dags/example_xcom.py took 0.152 seconds
