[2023-08-01T21:30:30.818+0000] {processor.py:156} INFO - Started process (PID=45) to work on /home/airflow/.local/lib/python3.7/site-packages/airflow/example_dags/example_datasets.py
[2023-08-01T21:30:30.819+0000] {processor.py:799} INFO - Processing file /home/airflow/.local/lib/python3.7/site-packages/airflow/example_dags/example_datasets.py for tasks to queue
[2023-08-01T21:30:30.820+0000] {logging_mixin.py:149} INFO - [2023-08-01T21:30:30.820+0000] {dagbag.py:541} INFO - Filling up the DagBag from /home/airflow/.local/lib/python3.7/site-packages/airflow/example_dags/example_datasets.py
[2023-08-01T21:30:30.831+0000] {processor.py:809} INFO - DAG(s) dict_keys(['dataset_produces_1', 'dataset_consumes_1_and_2', 'dataset_consumes_1_never_scheduled', 'dataset_consumes_unknown_never_scheduled', 'dataset_produces_2', 'dataset_consumes_1']) retrieved from /home/airflow/.local/lib/python3.7/site-packages/airflow/example_dags/example_datasets.py
[2023-08-01T21:30:30.894+0000] {logging_mixin.py:149} INFO - [2023-08-01T21:30:30.894+0000] {dag.py:2726} INFO - Sync 6 DAGs
[2023-08-01T21:30:30.936+0000] {logging_mixin.py:149} INFO - [2023-08-01T21:30:30.936+0000] {dag.py:3490} INFO - Setting next_dagrun for dataset_consumes_1 to None, run_after=None
[2023-08-01T21:30:30.939+0000] {logging_mixin.py:149} INFO - [2023-08-01T21:30:30.939+0000] {dag.py:3490} INFO - Setting next_dagrun for dataset_consumes_1_and_2 to None, run_after=None
[2023-08-01T21:30:30.941+0000] {logging_mixin.py:149} INFO - [2023-08-01T21:30:30.941+0000] {dag.py:3490} INFO - Setting next_dagrun for dataset_consumes_1_never_scheduled to None, run_after=None
[2023-08-01T21:30:30.942+0000] {logging_mixin.py:149} INFO - [2023-08-01T21:30:30.942+0000] {dag.py:3490} INFO - Setting next_dagrun for dataset_consumes_unknown_never_scheduled to None, run_after=None
[2023-08-01T21:30:30.945+0000] {logging_mixin.py:149} INFO - [2023-08-01T21:30:30.945+0000] {dag.py:3490} INFO - Setting next_dagrun for dataset_produces_1 to 2023-07-31T00:00:00+00:00, run_after=2023-08-01T00:00:00+00:00
[2023-08-01T21:30:30.946+0000] {logging_mixin.py:149} INFO - [2023-08-01T21:30:30.946+0000] {dag.py:3490} INFO - Setting next_dagrun for dataset_produces_2 to None, run_after=None
[2023-08-01T21:30:30.984+0000] {processor.py:178} INFO - Processing /home/airflow/.local/lib/python3.7/site-packages/airflow/example_dags/example_datasets.py took 0.169 seconds
[2023-08-01T21:31:01.634+0000] {processor.py:156} INFO - Started process (PID=102) to work on /home/airflow/.local/lib/python3.7/site-packages/airflow/example_dags/example_datasets.py
[2023-08-01T21:31:01.635+0000] {processor.py:799} INFO - Processing file /home/airflow/.local/lib/python3.7/site-packages/airflow/example_dags/example_datasets.py for tasks to queue
[2023-08-01T21:31:01.636+0000] {logging_mixin.py:149} INFO - [2023-08-01T21:31:01.636+0000] {dagbag.py:541} INFO - Filling up the DagBag from /home/airflow/.local/lib/python3.7/site-packages/airflow/example_dags/example_datasets.py
[2023-08-01T21:31:01.647+0000] {processor.py:809} INFO - DAG(s) dict_keys(['dataset_produces_2', 'dataset_consumes_unknown_never_scheduled', 'dataset_produces_1', 'dataset_consumes_1_and_2', 'dataset_consumes_1_never_scheduled', 'dataset_consumes_1']) retrieved from /home/airflow/.local/lib/python3.7/site-packages/airflow/example_dags/example_datasets.py
[2023-08-01T21:31:01.777+0000] {logging_mixin.py:149} INFO - [2023-08-01T21:31:01.777+0000] {dag.py:2726} INFO - Sync 6 DAGs
[2023-08-01T21:31:01.814+0000] {logging_mixin.py:149} INFO - [2023-08-01T21:31:01.814+0000] {dag.py:3490} INFO - Setting next_dagrun for dataset_consumes_1 to None, run_after=None
[2023-08-01T21:31:01.817+0000] {logging_mixin.py:149} INFO - [2023-08-01T21:31:01.817+0000] {dag.py:3490} INFO - Setting next_dagrun for dataset_consumes_1_and_2 to None, run_after=None
[2023-08-01T21:31:01.818+0000] {logging_mixin.py:149} INFO - [2023-08-01T21:31:01.818+0000] {dag.py:3490} INFO - Setting next_dagrun for dataset_consumes_1_never_scheduled to None, run_after=None
[2023-08-01T21:31:01.820+0000] {logging_mixin.py:149} INFO - [2023-08-01T21:31:01.819+0000] {dag.py:3490} INFO - Setting next_dagrun for dataset_consumes_unknown_never_scheduled to None, run_after=None
[2023-08-01T21:31:01.823+0000] {logging_mixin.py:149} INFO - [2023-08-01T21:31:01.823+0000] {dag.py:3490} INFO - Setting next_dagrun for dataset_produces_1 to 2023-07-31T00:00:00+00:00, run_after=2023-08-01T00:00:00+00:00
[2023-08-01T21:31:01.824+0000] {logging_mixin.py:149} INFO - [2023-08-01T21:31:01.824+0000] {dag.py:3490} INFO - Setting next_dagrun for dataset_produces_2 to None, run_after=None
[2023-08-01T21:31:01.861+0000] {processor.py:178} INFO - Processing /home/airflow/.local/lib/python3.7/site-packages/airflow/example_dags/example_datasets.py took 0.231 seconds
[2023-08-01T21:32:04.531+0000] {processor.py:156} INFO - Started process (PID=44) to work on /home/airflow/.local/lib/python3.7/site-packages/airflow/example_dags/example_datasets.py
[2023-08-01T21:32:04.543+0000] {processor.py:799} INFO - Processing file /home/airflow/.local/lib/python3.7/site-packages/airflow/example_dags/example_datasets.py for tasks to queue
[2023-08-01T21:32:04.579+0000] {logging_mixin.py:149} INFO - [2023-08-01T21:32:04.577+0000] {dagbag.py:541} INFO - Filling up the DagBag from /home/airflow/.local/lib/python3.7/site-packages/airflow/example_dags/example_datasets.py
[2023-08-01T21:32:04.625+0000] {processor.py:809} INFO - DAG(s) dict_keys(['dataset_produces_2', 'dataset_consumes_1', 'dataset_consumes_unknown_never_scheduled', 'dataset_produces_1', 'dataset_consumes_1_never_scheduled', 'dataset_consumes_1_and_2']) retrieved from /home/airflow/.local/lib/python3.7/site-packages/airflow/example_dags/example_datasets.py
[2023-08-01T21:32:04.801+0000] {logging_mixin.py:149} INFO - [2023-08-01T21:32:04.801+0000] {dag.py:2726} INFO - Sync 6 DAGs
[2023-08-01T21:32:05.338+0000] {logging_mixin.py:149} INFO - [2023-08-01T21:32:05.337+0000] {dag.py:3490} INFO - Setting next_dagrun for dataset_consumes_1 to None, run_after=None
[2023-08-01T21:32:05.425+0000] {logging_mixin.py:149} INFO - [2023-08-01T21:32:05.425+0000] {dag.py:3490} INFO - Setting next_dagrun for dataset_consumes_1_and_2 to None, run_after=None
[2023-08-01T21:32:05.458+0000] {logging_mixin.py:149} INFO - [2023-08-01T21:32:05.458+0000] {dag.py:3490} INFO - Setting next_dagrun for dataset_consumes_1_never_scheduled to None, run_after=None
[2023-08-01T21:32:05.477+0000] {logging_mixin.py:149} INFO - [2023-08-01T21:32:05.477+0000] {dag.py:3490} INFO - Setting next_dagrun for dataset_consumes_unknown_never_scheduled to None, run_after=None
[2023-08-01T21:32:05.531+0000] {logging_mixin.py:149} INFO - [2023-08-01T21:32:05.530+0000] {dag.py:3490} INFO - Setting next_dagrun for dataset_produces_1 to 2023-07-31T00:00:00+00:00, run_after=2023-08-01T00:00:00+00:00
[2023-08-01T21:32:05.538+0000] {logging_mixin.py:149} INFO - [2023-08-01T21:32:05.538+0000] {dag.py:3490} INFO - Setting next_dagrun for dataset_produces_2 to None, run_after=None
[2023-08-01T21:32:05.640+0000] {processor.py:178} INFO - Processing /home/airflow/.local/lib/python3.7/site-packages/airflow/example_dags/example_datasets.py took 1.128 seconds
[2023-08-01T21:32:36.132+0000] {processor.py:156} INFO - Started process (PID=101) to work on /home/airflow/.local/lib/python3.7/site-packages/airflow/example_dags/example_datasets.py
[2023-08-01T21:32:36.140+0000] {processor.py:799} INFO - Processing file /home/airflow/.local/lib/python3.7/site-packages/airflow/example_dags/example_datasets.py for tasks to queue
[2023-08-01T21:32:36.146+0000] {logging_mixin.py:149} INFO - [2023-08-01T21:32:36.145+0000] {dagbag.py:541} INFO - Filling up the DagBag from /home/airflow/.local/lib/python3.7/site-packages/airflow/example_dags/example_datasets.py
[2023-08-01T21:32:36.192+0000] {processor.py:809} INFO - DAG(s) dict_keys(['dataset_consumes_1_and_2', 'dataset_consumes_unknown_never_scheduled', 'dataset_produces_2', 'dataset_produces_1', 'dataset_consumes_1_never_scheduled', 'dataset_consumes_1']) retrieved from /home/airflow/.local/lib/python3.7/site-packages/airflow/example_dags/example_datasets.py
[2023-08-01T21:32:36.421+0000] {logging_mixin.py:149} INFO - [2023-08-01T21:32:36.420+0000] {dag.py:2726} INFO - Sync 6 DAGs
[2023-08-01T21:32:36.459+0000] {logging_mixin.py:149} INFO - [2023-08-01T21:32:36.459+0000] {dag.py:3490} INFO - Setting next_dagrun for dataset_consumes_1 to None, run_after=None
[2023-08-01T21:32:36.464+0000] {logging_mixin.py:149} INFO - [2023-08-01T21:32:36.464+0000] {dag.py:3490} INFO - Setting next_dagrun for dataset_consumes_1_and_2 to None, run_after=None
[2023-08-01T21:32:36.466+0000] {logging_mixin.py:149} INFO - [2023-08-01T21:32:36.466+0000] {dag.py:3490} INFO - Setting next_dagrun for dataset_consumes_1_never_scheduled to None, run_after=None
[2023-08-01T21:32:36.467+0000] {logging_mixin.py:149} INFO - [2023-08-01T21:32:36.467+0000] {dag.py:3490} INFO - Setting next_dagrun for dataset_consumes_unknown_never_scheduled to None, run_after=None
[2023-08-01T21:32:36.471+0000] {logging_mixin.py:149} INFO - [2023-08-01T21:32:36.471+0000] {dag.py:3490} INFO - Setting next_dagrun for dataset_produces_1 to 2023-07-31T00:00:00+00:00, run_after=2023-08-01T00:00:00+00:00
[2023-08-01T21:32:36.472+0000] {logging_mixin.py:149} INFO - [2023-08-01T21:32:36.472+0000] {dag.py:3490} INFO - Setting next_dagrun for dataset_produces_2 to None, run_after=None
[2023-08-01T21:32:36.668+0000] {processor.py:178} INFO - Processing /home/airflow/.local/lib/python3.7/site-packages/airflow/example_dags/example_datasets.py took 0.569 seconds
[2023-08-01T21:33:07.137+0000] {processor.py:156} INFO - Started process (PID=158) to work on /home/airflow/.local/lib/python3.7/site-packages/airflow/example_dags/example_datasets.py
[2023-08-01T21:33:07.140+0000] {processor.py:799} INFO - Processing file /home/airflow/.local/lib/python3.7/site-packages/airflow/example_dags/example_datasets.py for tasks to queue
[2023-08-01T21:33:07.142+0000] {logging_mixin.py:149} INFO - [2023-08-01T21:33:07.141+0000] {dagbag.py:541} INFO - Filling up the DagBag from /home/airflow/.local/lib/python3.7/site-packages/airflow/example_dags/example_datasets.py
[2023-08-01T21:33:07.160+0000] {processor.py:809} INFO - DAG(s) dict_keys(['dataset_consumes_1_and_2', 'dataset_produces_1', 'dataset_consumes_1_never_scheduled', 'dataset_consumes_unknown_never_scheduled', 'dataset_consumes_1', 'dataset_produces_2']) retrieved from /home/airflow/.local/lib/python3.7/site-packages/airflow/example_dags/example_datasets.py
[2023-08-01T21:33:07.259+0000] {logging_mixin.py:149} INFO - [2023-08-01T21:33:07.259+0000] {dag.py:2726} INFO - Sync 6 DAGs
[2023-08-01T21:33:07.398+0000] {logging_mixin.py:149} INFO - [2023-08-01T21:33:07.398+0000] {dag.py:3490} INFO - Setting next_dagrun for dataset_consumes_1 to None, run_after=None
[2023-08-01T21:33:07.402+0000] {logging_mixin.py:149} INFO - [2023-08-01T21:33:07.402+0000] {dag.py:3490} INFO - Setting next_dagrun for dataset_consumes_1_and_2 to None, run_after=None
[2023-08-01T21:33:07.404+0000] {logging_mixin.py:149} INFO - [2023-08-01T21:33:07.404+0000] {dag.py:3490} INFO - Setting next_dagrun for dataset_consumes_1_never_scheduled to None, run_after=None
[2023-08-01T21:33:07.405+0000] {logging_mixin.py:149} INFO - [2023-08-01T21:33:07.405+0000] {dag.py:3490} INFO - Setting next_dagrun for dataset_consumes_unknown_never_scheduled to None, run_after=None
[2023-08-01T21:33:07.408+0000] {logging_mixin.py:149} INFO - [2023-08-01T21:33:07.408+0000] {dag.py:3490} INFO - Setting next_dagrun for dataset_produces_1 to 2023-07-31T00:00:00+00:00, run_after=2023-08-01T00:00:00+00:00
[2023-08-01T21:33:07.410+0000] {logging_mixin.py:149} INFO - [2023-08-01T21:33:07.410+0000] {dag.py:3490} INFO - Setting next_dagrun for dataset_produces_2 to None, run_after=None
[2023-08-01T21:33:07.446+0000] {processor.py:178} INFO - Processing /home/airflow/.local/lib/python3.7/site-packages/airflow/example_dags/example_datasets.py took 0.313 seconds
[2023-08-01T21:33:38.590+0000] {processor.py:156} INFO - Started process (PID=215) to work on /home/airflow/.local/lib/python3.7/site-packages/airflow/example_dags/example_datasets.py
[2023-08-01T21:33:38.597+0000] {processor.py:799} INFO - Processing file /home/airflow/.local/lib/python3.7/site-packages/airflow/example_dags/example_datasets.py for tasks to queue
[2023-08-01T21:33:38.603+0000] {logging_mixin.py:149} INFO - [2023-08-01T21:33:38.602+0000] {dagbag.py:541} INFO - Filling up the DagBag from /home/airflow/.local/lib/python3.7/site-packages/airflow/example_dags/example_datasets.py
[2023-08-01T21:33:38.654+0000] {processor.py:809} INFO - DAG(s) dict_keys(['dataset_consumes_1', 'dataset_consumes_unknown_never_scheduled', 'dataset_consumes_1_never_scheduled', 'dataset_consumes_1_and_2', 'dataset_produces_1', 'dataset_produces_2']) retrieved from /home/airflow/.local/lib/python3.7/site-packages/airflow/example_dags/example_datasets.py
[2023-08-01T21:33:38.855+0000] {logging_mixin.py:149} INFO - [2023-08-01T21:33:38.855+0000] {dag.py:2726} INFO - Sync 6 DAGs
[2023-08-01T21:33:38.915+0000] {logging_mixin.py:149} INFO - [2023-08-01T21:33:38.915+0000] {dag.py:3490} INFO - Setting next_dagrun for dataset_consumes_1 to None, run_after=None
[2023-08-01T21:33:38.923+0000] {logging_mixin.py:149} INFO - [2023-08-01T21:33:38.923+0000] {dag.py:3490} INFO - Setting next_dagrun for dataset_consumes_1_and_2 to None, run_after=None
[2023-08-01T21:33:38.926+0000] {logging_mixin.py:149} INFO - [2023-08-01T21:33:38.926+0000] {dag.py:3490} INFO - Setting next_dagrun for dataset_consumes_1_never_scheduled to None, run_after=None
[2023-08-01T21:33:38.929+0000] {logging_mixin.py:149} INFO - [2023-08-01T21:33:38.929+0000] {dag.py:3490} INFO - Setting next_dagrun for dataset_consumes_unknown_never_scheduled to None, run_after=None
[2023-08-01T21:33:38.935+0000] {logging_mixin.py:149} INFO - [2023-08-01T21:33:38.934+0000] {dag.py:3490} INFO - Setting next_dagrun for dataset_produces_1 to 2023-07-31T00:00:00+00:00, run_after=2023-08-01T00:00:00+00:00
[2023-08-01T21:33:38.937+0000] {logging_mixin.py:149} INFO - [2023-08-01T21:33:38.937+0000] {dag.py:3490} INFO - Setting next_dagrun for dataset_produces_2 to None, run_after=None
[2023-08-01T21:33:38.986+0000] {processor.py:178} INFO - Processing /home/airflow/.local/lib/python3.7/site-packages/airflow/example_dags/example_datasets.py took 0.407 seconds
[2023-08-01T21:34:09.627+0000] {processor.py:156} INFO - Started process (PID=272) to work on /home/airflow/.local/lib/python3.7/site-packages/airflow/example_dags/example_datasets.py
[2023-08-01T21:34:09.628+0000] {processor.py:799} INFO - Processing file /home/airflow/.local/lib/python3.7/site-packages/airflow/example_dags/example_datasets.py for tasks to queue
[2023-08-01T21:34:09.629+0000] {logging_mixin.py:149} INFO - [2023-08-01T21:34:09.629+0000] {dagbag.py:541} INFO - Filling up the DagBag from /home/airflow/.local/lib/python3.7/site-packages/airflow/example_dags/example_datasets.py
[2023-08-01T21:34:09.643+0000] {processor.py:809} INFO - DAG(s) dict_keys(['dataset_consumes_unknown_never_scheduled', 'dataset_produces_2', 'dataset_consumes_1_never_scheduled', 'dataset_consumes_1', 'dataset_produces_1', 'dataset_consumes_1_and_2']) retrieved from /home/airflow/.local/lib/python3.7/site-packages/airflow/example_dags/example_datasets.py
[2023-08-01T21:34:09.727+0000] {logging_mixin.py:149} INFO - [2023-08-01T21:34:09.727+0000] {dag.py:2726} INFO - Sync 6 DAGs
[2023-08-01T21:34:09.765+0000] {logging_mixin.py:149} INFO - [2023-08-01T21:34:09.765+0000] {dag.py:3490} INFO - Setting next_dagrun for dataset_consumes_1 to None, run_after=None
[2023-08-01T21:34:09.769+0000] {logging_mixin.py:149} INFO - [2023-08-01T21:34:09.768+0000] {dag.py:3490} INFO - Setting next_dagrun for dataset_consumes_1_and_2 to None, run_after=None
[2023-08-01T21:34:09.770+0000] {logging_mixin.py:149} INFO - [2023-08-01T21:34:09.770+0000] {dag.py:3490} INFO - Setting next_dagrun for dataset_consumes_1_never_scheduled to None, run_after=None
[2023-08-01T21:34:09.771+0000] {logging_mixin.py:149} INFO - [2023-08-01T21:34:09.771+0000] {dag.py:3490} INFO - Setting next_dagrun for dataset_consumes_unknown_never_scheduled to None, run_after=None
[2023-08-01T21:34:09.774+0000] {logging_mixin.py:149} INFO - [2023-08-01T21:34:09.774+0000] {dag.py:3490} INFO - Setting next_dagrun for dataset_produces_1 to 2023-07-31T00:00:00+00:00, run_after=2023-08-01T00:00:00+00:00
[2023-08-01T21:34:09.775+0000] {logging_mixin.py:149} INFO - [2023-08-01T21:34:09.775+0000] {dag.py:3490} INFO - Setting next_dagrun for dataset_produces_2 to None, run_after=None
[2023-08-01T21:34:09.811+0000] {processor.py:178} INFO - Processing /home/airflow/.local/lib/python3.7/site-packages/airflow/example_dags/example_datasets.py took 0.188 seconds
[2023-08-01T21:34:40.193+0000] {processor.py:156} INFO - Started process (PID=329) to work on /home/airflow/.local/lib/python3.7/site-packages/airflow/example_dags/example_datasets.py
[2023-08-01T21:34:40.195+0000] {processor.py:799} INFO - Processing file /home/airflow/.local/lib/python3.7/site-packages/airflow/example_dags/example_datasets.py for tasks to queue
[2023-08-01T21:34:40.196+0000] {logging_mixin.py:149} INFO - [2023-08-01T21:34:40.196+0000] {dagbag.py:541} INFO - Filling up the DagBag from /home/airflow/.local/lib/python3.7/site-packages/airflow/example_dags/example_datasets.py
[2023-08-01T21:34:40.212+0000] {processor.py:809} INFO - DAG(s) dict_keys(['dataset_consumes_1_and_2', 'dataset_produces_1', 'dataset_produces_2', 'dataset_consumes_1_never_scheduled', 'dataset_consumes_1', 'dataset_consumes_unknown_never_scheduled']) retrieved from /home/airflow/.local/lib/python3.7/site-packages/airflow/example_dags/example_datasets.py
[2023-08-01T21:34:40.304+0000] {logging_mixin.py:149} INFO - [2023-08-01T21:34:40.304+0000] {dag.py:2726} INFO - Sync 6 DAGs
[2023-08-01T21:34:40.363+0000] {logging_mixin.py:149} INFO - [2023-08-01T21:34:40.363+0000] {dag.py:3490} INFO - Setting next_dagrun for dataset_consumes_1 to None, run_after=None
[2023-08-01T21:34:40.367+0000] {logging_mixin.py:149} INFO - [2023-08-01T21:34:40.367+0000] {dag.py:3490} INFO - Setting next_dagrun for dataset_consumes_1_and_2 to None, run_after=None
[2023-08-01T21:34:40.368+0000] {logging_mixin.py:149} INFO - [2023-08-01T21:34:40.368+0000] {dag.py:3490} INFO - Setting next_dagrun for dataset_consumes_1_never_scheduled to None, run_after=None
[2023-08-01T21:34:40.369+0000] {logging_mixin.py:149} INFO - [2023-08-01T21:34:40.369+0000] {dag.py:3490} INFO - Setting next_dagrun for dataset_consumes_unknown_never_scheduled to None, run_after=None
[2023-08-01T21:34:40.373+0000] {logging_mixin.py:149} INFO - [2023-08-01T21:34:40.372+0000] {dag.py:3490} INFO - Setting next_dagrun for dataset_produces_1 to 2023-07-31T00:00:00+00:00, run_after=2023-08-01T00:00:00+00:00
[2023-08-01T21:34:40.374+0000] {logging_mixin.py:149} INFO - [2023-08-01T21:34:40.374+0000] {dag.py:3490} INFO - Setting next_dagrun for dataset_produces_2 to None, run_after=None
[2023-08-01T21:34:40.410+0000] {processor.py:178} INFO - Processing /home/airflow/.local/lib/python3.7/site-packages/airflow/example_dags/example_datasets.py took 0.222 seconds
[2023-08-01T21:35:10.639+0000] {processor.py:156} INFO - Started process (PID=386) to work on /home/airflow/.local/lib/python3.7/site-packages/airflow/example_dags/example_datasets.py
[2023-08-01T21:35:10.640+0000] {processor.py:799} INFO - Processing file /home/airflow/.local/lib/python3.7/site-packages/airflow/example_dags/example_datasets.py for tasks to queue
[2023-08-01T21:35:10.642+0000] {logging_mixin.py:149} INFO - [2023-08-01T21:35:10.641+0000] {dagbag.py:541} INFO - Filling up the DagBag from /home/airflow/.local/lib/python3.7/site-packages/airflow/example_dags/example_datasets.py
[2023-08-01T21:35:10.653+0000] {processor.py:809} INFO - DAG(s) dict_keys(['dataset_consumes_1_never_scheduled', 'dataset_consumes_1_and_2', 'dataset_produces_2', 'dataset_produces_1', 'dataset_consumes_unknown_never_scheduled', 'dataset_consumes_1']) retrieved from /home/airflow/.local/lib/python3.7/site-packages/airflow/example_dags/example_datasets.py
[2023-08-01T21:35:10.743+0000] {logging_mixin.py:149} INFO - [2023-08-01T21:35:10.743+0000] {dag.py:2726} INFO - Sync 6 DAGs
[2023-08-01T21:35:10.790+0000] {logging_mixin.py:149} INFO - [2023-08-01T21:35:10.790+0000] {dag.py:3490} INFO - Setting next_dagrun for dataset_consumes_1 to None, run_after=None
[2023-08-01T21:35:10.795+0000] {logging_mixin.py:149} INFO - [2023-08-01T21:35:10.795+0000] {dag.py:3490} INFO - Setting next_dagrun for dataset_consumes_1_and_2 to None, run_after=None
[2023-08-01T21:35:10.797+0000] {logging_mixin.py:149} INFO - [2023-08-01T21:35:10.797+0000] {dag.py:3490} INFO - Setting next_dagrun for dataset_consumes_1_never_scheduled to None, run_after=None
[2023-08-01T21:35:10.798+0000] {logging_mixin.py:149} INFO - [2023-08-01T21:35:10.798+0000] {dag.py:3490} INFO - Setting next_dagrun for dataset_consumes_unknown_never_scheduled to None, run_after=None
[2023-08-01T21:35:10.802+0000] {logging_mixin.py:149} INFO - [2023-08-01T21:35:10.801+0000] {dag.py:3490} INFO - Setting next_dagrun for dataset_produces_1 to 2023-07-31T00:00:00+00:00, run_after=2023-08-01T00:00:00+00:00
[2023-08-01T21:35:10.803+0000] {logging_mixin.py:149} INFO - [2023-08-01T21:35:10.803+0000] {dag.py:3490} INFO - Setting next_dagrun for dataset_produces_2 to None, run_after=None
[2023-08-01T21:35:10.840+0000] {processor.py:178} INFO - Processing /home/airflow/.local/lib/python3.7/site-packages/airflow/example_dags/example_datasets.py took 0.203 seconds
[2023-08-01T21:35:40.958+0000] {processor.py:156} INFO - Started process (PID=443) to work on /home/airflow/.local/lib/python3.7/site-packages/airflow/example_dags/example_datasets.py
[2023-08-01T21:35:40.960+0000] {processor.py:799} INFO - Processing file /home/airflow/.local/lib/python3.7/site-packages/airflow/example_dags/example_datasets.py for tasks to queue
[2023-08-01T21:35:40.961+0000] {logging_mixin.py:149} INFO - [2023-08-01T21:35:40.961+0000] {dagbag.py:541} INFO - Filling up the DagBag from /home/airflow/.local/lib/python3.7/site-packages/airflow/example_dags/example_datasets.py
[2023-08-01T21:35:40.972+0000] {processor.py:809} INFO - DAG(s) dict_keys(['dataset_consumes_1_and_2', 'dataset_consumes_1_never_scheduled', 'dataset_produces_2', 'dataset_consumes_unknown_never_scheduled', 'dataset_produces_1', 'dataset_consumes_1']) retrieved from /home/airflow/.local/lib/python3.7/site-packages/airflow/example_dags/example_datasets.py
[2023-08-01T21:35:41.062+0000] {logging_mixin.py:149} INFO - [2023-08-01T21:35:41.062+0000] {dag.py:2726} INFO - Sync 6 DAGs
[2023-08-01T21:35:41.104+0000] {logging_mixin.py:149} INFO - [2023-08-01T21:35:41.104+0000] {dag.py:3490} INFO - Setting next_dagrun for dataset_consumes_1 to None, run_after=None
[2023-08-01T21:35:41.108+0000] {logging_mixin.py:149} INFO - [2023-08-01T21:35:41.108+0000] {dag.py:3490} INFO - Setting next_dagrun for dataset_consumes_1_and_2 to None, run_after=None
[2023-08-01T21:35:41.110+0000] {logging_mixin.py:149} INFO - [2023-08-01T21:35:41.110+0000] {dag.py:3490} INFO - Setting next_dagrun for dataset_consumes_1_never_scheduled to None, run_after=None
[2023-08-01T21:35:41.112+0000] {logging_mixin.py:149} INFO - [2023-08-01T21:35:41.111+0000] {dag.py:3490} INFO - Setting next_dagrun for dataset_consumes_unknown_never_scheduled to None, run_after=None
[2023-08-01T21:35:41.115+0000] {logging_mixin.py:149} INFO - [2023-08-01T21:35:41.115+0000] {dag.py:3490} INFO - Setting next_dagrun for dataset_produces_1 to 2023-07-31T00:00:00+00:00, run_after=2023-08-01T00:00:00+00:00
[2023-08-01T21:35:41.116+0000] {logging_mixin.py:149} INFO - [2023-08-01T21:35:41.116+0000] {dag.py:3490} INFO - Setting next_dagrun for dataset_produces_2 to None, run_after=None
[2023-08-01T21:35:41.151+0000] {processor.py:178} INFO - Processing /home/airflow/.local/lib/python3.7/site-packages/airflow/example_dags/example_datasets.py took 0.196 seconds
[2023-08-01T21:36:13.140+0000] {processor.py:156} INFO - Started process (PID=500) to work on /home/airflow/.local/lib/python3.7/site-packages/airflow/example_dags/example_datasets.py
[2023-08-01T21:36:13.142+0000] {processor.py:799} INFO - Processing file /home/airflow/.local/lib/python3.7/site-packages/airflow/example_dags/example_datasets.py for tasks to queue
[2023-08-01T21:36:13.145+0000] {logging_mixin.py:149} INFO - [2023-08-01T21:36:13.145+0000] {dagbag.py:541} INFO - Filling up the DagBag from /home/airflow/.local/lib/python3.7/site-packages/airflow/example_dags/example_datasets.py
[2023-08-01T21:36:13.164+0000] {processor.py:809} INFO - DAG(s) dict_keys(['dataset_consumes_1_and_2', 'dataset_produces_1', 'dataset_consumes_unknown_never_scheduled', 'dataset_consumes_1_never_scheduled', 'dataset_produces_2', 'dataset_consumes_1']) retrieved from /home/airflow/.local/lib/python3.7/site-packages/airflow/example_dags/example_datasets.py
[2023-08-01T21:36:13.328+0000] {logging_mixin.py:149} INFO - [2023-08-01T21:36:13.328+0000] {dag.py:2726} INFO - Sync 6 DAGs
[2023-08-01T21:36:13.395+0000] {logging_mixin.py:149} INFO - [2023-08-01T21:36:13.395+0000] {dag.py:3490} INFO - Setting next_dagrun for dataset_consumes_1 to None, run_after=None
[2023-08-01T21:36:13.401+0000] {logging_mixin.py:149} INFO - [2023-08-01T21:36:13.400+0000] {dag.py:3490} INFO - Setting next_dagrun for dataset_consumes_1_and_2 to None, run_after=None
[2023-08-01T21:36:13.404+0000] {logging_mixin.py:149} INFO - [2023-08-01T21:36:13.404+0000] {dag.py:3490} INFO - Setting next_dagrun for dataset_consumes_1_never_scheduled to None, run_after=None
[2023-08-01T21:36:13.406+0000] {logging_mixin.py:149} INFO - [2023-08-01T21:36:13.406+0000] {dag.py:3490} INFO - Setting next_dagrun for dataset_consumes_unknown_never_scheduled to None, run_after=None
[2023-08-01T21:36:13.410+0000] {logging_mixin.py:149} INFO - [2023-08-01T21:36:13.410+0000] {dag.py:3490} INFO - Setting next_dagrun for dataset_produces_1 to 2023-07-31T00:00:00+00:00, run_after=2023-08-01T00:00:00+00:00
[2023-08-01T21:36:13.411+0000] {logging_mixin.py:149} INFO - [2023-08-01T21:36:13.411+0000] {dag.py:3490} INFO - Setting next_dagrun for dataset_produces_2 to None, run_after=None
[2023-08-01T21:36:13.454+0000] {processor.py:178} INFO - Processing /home/airflow/.local/lib/python3.7/site-packages/airflow/example_dags/example_datasets.py took 0.321 seconds
[2023-08-01T21:36:43.710+0000] {processor.py:156} INFO - Started process (PID=557) to work on /home/airflow/.local/lib/python3.7/site-packages/airflow/example_dags/example_datasets.py
[2023-08-01T21:36:43.712+0000] {processor.py:799} INFO - Processing file /home/airflow/.local/lib/python3.7/site-packages/airflow/example_dags/example_datasets.py for tasks to queue
[2023-08-01T21:36:43.713+0000] {logging_mixin.py:149} INFO - [2023-08-01T21:36:43.712+0000] {dagbag.py:541} INFO - Filling up the DagBag from /home/airflow/.local/lib/python3.7/site-packages/airflow/example_dags/example_datasets.py
[2023-08-01T21:36:43.723+0000] {processor.py:809} INFO - DAG(s) dict_keys(['dataset_produces_1', 'dataset_produces_2', 'dataset_consumes_1_never_scheduled', 'dataset_consumes_1', 'dataset_consumes_1_and_2', 'dataset_consumes_unknown_never_scheduled']) retrieved from /home/airflow/.local/lib/python3.7/site-packages/airflow/example_dags/example_datasets.py
[2023-08-01T21:36:43.808+0000] {logging_mixin.py:149} INFO - [2023-08-01T21:36:43.807+0000] {dag.py:2726} INFO - Sync 6 DAGs
[2023-08-01T21:36:43.848+0000] {logging_mixin.py:149} INFO - [2023-08-01T21:36:43.848+0000] {dag.py:3490} INFO - Setting next_dagrun for dataset_consumes_1 to None, run_after=None
[2023-08-01T21:36:43.853+0000] {logging_mixin.py:149} INFO - [2023-08-01T21:36:43.853+0000] {dag.py:3490} INFO - Setting next_dagrun for dataset_consumes_1_and_2 to None, run_after=None
[2023-08-01T21:36:43.854+0000] {logging_mixin.py:149} INFO - [2023-08-01T21:36:43.854+0000] {dag.py:3490} INFO - Setting next_dagrun for dataset_consumes_1_never_scheduled to None, run_after=None
[2023-08-01T21:36:43.856+0000] {logging_mixin.py:149} INFO - [2023-08-01T21:36:43.856+0000] {dag.py:3490} INFO - Setting next_dagrun for dataset_consumes_unknown_never_scheduled to None, run_after=None
[2023-08-01T21:36:43.859+0000] {logging_mixin.py:149} INFO - [2023-08-01T21:36:43.858+0000] {dag.py:3490} INFO - Setting next_dagrun for dataset_produces_1 to 2023-07-31T00:00:00+00:00, run_after=2023-08-01T00:00:00+00:00
[2023-08-01T21:36:43.860+0000] {logging_mixin.py:149} INFO - [2023-08-01T21:36:43.860+0000] {dag.py:3490} INFO - Setting next_dagrun for dataset_produces_2 to None, run_after=None
[2023-08-01T21:36:43.901+0000] {processor.py:178} INFO - Processing /home/airflow/.local/lib/python3.7/site-packages/airflow/example_dags/example_datasets.py took 0.194 seconds
