[2023-08-01T21:30:30.481+0000] {processor.py:156} INFO - Started process (PID=41) to work on /home/airflow/.local/lib/python3.7/site-packages/airflow/example_dags/example_xcomargs.py
[2023-08-01T21:30:30.482+0000] {processor.py:799} INFO - Processing file /home/airflow/.local/lib/python3.7/site-packages/airflow/example_dags/example_xcomargs.py for tasks to queue
[2023-08-01T21:30:30.484+0000] {logging_mixin.py:149} INFO - [2023-08-01T21:30:30.484+0000] {dagbag.py:541} INFO - Filling up the DagBag from /home/airflow/.local/lib/python3.7/site-packages/airflow/example_dags/example_xcomargs.py
[2023-08-01T21:30:30.495+0000] {processor.py:809} INFO - DAG(s) dict_keys(['example_xcom_args_with_operators', 'example_xcom_args']) retrieved from /home/airflow/.local/lib/python3.7/site-packages/airflow/example_dags/example_xcomargs.py
[2023-08-01T21:30:30.557+0000] {logging_mixin.py:149} INFO - [2023-08-01T21:30:30.557+0000] {dag.py:2726} INFO - Sync 2 DAGs
[2023-08-01T21:30:30.598+0000] {logging_mixin.py:149} INFO - [2023-08-01T21:30:30.598+0000] {dag.py:3490} INFO - Setting next_dagrun for example_xcom_args to None, run_after=None
[2023-08-01T21:30:30.602+0000] {logging_mixin.py:149} INFO - [2023-08-01T21:30:30.602+0000] {dag.py:3490} INFO - Setting next_dagrun for example_xcom_args_with_operators to None, run_after=None
[2023-08-01T21:30:30.621+0000] {processor.py:178} INFO - Processing /home/airflow/.local/lib/python3.7/site-packages/airflow/example_dags/example_xcomargs.py took 0.145 seconds
[2023-08-01T21:31:01.291+0000] {processor.py:156} INFO - Started process (PID=98) to work on /home/airflow/.local/lib/python3.7/site-packages/airflow/example_dags/example_xcomargs.py
[2023-08-01T21:31:01.292+0000] {processor.py:799} INFO - Processing file /home/airflow/.local/lib/python3.7/site-packages/airflow/example_dags/example_xcomargs.py for tasks to queue
[2023-08-01T21:31:01.293+0000] {logging_mixin.py:149} INFO - [2023-08-01T21:31:01.293+0000] {dagbag.py:541} INFO - Filling up the DagBag from /home/airflow/.local/lib/python3.7/site-packages/airflow/example_dags/example_xcomargs.py
[2023-08-01T21:31:01.301+0000] {processor.py:809} INFO - DAG(s) dict_keys(['example_xcom_args', 'example_xcom_args_with_operators']) retrieved from /home/airflow/.local/lib/python3.7/site-packages/airflow/example_dags/example_xcomargs.py
[2023-08-01T21:31:01.379+0000] {logging_mixin.py:149} INFO - [2023-08-01T21:31:01.379+0000] {dag.py:2726} INFO - Sync 2 DAGs
[2023-08-01T21:31:01.420+0000] {logging_mixin.py:149} INFO - [2023-08-01T21:31:01.419+0000] {dag.py:3490} INFO - Setting next_dagrun for example_xcom_args to None, run_after=None
[2023-08-01T21:31:01.423+0000] {logging_mixin.py:149} INFO - [2023-08-01T21:31:01.423+0000] {dag.py:3490} INFO - Setting next_dagrun for example_xcom_args_with_operators to None, run_after=None
[2023-08-01T21:31:01.442+0000] {processor.py:178} INFO - Processing /home/airflow/.local/lib/python3.7/site-packages/airflow/example_dags/example_xcomargs.py took 0.155 seconds
[2023-08-01T21:32:03.651+0000] {processor.py:156} INFO - Started process (PID=40) to work on /home/airflow/.local/lib/python3.7/site-packages/airflow/example_dags/example_xcomargs.py
[2023-08-01T21:32:03.665+0000] {processor.py:799} INFO - Processing file /home/airflow/.local/lib/python3.7/site-packages/airflow/example_dags/example_xcomargs.py for tasks to queue
[2023-08-01T21:32:03.666+0000] {logging_mixin.py:149} INFO - [2023-08-01T21:32:03.666+0000] {dagbag.py:541} INFO - Filling up the DagBag from /home/airflow/.local/lib/python3.7/site-packages/airflow/example_dags/example_xcomargs.py
[2023-08-01T21:32:03.692+0000] {processor.py:809} INFO - DAG(s) dict_keys(['example_xcom_args', 'example_xcom_args_with_operators']) retrieved from /home/airflow/.local/lib/python3.7/site-packages/airflow/example_dags/example_xcomargs.py
[2023-08-01T21:32:03.817+0000] {logging_mixin.py:149} INFO - [2023-08-01T21:32:03.816+0000] {dag.py:2726} INFO - Sync 2 DAGs
[2023-08-01T21:32:03.912+0000] {logging_mixin.py:149} INFO - [2023-08-01T21:32:03.911+0000] {dag.py:3490} INFO - Setting next_dagrun for example_xcom_args to None, run_after=None
[2023-08-01T21:32:03.924+0000] {logging_mixin.py:149} INFO - [2023-08-01T21:32:03.924+0000] {dag.py:3490} INFO - Setting next_dagrun for example_xcom_args_with_operators to None, run_after=None
[2023-08-01T21:32:03.987+0000] {processor.py:178} INFO - Processing /home/airflow/.local/lib/python3.7/site-packages/airflow/example_dags/example_xcomargs.py took 0.342 seconds
[2023-08-01T21:32:35.200+0000] {processor.py:156} INFO - Started process (PID=97) to work on /home/airflow/.local/lib/python3.7/site-packages/airflow/example_dags/example_xcomargs.py
[2023-08-01T21:32:35.202+0000] {processor.py:799} INFO - Processing file /home/airflow/.local/lib/python3.7/site-packages/airflow/example_dags/example_xcomargs.py for tasks to queue
[2023-08-01T21:32:35.203+0000] {logging_mixin.py:149} INFO - [2023-08-01T21:32:35.203+0000] {dagbag.py:541} INFO - Filling up the DagBag from /home/airflow/.local/lib/python3.7/site-packages/airflow/example_dags/example_xcomargs.py
[2023-08-01T21:32:35.215+0000] {processor.py:809} INFO - DAG(s) dict_keys(['example_xcom_args_with_operators', 'example_xcom_args']) retrieved from /home/airflow/.local/lib/python3.7/site-packages/airflow/example_dags/example_xcomargs.py
[2023-08-01T21:32:35.305+0000] {logging_mixin.py:149} INFO - [2023-08-01T21:32:35.305+0000] {dag.py:2726} INFO - Sync 2 DAGs
[2023-08-01T21:32:35.345+0000] {logging_mixin.py:149} INFO - [2023-08-01T21:32:35.345+0000] {dag.py:3490} INFO - Setting next_dagrun for example_xcom_args to None, run_after=None
[2023-08-01T21:32:35.351+0000] {logging_mixin.py:149} INFO - [2023-08-01T21:32:35.350+0000] {dag.py:3490} INFO - Setting next_dagrun for example_xcom_args_with_operators to None, run_after=None
[2023-08-01T21:32:35.385+0000] {processor.py:178} INFO - Processing /home/airflow/.local/lib/python3.7/site-packages/airflow/example_dags/example_xcomargs.py took 0.189 seconds
[2023-08-01T21:33:05.543+0000] {processor.py:156} INFO - Started process (PID=154) to work on /home/airflow/.local/lib/python3.7/site-packages/airflow/example_dags/example_xcomargs.py
[2023-08-01T21:33:05.545+0000] {processor.py:799} INFO - Processing file /home/airflow/.local/lib/python3.7/site-packages/airflow/example_dags/example_xcomargs.py for tasks to queue
[2023-08-01T21:33:05.546+0000] {logging_mixin.py:149} INFO - [2023-08-01T21:33:05.546+0000] {dagbag.py:541} INFO - Filling up the DagBag from /home/airflow/.local/lib/python3.7/site-packages/airflow/example_dags/example_xcomargs.py
[2023-08-01T21:33:05.555+0000] {processor.py:809} INFO - DAG(s) dict_keys(['example_xcom_args_with_operators', 'example_xcom_args']) retrieved from /home/airflow/.local/lib/python3.7/site-packages/airflow/example_dags/example_xcomargs.py
[2023-08-01T21:33:05.636+0000] {logging_mixin.py:149} INFO - [2023-08-01T21:33:05.636+0000] {dag.py:2726} INFO - Sync 2 DAGs
[2023-08-01T21:33:05.764+0000] {logging_mixin.py:149} INFO - [2023-08-01T21:33:05.764+0000] {dag.py:3490} INFO - Setting next_dagrun for example_xcom_args to None, run_after=None
[2023-08-01T21:33:05.768+0000] {logging_mixin.py:149} INFO - [2023-08-01T21:33:05.768+0000] {dag.py:3490} INFO - Setting next_dagrun for example_xcom_args_with_operators to None, run_after=None
[2023-08-01T21:33:05.787+0000] {processor.py:178} INFO - Processing /home/airflow/.local/lib/python3.7/site-packages/airflow/example_dags/example_xcomargs.py took 0.248 seconds
[2023-08-01T21:33:36.838+0000] {processor.py:156} INFO - Started process (PID=211) to work on /home/airflow/.local/lib/python3.7/site-packages/airflow/example_dags/example_xcomargs.py
[2023-08-01T21:33:36.840+0000] {processor.py:799} INFO - Processing file /home/airflow/.local/lib/python3.7/site-packages/airflow/example_dags/example_xcomargs.py for tasks to queue
[2023-08-01T21:33:36.841+0000] {logging_mixin.py:149} INFO - [2023-08-01T21:33:36.841+0000] {dagbag.py:541} INFO - Filling up the DagBag from /home/airflow/.local/lib/python3.7/site-packages/airflow/example_dags/example_xcomargs.py
[2023-08-01T21:33:36.855+0000] {processor.py:809} INFO - DAG(s) dict_keys(['example_xcom_args', 'example_xcom_args_with_operators']) retrieved from /home/airflow/.local/lib/python3.7/site-packages/airflow/example_dags/example_xcomargs.py
[2023-08-01T21:33:36.946+0000] {logging_mixin.py:149} INFO - [2023-08-01T21:33:36.946+0000] {dag.py:2726} INFO - Sync 2 DAGs
[2023-08-01T21:33:36.998+0000] {logging_mixin.py:149} INFO - [2023-08-01T21:33:36.998+0000] {dag.py:3490} INFO - Setting next_dagrun for example_xcom_args to None, run_after=None
[2023-08-01T21:33:37.008+0000] {logging_mixin.py:149} INFO - [2023-08-01T21:33:37.008+0000] {dag.py:3490} INFO - Setting next_dagrun for example_xcom_args_with_operators to None, run_after=None
[2023-08-01T21:33:37.042+0000] {processor.py:178} INFO - Processing /home/airflow/.local/lib/python3.7/site-packages/airflow/example_dags/example_xcomargs.py took 0.208 seconds
[2023-08-01T21:34:07.326+0000] {processor.py:156} INFO - Started process (PID=268) to work on /home/airflow/.local/lib/python3.7/site-packages/airflow/example_dags/example_xcomargs.py
[2023-08-01T21:34:07.327+0000] {processor.py:799} INFO - Processing file /home/airflow/.local/lib/python3.7/site-packages/airflow/example_dags/example_xcomargs.py for tasks to queue
[2023-08-01T21:34:07.328+0000] {logging_mixin.py:149} INFO - [2023-08-01T21:34:07.328+0000] {dagbag.py:541} INFO - Filling up the DagBag from /home/airflow/.local/lib/python3.7/site-packages/airflow/example_dags/example_xcomargs.py
[2023-08-01T21:34:07.337+0000] {processor.py:809} INFO - DAG(s) dict_keys(['example_xcom_args', 'example_xcom_args_with_operators']) retrieved from /home/airflow/.local/lib/python3.7/site-packages/airflow/example_dags/example_xcomargs.py
[2023-08-01T21:34:07.413+0000] {logging_mixin.py:149} INFO - [2023-08-01T21:34:07.413+0000] {dag.py:2726} INFO - Sync 2 DAGs
[2023-08-01T21:34:07.450+0000] {logging_mixin.py:149} INFO - [2023-08-01T21:34:07.450+0000] {dag.py:3490} INFO - Setting next_dagrun for example_xcom_args to None, run_after=None
[2023-08-01T21:34:07.453+0000] {logging_mixin.py:149} INFO - [2023-08-01T21:34:07.453+0000] {dag.py:3490} INFO - Setting next_dagrun for example_xcom_args_with_operators to None, run_after=None
[2023-08-01T21:34:07.473+0000] {processor.py:178} INFO - Processing /home/airflow/.local/lib/python3.7/site-packages/airflow/example_dags/example_xcomargs.py took 0.150 seconds
[2023-08-01T21:34:37.629+0000] {processor.py:156} INFO - Started process (PID=325) to work on /home/airflow/.local/lib/python3.7/site-packages/airflow/example_dags/example_xcomargs.py
[2023-08-01T21:34:37.630+0000] {processor.py:799} INFO - Processing file /home/airflow/.local/lib/python3.7/site-packages/airflow/example_dags/example_xcomargs.py for tasks to queue
[2023-08-01T21:34:37.631+0000] {logging_mixin.py:149} INFO - [2023-08-01T21:34:37.631+0000] {dagbag.py:541} INFO - Filling up the DagBag from /home/airflow/.local/lib/python3.7/site-packages/airflow/example_dags/example_xcomargs.py
[2023-08-01T21:34:37.640+0000] {processor.py:809} INFO - DAG(s) dict_keys(['example_xcom_args', 'example_xcom_args_with_operators']) retrieved from /home/airflow/.local/lib/python3.7/site-packages/airflow/example_dags/example_xcomargs.py
[2023-08-01T21:34:37.718+0000] {logging_mixin.py:149} INFO - [2023-08-01T21:34:37.718+0000] {dag.py:2726} INFO - Sync 2 DAGs
[2023-08-01T21:34:37.756+0000] {logging_mixin.py:149} INFO - [2023-08-01T21:34:37.756+0000] {dag.py:3490} INFO - Setting next_dagrun for example_xcom_args to None, run_after=None
[2023-08-01T21:34:37.760+0000] {logging_mixin.py:149} INFO - [2023-08-01T21:34:37.760+0000] {dag.py:3490} INFO - Setting next_dagrun for example_xcom_args_with_operators to None, run_after=None
[2023-08-01T21:34:37.780+0000] {processor.py:178} INFO - Processing /home/airflow/.local/lib/python3.7/site-packages/airflow/example_dags/example_xcomargs.py took 0.154 seconds
[2023-08-01T21:35:08.197+0000] {processor.py:156} INFO - Started process (PID=382) to work on /home/airflow/.local/lib/python3.7/site-packages/airflow/example_dags/example_xcomargs.py
[2023-08-01T21:35:08.198+0000] {processor.py:799} INFO - Processing file /home/airflow/.local/lib/python3.7/site-packages/airflow/example_dags/example_xcomargs.py for tasks to queue
[2023-08-01T21:35:08.199+0000] {logging_mixin.py:149} INFO - [2023-08-01T21:35:08.199+0000] {dagbag.py:541} INFO - Filling up the DagBag from /home/airflow/.local/lib/python3.7/site-packages/airflow/example_dags/example_xcomargs.py
[2023-08-01T21:35:08.208+0000] {processor.py:809} INFO - DAG(s) dict_keys(['example_xcom_args', 'example_xcom_args_with_operators']) retrieved from /home/airflow/.local/lib/python3.7/site-packages/airflow/example_dags/example_xcomargs.py
[2023-08-01T21:35:08.282+0000] {logging_mixin.py:149} INFO - [2023-08-01T21:35:08.282+0000] {dag.py:2726} INFO - Sync 2 DAGs
[2023-08-01T21:35:08.319+0000] {logging_mixin.py:149} INFO - [2023-08-01T21:35:08.319+0000] {dag.py:3490} INFO - Setting next_dagrun for example_xcom_args to None, run_after=None
[2023-08-01T21:35:08.322+0000] {logging_mixin.py:149} INFO - [2023-08-01T21:35:08.322+0000] {dag.py:3490} INFO - Setting next_dagrun for example_xcom_args_with_operators to None, run_after=None
[2023-08-01T21:35:08.341+0000] {processor.py:178} INFO - Processing /home/airflow/.local/lib/python3.7/site-packages/airflow/example_dags/example_xcomargs.py took 0.147 seconds
[2023-08-01T21:35:38.672+0000] {processor.py:156} INFO - Started process (PID=439) to work on /home/airflow/.local/lib/python3.7/site-packages/airflow/example_dags/example_xcomargs.py
[2023-08-01T21:35:38.674+0000] {processor.py:799} INFO - Processing file /home/airflow/.local/lib/python3.7/site-packages/airflow/example_dags/example_xcomargs.py for tasks to queue
[2023-08-01T21:35:38.675+0000] {logging_mixin.py:149} INFO - [2023-08-01T21:35:38.675+0000] {dagbag.py:541} INFO - Filling up the DagBag from /home/airflow/.local/lib/python3.7/site-packages/airflow/example_dags/example_xcomargs.py
[2023-08-01T21:35:38.685+0000] {processor.py:809} INFO - DAG(s) dict_keys(['example_xcom_args', 'example_xcom_args_with_operators']) retrieved from /home/airflow/.local/lib/python3.7/site-packages/airflow/example_dags/example_xcomargs.py
[2023-08-01T21:35:38.764+0000] {logging_mixin.py:149} INFO - [2023-08-01T21:35:38.764+0000] {dag.py:2726} INFO - Sync 2 DAGs
[2023-08-01T21:35:38.804+0000] {logging_mixin.py:149} INFO - [2023-08-01T21:35:38.804+0000] {dag.py:3490} INFO - Setting next_dagrun for example_xcom_args to None, run_after=None
[2023-08-01T21:35:38.807+0000] {logging_mixin.py:149} INFO - [2023-08-01T21:35:38.807+0000] {dag.py:3490} INFO - Setting next_dagrun for example_xcom_args_with_operators to None, run_after=None
[2023-08-01T21:35:38.828+0000] {processor.py:178} INFO - Processing /home/airflow/.local/lib/python3.7/site-packages/airflow/example_dags/example_xcomargs.py took 0.160 seconds
[2023-08-01T21:36:09.959+0000] {processor.py:156} INFO - Started process (PID=496) to work on /home/airflow/.local/lib/python3.7/site-packages/airflow/example_dags/example_xcomargs.py
[2023-08-01T21:36:09.961+0000] {processor.py:799} INFO - Processing file /home/airflow/.local/lib/python3.7/site-packages/airflow/example_dags/example_xcomargs.py for tasks to queue
[2023-08-01T21:36:09.963+0000] {logging_mixin.py:149} INFO - [2023-08-01T21:36:09.962+0000] {dagbag.py:541} INFO - Filling up the DagBag from /home/airflow/.local/lib/python3.7/site-packages/airflow/example_dags/example_xcomargs.py
[2023-08-01T21:36:09.976+0000] {processor.py:809} INFO - DAG(s) dict_keys(['example_xcom_args', 'example_xcom_args_with_operators']) retrieved from /home/airflow/.local/lib/python3.7/site-packages/airflow/example_dags/example_xcomargs.py
[2023-08-01T21:36:10.085+0000] {logging_mixin.py:149} INFO - [2023-08-01T21:36:10.085+0000] {dag.py:2726} INFO - Sync 2 DAGs
[2023-08-01T21:36:10.125+0000] {logging_mixin.py:149} INFO - [2023-08-01T21:36:10.125+0000] {dag.py:3490} INFO - Setting next_dagrun for example_xcom_args to None, run_after=None
[2023-08-01T21:36:10.129+0000] {logging_mixin.py:149} INFO - [2023-08-01T21:36:10.129+0000] {dag.py:3490} INFO - Setting next_dagrun for example_xcom_args_with_operators to None, run_after=None
[2023-08-01T21:36:10.152+0000] {processor.py:178} INFO - Processing /home/airflow/.local/lib/python3.7/site-packages/airflow/example_dags/example_xcomargs.py took 0.199 seconds
[2023-08-01T21:36:40.342+0000] {processor.py:156} INFO - Started process (PID=553) to work on /home/airflow/.local/lib/python3.7/site-packages/airflow/example_dags/example_xcomargs.py
[2023-08-01T21:36:40.344+0000] {processor.py:799} INFO - Processing file /home/airflow/.local/lib/python3.7/site-packages/airflow/example_dags/example_xcomargs.py for tasks to queue
[2023-08-01T21:36:40.345+0000] {logging_mixin.py:149} INFO - [2023-08-01T21:36:40.344+0000] {dagbag.py:541} INFO - Filling up the DagBag from /home/airflow/.local/lib/python3.7/site-packages/airflow/example_dags/example_xcomargs.py
[2023-08-01T21:36:40.353+0000] {processor.py:809} INFO - DAG(s) dict_keys(['example_xcom_args_with_operators', 'example_xcom_args']) retrieved from /home/airflow/.local/lib/python3.7/site-packages/airflow/example_dags/example_xcomargs.py
[2023-08-01T21:36:40.434+0000] {logging_mixin.py:149} INFO - [2023-08-01T21:36:40.434+0000] {dag.py:2726} INFO - Sync 2 DAGs
[2023-08-01T21:36:40.482+0000] {logging_mixin.py:149} INFO - [2023-08-01T21:36:40.482+0000] {dag.py:3490} INFO - Setting next_dagrun for example_xcom_args to None, run_after=None
[2023-08-01T21:36:40.486+0000] {logging_mixin.py:149} INFO - [2023-08-01T21:36:40.486+0000] {dag.py:3490} INFO - Setting next_dagrun for example_xcom_args_with_operators to None, run_after=None
[2023-08-01T21:36:40.507+0000] {processor.py:178} INFO - Processing /home/airflow/.local/lib/python3.7/site-packages/airflow/example_dags/example_xcomargs.py took 0.168 seconds
