[2023-08-01T21:30:29.405+0000] {processor.py:156} INFO - Started process (PID=32) to work on /home/airflow/.local/lib/python3.7/site-packages/airflow/example_dags/example_branch_operator_decorator.py
[2023-08-01T21:30:29.407+0000] {processor.py:799} INFO - Processing file /home/airflow/.local/lib/python3.7/site-packages/airflow/example_dags/example_branch_operator_decorator.py for tasks to queue
[2023-08-01T21:30:29.408+0000] {logging_mixin.py:149} INFO - [2023-08-01T21:30:29.408+0000] {dagbag.py:541} INFO - Filling up the DagBag from /home/airflow/.local/lib/python3.7/site-packages/airflow/example_dags/example_branch_operator_decorator.py
[2023-08-01T21:30:29.459+0000] {processor.py:809} INFO - DAG(s) dict_keys(['example_branch_python_operator_decorator']) retrieved from /home/airflow/.local/lib/python3.7/site-packages/airflow/example_dags/example_branch_operator_decorator.py
[2023-08-01T21:30:29.684+0000] {logging_mixin.py:149} INFO - [2023-08-01T21:30:29.684+0000] {dag.py:2726} INFO - Sync 1 DAGs
[2023-08-01T21:30:29.729+0000] {logging_mixin.py:149} INFO - [2023-08-01T21:30:29.729+0000] {dag.py:3490} INFO - Setting next_dagrun for example_branch_python_operator_decorator to 2023-07-31T00:00:00+00:00, run_after=2023-08-01T00:00:00+00:00
[2023-08-01T21:30:29.757+0000] {processor.py:178} INFO - Processing /home/airflow/.local/lib/python3.7/site-packages/airflow/example_dags/example_branch_operator_decorator.py took 0.357 seconds
[2023-08-01T21:31:00.381+0000] {processor.py:156} INFO - Started process (PID=89) to work on /home/airflow/.local/lib/python3.7/site-packages/airflow/example_dags/example_branch_operator_decorator.py
[2023-08-01T21:31:00.384+0000] {processor.py:799} INFO - Processing file /home/airflow/.local/lib/python3.7/site-packages/airflow/example_dags/example_branch_operator_decorator.py for tasks to queue
[2023-08-01T21:31:00.385+0000] {logging_mixin.py:149} INFO - [2023-08-01T21:31:00.385+0000] {dagbag.py:541} INFO - Filling up the DagBag from /home/airflow/.local/lib/python3.7/site-packages/airflow/example_dags/example_branch_operator_decorator.py
[2023-08-01T21:31:00.419+0000] {processor.py:809} INFO - DAG(s) dict_keys(['example_branch_python_operator_decorator']) retrieved from /home/airflow/.local/lib/python3.7/site-packages/airflow/example_dags/example_branch_operator_decorator.py
[2023-08-01T21:31:00.516+0000] {logging_mixin.py:149} INFO - [2023-08-01T21:31:00.515+0000] {dag.py:2726} INFO - Sync 1 DAGs
[2023-08-01T21:31:00.573+0000] {logging_mixin.py:149} INFO - [2023-08-01T21:31:00.573+0000] {dag.py:3490} INFO - Setting next_dagrun for example_branch_python_operator_decorator to 2023-07-31T00:00:00+00:00, run_after=2023-08-01T00:00:00+00:00
[2023-08-01T21:31:00.599+0000] {processor.py:178} INFO - Processing /home/airflow/.local/lib/python3.7/site-packages/airflow/example_dags/example_branch_operator_decorator.py took 0.224 seconds
[2023-08-01T21:32:01.925+0000] {processor.py:156} INFO - Started process (PID=31) to work on /home/airflow/.local/lib/python3.7/site-packages/airflow/example_dags/example_branch_operator_decorator.py
[2023-08-01T21:32:01.928+0000] {processor.py:799} INFO - Processing file /home/airflow/.local/lib/python3.7/site-packages/airflow/example_dags/example_branch_operator_decorator.py for tasks to queue
[2023-08-01T21:32:01.936+0000] {logging_mixin.py:149} INFO - [2023-08-01T21:32:01.936+0000] {dagbag.py:541} INFO - Filling up the DagBag from /home/airflow/.local/lib/python3.7/site-packages/airflow/example_dags/example_branch_operator_decorator.py
[2023-08-01T21:32:01.961+0000] {processor.py:809} INFO - DAG(s) dict_keys(['example_branch_python_operator_decorator']) retrieved from /home/airflow/.local/lib/python3.7/site-packages/airflow/example_dags/example_branch_operator_decorator.py
[2023-08-01T21:32:02.087+0000] {logging_mixin.py:149} INFO - [2023-08-01T21:32:02.086+0000] {dag.py:2726} INFO - Sync 1 DAGs
[2023-08-01T21:32:02.137+0000] {logging_mixin.py:149} INFO - [2023-08-01T21:32:02.136+0000] {dag.py:3490} INFO - Setting next_dagrun for example_branch_python_operator_decorator to 2023-07-31T00:00:00+00:00, run_after=2023-08-01T00:00:00+00:00
[2023-08-01T21:32:02.203+0000] {processor.py:178} INFO - Processing /home/airflow/.local/lib/python3.7/site-packages/airflow/example_dags/example_branch_operator_decorator.py took 0.282 seconds
[2023-08-01T21:32:32.672+0000] {processor.py:156} INFO - Started process (PID=88) to work on /home/airflow/.local/lib/python3.7/site-packages/airflow/example_dags/example_branch_operator_decorator.py
[2023-08-01T21:32:32.677+0000] {processor.py:799} INFO - Processing file /home/airflow/.local/lib/python3.7/site-packages/airflow/example_dags/example_branch_operator_decorator.py for tasks to queue
[2023-08-01T21:32:32.680+0000] {logging_mixin.py:149} INFO - [2023-08-01T21:32:32.680+0000] {dagbag.py:541} INFO - Filling up the DagBag from /home/airflow/.local/lib/python3.7/site-packages/airflow/example_dags/example_branch_operator_decorator.py
[2023-08-01T21:32:32.847+0000] {processor.py:809} INFO - DAG(s) dict_keys(['example_branch_python_operator_decorator']) retrieved from /home/airflow/.local/lib/python3.7/site-packages/airflow/example_dags/example_branch_operator_decorator.py
[2023-08-01T21:32:32.964+0000] {logging_mixin.py:149} INFO - [2023-08-01T21:32:32.964+0000] {dag.py:2726} INFO - Sync 1 DAGs
[2023-08-01T21:32:33.011+0000] {logging_mixin.py:149} INFO - [2023-08-01T21:32:33.011+0000] {dag.py:3490} INFO - Setting next_dagrun for example_branch_python_operator_decorator to 2023-07-31T00:00:00+00:00, run_after=2023-08-01T00:00:00+00:00
[2023-08-01T21:32:33.045+0000] {processor.py:178} INFO - Processing /home/airflow/.local/lib/python3.7/site-packages/airflow/example_dags/example_branch_operator_decorator.py took 0.393 seconds
[2023-08-01T21:33:03.181+0000] {processor.py:156} INFO - Started process (PID=145) to work on /home/airflow/.local/lib/python3.7/site-packages/airflow/example_dags/example_branch_operator_decorator.py
[2023-08-01T21:33:03.183+0000] {processor.py:799} INFO - Processing file /home/airflow/.local/lib/python3.7/site-packages/airflow/example_dags/example_branch_operator_decorator.py for tasks to queue
[2023-08-01T21:33:03.185+0000] {logging_mixin.py:149} INFO - [2023-08-01T21:33:03.185+0000] {dagbag.py:541} INFO - Filling up the DagBag from /home/airflow/.local/lib/python3.7/site-packages/airflow/example_dags/example_branch_operator_decorator.py
[2023-08-01T21:33:03.206+0000] {processor.py:809} INFO - DAG(s) dict_keys(['example_branch_python_operator_decorator']) retrieved from /home/airflow/.local/lib/python3.7/site-packages/airflow/example_dags/example_branch_operator_decorator.py
[2023-08-01T21:33:03.302+0000] {logging_mixin.py:149} INFO - [2023-08-01T21:33:03.302+0000] {dag.py:2726} INFO - Sync 1 DAGs
[2023-08-01T21:33:03.494+0000] {logging_mixin.py:149} INFO - [2023-08-01T21:33:03.494+0000] {dag.py:3490} INFO - Setting next_dagrun for example_branch_python_operator_decorator to 2023-07-31T00:00:00+00:00, run_after=2023-08-01T00:00:00+00:00
[2023-08-01T21:33:03.517+0000] {processor.py:178} INFO - Processing /home/airflow/.local/lib/python3.7/site-packages/airflow/example_dags/example_branch_operator_decorator.py took 0.343 seconds
[2023-08-01T21:33:34.666+0000] {processor.py:156} INFO - Started process (PID=202) to work on /home/airflow/.local/lib/python3.7/site-packages/airflow/example_dags/example_branch_operator_decorator.py
[2023-08-01T21:33:34.701+0000] {processor.py:799} INFO - Processing file /home/airflow/.local/lib/python3.7/site-packages/airflow/example_dags/example_branch_operator_decorator.py for tasks to queue
[2023-08-01T21:33:34.711+0000] {logging_mixin.py:149} INFO - [2023-08-01T21:33:34.710+0000] {dagbag.py:541} INFO - Filling up the DagBag from /home/airflow/.local/lib/python3.7/site-packages/airflow/example_dags/example_branch_operator_decorator.py
[2023-08-01T21:33:35.087+0000] {processor.py:809} INFO - DAG(s) dict_keys(['example_branch_python_operator_decorator']) retrieved from /home/airflow/.local/lib/python3.7/site-packages/airflow/example_dags/example_branch_operator_decorator.py
[2023-08-01T21:33:35.388+0000] {logging_mixin.py:149} INFO - [2023-08-01T21:33:35.388+0000] {dag.py:2726} INFO - Sync 1 DAGs
[2023-08-01T21:33:35.494+0000] {logging_mixin.py:149} INFO - [2023-08-01T21:33:35.494+0000] {dag.py:3490} INFO - Setting next_dagrun for example_branch_python_operator_decorator to 2023-07-31T00:00:00+00:00, run_after=2023-08-01T00:00:00+00:00
[2023-08-01T21:33:35.532+0000] {processor.py:178} INFO - Processing /home/airflow/.local/lib/python3.7/site-packages/airflow/example_dags/example_branch_operator_decorator.py took 0.949 seconds
[2023-08-01T21:34:05.961+0000] {processor.py:156} INFO - Started process (PID=259) to work on /home/airflow/.local/lib/python3.7/site-packages/airflow/example_dags/example_branch_operator_decorator.py
[2023-08-01T21:34:05.963+0000] {processor.py:799} INFO - Processing file /home/airflow/.local/lib/python3.7/site-packages/airflow/example_dags/example_branch_operator_decorator.py for tasks to queue
[2023-08-01T21:34:05.964+0000] {logging_mixin.py:149} INFO - [2023-08-01T21:34:05.964+0000] {dagbag.py:541} INFO - Filling up the DagBag from /home/airflow/.local/lib/python3.7/site-packages/airflow/example_dags/example_branch_operator_decorator.py
[2023-08-01T21:34:06.007+0000] {processor.py:809} INFO - DAG(s) dict_keys(['example_branch_python_operator_decorator']) retrieved from /home/airflow/.local/lib/python3.7/site-packages/airflow/example_dags/example_branch_operator_decorator.py
[2023-08-01T21:34:06.111+0000] {logging_mixin.py:149} INFO - [2023-08-01T21:34:06.111+0000] {dag.py:2726} INFO - Sync 1 DAGs
[2023-08-01T21:34:06.175+0000] {logging_mixin.py:149} INFO - [2023-08-01T21:34:06.174+0000] {dag.py:3490} INFO - Setting next_dagrun for example_branch_python_operator_decorator to 2023-07-31T00:00:00+00:00, run_after=2023-08-01T00:00:00+00:00
[2023-08-01T21:34:06.208+0000] {processor.py:178} INFO - Processing /home/airflow/.local/lib/python3.7/site-packages/airflow/example_dags/example_branch_operator_decorator.py took 0.255 seconds
[2023-08-01T21:34:36.661+0000] {processor.py:156} INFO - Started process (PID=316) to work on /home/airflow/.local/lib/python3.7/site-packages/airflow/example_dags/example_branch_operator_decorator.py
[2023-08-01T21:34:36.664+0000] {processor.py:799} INFO - Processing file /home/airflow/.local/lib/python3.7/site-packages/airflow/example_dags/example_branch_operator_decorator.py for tasks to queue
[2023-08-01T21:34:36.665+0000] {logging_mixin.py:149} INFO - [2023-08-01T21:34:36.665+0000] {dagbag.py:541} INFO - Filling up the DagBag from /home/airflow/.local/lib/python3.7/site-packages/airflow/example_dags/example_branch_operator_decorator.py
[2023-08-01T21:34:36.707+0000] {processor.py:809} INFO - DAG(s) dict_keys(['example_branch_python_operator_decorator']) retrieved from /home/airflow/.local/lib/python3.7/site-packages/airflow/example_dags/example_branch_operator_decorator.py
[2023-08-01T21:34:36.822+0000] {logging_mixin.py:149} INFO - [2023-08-01T21:34:36.821+0000] {dag.py:2726} INFO - Sync 1 DAGs
[2023-08-01T21:34:36.870+0000] {logging_mixin.py:149} INFO - [2023-08-01T21:34:36.870+0000] {dag.py:3490} INFO - Setting next_dagrun for example_branch_python_operator_decorator to 2023-07-31T00:00:00+00:00, run_after=2023-08-01T00:00:00+00:00
[2023-08-01T21:34:36.904+0000] {processor.py:178} INFO - Processing /home/airflow/.local/lib/python3.7/site-packages/airflow/example_dags/example_branch_operator_decorator.py took 0.251 seconds
[2023-08-01T21:35:07.223+0000] {processor.py:156} INFO - Started process (PID=373) to work on /home/airflow/.local/lib/python3.7/site-packages/airflow/example_dags/example_branch_operator_decorator.py
[2023-08-01T21:35:07.225+0000] {processor.py:799} INFO - Processing file /home/airflow/.local/lib/python3.7/site-packages/airflow/example_dags/example_branch_operator_decorator.py for tasks to queue
[2023-08-01T21:35:07.227+0000] {logging_mixin.py:149} INFO - [2023-08-01T21:35:07.226+0000] {dagbag.py:541} INFO - Filling up the DagBag from /home/airflow/.local/lib/python3.7/site-packages/airflow/example_dags/example_branch_operator_decorator.py
[2023-08-01T21:35:07.248+0000] {processor.py:809} INFO - DAG(s) dict_keys(['example_branch_python_operator_decorator']) retrieved from /home/airflow/.local/lib/python3.7/site-packages/airflow/example_dags/example_branch_operator_decorator.py
[2023-08-01T21:35:07.325+0000] {logging_mixin.py:149} INFO - [2023-08-01T21:35:07.324+0000] {dag.py:2726} INFO - Sync 1 DAGs
[2023-08-01T21:35:07.365+0000] {logging_mixin.py:149} INFO - [2023-08-01T21:35:07.364+0000] {dag.py:3490} INFO - Setting next_dagrun for example_branch_python_operator_decorator to 2023-07-31T00:00:00+00:00, run_after=2023-08-01T00:00:00+00:00
[2023-08-01T21:35:07.386+0000] {processor.py:178} INFO - Processing /home/airflow/.local/lib/python3.7/site-packages/airflow/example_dags/example_branch_operator_decorator.py took 0.169 seconds
[2023-08-01T21:35:37.475+0000] {processor.py:156} INFO - Started process (PID=430) to work on /home/airflow/.local/lib/python3.7/site-packages/airflow/example_dags/example_branch_operator_decorator.py
[2023-08-01T21:35:37.477+0000] {processor.py:799} INFO - Processing file /home/airflow/.local/lib/python3.7/site-packages/airflow/example_dags/example_branch_operator_decorator.py for tasks to queue
[2023-08-01T21:35:37.479+0000] {logging_mixin.py:149} INFO - [2023-08-01T21:35:37.478+0000] {dagbag.py:541} INFO - Filling up the DagBag from /home/airflow/.local/lib/python3.7/site-packages/airflow/example_dags/example_branch_operator_decorator.py
[2023-08-01T21:35:37.500+0000] {processor.py:809} INFO - DAG(s) dict_keys(['example_branch_python_operator_decorator']) retrieved from /home/airflow/.local/lib/python3.7/site-packages/airflow/example_dags/example_branch_operator_decorator.py
[2023-08-01T21:35:37.580+0000] {logging_mixin.py:149} INFO - [2023-08-01T21:35:37.580+0000] {dag.py:2726} INFO - Sync 1 DAGs
[2023-08-01T21:35:37.631+0000] {logging_mixin.py:149} INFO - [2023-08-01T21:35:37.631+0000] {dag.py:3490} INFO - Setting next_dagrun for example_branch_python_operator_decorator to 2023-07-31T00:00:00+00:00, run_after=2023-08-01T00:00:00+00:00
[2023-08-01T21:35:37.655+0000] {processor.py:178} INFO - Processing /home/airflow/.local/lib/python3.7/site-packages/airflow/example_dags/example_branch_operator_decorator.py took 0.186 seconds
[2023-08-01T21:36:08.592+0000] {processor.py:156} INFO - Started process (PID=487) to work on /home/airflow/.local/lib/python3.7/site-packages/airflow/example_dags/example_branch_operator_decorator.py
[2023-08-01T21:36:08.596+0000] {processor.py:799} INFO - Processing file /home/airflow/.local/lib/python3.7/site-packages/airflow/example_dags/example_branch_operator_decorator.py for tasks to queue
[2023-08-01T21:36:08.600+0000] {logging_mixin.py:149} INFO - [2023-08-01T21:36:08.599+0000] {dagbag.py:541} INFO - Filling up the DagBag from /home/airflow/.local/lib/python3.7/site-packages/airflow/example_dags/example_branch_operator_decorator.py
[2023-08-01T21:36:08.629+0000] {processor.py:809} INFO - DAG(s) dict_keys(['example_branch_python_operator_decorator']) retrieved from /home/airflow/.local/lib/python3.7/site-packages/airflow/example_dags/example_branch_operator_decorator.py
[2023-08-01T21:36:08.789+0000] {logging_mixin.py:149} INFO - [2023-08-01T21:36:08.789+0000] {dag.py:2726} INFO - Sync 1 DAGs
[2023-08-01T21:36:08.846+0000] {logging_mixin.py:149} INFO - [2023-08-01T21:36:08.845+0000] {dag.py:3490} INFO - Setting next_dagrun for example_branch_python_operator_decorator to 2023-07-31T00:00:00+00:00, run_after=2023-08-01T00:00:00+00:00
[2023-08-01T21:36:08.876+0000] {processor.py:178} INFO - Processing /home/airflow/.local/lib/python3.7/site-packages/airflow/example_dags/example_branch_operator_decorator.py took 0.306 seconds
[2023-08-01T21:36:39.458+0000] {processor.py:156} INFO - Started process (PID=544) to work on /home/airflow/.local/lib/python3.7/site-packages/airflow/example_dags/example_branch_operator_decorator.py
[2023-08-01T21:36:39.460+0000] {processor.py:799} INFO - Processing file /home/airflow/.local/lib/python3.7/site-packages/airflow/example_dags/example_branch_operator_decorator.py for tasks to queue
[2023-08-01T21:36:39.461+0000] {logging_mixin.py:149} INFO - [2023-08-01T21:36:39.461+0000] {dagbag.py:541} INFO - Filling up the DagBag from /home/airflow/.local/lib/python3.7/site-packages/airflow/example_dags/example_branch_operator_decorator.py
[2023-08-01T21:36:39.483+0000] {processor.py:809} INFO - DAG(s) dict_keys(['example_branch_python_operator_decorator']) retrieved from /home/airflow/.local/lib/python3.7/site-packages/airflow/example_dags/example_branch_operator_decorator.py
[2023-08-01T21:36:39.582+0000] {logging_mixin.py:149} INFO - [2023-08-01T21:36:39.582+0000] {dag.py:2726} INFO - Sync 1 DAGs
[2023-08-01T21:36:39.627+0000] {logging_mixin.py:149} INFO - [2023-08-01T21:36:39.627+0000] {dag.py:3490} INFO - Setting next_dagrun for example_branch_python_operator_decorator to 2023-07-31T00:00:00+00:00, run_after=2023-08-01T00:00:00+00:00
[2023-08-01T21:36:39.653+0000] {processor.py:178} INFO - Processing /home/airflow/.local/lib/python3.7/site-packages/airflow/example_dags/example_branch_operator_decorator.py took 0.200 seconds
