[2023-08-01T21:30:33.032+0000] {processor.py:156} INFO - Started process (PID=65) to work on /home/airflow/.local/lib/python3.7/site-packages/airflow/example_dags/example_local_kubernetes_executor.py
[2023-08-01T21:30:33.034+0000] {processor.py:799} INFO - Processing file /home/airflow/.local/lib/python3.7/site-packages/airflow/example_dags/example_local_kubernetes_executor.py for tasks to queue
[2023-08-01T21:30:33.035+0000] {logging_mixin.py:149} INFO - [2023-08-01T21:30:33.035+0000] {dagbag.py:541} INFO - Filling up the DagBag from /home/airflow/.local/lib/python3.7/site-packages/airflow/example_dags/example_local_kubernetes_executor.py
[2023-08-01T21:30:34.039+0000] {processor.py:809} INFO - DAG(s) dict_keys(['example_local_kubernetes_executor']) retrieved from /home/airflow/.local/lib/python3.7/site-packages/airflow/example_dags/example_local_kubernetes_executor.py
[2023-08-01T21:30:34.106+0000] {logging_mixin.py:149} INFO - [2023-08-01T21:30:34.106+0000] {dag.py:2726} INFO - Sync 1 DAGs
[2023-08-01T21:30:34.148+0000] {logging_mixin.py:149} INFO - [2023-08-01T21:30:34.148+0000] {dag.py:3490} INFO - Setting next_dagrun for example_local_kubernetes_executor to None, run_after=None
[2023-08-01T21:30:34.172+0000] {processor.py:178} INFO - Processing /home/airflow/.local/lib/python3.7/site-packages/airflow/example_dags/example_local_kubernetes_executor.py took 1.145 seconds
[2023-08-01T21:31:04.731+0000] {processor.py:156} INFO - Started process (PID=124) to work on /home/airflow/.local/lib/python3.7/site-packages/airflow/example_dags/example_local_kubernetes_executor.py
[2023-08-01T21:31:04.733+0000] {processor.py:799} INFO - Processing file /home/airflow/.local/lib/python3.7/site-packages/airflow/example_dags/example_local_kubernetes_executor.py for tasks to queue
[2023-08-01T21:31:04.735+0000] {logging_mixin.py:149} INFO - [2023-08-01T21:31:04.735+0000] {dagbag.py:541} INFO - Filling up the DagBag from /home/airflow/.local/lib/python3.7/site-packages/airflow/example_dags/example_local_kubernetes_executor.py
[2023-08-01T21:31:04.952+0000] {processor.py:809} INFO - DAG(s) dict_keys(['example_local_kubernetes_executor']) retrieved from /home/airflow/.local/lib/python3.7/site-packages/airflow/example_dags/example_local_kubernetes_executor.py
[2023-08-01T21:31:05.049+0000] {logging_mixin.py:149} INFO - [2023-08-01T21:31:05.049+0000] {dag.py:2726} INFO - Sync 1 DAGs
[2023-08-01T21:31:05.094+0000] {logging_mixin.py:149} INFO - [2023-08-01T21:31:05.094+0000] {dag.py:3490} INFO - Setting next_dagrun for example_local_kubernetes_executor to None, run_after=None
[2023-08-01T21:31:05.119+0000] {processor.py:178} INFO - Processing /home/airflow/.local/lib/python3.7/site-packages/airflow/example_dags/example_local_kubernetes_executor.py took 0.394 seconds
[2023-08-01T21:32:11.640+0000] {processor.py:156} INFO - Started process (PID=64) to work on /home/airflow/.local/lib/python3.7/site-packages/airflow/example_dags/example_local_kubernetes_executor.py
[2023-08-01T21:32:11.643+0000] {processor.py:799} INFO - Processing file /home/airflow/.local/lib/python3.7/site-packages/airflow/example_dags/example_local_kubernetes_executor.py for tasks to queue
[2023-08-01T21:32:11.645+0000] {logging_mixin.py:149} INFO - [2023-08-01T21:32:11.645+0000] {dagbag.py:541} INFO - Filling up the DagBag from /home/airflow/.local/lib/python3.7/site-packages/airflow/example_dags/example_local_kubernetes_executor.py
[2023-08-01T21:32:12.191+0000] {processor.py:809} INFO - DAG(s) dict_keys(['example_local_kubernetes_executor']) retrieved from /home/airflow/.local/lib/python3.7/site-packages/airflow/example_dags/example_local_kubernetes_executor.py
[2023-08-01T21:32:12.251+0000] {logging_mixin.py:149} INFO - [2023-08-01T21:32:12.251+0000] {dag.py:2726} INFO - Sync 1 DAGs
[2023-08-01T21:32:12.288+0000] {logging_mixin.py:149} INFO - [2023-08-01T21:32:12.288+0000] {dag.py:3490} INFO - Setting next_dagrun for example_local_kubernetes_executor to None, run_after=None
[2023-08-01T21:32:12.312+0000] {processor.py:178} INFO - Processing /home/airflow/.local/lib/python3.7/site-packages/airflow/example_dags/example_local_kubernetes_executor.py took 0.676 seconds
[2023-08-01T21:32:42.611+0000] {processor.py:156} INFO - Started process (PID=121) to work on /home/airflow/.local/lib/python3.7/site-packages/airflow/example_dags/example_local_kubernetes_executor.py
[2023-08-01T21:32:42.612+0000] {processor.py:799} INFO - Processing file /home/airflow/.local/lib/python3.7/site-packages/airflow/example_dags/example_local_kubernetes_executor.py for tasks to queue
[2023-08-01T21:32:42.613+0000] {logging_mixin.py:149} INFO - [2023-08-01T21:32:42.613+0000] {dagbag.py:541} INFO - Filling up the DagBag from /home/airflow/.local/lib/python3.7/site-packages/airflow/example_dags/example_local_kubernetes_executor.py
[2023-08-01T21:32:42.941+0000] {processor.py:809} INFO - DAG(s) dict_keys(['example_local_kubernetes_executor']) retrieved from /home/airflow/.local/lib/python3.7/site-packages/airflow/example_dags/example_local_kubernetes_executor.py
[2023-08-01T21:32:43.026+0000] {logging_mixin.py:149} INFO - [2023-08-01T21:32:43.025+0000] {dag.py:2726} INFO - Sync 1 DAGs
[2023-08-01T21:32:43.056+0000] {logging_mixin.py:149} INFO - [2023-08-01T21:32:43.056+0000] {dag.py:3490} INFO - Setting next_dagrun for example_local_kubernetes_executor to None, run_after=None
[2023-08-01T21:32:43.076+0000] {processor.py:178} INFO - Processing /home/airflow/.local/lib/python3.7/site-packages/airflow/example_dags/example_local_kubernetes_executor.py took 0.469 seconds
[2023-08-01T21:33:13.546+0000] {processor.py:156} INFO - Started process (PID=179) to work on /home/airflow/.local/lib/python3.7/site-packages/airflow/example_dags/example_local_kubernetes_executor.py
[2023-08-01T21:33:13.548+0000] {processor.py:799} INFO - Processing file /home/airflow/.local/lib/python3.7/site-packages/airflow/example_dags/example_local_kubernetes_executor.py for tasks to queue
[2023-08-01T21:33:13.549+0000] {logging_mixin.py:149} INFO - [2023-08-01T21:33:13.549+0000] {dagbag.py:541} INFO - Filling up the DagBag from /home/airflow/.local/lib/python3.7/site-packages/airflow/example_dags/example_local_kubernetes_executor.py
[2023-08-01T21:33:14.028+0000] {processor.py:809} INFO - DAG(s) dict_keys(['example_local_kubernetes_executor']) retrieved from /home/airflow/.local/lib/python3.7/site-packages/airflow/example_dags/example_local_kubernetes_executor.py
[2023-08-01T21:33:14.446+0000] {logging_mixin.py:149} INFO - [2023-08-01T21:33:14.445+0000] {dag.py:2726} INFO - Sync 1 DAGs
[2023-08-01T21:33:14.524+0000] {logging_mixin.py:149} INFO - [2023-08-01T21:33:14.524+0000] {dag.py:3490} INFO - Setting next_dagrun for example_local_kubernetes_executor to None, run_after=None
[2023-08-01T21:33:14.742+0000] {processor.py:178} INFO - Processing /home/airflow/.local/lib/python3.7/site-packages/airflow/example_dags/example_local_kubernetes_executor.py took 1.197 seconds
[2023-08-01T21:33:45.152+0000] {processor.py:156} INFO - Started process (PID=237) to work on /home/airflow/.local/lib/python3.7/site-packages/airflow/example_dags/example_local_kubernetes_executor.py
[2023-08-01T21:33:45.154+0000] {processor.py:799} INFO - Processing file /home/airflow/.local/lib/python3.7/site-packages/airflow/example_dags/example_local_kubernetes_executor.py for tasks to queue
[2023-08-01T21:33:45.156+0000] {logging_mixin.py:149} INFO - [2023-08-01T21:33:45.155+0000] {dagbag.py:541} INFO - Filling up the DagBag from /home/airflow/.local/lib/python3.7/site-packages/airflow/example_dags/example_local_kubernetes_executor.py
[2023-08-01T21:33:45.413+0000] {processor.py:809} INFO - DAG(s) dict_keys(['example_local_kubernetes_executor']) retrieved from /home/airflow/.local/lib/python3.7/site-packages/airflow/example_dags/example_local_kubernetes_executor.py
[2023-08-01T21:33:45.542+0000] {logging_mixin.py:149} INFO - [2023-08-01T21:33:45.542+0000] {dag.py:2726} INFO - Sync 1 DAGs
[2023-08-01T21:33:45.593+0000] {logging_mixin.py:149} INFO - [2023-08-01T21:33:45.593+0000] {dag.py:3490} INFO - Setting next_dagrun for example_local_kubernetes_executor to None, run_after=None
[2023-08-01T21:33:45.618+0000] {processor.py:178} INFO - Processing /home/airflow/.local/lib/python3.7/site-packages/airflow/example_dags/example_local_kubernetes_executor.py took 0.469 seconds
[2023-08-01T21:34:16.413+0000] {processor.py:156} INFO - Started process (PID=295) to work on /home/airflow/.local/lib/python3.7/site-packages/airflow/example_dags/example_local_kubernetes_executor.py
[2023-08-01T21:34:16.414+0000] {processor.py:799} INFO - Processing file /home/airflow/.local/lib/python3.7/site-packages/airflow/example_dags/example_local_kubernetes_executor.py for tasks to queue
[2023-08-01T21:34:16.415+0000] {logging_mixin.py:149} INFO - [2023-08-01T21:34:16.415+0000] {dagbag.py:541} INFO - Filling up the DagBag from /home/airflow/.local/lib/python3.7/site-packages/airflow/example_dags/example_local_kubernetes_executor.py
[2023-08-01T21:34:16.610+0000] {processor.py:809} INFO - DAG(s) dict_keys(['example_local_kubernetes_executor']) retrieved from /home/airflow/.local/lib/python3.7/site-packages/airflow/example_dags/example_local_kubernetes_executor.py
[2023-08-01T21:34:16.709+0000] {logging_mixin.py:149} INFO - [2023-08-01T21:34:16.708+0000] {dag.py:2726} INFO - Sync 1 DAGs
[2023-08-01T21:34:16.750+0000] {logging_mixin.py:149} INFO - [2023-08-01T21:34:16.750+0000] {dag.py:3490} INFO - Setting next_dagrun for example_local_kubernetes_executor to None, run_after=None
[2023-08-01T21:34:16.778+0000] {processor.py:178} INFO - Processing /home/airflow/.local/lib/python3.7/site-packages/airflow/example_dags/example_local_kubernetes_executor.py took 0.368 seconds
[2023-08-01T21:34:47.146+0000] {processor.py:156} INFO - Started process (PID=352) to work on /home/airflow/.local/lib/python3.7/site-packages/airflow/example_dags/example_local_kubernetes_executor.py
[2023-08-01T21:34:47.147+0000] {processor.py:799} INFO - Processing file /home/airflow/.local/lib/python3.7/site-packages/airflow/example_dags/example_local_kubernetes_executor.py for tasks to queue
[2023-08-01T21:34:47.148+0000] {logging_mixin.py:149} INFO - [2023-08-01T21:34:47.148+0000] {dagbag.py:541} INFO - Filling up the DagBag from /home/airflow/.local/lib/python3.7/site-packages/airflow/example_dags/example_local_kubernetes_executor.py
[2023-08-01T21:34:47.381+0000] {processor.py:809} INFO - DAG(s) dict_keys(['example_local_kubernetes_executor']) retrieved from /home/airflow/.local/lib/python3.7/site-packages/airflow/example_dags/example_local_kubernetes_executor.py
[2023-08-01T21:34:47.488+0000] {logging_mixin.py:149} INFO - [2023-08-01T21:34:47.487+0000] {dag.py:2726} INFO - Sync 1 DAGs
[2023-08-01T21:34:47.558+0000] {logging_mixin.py:149} INFO - [2023-08-01T21:34:47.557+0000] {dag.py:3490} INFO - Setting next_dagrun for example_local_kubernetes_executor to None, run_after=None
[2023-08-01T21:34:47.583+0000] {processor.py:178} INFO - Processing /home/airflow/.local/lib/python3.7/site-packages/airflow/example_dags/example_local_kubernetes_executor.py took 0.440 seconds
[2023-08-01T21:35:18.322+0000] {processor.py:156} INFO - Started process (PID=409) to work on /home/airflow/.local/lib/python3.7/site-packages/airflow/example_dags/example_local_kubernetes_executor.py
[2023-08-01T21:35:18.324+0000] {processor.py:799} INFO - Processing file /home/airflow/.local/lib/python3.7/site-packages/airflow/example_dags/example_local_kubernetes_executor.py for tasks to queue
[2023-08-01T21:35:18.324+0000] {logging_mixin.py:149} INFO - [2023-08-01T21:35:18.324+0000] {dagbag.py:541} INFO - Filling up the DagBag from /home/airflow/.local/lib/python3.7/site-packages/airflow/example_dags/example_local_kubernetes_executor.py
[2023-08-01T21:35:18.509+0000] {processor.py:809} INFO - DAG(s) dict_keys(['example_local_kubernetes_executor']) retrieved from /home/airflow/.local/lib/python3.7/site-packages/airflow/example_dags/example_local_kubernetes_executor.py
[2023-08-01T21:35:18.595+0000] {logging_mixin.py:149} INFO - [2023-08-01T21:35:18.594+0000] {dag.py:2726} INFO - Sync 1 DAGs
[2023-08-01T21:35:18.633+0000] {logging_mixin.py:149} INFO - [2023-08-01T21:35:18.633+0000] {dag.py:3490} INFO - Setting next_dagrun for example_local_kubernetes_executor to None, run_after=None
[2023-08-01T21:35:18.660+0000] {processor.py:178} INFO - Processing /home/airflow/.local/lib/python3.7/site-packages/airflow/example_dags/example_local_kubernetes_executor.py took 0.341 seconds
[2023-08-01T21:35:49.459+0000] {processor.py:156} INFO - Started process (PID=466) to work on /home/airflow/.local/lib/python3.7/site-packages/airflow/example_dags/example_local_kubernetes_executor.py
[2023-08-01T21:35:49.460+0000] {processor.py:799} INFO - Processing file /home/airflow/.local/lib/python3.7/site-packages/airflow/example_dags/example_local_kubernetes_executor.py for tasks to queue
[2023-08-01T21:35:49.461+0000] {logging_mixin.py:149} INFO - [2023-08-01T21:35:49.461+0000] {dagbag.py:541} INFO - Filling up the DagBag from /home/airflow/.local/lib/python3.7/site-packages/airflow/example_dags/example_local_kubernetes_executor.py
[2023-08-01T21:35:49.672+0000] {processor.py:809} INFO - DAG(s) dict_keys(['example_local_kubernetes_executor']) retrieved from /home/airflow/.local/lib/python3.7/site-packages/airflow/example_dags/example_local_kubernetes_executor.py
[2023-08-01T21:35:49.785+0000] {logging_mixin.py:149} INFO - [2023-08-01T21:35:49.785+0000] {dag.py:2726} INFO - Sync 1 DAGs
[2023-08-01T21:35:49.833+0000] {logging_mixin.py:149} INFO - [2023-08-01T21:35:49.833+0000] {dag.py:3490} INFO - Setting next_dagrun for example_local_kubernetes_executor to None, run_after=None
[2023-08-01T21:35:49.862+0000] {processor.py:178} INFO - Processing /home/airflow/.local/lib/python3.7/site-packages/airflow/example_dags/example_local_kubernetes_executor.py took 0.406 seconds
[2023-08-01T21:36:20.597+0000] {processor.py:156} INFO - Started process (PID=523) to work on /home/airflow/.local/lib/python3.7/site-packages/airflow/example_dags/example_local_kubernetes_executor.py
[2023-08-01T21:36:20.599+0000] {processor.py:799} INFO - Processing file /home/airflow/.local/lib/python3.7/site-packages/airflow/example_dags/example_local_kubernetes_executor.py for tasks to queue
[2023-08-01T21:36:20.600+0000] {logging_mixin.py:149} INFO - [2023-08-01T21:36:20.600+0000] {dagbag.py:541} INFO - Filling up the DagBag from /home/airflow/.local/lib/python3.7/site-packages/airflow/example_dags/example_local_kubernetes_executor.py
[2023-08-01T21:36:20.851+0000] {processor.py:809} INFO - DAG(s) dict_keys(['example_local_kubernetes_executor']) retrieved from /home/airflow/.local/lib/python3.7/site-packages/airflow/example_dags/example_local_kubernetes_executor.py
[2023-08-01T21:36:20.942+0000] {logging_mixin.py:149} INFO - [2023-08-01T21:36:20.942+0000] {dag.py:2726} INFO - Sync 1 DAGs
[2023-08-01T21:36:20.979+0000] {logging_mixin.py:149} INFO - [2023-08-01T21:36:20.979+0000] {dag.py:3490} INFO - Setting next_dagrun for example_local_kubernetes_executor to None, run_after=None
[2023-08-01T21:36:21.004+0000] {processor.py:178} INFO - Processing /home/airflow/.local/lib/python3.7/site-packages/airflow/example_dags/example_local_kubernetes_executor.py took 0.411 seconds
[2023-08-01T21:36:51.348+0000] {processor.py:156} INFO - Started process (PID=580) to work on /home/airflow/.local/lib/python3.7/site-packages/airflow/example_dags/example_local_kubernetes_executor.py
[2023-08-01T21:36:51.349+0000] {processor.py:799} INFO - Processing file /home/airflow/.local/lib/python3.7/site-packages/airflow/example_dags/example_local_kubernetes_executor.py for tasks to queue
[2023-08-01T21:36:51.351+0000] {logging_mixin.py:149} INFO - [2023-08-01T21:36:51.350+0000] {dagbag.py:541} INFO - Filling up the DagBag from /home/airflow/.local/lib/python3.7/site-packages/airflow/example_dags/example_local_kubernetes_executor.py
[2023-08-01T21:36:51.617+0000] {processor.py:809} INFO - DAG(s) dict_keys(['example_local_kubernetes_executor']) retrieved from /home/airflow/.local/lib/python3.7/site-packages/airflow/example_dags/example_local_kubernetes_executor.py
[2023-08-01T21:36:51.718+0000] {logging_mixin.py:149} INFO - [2023-08-01T21:36:51.717+0000] {dag.py:2726} INFO - Sync 1 DAGs
[2023-08-01T21:36:51.760+0000] {logging_mixin.py:149} INFO - [2023-08-01T21:36:51.759+0000] {dag.py:3490} INFO - Setting next_dagrun for example_local_kubernetes_executor to None, run_after=None
[2023-08-01T21:36:51.788+0000] {processor.py:178} INFO - Processing /home/airflow/.local/lib/python3.7/site-packages/airflow/example_dags/example_local_kubernetes_executor.py took 0.443 seconds
