[2023-08-01T21:30:32.863+0000] {processor.py:156} INFO - Started process (PID=64) to work on /home/airflow/.local/lib/python3.7/site-packages/airflow/example_dags/example_branch_day_of_week_operator.py
[2023-08-01T21:30:32.864+0000] {processor.py:799} INFO - Processing file /home/airflow/.local/lib/python3.7/site-packages/airflow/example_dags/example_branch_day_of_week_operator.py for tasks to queue
[2023-08-01T21:30:32.866+0000] {logging_mixin.py:149} INFO - [2023-08-01T21:30:32.866+0000] {dagbag.py:541} INFO - Filling up the DagBag from /home/airflow/.local/lib/python3.7/site-packages/airflow/example_dags/example_branch_day_of_week_operator.py
[2023-08-01T21:30:32.881+0000] {processor.py:809} INFO - DAG(s) dict_keys(['example_weekday_branch_operator']) retrieved from /home/airflow/.local/lib/python3.7/site-packages/airflow/example_dags/example_branch_day_of_week_operator.py
[2023-08-01T21:30:32.978+0000] {logging_mixin.py:149} INFO - [2023-08-01T21:30:32.978+0000] {dag.py:2726} INFO - Sync 1 DAGs
[2023-08-01T21:30:33.026+0000] {logging_mixin.py:149} INFO - [2023-08-01T21:30:33.026+0000] {dag.py:3490} INFO - Setting next_dagrun for example_weekday_branch_operator to 2023-07-31T00:00:00+00:00, run_after=2023-08-01T00:00:00+00:00
[2023-08-01T21:30:33.056+0000] {processor.py:178} INFO - Processing /home/airflow/.local/lib/python3.7/site-packages/airflow/example_dags/example_branch_day_of_week_operator.py took 0.197 seconds
[2023-08-01T21:31:03.368+0000] {processor.py:156} INFO - Started process (PID=121) to work on /home/airflow/.local/lib/python3.7/site-packages/airflow/example_dags/example_branch_day_of_week_operator.py
[2023-08-01T21:31:03.370+0000] {processor.py:799} INFO - Processing file /home/airflow/.local/lib/python3.7/site-packages/airflow/example_dags/example_branch_day_of_week_operator.py for tasks to queue
[2023-08-01T21:31:03.371+0000] {logging_mixin.py:149} INFO - [2023-08-01T21:31:03.370+0000] {dagbag.py:541} INFO - Filling up the DagBag from /home/airflow/.local/lib/python3.7/site-packages/airflow/example_dags/example_branch_day_of_week_operator.py
[2023-08-01T21:31:03.379+0000] {processor.py:809} INFO - DAG(s) dict_keys(['example_weekday_branch_operator']) retrieved from /home/airflow/.local/lib/python3.7/site-packages/airflow/example_dags/example_branch_day_of_week_operator.py
[2023-08-01T21:31:03.452+0000] {logging_mixin.py:149} INFO - [2023-08-01T21:31:03.452+0000] {dag.py:2726} INFO - Sync 1 DAGs
[2023-08-01T21:31:03.490+0000] {logging_mixin.py:149} INFO - [2023-08-01T21:31:03.490+0000] {dag.py:3490} INFO - Setting next_dagrun for example_weekday_branch_operator to 2023-07-31T00:00:00+00:00, run_after=2023-08-01T00:00:00+00:00
[2023-08-01T21:31:03.512+0000] {processor.py:178} INFO - Processing /home/airflow/.local/lib/python3.7/site-packages/airflow/example_dags/example_branch_day_of_week_operator.py took 0.147 seconds
[2023-08-01T21:32:10.665+0000] {processor.py:156} INFO - Started process (PID=63) to work on /home/airflow/.local/lib/python3.7/site-packages/airflow/example_dags/example_branch_day_of_week_operator.py
[2023-08-01T21:32:10.668+0000] {processor.py:799} INFO - Processing file /home/airflow/.local/lib/python3.7/site-packages/airflow/example_dags/example_branch_day_of_week_operator.py for tasks to queue
[2023-08-01T21:32:10.671+0000] {logging_mixin.py:149} INFO - [2023-08-01T21:32:10.670+0000] {dagbag.py:541} INFO - Filling up the DagBag from /home/airflow/.local/lib/python3.7/site-packages/airflow/example_dags/example_branch_day_of_week_operator.py
[2023-08-01T21:32:10.687+0000] {processor.py:809} INFO - DAG(s) dict_keys(['example_weekday_branch_operator']) retrieved from /home/airflow/.local/lib/python3.7/site-packages/airflow/example_dags/example_branch_day_of_week_operator.py
[2023-08-01T21:32:11.241+0000] {logging_mixin.py:149} INFO - [2023-08-01T21:32:11.239+0000] {dag.py:2726} INFO - Sync 1 DAGs
[2023-08-01T21:32:11.475+0000] {logging_mixin.py:149} INFO - [2023-08-01T21:32:11.474+0000] {dag.py:3490} INFO - Setting next_dagrun for example_weekday_branch_operator to 2023-07-31T00:00:00+00:00, run_after=2023-08-01T00:00:00+00:00
[2023-08-01T21:32:11.557+0000] {processor.py:178} INFO - Processing /home/airflow/.local/lib/python3.7/site-packages/airflow/example_dags/example_branch_day_of_week_operator.py took 0.897 seconds
[2023-08-01T21:32:42.408+0000] {processor.py:156} INFO - Started process (PID=120) to work on /home/airflow/.local/lib/python3.7/site-packages/airflow/example_dags/example_branch_day_of_week_operator.py
[2023-08-01T21:32:42.410+0000] {processor.py:799} INFO - Processing file /home/airflow/.local/lib/python3.7/site-packages/airflow/example_dags/example_branch_day_of_week_operator.py for tasks to queue
[2023-08-01T21:32:42.411+0000] {logging_mixin.py:149} INFO - [2023-08-01T21:32:42.410+0000] {dagbag.py:541} INFO - Filling up the DagBag from /home/airflow/.local/lib/python3.7/site-packages/airflow/example_dags/example_branch_day_of_week_operator.py
[2023-08-01T21:32:42.421+0000] {processor.py:809} INFO - DAG(s) dict_keys(['example_weekday_branch_operator']) retrieved from /home/airflow/.local/lib/python3.7/site-packages/airflow/example_dags/example_branch_day_of_week_operator.py
[2023-08-01T21:32:42.510+0000] {logging_mixin.py:149} INFO - [2023-08-01T21:32:42.509+0000] {dag.py:2726} INFO - Sync 1 DAGs
[2023-08-01T21:32:42.550+0000] {logging_mixin.py:149} INFO - [2023-08-01T21:32:42.550+0000] {dag.py:3490} INFO - Setting next_dagrun for example_weekday_branch_operator to 2023-07-31T00:00:00+00:00, run_after=2023-08-01T00:00:00+00:00
[2023-08-01T21:32:42.581+0000] {processor.py:178} INFO - Processing /home/airflow/.local/lib/python3.7/site-packages/airflow/example_dags/example_branch_day_of_week_operator.py took 0.177 seconds
[2023-08-01T21:33:13.001+0000] {processor.py:156} INFO - Started process (PID=177) to work on /home/airflow/.local/lib/python3.7/site-packages/airflow/example_dags/example_branch_day_of_week_operator.py
[2023-08-01T21:33:13.002+0000] {processor.py:799} INFO - Processing file /home/airflow/.local/lib/python3.7/site-packages/airflow/example_dags/example_branch_day_of_week_operator.py for tasks to queue
[2023-08-01T21:33:13.003+0000] {logging_mixin.py:149} INFO - [2023-08-01T21:33:13.003+0000] {dagbag.py:541} INFO - Filling up the DagBag from /home/airflow/.local/lib/python3.7/site-packages/airflow/example_dags/example_branch_day_of_week_operator.py
[2023-08-01T21:33:13.012+0000] {processor.py:809} INFO - DAG(s) dict_keys(['example_weekday_branch_operator']) retrieved from /home/airflow/.local/lib/python3.7/site-packages/airflow/example_dags/example_branch_day_of_week_operator.py
[2023-08-01T21:33:13.176+0000] {logging_mixin.py:149} INFO - [2023-08-01T21:33:13.175+0000] {dag.py:2726} INFO - Sync 1 DAGs
[2023-08-01T21:33:13.210+0000] {logging_mixin.py:149} INFO - [2023-08-01T21:33:13.209+0000] {dag.py:3490} INFO - Setting next_dagrun for example_weekday_branch_operator to 2023-07-31T00:00:00+00:00, run_after=2023-08-01T00:00:00+00:00
[2023-08-01T21:33:13.231+0000] {processor.py:178} INFO - Processing /home/airflow/.local/lib/python3.7/site-packages/airflow/example_dags/example_branch_day_of_week_operator.py took 0.234 seconds
[2023-08-01T21:33:44.794+0000] {processor.py:156} INFO - Started process (PID=234) to work on /home/airflow/.local/lib/python3.7/site-packages/airflow/example_dags/example_branch_day_of_week_operator.py
[2023-08-01T21:33:44.796+0000] {processor.py:799} INFO - Processing file /home/airflow/.local/lib/python3.7/site-packages/airflow/example_dags/example_branch_day_of_week_operator.py for tasks to queue
[2023-08-01T21:33:44.798+0000] {logging_mixin.py:149} INFO - [2023-08-01T21:33:44.798+0000] {dagbag.py:541} INFO - Filling up the DagBag from /home/airflow/.local/lib/python3.7/site-packages/airflow/example_dags/example_branch_day_of_week_operator.py
[2023-08-01T21:33:44.814+0000] {processor.py:809} INFO - DAG(s) dict_keys(['example_weekday_branch_operator']) retrieved from /home/airflow/.local/lib/python3.7/site-packages/airflow/example_dags/example_branch_day_of_week_operator.py
[2023-08-01T21:33:44.891+0000] {logging_mixin.py:149} INFO - [2023-08-01T21:33:44.891+0000] {dag.py:2726} INFO - Sync 1 DAGs
[2023-08-01T21:33:44.931+0000] {logging_mixin.py:149} INFO - [2023-08-01T21:33:44.930+0000] {dag.py:3490} INFO - Setting next_dagrun for example_weekday_branch_operator to 2023-07-31T00:00:00+00:00, run_after=2023-08-01T00:00:00+00:00
[2023-08-01T21:33:44.953+0000] {processor.py:178} INFO - Processing /home/airflow/.local/lib/python3.7/site-packages/airflow/example_dags/example_branch_day_of_week_operator.py took 0.162 seconds
[2023-08-01T21:34:15.770+0000] {processor.py:156} INFO - Started process (PID=291) to work on /home/airflow/.local/lib/python3.7/site-packages/airflow/example_dags/example_branch_day_of_week_operator.py
[2023-08-01T21:34:15.771+0000] {processor.py:799} INFO - Processing file /home/airflow/.local/lib/python3.7/site-packages/airflow/example_dags/example_branch_day_of_week_operator.py for tasks to queue
[2023-08-01T21:34:15.773+0000] {logging_mixin.py:149} INFO - [2023-08-01T21:34:15.773+0000] {dagbag.py:541} INFO - Filling up the DagBag from /home/airflow/.local/lib/python3.7/site-packages/airflow/example_dags/example_branch_day_of_week_operator.py
[2023-08-01T21:34:15.784+0000] {processor.py:809} INFO - DAG(s) dict_keys(['example_weekday_branch_operator']) retrieved from /home/airflow/.local/lib/python3.7/site-packages/airflow/example_dags/example_branch_day_of_week_operator.py
[2023-08-01T21:34:15.861+0000] {logging_mixin.py:149} INFO - [2023-08-01T21:34:15.861+0000] {dag.py:2726} INFO - Sync 1 DAGs
[2023-08-01T21:34:15.899+0000] {logging_mixin.py:149} INFO - [2023-08-01T21:34:15.899+0000] {dag.py:3490} INFO - Setting next_dagrun for example_weekday_branch_operator to 2023-07-31T00:00:00+00:00, run_after=2023-08-01T00:00:00+00:00
[2023-08-01T21:34:15.921+0000] {processor.py:178} INFO - Processing /home/airflow/.local/lib/python3.7/site-packages/airflow/example_dags/example_branch_day_of_week_operator.py took 0.155 seconds
[2023-08-01T21:34:46.616+0000] {processor.py:156} INFO - Started process (PID=348) to work on /home/airflow/.local/lib/python3.7/site-packages/airflow/example_dags/example_branch_day_of_week_operator.py
[2023-08-01T21:34:46.617+0000] {processor.py:799} INFO - Processing file /home/airflow/.local/lib/python3.7/site-packages/airflow/example_dags/example_branch_day_of_week_operator.py for tasks to queue
[2023-08-01T21:34:46.618+0000] {logging_mixin.py:149} INFO - [2023-08-01T21:34:46.618+0000] {dagbag.py:541} INFO - Filling up the DagBag from /home/airflow/.local/lib/python3.7/site-packages/airflow/example_dags/example_branch_day_of_week_operator.py
[2023-08-01T21:34:46.627+0000] {processor.py:809} INFO - DAG(s) dict_keys(['example_weekday_branch_operator']) retrieved from /home/airflow/.local/lib/python3.7/site-packages/airflow/example_dags/example_branch_day_of_week_operator.py
[2023-08-01T21:34:46.702+0000] {logging_mixin.py:149} INFO - [2023-08-01T21:34:46.702+0000] {dag.py:2726} INFO - Sync 1 DAGs
[2023-08-01T21:34:46.739+0000] {logging_mixin.py:149} INFO - [2023-08-01T21:34:46.738+0000] {dag.py:3490} INFO - Setting next_dagrun for example_weekday_branch_operator to 2023-07-31T00:00:00+00:00, run_after=2023-08-01T00:00:00+00:00
[2023-08-01T21:34:46.760+0000] {processor.py:178} INFO - Processing /home/airflow/.local/lib/python3.7/site-packages/airflow/example_dags/example_branch_day_of_week_operator.py took 0.148 seconds
[2023-08-01T21:35:17.804+0000] {processor.py:156} INFO - Started process (PID=405) to work on /home/airflow/.local/lib/python3.7/site-packages/airflow/example_dags/example_branch_day_of_week_operator.py
[2023-08-01T21:35:17.807+0000] {processor.py:799} INFO - Processing file /home/airflow/.local/lib/python3.7/site-packages/airflow/example_dags/example_branch_day_of_week_operator.py for tasks to queue
[2023-08-01T21:35:17.808+0000] {logging_mixin.py:149} INFO - [2023-08-01T21:35:17.808+0000] {dagbag.py:541} INFO - Filling up the DagBag from /home/airflow/.local/lib/python3.7/site-packages/airflow/example_dags/example_branch_day_of_week_operator.py
[2023-08-01T21:35:17.816+0000] {processor.py:809} INFO - DAG(s) dict_keys(['example_weekday_branch_operator']) retrieved from /home/airflow/.local/lib/python3.7/site-packages/airflow/example_dags/example_branch_day_of_week_operator.py
[2023-08-01T21:35:17.893+0000] {logging_mixin.py:149} INFO - [2023-08-01T21:35:17.893+0000] {dag.py:2726} INFO - Sync 1 DAGs
[2023-08-01T21:35:17.931+0000] {logging_mixin.py:149} INFO - [2023-08-01T21:35:17.931+0000] {dag.py:3490} INFO - Setting next_dagrun for example_weekday_branch_operator to 2023-07-31T00:00:00+00:00, run_after=2023-08-01T00:00:00+00:00
[2023-08-01T21:35:17.955+0000] {processor.py:178} INFO - Processing /home/airflow/.local/lib/python3.7/site-packages/airflow/example_dags/example_branch_day_of_week_operator.py took 0.153 seconds
[2023-08-01T21:35:48.939+0000] {processor.py:156} INFO - Started process (PID=462) to work on /home/airflow/.local/lib/python3.7/site-packages/airflow/example_dags/example_branch_day_of_week_operator.py
[2023-08-01T21:35:48.941+0000] {processor.py:799} INFO - Processing file /home/airflow/.local/lib/python3.7/site-packages/airflow/example_dags/example_branch_day_of_week_operator.py for tasks to queue
[2023-08-01T21:35:48.942+0000] {logging_mixin.py:149} INFO - [2023-08-01T21:35:48.942+0000] {dagbag.py:541} INFO - Filling up the DagBag from /home/airflow/.local/lib/python3.7/site-packages/airflow/example_dags/example_branch_day_of_week_operator.py
[2023-08-01T21:35:48.950+0000] {processor.py:809} INFO - DAG(s) dict_keys(['example_weekday_branch_operator']) retrieved from /home/airflow/.local/lib/python3.7/site-packages/airflow/example_dags/example_branch_day_of_week_operator.py
[2023-08-01T21:35:49.027+0000] {logging_mixin.py:149} INFO - [2023-08-01T21:35:49.027+0000] {dag.py:2726} INFO - Sync 1 DAGs
[2023-08-01T21:35:49.064+0000] {logging_mixin.py:149} INFO - [2023-08-01T21:35:49.064+0000] {dag.py:3490} INFO - Setting next_dagrun for example_weekday_branch_operator to 2023-07-31T00:00:00+00:00, run_after=2023-08-01T00:00:00+00:00
[2023-08-01T21:35:49.088+0000] {processor.py:178} INFO - Processing /home/airflow/.local/lib/python3.7/site-packages/airflow/example_dags/example_branch_day_of_week_operator.py took 0.152 seconds
[2023-08-01T21:36:20.008+0000] {processor.py:156} INFO - Started process (PID=519) to work on /home/airflow/.local/lib/python3.7/site-packages/airflow/example_dags/example_branch_day_of_week_operator.py
[2023-08-01T21:36:20.009+0000] {processor.py:799} INFO - Processing file /home/airflow/.local/lib/python3.7/site-packages/airflow/example_dags/example_branch_day_of_week_operator.py for tasks to queue
[2023-08-01T21:36:20.010+0000] {logging_mixin.py:149} INFO - [2023-08-01T21:36:20.010+0000] {dagbag.py:541} INFO - Filling up the DagBag from /home/airflow/.local/lib/python3.7/site-packages/airflow/example_dags/example_branch_day_of_week_operator.py
[2023-08-01T21:36:20.021+0000] {processor.py:809} INFO - DAG(s) dict_keys(['example_weekday_branch_operator']) retrieved from /home/airflow/.local/lib/python3.7/site-packages/airflow/example_dags/example_branch_day_of_week_operator.py
[2023-08-01T21:36:20.124+0000] {logging_mixin.py:149} INFO - [2023-08-01T21:36:20.124+0000] {dag.py:2726} INFO - Sync 1 DAGs
[2023-08-01T21:36:20.172+0000] {logging_mixin.py:149} INFO - [2023-08-01T21:36:20.171+0000] {dag.py:3490} INFO - Setting next_dagrun for example_weekday_branch_operator to 2023-07-31T00:00:00+00:00, run_after=2023-08-01T00:00:00+00:00
[2023-08-01T21:36:20.197+0000] {processor.py:178} INFO - Processing /home/airflow/.local/lib/python3.7/site-packages/airflow/example_dags/example_branch_day_of_week_operator.py took 0.193 seconds
[2023-08-01T21:36:50.822+0000] {processor.py:156} INFO - Started process (PID=576) to work on /home/airflow/.local/lib/python3.7/site-packages/airflow/example_dags/example_branch_day_of_week_operator.py
[2023-08-01T21:36:50.823+0000] {processor.py:799} INFO - Processing file /home/airflow/.local/lib/python3.7/site-packages/airflow/example_dags/example_branch_day_of_week_operator.py for tasks to queue
[2023-08-01T21:36:50.825+0000] {logging_mixin.py:149} INFO - [2023-08-01T21:36:50.825+0000] {dagbag.py:541} INFO - Filling up the DagBag from /home/airflow/.local/lib/python3.7/site-packages/airflow/example_dags/example_branch_day_of_week_operator.py
[2023-08-01T21:36:50.834+0000] {processor.py:809} INFO - DAG(s) dict_keys(['example_weekday_branch_operator']) retrieved from /home/airflow/.local/lib/python3.7/site-packages/airflow/example_dags/example_branch_day_of_week_operator.py
[2023-08-01T21:36:50.908+0000] {logging_mixin.py:149} INFO - [2023-08-01T21:36:50.908+0000] {dag.py:2726} INFO - Sync 1 DAGs
[2023-08-01T21:36:50.947+0000] {logging_mixin.py:149} INFO - [2023-08-01T21:36:50.947+0000] {dag.py:3490} INFO - Setting next_dagrun for example_weekday_branch_operator to 2023-07-31T00:00:00+00:00, run_after=2023-08-01T00:00:00+00:00
[2023-08-01T21:36:50.977+0000] {processor.py:178} INFO - Processing /home/airflow/.local/lib/python3.7/site-packages/airflow/example_dags/example_branch_day_of_week_operator.py took 0.159 seconds
