[2023-08-01T21:30:32.065+0000] {processor.py:156} INFO - Started process (PID=56) to work on /home/airflow/.local/lib/python3.7/site-packages/airflow/example_dags/example_task_group.py
[2023-08-01T21:30:32.067+0000] {processor.py:799} INFO - Processing file /home/airflow/.local/lib/python3.7/site-packages/airflow/example_dags/example_task_group.py for tasks to queue
[2023-08-01T21:30:32.068+0000] {logging_mixin.py:149} INFO - [2023-08-01T21:30:32.068+0000] {dagbag.py:541} INFO - Filling up the DagBag from /home/airflow/.local/lib/python3.7/site-packages/airflow/example_dags/example_task_group.py
[2023-08-01T21:30:32.080+0000] {processor.py:809} INFO - DAG(s) dict_keys(['example_task_group']) retrieved from /home/airflow/.local/lib/python3.7/site-packages/airflow/example_dags/example_task_group.py
[2023-08-01T21:30:32.170+0000] {logging_mixin.py:149} INFO - [2023-08-01T21:30:32.170+0000] {dag.py:2726} INFO - Sync 1 DAGs
[2023-08-01T21:30:32.221+0000] {logging_mixin.py:149} INFO - [2023-08-01T21:30:32.221+0000] {dag.py:3490} INFO - Setting next_dagrun for example_task_group to 2023-07-31T21:30:32.220881+00:00, run_after=2023-08-01T21:30:32.220881+00:00
[2023-08-01T21:30:32.251+0000] {processor.py:178} INFO - Processing /home/airflow/.local/lib/python3.7/site-packages/airflow/example_dags/example_task_group.py took 0.190 seconds
[2023-08-01T21:31:02.708+0000] {processor.py:156} INFO - Started process (PID=113) to work on /home/airflow/.local/lib/python3.7/site-packages/airflow/example_dags/example_task_group.py
[2023-08-01T21:31:02.709+0000] {processor.py:799} INFO - Processing file /home/airflow/.local/lib/python3.7/site-packages/airflow/example_dags/example_task_group.py for tasks to queue
[2023-08-01T21:31:02.710+0000] {logging_mixin.py:149} INFO - [2023-08-01T21:31:02.710+0000] {dagbag.py:541} INFO - Filling up the DagBag from /home/airflow/.local/lib/python3.7/site-packages/airflow/example_dags/example_task_group.py
[2023-08-01T21:31:02.720+0000] {processor.py:809} INFO - DAG(s) dict_keys(['example_task_group']) retrieved from /home/airflow/.local/lib/python3.7/site-packages/airflow/example_dags/example_task_group.py
[2023-08-01T21:31:02.792+0000] {logging_mixin.py:149} INFO - [2023-08-01T21:31:02.792+0000] {dag.py:2726} INFO - Sync 1 DAGs
[2023-08-01T21:31:02.828+0000] {logging_mixin.py:149} INFO - [2023-08-01T21:31:02.828+0000] {dag.py:3490} INFO - Setting next_dagrun for example_task_group to 2023-07-31T21:31:02.827506+00:00, run_after=2023-08-01T21:31:02.827506+00:00
[2023-08-01T21:31:02.850+0000] {processor.py:178} INFO - Processing /home/airflow/.local/lib/python3.7/site-packages/airflow/example_dags/example_task_group.py took 0.146 seconds
[2023-08-01T21:32:09.381+0000] {processor.py:156} INFO - Started process (PID=55) to work on /home/airflow/.local/lib/python3.7/site-packages/airflow/example_dags/example_task_group.py
[2023-08-01T21:32:09.394+0000] {processor.py:799} INFO - Processing file /home/airflow/.local/lib/python3.7/site-packages/airflow/example_dags/example_task_group.py for tasks to queue
[2023-08-01T21:32:09.436+0000] {logging_mixin.py:149} INFO - [2023-08-01T21:32:09.421+0000] {dagbag.py:541} INFO - Filling up the DagBag from /home/airflow/.local/lib/python3.7/site-packages/airflow/example_dags/example_task_group.py
[2023-08-01T21:32:09.676+0000] {processor.py:809} INFO - DAG(s) dict_keys(['example_task_group']) retrieved from /home/airflow/.local/lib/python3.7/site-packages/airflow/example_dags/example_task_group.py
[2023-08-01T21:32:09.807+0000] {logging_mixin.py:149} INFO - [2023-08-01T21:32:09.807+0000] {dag.py:2726} INFO - Sync 1 DAGs
[2023-08-01T21:32:09.878+0000] {logging_mixin.py:149} INFO - [2023-08-01T21:32:09.877+0000] {dag.py:3490} INFO - Setting next_dagrun for example_task_group to 2023-07-31T21:32:09.876103+00:00, run_after=2023-08-01T21:32:09.876103+00:00
[2023-08-01T21:32:09.919+0000] {processor.py:178} INFO - Processing /home/airflow/.local/lib/python3.7/site-packages/airflow/example_dags/example_task_group.py took 0.558 seconds
[2023-08-01T21:32:40.527+0000] {processor.py:156} INFO - Started process (PID=112) to work on /home/airflow/.local/lib/python3.7/site-packages/airflow/example_dags/example_task_group.py
[2023-08-01T21:32:40.530+0000] {processor.py:799} INFO - Processing file /home/airflow/.local/lib/python3.7/site-packages/airflow/example_dags/example_task_group.py for tasks to queue
[2023-08-01T21:32:40.531+0000] {logging_mixin.py:149} INFO - [2023-08-01T21:32:40.531+0000] {dagbag.py:541} INFO - Filling up the DagBag from /home/airflow/.local/lib/python3.7/site-packages/airflow/example_dags/example_task_group.py
[2023-08-01T21:32:40.543+0000] {processor.py:809} INFO - DAG(s) dict_keys(['example_task_group']) retrieved from /home/airflow/.local/lib/python3.7/site-packages/airflow/example_dags/example_task_group.py
[2023-08-01T21:32:40.617+0000] {logging_mixin.py:149} INFO - [2023-08-01T21:32:40.617+0000] {dag.py:2726} INFO - Sync 1 DAGs
[2023-08-01T21:32:40.652+0000] {logging_mixin.py:149} INFO - [2023-08-01T21:32:40.652+0000] {dag.py:3490} INFO - Setting next_dagrun for example_task_group to 2023-07-31T21:32:40.651477+00:00, run_after=2023-08-01T21:32:40.651477+00:00
[2023-08-01T21:32:40.675+0000] {processor.py:178} INFO - Processing /home/airflow/.local/lib/python3.7/site-packages/airflow/example_dags/example_task_group.py took 0.152 seconds
[2023-08-01T21:33:11.727+0000] {processor.py:156} INFO - Started process (PID=169) to work on /home/airflow/.local/lib/python3.7/site-packages/airflow/example_dags/example_task_group.py
[2023-08-01T21:33:11.728+0000] {processor.py:799} INFO - Processing file /home/airflow/.local/lib/python3.7/site-packages/airflow/example_dags/example_task_group.py for tasks to queue
[2023-08-01T21:33:11.730+0000] {logging_mixin.py:149} INFO - [2023-08-01T21:33:11.729+0000] {dagbag.py:541} INFO - Filling up the DagBag from /home/airflow/.local/lib/python3.7/site-packages/airflow/example_dags/example_task_group.py
[2023-08-01T21:33:11.746+0000] {processor.py:809} INFO - DAG(s) dict_keys(['example_task_group']) retrieved from /home/airflow/.local/lib/python3.7/site-packages/airflow/example_dags/example_task_group.py
[2023-08-01T21:33:11.834+0000] {logging_mixin.py:149} INFO - [2023-08-01T21:33:11.834+0000] {dag.py:2726} INFO - Sync 1 DAGs
[2023-08-01T21:33:11.962+0000] {logging_mixin.py:149} INFO - [2023-08-01T21:33:11.962+0000] {dag.py:3490} INFO - Setting next_dagrun for example_task_group to 2023-07-31T21:33:11.961632+00:00, run_after=2023-08-01T21:33:11.961632+00:00
[2023-08-01T21:33:11.988+0000] {processor.py:178} INFO - Processing /home/airflow/.local/lib/python3.7/site-packages/airflow/example_dags/example_task_group.py took 0.267 seconds
[2023-08-01T21:33:43.037+0000] {processor.py:156} INFO - Started process (PID=226) to work on /home/airflow/.local/lib/python3.7/site-packages/airflow/example_dags/example_task_group.py
[2023-08-01T21:33:43.039+0000] {processor.py:799} INFO - Processing file /home/airflow/.local/lib/python3.7/site-packages/airflow/example_dags/example_task_group.py for tasks to queue
[2023-08-01T21:33:43.044+0000] {logging_mixin.py:149} INFO - [2023-08-01T21:33:43.044+0000] {dagbag.py:541} INFO - Filling up the DagBag from /home/airflow/.local/lib/python3.7/site-packages/airflow/example_dags/example_task_group.py
[2023-08-01T21:33:43.080+0000] {processor.py:809} INFO - DAG(s) dict_keys(['example_task_group']) retrieved from /home/airflow/.local/lib/python3.7/site-packages/airflow/example_dags/example_task_group.py
[2023-08-01T21:33:43.187+0000] {logging_mixin.py:149} INFO - [2023-08-01T21:33:43.187+0000] {dag.py:2726} INFO - Sync 1 DAGs
[2023-08-01T21:33:43.244+0000] {logging_mixin.py:149} INFO - [2023-08-01T21:33:43.244+0000] {dag.py:3490} INFO - Setting next_dagrun for example_task_group to 2023-07-31T21:33:43.243103+00:00, run_after=2023-08-01T21:33:43.243103+00:00
[2023-08-01T21:33:43.283+0000] {processor.py:178} INFO - Processing /home/airflow/.local/lib/python3.7/site-packages/airflow/example_dags/example_task_group.py took 0.252 seconds
[2023-08-01T21:34:13.653+0000] {processor.py:156} INFO - Started process (PID=283) to work on /home/airflow/.local/lib/python3.7/site-packages/airflow/example_dags/example_task_group.py
[2023-08-01T21:34:13.654+0000] {processor.py:799} INFO - Processing file /home/airflow/.local/lib/python3.7/site-packages/airflow/example_dags/example_task_group.py for tasks to queue
[2023-08-01T21:34:13.655+0000] {logging_mixin.py:149} INFO - [2023-08-01T21:34:13.655+0000] {dagbag.py:541} INFO - Filling up the DagBag from /home/airflow/.local/lib/python3.7/site-packages/airflow/example_dags/example_task_group.py
[2023-08-01T21:34:13.667+0000] {processor.py:809} INFO - DAG(s) dict_keys(['example_task_group']) retrieved from /home/airflow/.local/lib/python3.7/site-packages/airflow/example_dags/example_task_group.py
[2023-08-01T21:34:13.743+0000] {logging_mixin.py:149} INFO - [2023-08-01T21:34:13.743+0000] {dag.py:2726} INFO - Sync 1 DAGs
[2023-08-01T21:34:13.787+0000] {logging_mixin.py:149} INFO - [2023-08-01T21:34:13.787+0000] {dag.py:3490} INFO - Setting next_dagrun for example_task_group to 2023-07-31T21:34:13.786555+00:00, run_after=2023-08-01T21:34:13.786555+00:00
[2023-08-01T21:34:13.813+0000] {processor.py:178} INFO - Processing /home/airflow/.local/lib/python3.7/site-packages/airflow/example_dags/example_task_group.py took 0.164 seconds
[2023-08-01T21:34:44.129+0000] {processor.py:156} INFO - Started process (PID=340) to work on /home/airflow/.local/lib/python3.7/site-packages/airflow/example_dags/example_task_group.py
[2023-08-01T21:34:44.132+0000] {processor.py:799} INFO - Processing file /home/airflow/.local/lib/python3.7/site-packages/airflow/example_dags/example_task_group.py for tasks to queue
[2023-08-01T21:34:44.134+0000] {logging_mixin.py:149} INFO - [2023-08-01T21:34:44.134+0000] {dagbag.py:541} INFO - Filling up the DagBag from /home/airflow/.local/lib/python3.7/site-packages/airflow/example_dags/example_task_group.py
[2023-08-01T21:34:44.157+0000] {processor.py:809} INFO - DAG(s) dict_keys(['example_task_group']) retrieved from /home/airflow/.local/lib/python3.7/site-packages/airflow/example_dags/example_task_group.py
[2023-08-01T21:34:44.279+0000] {logging_mixin.py:149} INFO - [2023-08-01T21:34:44.278+0000] {dag.py:2726} INFO - Sync 1 DAGs
[2023-08-01T21:34:44.331+0000] {logging_mixin.py:149} INFO - [2023-08-01T21:34:44.330+0000] {dag.py:3490} INFO - Setting next_dagrun for example_task_group to 2023-07-31T21:34:44.329599+00:00, run_after=2023-08-01T21:34:44.329599+00:00
[2023-08-01T21:34:44.359+0000] {processor.py:178} INFO - Processing /home/airflow/.local/lib/python3.7/site-packages/airflow/example_dags/example_task_group.py took 0.241 seconds
[2023-08-01T21:35:14.747+0000] {processor.py:156} INFO - Started process (PID=397) to work on /home/airflow/.local/lib/python3.7/site-packages/airflow/example_dags/example_task_group.py
[2023-08-01T21:35:14.749+0000] {processor.py:799} INFO - Processing file /home/airflow/.local/lib/python3.7/site-packages/airflow/example_dags/example_task_group.py for tasks to queue
[2023-08-01T21:35:14.750+0000] {logging_mixin.py:149} INFO - [2023-08-01T21:35:14.749+0000] {dagbag.py:541} INFO - Filling up the DagBag from /home/airflow/.local/lib/python3.7/site-packages/airflow/example_dags/example_task_group.py
[2023-08-01T21:35:14.764+0000] {processor.py:809} INFO - DAG(s) dict_keys(['example_task_group']) retrieved from /home/airflow/.local/lib/python3.7/site-packages/airflow/example_dags/example_task_group.py
[2023-08-01T21:35:14.841+0000] {logging_mixin.py:149} INFO - [2023-08-01T21:35:14.841+0000] {dag.py:2726} INFO - Sync 1 DAGs
[2023-08-01T21:35:14.878+0000] {logging_mixin.py:149} INFO - [2023-08-01T21:35:14.878+0000] {dag.py:3490} INFO - Setting next_dagrun for example_task_group to 2023-07-31T21:35:14.877761+00:00, run_after=2023-08-01T21:35:14.877761+00:00
[2023-08-01T21:35:14.902+0000] {processor.py:178} INFO - Processing /home/airflow/.local/lib/python3.7/site-packages/airflow/example_dags/example_task_group.py took 0.160 seconds
[2023-08-01T21:35:45.249+0000] {processor.py:156} INFO - Started process (PID=454) to work on /home/airflow/.local/lib/python3.7/site-packages/airflow/example_dags/example_task_group.py
[2023-08-01T21:35:45.253+0000] {processor.py:799} INFO - Processing file /home/airflow/.local/lib/python3.7/site-packages/airflow/example_dags/example_task_group.py for tasks to queue
[2023-08-01T21:35:45.254+0000] {logging_mixin.py:149} INFO - [2023-08-01T21:35:45.254+0000] {dagbag.py:541} INFO - Filling up the DagBag from /home/airflow/.local/lib/python3.7/site-packages/airflow/example_dags/example_task_group.py
[2023-08-01T21:35:45.284+0000] {processor.py:809} INFO - DAG(s) dict_keys(['example_task_group']) retrieved from /home/airflow/.local/lib/python3.7/site-packages/airflow/example_dags/example_task_group.py
[2023-08-01T21:35:45.455+0000] {logging_mixin.py:149} INFO - [2023-08-01T21:35:45.454+0000] {dag.py:2726} INFO - Sync 1 DAGs
[2023-08-01T21:35:45.526+0000] {logging_mixin.py:149} INFO - [2023-08-01T21:35:45.526+0000] {dag.py:3490} INFO - Setting next_dagrun for example_task_group to 2023-07-31T21:35:45.521821+00:00, run_after=2023-08-01T21:35:45.521821+00:00
[2023-08-01T21:35:45.623+0000] {processor.py:178} INFO - Processing /home/airflow/.local/lib/python3.7/site-packages/airflow/example_dags/example_task_group.py took 0.380 seconds
[2023-08-01T21:36:15.895+0000] {processor.py:156} INFO - Started process (PID=511) to work on /home/airflow/.local/lib/python3.7/site-packages/airflow/example_dags/example_task_group.py
[2023-08-01T21:36:15.896+0000] {processor.py:799} INFO - Processing file /home/airflow/.local/lib/python3.7/site-packages/airflow/example_dags/example_task_group.py for tasks to queue
[2023-08-01T21:36:15.897+0000] {logging_mixin.py:149} INFO - [2023-08-01T21:36:15.897+0000] {dagbag.py:541} INFO - Filling up the DagBag from /home/airflow/.local/lib/python3.7/site-packages/airflow/example_dags/example_task_group.py
[2023-08-01T21:36:15.907+0000] {processor.py:809} INFO - DAG(s) dict_keys(['example_task_group']) retrieved from /home/airflow/.local/lib/python3.7/site-packages/airflow/example_dags/example_task_group.py
[2023-08-01T21:36:15.978+0000] {logging_mixin.py:149} INFO - [2023-08-01T21:36:15.978+0000] {dag.py:2726} INFO - Sync 1 DAGs
[2023-08-01T21:36:16.013+0000] {logging_mixin.py:149} INFO - [2023-08-01T21:36:16.013+0000] {dag.py:3490} INFO - Setting next_dagrun for example_task_group to 2023-07-31T21:36:16.012421+00:00, run_after=2023-08-01T21:36:16.012421+00:00
[2023-08-01T21:36:16.037+0000] {processor.py:178} INFO - Processing /home/airflow/.local/lib/python3.7/site-packages/airflow/example_dags/example_task_group.py took 0.145 seconds
[2023-08-01T21:36:46.659+0000] {processor.py:156} INFO - Started process (PID=568) to work on /home/airflow/.local/lib/python3.7/site-packages/airflow/example_dags/example_task_group.py
[2023-08-01T21:36:46.661+0000] {processor.py:799} INFO - Processing file /home/airflow/.local/lib/python3.7/site-packages/airflow/example_dags/example_task_group.py for tasks to queue
[2023-08-01T21:36:46.662+0000] {logging_mixin.py:149} INFO - [2023-08-01T21:36:46.662+0000] {dagbag.py:541} INFO - Filling up the DagBag from /home/airflow/.local/lib/python3.7/site-packages/airflow/example_dags/example_task_group.py
[2023-08-01T21:36:46.674+0000] {processor.py:809} INFO - DAG(s) dict_keys(['example_task_group']) retrieved from /home/airflow/.local/lib/python3.7/site-packages/airflow/example_dags/example_task_group.py
[2023-08-01T21:36:46.747+0000] {logging_mixin.py:149} INFO - [2023-08-01T21:36:46.747+0000] {dag.py:2726} INFO - Sync 1 DAGs
[2023-08-01T21:36:46.781+0000] {logging_mixin.py:149} INFO - [2023-08-01T21:36:46.781+0000] {dag.py:3490} INFO - Setting next_dagrun for example_task_group to 2023-07-31T21:36:46.780798+00:00, run_after=2023-08-01T21:36:46.780798+00:00
[2023-08-01T21:36:46.804+0000] {processor.py:178} INFO - Processing /home/airflow/.local/lib/python3.7/site-packages/airflow/example_dags/example_task_group.py took 0.149 seconds
