[2023-08-01T21:30:30.301+0000] {processor.py:156} INFO - Started process (PID=39) to work on /home/airflow/.local/lib/python3.7/site-packages/airflow/example_dags/example_bash_operator.py
[2023-08-01T21:30:30.302+0000] {processor.py:799} INFO - Processing file /home/airflow/.local/lib/python3.7/site-packages/airflow/example_dags/example_bash_operator.py for tasks to queue
[2023-08-01T21:30:30.303+0000] {logging_mixin.py:149} INFO - [2023-08-01T21:30:30.303+0000] {dagbag.py:541} INFO - Filling up the DagBag from /home/airflow/.local/lib/python3.7/site-packages/airflow/example_dags/example_bash_operator.py
[2023-08-01T21:30:30.321+0000] {processor.py:809} INFO - DAG(s) dict_keys(['example_bash_operator']) retrieved from /home/airflow/.local/lib/python3.7/site-packages/airflow/example_dags/example_bash_operator.py
[2023-08-01T21:30:30.388+0000] {logging_mixin.py:149} INFO - [2023-08-01T21:30:30.388+0000] {dag.py:2726} INFO - Sync 1 DAGs
[2023-08-01T21:30:30.428+0000] {logging_mixin.py:149} INFO - [2023-08-01T21:30:30.428+0000] {dag.py:3490} INFO - Setting next_dagrun for example_bash_operator to 2023-07-31T00:00:00+00:00, run_after=2023-08-01T00:00:00+00:00
[2023-08-01T21:30:30.450+0000] {processor.py:178} INFO - Processing /home/airflow/.local/lib/python3.7/site-packages/airflow/example_dags/example_bash_operator.py took 0.153 seconds
[2023-08-01T21:31:01.105+0000] {processor.py:156} INFO - Started process (PID=96) to work on /home/airflow/.local/lib/python3.7/site-packages/airflow/example_dags/example_bash_operator.py
[2023-08-01T21:31:01.106+0000] {processor.py:799} INFO - Processing file /home/airflow/.local/lib/python3.7/site-packages/airflow/example_dags/example_bash_operator.py for tasks to queue
[2023-08-01T21:31:01.107+0000] {logging_mixin.py:149} INFO - [2023-08-01T21:31:01.107+0000] {dagbag.py:541} INFO - Filling up the DagBag from /home/airflow/.local/lib/python3.7/site-packages/airflow/example_dags/example_bash_operator.py
[2023-08-01T21:31:01.124+0000] {processor.py:809} INFO - DAG(s) dict_keys(['example_bash_operator']) retrieved from /home/airflow/.local/lib/python3.7/site-packages/airflow/example_dags/example_bash_operator.py
[2023-08-01T21:31:01.207+0000] {logging_mixin.py:149} INFO - [2023-08-01T21:31:01.207+0000] {dag.py:2726} INFO - Sync 1 DAGs
[2023-08-01T21:31:01.244+0000] {logging_mixin.py:149} INFO - [2023-08-01T21:31:01.244+0000] {dag.py:3490} INFO - Setting next_dagrun for example_bash_operator to 2023-07-31T00:00:00+00:00, run_after=2023-08-01T00:00:00+00:00
[2023-08-01T21:31:01.265+0000] {processor.py:178} INFO - Processing /home/airflow/.local/lib/python3.7/site-packages/airflow/example_dags/example_bash_operator.py took 0.163 seconds
[2023-08-01T21:32:02.774+0000] {processor.py:156} INFO - Started process (PID=38) to work on /home/airflow/.local/lib/python3.7/site-packages/airflow/example_dags/example_bash_operator.py
[2023-08-01T21:32:02.777+0000] {processor.py:799} INFO - Processing file /home/airflow/.local/lib/python3.7/site-packages/airflow/example_dags/example_bash_operator.py for tasks to queue
[2023-08-01T21:32:02.779+0000] {logging_mixin.py:149} INFO - [2023-08-01T21:32:02.779+0000] {dagbag.py:541} INFO - Filling up the DagBag from /home/airflow/.local/lib/python3.7/site-packages/airflow/example_dags/example_bash_operator.py
[2023-08-01T21:32:02.843+0000] {processor.py:809} INFO - DAG(s) dict_keys(['example_bash_operator']) retrieved from /home/airflow/.local/lib/python3.7/site-packages/airflow/example_dags/example_bash_operator.py
[2023-08-01T21:32:02.998+0000] {logging_mixin.py:149} INFO - [2023-08-01T21:32:02.997+0000] {dag.py:2726} INFO - Sync 1 DAGs
[2023-08-01T21:32:03.113+0000] {logging_mixin.py:149} INFO - [2023-08-01T21:32:03.112+0000] {dag.py:3490} INFO - Setting next_dagrun for example_bash_operator to 2023-07-31T00:00:00+00:00, run_after=2023-08-01T00:00:00+00:00
[2023-08-01T21:32:03.470+0000] {processor.py:178} INFO - Processing /home/airflow/.local/lib/python3.7/site-packages/airflow/example_dags/example_bash_operator.py took 0.699 seconds
[2023-08-01T21:32:34.660+0000] {processor.py:156} INFO - Started process (PID=95) to work on /home/airflow/.local/lib/python3.7/site-packages/airflow/example_dags/example_bash_operator.py
[2023-08-01T21:32:34.665+0000] {processor.py:799} INFO - Processing file /home/airflow/.local/lib/python3.7/site-packages/airflow/example_dags/example_bash_operator.py for tasks to queue
[2023-08-01T21:32:34.667+0000] {logging_mixin.py:149} INFO - [2023-08-01T21:32:34.667+0000] {dagbag.py:541} INFO - Filling up the DagBag from /home/airflow/.local/lib/python3.7/site-packages/airflow/example_dags/example_bash_operator.py
[2023-08-01T21:32:34.783+0000] {processor.py:809} INFO - DAG(s) dict_keys(['example_bash_operator']) retrieved from /home/airflow/.local/lib/python3.7/site-packages/airflow/example_dags/example_bash_operator.py
[2023-08-01T21:32:35.028+0000] {logging_mixin.py:149} INFO - [2023-08-01T21:32:35.027+0000] {dag.py:2726} INFO - Sync 1 DAGs
[2023-08-01T21:32:35.082+0000] {logging_mixin.py:149} INFO - [2023-08-01T21:32:35.082+0000] {dag.py:3490} INFO - Setting next_dagrun for example_bash_operator to 2023-07-31T00:00:00+00:00, run_after=2023-08-01T00:00:00+00:00
[2023-08-01T21:32:35.119+0000] {processor.py:178} INFO - Processing /home/airflow/.local/lib/python3.7/site-packages/airflow/example_dags/example_bash_operator.py took 0.472 seconds
[2023-08-01T21:33:05.218+0000] {processor.py:156} INFO - Started process (PID=152) to work on /home/airflow/.local/lib/python3.7/site-packages/airflow/example_dags/example_bash_operator.py
[2023-08-01T21:33:05.220+0000] {processor.py:799} INFO - Processing file /home/airflow/.local/lib/python3.7/site-packages/airflow/example_dags/example_bash_operator.py for tasks to queue
[2023-08-01T21:33:05.222+0000] {logging_mixin.py:149} INFO - [2023-08-01T21:33:05.221+0000] {dagbag.py:541} INFO - Filling up the DagBag from /home/airflow/.local/lib/python3.7/site-packages/airflow/example_dags/example_bash_operator.py
[2023-08-01T21:33:05.246+0000] {processor.py:809} INFO - DAG(s) dict_keys(['example_bash_operator']) retrieved from /home/airflow/.local/lib/python3.7/site-packages/airflow/example_dags/example_bash_operator.py
[2023-08-01T21:33:05.330+0000] {logging_mixin.py:149} INFO - [2023-08-01T21:33:05.330+0000] {dag.py:2726} INFO - Sync 1 DAGs
[2023-08-01T21:33:05.486+0000] {logging_mixin.py:149} INFO - [2023-08-01T21:33:05.485+0000] {dag.py:3490} INFO - Setting next_dagrun for example_bash_operator to 2023-07-31T00:00:00+00:00, run_after=2023-08-01T00:00:00+00:00
[2023-08-01T21:33:05.524+0000] {processor.py:178} INFO - Processing /home/airflow/.local/lib/python3.7/site-packages/airflow/example_dags/example_bash_operator.py took 0.311 seconds
[2023-08-01T21:33:36.589+0000] {processor.py:156} INFO - Started process (PID=209) to work on /home/airflow/.local/lib/python3.7/site-packages/airflow/example_dags/example_bash_operator.py
[2023-08-01T21:33:36.591+0000] {processor.py:799} INFO - Processing file /home/airflow/.local/lib/python3.7/site-packages/airflow/example_dags/example_bash_operator.py for tasks to queue
[2023-08-01T21:33:36.592+0000] {logging_mixin.py:149} INFO - [2023-08-01T21:33:36.591+0000] {dagbag.py:541} INFO - Filling up the DagBag from /home/airflow/.local/lib/python3.7/site-packages/airflow/example_dags/example_bash_operator.py
[2023-08-01T21:33:36.611+0000] {processor.py:809} INFO - DAG(s) dict_keys(['example_bash_operator']) retrieved from /home/airflow/.local/lib/python3.7/site-packages/airflow/example_dags/example_bash_operator.py
[2023-08-01T21:33:36.720+0000] {logging_mixin.py:149} INFO - [2023-08-01T21:33:36.720+0000] {dag.py:2726} INFO - Sync 1 DAGs
[2023-08-01T21:33:36.767+0000] {logging_mixin.py:149} INFO - [2023-08-01T21:33:36.766+0000] {dag.py:3490} INFO - Setting next_dagrun for example_bash_operator to 2023-07-31T00:00:00+00:00, run_after=2023-08-01T00:00:00+00:00
[2023-08-01T21:33:36.797+0000] {processor.py:178} INFO - Processing /home/airflow/.local/lib/python3.7/site-packages/airflow/example_dags/example_bash_operator.py took 0.211 seconds
[2023-08-01T21:34:06.939+0000] {processor.py:156} INFO - Started process (PID=266) to work on /home/airflow/.local/lib/python3.7/site-packages/airflow/example_dags/example_bash_operator.py
[2023-08-01T21:34:06.940+0000] {processor.py:799} INFO - Processing file /home/airflow/.local/lib/python3.7/site-packages/airflow/example_dags/example_bash_operator.py for tasks to queue
[2023-08-01T21:34:06.941+0000] {logging_mixin.py:149} INFO - [2023-08-01T21:34:06.941+0000] {dagbag.py:541} INFO - Filling up the DagBag from /home/airflow/.local/lib/python3.7/site-packages/airflow/example_dags/example_bash_operator.py
[2023-08-01T21:34:06.958+0000] {processor.py:809} INFO - DAG(s) dict_keys(['example_bash_operator']) retrieved from /home/airflow/.local/lib/python3.7/site-packages/airflow/example_dags/example_bash_operator.py
[2023-08-01T21:34:07.048+0000] {logging_mixin.py:149} INFO - [2023-08-01T21:34:07.048+0000] {dag.py:2726} INFO - Sync 1 DAGs
[2023-08-01T21:34:07.084+0000] {logging_mixin.py:149} INFO - [2023-08-01T21:34:07.084+0000] {dag.py:3490} INFO - Setting next_dagrun for example_bash_operator to 2023-07-31T00:00:00+00:00, run_after=2023-08-01T00:00:00+00:00
[2023-08-01T21:34:07.107+0000] {processor.py:178} INFO - Processing /home/airflow/.local/lib/python3.7/site-packages/airflow/example_dags/example_bash_operator.py took 0.171 seconds
[2023-08-01T21:34:37.407+0000] {processor.py:156} INFO - Started process (PID=323) to work on /home/airflow/.local/lib/python3.7/site-packages/airflow/example_dags/example_bash_operator.py
[2023-08-01T21:34:37.409+0000] {processor.py:799} INFO - Processing file /home/airflow/.local/lib/python3.7/site-packages/airflow/example_dags/example_bash_operator.py for tasks to queue
[2023-08-01T21:34:37.411+0000] {logging_mixin.py:149} INFO - [2023-08-01T21:34:37.410+0000] {dagbag.py:541} INFO - Filling up the DagBag from /home/airflow/.local/lib/python3.7/site-packages/airflow/example_dags/example_bash_operator.py
[2023-08-01T21:34:37.431+0000] {processor.py:809} INFO - DAG(s) dict_keys(['example_bash_operator']) retrieved from /home/airflow/.local/lib/python3.7/site-packages/airflow/example_dags/example_bash_operator.py
[2023-08-01T21:34:37.537+0000] {logging_mixin.py:149} INFO - [2023-08-01T21:34:37.537+0000] {dag.py:2726} INFO - Sync 1 DAGs
[2023-08-01T21:34:37.576+0000] {logging_mixin.py:149} INFO - [2023-08-01T21:34:37.576+0000] {dag.py:3490} INFO - Setting next_dagrun for example_bash_operator to 2023-07-31T00:00:00+00:00, run_after=2023-08-01T00:00:00+00:00
[2023-08-01T21:34:37.602+0000] {processor.py:178} INFO - Processing /home/airflow/.local/lib/python3.7/site-packages/airflow/example_dags/example_bash_operator.py took 0.200 seconds
[2023-08-01T21:35:08.008+0000] {processor.py:156} INFO - Started process (PID=380) to work on /home/airflow/.local/lib/python3.7/site-packages/airflow/example_dags/example_bash_operator.py
[2023-08-01T21:35:08.010+0000] {processor.py:799} INFO - Processing file /home/airflow/.local/lib/python3.7/site-packages/airflow/example_dags/example_bash_operator.py for tasks to queue
[2023-08-01T21:35:08.011+0000] {logging_mixin.py:149} INFO - [2023-08-01T21:35:08.011+0000] {dagbag.py:541} INFO - Filling up the DagBag from /home/airflow/.local/lib/python3.7/site-packages/airflow/example_dags/example_bash_operator.py
[2023-08-01T21:35:08.028+0000] {processor.py:809} INFO - DAG(s) dict_keys(['example_bash_operator']) retrieved from /home/airflow/.local/lib/python3.7/site-packages/airflow/example_dags/example_bash_operator.py
[2023-08-01T21:35:08.110+0000] {logging_mixin.py:149} INFO - [2023-08-01T21:35:08.110+0000] {dag.py:2726} INFO - Sync 1 DAGs
[2023-08-01T21:35:08.145+0000] {logging_mixin.py:149} INFO - [2023-08-01T21:35:08.145+0000] {dag.py:3490} INFO - Setting next_dagrun for example_bash_operator to 2023-07-31T00:00:00+00:00, run_after=2023-08-01T00:00:00+00:00
[2023-08-01T21:35:08.166+0000] {processor.py:178} INFO - Processing /home/airflow/.local/lib/python3.7/site-packages/airflow/example_dags/example_bash_operator.py took 0.162 seconds
[2023-08-01T21:35:38.485+0000] {processor.py:156} INFO - Started process (PID=437) to work on /home/airflow/.local/lib/python3.7/site-packages/airflow/example_dags/example_bash_operator.py
[2023-08-01T21:35:38.486+0000] {processor.py:799} INFO - Processing file /home/airflow/.local/lib/python3.7/site-packages/airflow/example_dags/example_bash_operator.py for tasks to queue
[2023-08-01T21:35:38.487+0000] {logging_mixin.py:149} INFO - [2023-08-01T21:35:38.487+0000] {dagbag.py:541} INFO - Filling up the DagBag from /home/airflow/.local/lib/python3.7/site-packages/airflow/example_dags/example_bash_operator.py
[2023-08-01T21:35:38.502+0000] {processor.py:809} INFO - DAG(s) dict_keys(['example_bash_operator']) retrieved from /home/airflow/.local/lib/python3.7/site-packages/airflow/example_dags/example_bash_operator.py
[2023-08-01T21:35:38.584+0000] {logging_mixin.py:149} INFO - [2023-08-01T21:35:38.584+0000] {dag.py:2726} INFO - Sync 1 DAGs
[2023-08-01T21:35:38.620+0000] {logging_mixin.py:149} INFO - [2023-08-01T21:35:38.620+0000] {dag.py:3490} INFO - Setting next_dagrun for example_bash_operator to 2023-07-31T00:00:00+00:00, run_after=2023-08-01T00:00:00+00:00
[2023-08-01T21:35:38.642+0000] {processor.py:178} INFO - Processing /home/airflow/.local/lib/python3.7/site-packages/airflow/example_dags/example_bash_operator.py took 0.161 seconds
[2023-08-01T21:36:09.668+0000] {processor.py:156} INFO - Started process (PID=494) to work on /home/airflow/.local/lib/python3.7/site-packages/airflow/example_dags/example_bash_operator.py
[2023-08-01T21:36:09.671+0000] {processor.py:799} INFO - Processing file /home/airflow/.local/lib/python3.7/site-packages/airflow/example_dags/example_bash_operator.py for tasks to queue
[2023-08-01T21:36:09.673+0000] {logging_mixin.py:149} INFO - [2023-08-01T21:36:09.673+0000] {dagbag.py:541} INFO - Filling up the DagBag from /home/airflow/.local/lib/python3.7/site-packages/airflow/example_dags/example_bash_operator.py
[2023-08-01T21:36:09.692+0000] {processor.py:809} INFO - DAG(s) dict_keys(['example_bash_operator']) retrieved from /home/airflow/.local/lib/python3.7/site-packages/airflow/example_dags/example_bash_operator.py
[2023-08-01T21:36:09.821+0000] {logging_mixin.py:149} INFO - [2023-08-01T21:36:09.820+0000] {dag.py:2726} INFO - Sync 1 DAGs
[2023-08-01T21:36:09.864+0000] {logging_mixin.py:149} INFO - [2023-08-01T21:36:09.863+0000] {dag.py:3490} INFO - Setting next_dagrun for example_bash_operator to 2023-07-31T00:00:00+00:00, run_after=2023-08-01T00:00:00+00:00
[2023-08-01T21:36:09.893+0000] {processor.py:178} INFO - Processing /home/airflow/.local/lib/python3.7/site-packages/airflow/example_dags/example_bash_operator.py took 0.233 seconds
[2023-08-01T21:36:40.152+0000] {processor.py:156} INFO - Started process (PID=551) to work on /home/airflow/.local/lib/python3.7/site-packages/airflow/example_dags/example_bash_operator.py
[2023-08-01T21:36:40.154+0000] {processor.py:799} INFO - Processing file /home/airflow/.local/lib/python3.7/site-packages/airflow/example_dags/example_bash_operator.py for tasks to queue
[2023-08-01T21:36:40.154+0000] {logging_mixin.py:149} INFO - [2023-08-01T21:36:40.154+0000] {dagbag.py:541} INFO - Filling up the DagBag from /home/airflow/.local/lib/python3.7/site-packages/airflow/example_dags/example_bash_operator.py
[2023-08-01T21:36:40.170+0000] {processor.py:809} INFO - DAG(s) dict_keys(['example_bash_operator']) retrieved from /home/airflow/.local/lib/python3.7/site-packages/airflow/example_dags/example_bash_operator.py
[2023-08-01T21:36:40.256+0000] {logging_mixin.py:149} INFO - [2023-08-01T21:36:40.256+0000] {dag.py:2726} INFO - Sync 1 DAGs
[2023-08-01T21:36:40.292+0000] {logging_mixin.py:149} INFO - [2023-08-01T21:36:40.292+0000] {dag.py:3490} INFO - Setting next_dagrun for example_bash_operator to 2023-07-31T00:00:00+00:00, run_after=2023-08-01T00:00:00+00:00
[2023-08-01T21:36:40.316+0000] {processor.py:178} INFO - Processing /home/airflow/.local/lib/python3.7/site-packages/airflow/example_dags/example_bash_operator.py took 0.167 seconds
