[2023-08-01T21:30:34.365+0000] {processor.py:156} INFO - Started process (PID=72) to work on /home/airflow/.local/lib/python3.7/site-packages/airflow/example_dags/example_task_group_decorator.py
[2023-08-01T21:30:34.366+0000] {processor.py:799} INFO - Processing file /home/airflow/.local/lib/python3.7/site-packages/airflow/example_dags/example_task_group_decorator.py for tasks to queue
[2023-08-01T21:30:34.366+0000] {logging_mixin.py:149} INFO - [2023-08-01T21:30:34.366+0000] {dagbag.py:541} INFO - Filling up the DagBag from /home/airflow/.local/lib/python3.7/site-packages/airflow/example_dags/example_task_group_decorator.py
[2023-08-01T21:30:34.381+0000] {processor.py:809} INFO - DAG(s) dict_keys(['example_task_group_decorator']) retrieved from /home/airflow/.local/lib/python3.7/site-packages/airflow/example_dags/example_task_group_decorator.py
[2023-08-01T21:30:34.440+0000] {logging_mixin.py:149} INFO - [2023-08-01T21:30:34.440+0000] {dag.py:2726} INFO - Sync 1 DAGs
[2023-08-01T21:30:34.475+0000] {logging_mixin.py:149} INFO - [2023-08-01T21:30:34.475+0000] {dag.py:3490} INFO - Setting next_dagrun for example_task_group_decorator to 2023-07-31T21:30:34.475070+00:00, run_after=2023-08-01T21:30:34.475070+00:00
[2023-08-01T21:30:34.498+0000] {processor.py:178} INFO - Processing /home/airflow/.local/lib/python3.7/site-packages/airflow/example_dags/example_task_group_decorator.py took 0.136 seconds
[2023-08-01T21:31:05.333+0000] {processor.py:156} INFO - Started process (PID=129) to work on /home/airflow/.local/lib/python3.7/site-packages/airflow/example_dags/example_task_group_decorator.py
[2023-08-01T21:31:05.335+0000] {processor.py:799} INFO - Processing file /home/airflow/.local/lib/python3.7/site-packages/airflow/example_dags/example_task_group_decorator.py for tasks to queue
[2023-08-01T21:31:05.336+0000] {logging_mixin.py:149} INFO - [2023-08-01T21:31:05.336+0000] {dagbag.py:541} INFO - Filling up the DagBag from /home/airflow/.local/lib/python3.7/site-packages/airflow/example_dags/example_task_group_decorator.py
[2023-08-01T21:31:05.353+0000] {processor.py:809} INFO - DAG(s) dict_keys(['example_task_group_decorator']) retrieved from /home/airflow/.local/lib/python3.7/site-packages/airflow/example_dags/example_task_group_decorator.py
[2023-08-01T21:31:05.440+0000] {logging_mixin.py:149} INFO - [2023-08-01T21:31:05.440+0000] {dag.py:2726} INFO - Sync 1 DAGs
[2023-08-01T21:31:05.476+0000] {logging_mixin.py:149} INFO - [2023-08-01T21:31:05.476+0000] {dag.py:3490} INFO - Setting next_dagrun for example_task_group_decorator to 2023-07-31T21:31:05.475862+00:00, run_after=2023-08-01T21:31:05.475862+00:00
[2023-08-01T21:31:05.501+0000] {processor.py:178} INFO - Processing /home/airflow/.local/lib/python3.7/site-packages/airflow/example_dags/example_task_group_decorator.py took 0.172 seconds
[2023-08-01T21:32:12.747+0000] {processor.py:156} INFO - Started process (PID=71) to work on /home/airflow/.local/lib/python3.7/site-packages/airflow/example_dags/example_task_group_decorator.py
[2023-08-01T21:32:12.749+0000] {processor.py:799} INFO - Processing file /home/airflow/.local/lib/python3.7/site-packages/airflow/example_dags/example_task_group_decorator.py for tasks to queue
[2023-08-01T21:32:12.750+0000] {logging_mixin.py:149} INFO - [2023-08-01T21:32:12.750+0000] {dagbag.py:541} INFO - Filling up the DagBag from /home/airflow/.local/lib/python3.7/site-packages/airflow/example_dags/example_task_group_decorator.py
[2023-08-01T21:32:12.764+0000] {processor.py:809} INFO - DAG(s) dict_keys(['example_task_group_decorator']) retrieved from /home/airflow/.local/lib/python3.7/site-packages/airflow/example_dags/example_task_group_decorator.py
[2023-08-01T21:32:12.834+0000] {logging_mixin.py:149} INFO - [2023-08-01T21:32:12.834+0000] {dag.py:2726} INFO - Sync 1 DAGs
[2023-08-01T21:32:12.874+0000] {logging_mixin.py:149} INFO - [2023-08-01T21:32:12.873+0000] {dag.py:3490} INFO - Setting next_dagrun for example_task_group_decorator to 2023-07-31T21:32:12.873348+00:00, run_after=2023-08-01T21:32:12.873348+00:00
[2023-08-01T21:32:12.898+0000] {processor.py:178} INFO - Processing /home/airflow/.local/lib/python3.7/site-packages/airflow/example_dags/example_task_group_decorator.py took 0.155 seconds
[2023-08-01T21:32:43.578+0000] {processor.py:156} INFO - Started process (PID=128) to work on /home/airflow/.local/lib/python3.7/site-packages/airflow/example_dags/example_task_group_decorator.py
[2023-08-01T21:32:43.580+0000] {processor.py:799} INFO - Processing file /home/airflow/.local/lib/python3.7/site-packages/airflow/example_dags/example_task_group_decorator.py for tasks to queue
[2023-08-01T21:32:43.581+0000] {logging_mixin.py:149} INFO - [2023-08-01T21:32:43.581+0000] {dagbag.py:541} INFO - Filling up the DagBag from /home/airflow/.local/lib/python3.7/site-packages/airflow/example_dags/example_task_group_decorator.py
[2023-08-01T21:32:43.596+0000] {processor.py:809} INFO - DAG(s) dict_keys(['example_task_group_decorator']) retrieved from /home/airflow/.local/lib/python3.7/site-packages/airflow/example_dags/example_task_group_decorator.py
[2023-08-01T21:32:43.676+0000] {logging_mixin.py:149} INFO - [2023-08-01T21:32:43.676+0000] {dag.py:2726} INFO - Sync 1 DAGs
[2023-08-01T21:32:43.716+0000] {logging_mixin.py:149} INFO - [2023-08-01T21:32:43.716+0000] {dag.py:3490} INFO - Setting next_dagrun for example_task_group_decorator to 2023-07-31T21:32:43.716108+00:00, run_after=2023-08-01T21:32:43.716108+00:00
[2023-08-01T21:32:43.830+0000] {processor.py:178} INFO - Processing /home/airflow/.local/lib/python3.7/site-packages/airflow/example_dags/example_task_group_decorator.py took 0.256 seconds
[2023-08-01T21:33:15.544+0000] {processor.py:156} INFO - Started process (PID=185) to work on /home/airflow/.local/lib/python3.7/site-packages/airflow/example_dags/example_task_group_decorator.py
[2023-08-01T21:33:15.545+0000] {processor.py:799} INFO - Processing file /home/airflow/.local/lib/python3.7/site-packages/airflow/example_dags/example_task_group_decorator.py for tasks to queue
[2023-08-01T21:33:15.546+0000] {logging_mixin.py:149} INFO - [2023-08-01T21:33:15.546+0000] {dagbag.py:541} INFO - Filling up the DagBag from /home/airflow/.local/lib/python3.7/site-packages/airflow/example_dags/example_task_group_decorator.py
[2023-08-01T21:33:15.647+0000] {processor.py:809} INFO - DAG(s) dict_keys(['example_task_group_decorator']) retrieved from /home/airflow/.local/lib/python3.7/site-packages/airflow/example_dags/example_task_group_decorator.py
[2023-08-01T21:33:15.726+0000] {logging_mixin.py:149} INFO - [2023-08-01T21:33:15.725+0000] {dag.py:2726} INFO - Sync 1 DAGs
[2023-08-01T21:33:15.763+0000] {logging_mixin.py:149} INFO - [2023-08-01T21:33:15.762+0000] {dag.py:3490} INFO - Setting next_dagrun for example_task_group_decorator to 2023-07-31T21:33:15.761927+00:00, run_after=2023-08-01T21:33:15.761927+00:00
[2023-08-01T21:33:16.184+0000] {processor.py:178} INFO - Processing /home/airflow/.local/lib/python3.7/site-packages/airflow/example_dags/example_task_group_decorator.py took 0.638 seconds
[2023-08-01T21:33:46.879+0000] {processor.py:156} INFO - Started process (PID=242) to work on /home/airflow/.local/lib/python3.7/site-packages/airflow/example_dags/example_task_group_decorator.py
[2023-08-01T21:33:46.881+0000] {processor.py:799} INFO - Processing file /home/airflow/.local/lib/python3.7/site-packages/airflow/example_dags/example_task_group_decorator.py for tasks to queue
[2023-08-01T21:33:46.883+0000] {logging_mixin.py:149} INFO - [2023-08-01T21:33:46.882+0000] {dagbag.py:541} INFO - Filling up the DagBag from /home/airflow/.local/lib/python3.7/site-packages/airflow/example_dags/example_task_group_decorator.py
[2023-08-01T21:33:46.902+0000] {processor.py:809} INFO - DAG(s) dict_keys(['example_task_group_decorator']) retrieved from /home/airflow/.local/lib/python3.7/site-packages/airflow/example_dags/example_task_group_decorator.py
[2023-08-01T21:33:46.982+0000] {logging_mixin.py:149} INFO - [2023-08-01T21:33:46.982+0000] {dag.py:2726} INFO - Sync 1 DAGs
[2023-08-01T21:33:47.022+0000] {logging_mixin.py:149} INFO - [2023-08-01T21:33:47.022+0000] {dag.py:3490} INFO - Setting next_dagrun for example_task_group_decorator to 2023-07-31T21:33:47.021451+00:00, run_after=2023-08-01T21:33:47.021451+00:00
[2023-08-01T21:33:47.046+0000] {processor.py:178} INFO - Processing /home/airflow/.local/lib/python3.7/site-packages/airflow/example_dags/example_task_group_decorator.py took 0.173 seconds
[2023-08-01T21:34:17.184+0000] {processor.py:156} INFO - Started process (PID=299) to work on /home/airflow/.local/lib/python3.7/site-packages/airflow/example_dags/example_task_group_decorator.py
[2023-08-01T21:34:17.185+0000] {processor.py:799} INFO - Processing file /home/airflow/.local/lib/python3.7/site-packages/airflow/example_dags/example_task_group_decorator.py for tasks to queue
[2023-08-01T21:34:17.186+0000] {logging_mixin.py:149} INFO - [2023-08-01T21:34:17.186+0000] {dagbag.py:541} INFO - Filling up the DagBag from /home/airflow/.local/lib/python3.7/site-packages/airflow/example_dags/example_task_group_decorator.py
[2023-08-01T21:34:17.200+0000] {processor.py:809} INFO - DAG(s) dict_keys(['example_task_group_decorator']) retrieved from /home/airflow/.local/lib/python3.7/site-packages/airflow/example_dags/example_task_group_decorator.py
[2023-08-01T21:34:17.279+0000] {logging_mixin.py:149} INFO - [2023-08-01T21:34:17.278+0000] {dag.py:2726} INFO - Sync 1 DAGs
[2023-08-01T21:34:17.328+0000] {logging_mixin.py:149} INFO - [2023-08-01T21:34:17.328+0000] {dag.py:3490} INFO - Setting next_dagrun for example_task_group_decorator to 2023-07-31T21:34:17.327283+00:00, run_after=2023-08-01T21:34:17.327283+00:00
[2023-08-01T21:34:17.354+0000] {processor.py:178} INFO - Processing /home/airflow/.local/lib/python3.7/site-packages/airflow/example_dags/example_task_group_decorator.py took 0.173 seconds
[2023-08-01T21:34:47.781+0000] {processor.py:156} INFO - Started process (PID=356) to work on /home/airflow/.local/lib/python3.7/site-packages/airflow/example_dags/example_task_group_decorator.py
[2023-08-01T21:34:47.782+0000] {processor.py:799} INFO - Processing file /home/airflow/.local/lib/python3.7/site-packages/airflow/example_dags/example_task_group_decorator.py for tasks to queue
[2023-08-01T21:34:47.783+0000] {logging_mixin.py:149} INFO - [2023-08-01T21:34:47.783+0000] {dagbag.py:541} INFO - Filling up the DagBag from /home/airflow/.local/lib/python3.7/site-packages/airflow/example_dags/example_task_group_decorator.py
[2023-08-01T21:34:47.797+0000] {processor.py:809} INFO - DAG(s) dict_keys(['example_task_group_decorator']) retrieved from /home/airflow/.local/lib/python3.7/site-packages/airflow/example_dags/example_task_group_decorator.py
[2023-08-01T21:34:47.872+0000] {logging_mixin.py:149} INFO - [2023-08-01T21:34:47.872+0000] {dag.py:2726} INFO - Sync 1 DAGs
[2023-08-01T21:34:47.909+0000] {logging_mixin.py:149} INFO - [2023-08-01T21:34:47.909+0000] {dag.py:3490} INFO - Setting next_dagrun for example_task_group_decorator to 2023-07-31T21:34:47.908757+00:00, run_after=2023-08-01T21:34:47.908757+00:00
[2023-08-01T21:34:47.937+0000] {processor.py:178} INFO - Processing /home/airflow/.local/lib/python3.7/site-packages/airflow/example_dags/example_task_group_decorator.py took 0.158 seconds
[2023-08-01T21:35:18.865+0000] {processor.py:156} INFO - Started process (PID=413) to work on /home/airflow/.local/lib/python3.7/site-packages/airflow/example_dags/example_task_group_decorator.py
[2023-08-01T21:35:18.867+0000] {processor.py:799} INFO - Processing file /home/airflow/.local/lib/python3.7/site-packages/airflow/example_dags/example_task_group_decorator.py for tasks to queue
[2023-08-01T21:35:18.868+0000] {logging_mixin.py:149} INFO - [2023-08-01T21:35:18.867+0000] {dagbag.py:541} INFO - Filling up the DagBag from /home/airflow/.local/lib/python3.7/site-packages/airflow/example_dags/example_task_group_decorator.py
[2023-08-01T21:35:18.882+0000] {processor.py:809} INFO - DAG(s) dict_keys(['example_task_group_decorator']) retrieved from /home/airflow/.local/lib/python3.7/site-packages/airflow/example_dags/example_task_group_decorator.py
[2023-08-01T21:35:18.964+0000] {logging_mixin.py:149} INFO - [2023-08-01T21:35:18.964+0000] {dag.py:2726} INFO - Sync 1 DAGs
[2023-08-01T21:35:19.003+0000] {logging_mixin.py:149} INFO - [2023-08-01T21:35:19.003+0000] {dag.py:3490} INFO - Setting next_dagrun for example_task_group_decorator to 2023-07-31T21:35:19.002516+00:00, run_after=2023-08-01T21:35:19.002516+00:00
[2023-08-01T21:35:19.030+0000] {processor.py:178} INFO - Processing /home/airflow/.local/lib/python3.7/site-packages/airflow/example_dags/example_task_group_decorator.py took 0.168 seconds
[2023-08-01T21:35:50.068+0000] {processor.py:156} INFO - Started process (PID=470) to work on /home/airflow/.local/lib/python3.7/site-packages/airflow/example_dags/example_task_group_decorator.py
[2023-08-01T21:35:50.069+0000] {processor.py:799} INFO - Processing file /home/airflow/.local/lib/python3.7/site-packages/airflow/example_dags/example_task_group_decorator.py for tasks to queue
[2023-08-01T21:35:50.070+0000] {logging_mixin.py:149} INFO - [2023-08-01T21:35:50.070+0000] {dagbag.py:541} INFO - Filling up the DagBag from /home/airflow/.local/lib/python3.7/site-packages/airflow/example_dags/example_task_group_decorator.py
[2023-08-01T21:35:50.084+0000] {processor.py:809} INFO - DAG(s) dict_keys(['example_task_group_decorator']) retrieved from /home/airflow/.local/lib/python3.7/site-packages/airflow/example_dags/example_task_group_decorator.py
[2023-08-01T21:35:50.160+0000] {logging_mixin.py:149} INFO - [2023-08-01T21:35:50.160+0000] {dag.py:2726} INFO - Sync 1 DAGs
[2023-08-01T21:35:50.196+0000] {logging_mixin.py:149} INFO - [2023-08-01T21:35:50.196+0000] {dag.py:3490} INFO - Setting next_dagrun for example_task_group_decorator to 2023-07-31T21:35:50.195863+00:00, run_after=2023-08-01T21:35:50.195863+00:00
[2023-08-01T21:35:50.223+0000] {processor.py:178} INFO - Processing /home/airflow/.local/lib/python3.7/site-packages/airflow/example_dags/example_task_group_decorator.py took 0.158 seconds
[2023-08-01T21:36:21.205+0000] {processor.py:156} INFO - Started process (PID=527) to work on /home/airflow/.local/lib/python3.7/site-packages/airflow/example_dags/example_task_group_decorator.py
[2023-08-01T21:36:21.207+0000] {processor.py:799} INFO - Processing file /home/airflow/.local/lib/python3.7/site-packages/airflow/example_dags/example_task_group_decorator.py for tasks to queue
[2023-08-01T21:36:21.208+0000] {logging_mixin.py:149} INFO - [2023-08-01T21:36:21.208+0000] {dagbag.py:541} INFO - Filling up the DagBag from /home/airflow/.local/lib/python3.7/site-packages/airflow/example_dags/example_task_group_decorator.py
[2023-08-01T21:36:21.225+0000] {processor.py:809} INFO - DAG(s) dict_keys(['example_task_group_decorator']) retrieved from /home/airflow/.local/lib/python3.7/site-packages/airflow/example_dags/example_task_group_decorator.py
[2023-08-01T21:36:21.310+0000] {logging_mixin.py:149} INFO - [2023-08-01T21:36:21.309+0000] {dag.py:2726} INFO - Sync 1 DAGs
[2023-08-01T21:36:21.347+0000] {logging_mixin.py:149} INFO - [2023-08-01T21:36:21.347+0000] {dag.py:3490} INFO - Setting next_dagrun for example_task_group_decorator to 2023-07-31T21:36:21.346333+00:00, run_after=2023-08-01T21:36:21.346333+00:00
[2023-08-01T21:36:21.371+0000] {processor.py:178} INFO - Processing /home/airflow/.local/lib/python3.7/site-packages/airflow/example_dags/example_task_group_decorator.py took 0.170 seconds
[2023-08-01T21:36:51.999+0000] {processor.py:156} INFO - Started process (PID=584) to work on /home/airflow/.local/lib/python3.7/site-packages/airflow/example_dags/example_task_group_decorator.py
[2023-08-01T21:36:52.000+0000] {processor.py:799} INFO - Processing file /home/airflow/.local/lib/python3.7/site-packages/airflow/example_dags/example_task_group_decorator.py for tasks to queue
[2023-08-01T21:36:52.001+0000] {logging_mixin.py:149} INFO - [2023-08-01T21:36:52.001+0000] {dagbag.py:541} INFO - Filling up the DagBag from /home/airflow/.local/lib/python3.7/site-packages/airflow/example_dags/example_task_group_decorator.py
[2023-08-01T21:36:52.017+0000] {processor.py:809} INFO - DAG(s) dict_keys(['example_task_group_decorator']) retrieved from /home/airflow/.local/lib/python3.7/site-packages/airflow/example_dags/example_task_group_decorator.py
[2023-08-01T21:36:52.094+0000] {logging_mixin.py:149} INFO - [2023-08-01T21:36:52.094+0000] {dag.py:2726} INFO - Sync 1 DAGs
[2023-08-01T21:36:52.129+0000] {logging_mixin.py:149} INFO - [2023-08-01T21:36:52.129+0000] {dag.py:3490} INFO - Setting next_dagrun for example_task_group_decorator to 2023-07-31T21:36:52.128401+00:00, run_after=2023-08-01T21:36:52.128401+00:00
[2023-08-01T21:36:52.155+0000] {processor.py:178} INFO - Processing /home/airflow/.local/lib/python3.7/site-packages/airflow/example_dags/example_task_group_decorator.py took 0.160 seconds
