[2023-08-01T21:30:30.399+0000] {processor.py:156} INFO - Started process (PID=40) to work on /home/airflow/.local/lib/python3.7/site-packages/airflow/example_dags/example_branch_labels.py
[2023-08-01T21:30:30.400+0000] {processor.py:799} INFO - Processing file /home/airflow/.local/lib/python3.7/site-packages/airflow/example_dags/example_branch_labels.py for tasks to queue
[2023-08-01T21:30:30.401+0000] {logging_mixin.py:149} INFO - [2023-08-01T21:30:30.401+0000] {dagbag.py:541} INFO - Filling up the DagBag from /home/airflow/.local/lib/python3.7/site-packages/airflow/example_dags/example_branch_labels.py
[2023-08-01T21:30:30.414+0000] {processor.py:809} INFO - DAG(s) dict_keys(['example_branch_labels']) retrieved from /home/airflow/.local/lib/python3.7/site-packages/airflow/example_dags/example_branch_labels.py
[2023-08-01T21:30:30.481+0000] {logging_mixin.py:149} INFO - [2023-08-01T21:30:30.481+0000] {dag.py:2726} INFO - Sync 1 DAGs
[2023-08-01T21:30:30.521+0000] {logging_mixin.py:149} INFO - [2023-08-01T21:30:30.521+0000] {dag.py:3490} INFO - Setting next_dagrun for example_branch_labels to 2023-07-31T00:00:00+00:00, run_after=2023-08-01T00:00:00+00:00
[2023-08-01T21:30:30.542+0000] {processor.py:178} INFO - Processing /home/airflow/.local/lib/python3.7/site-packages/airflow/example_dags/example_branch_labels.py took 0.145 seconds
[2023-08-01T21:31:01.191+0000] {processor.py:156} INFO - Started process (PID=97) to work on /home/airflow/.local/lib/python3.7/site-packages/airflow/example_dags/example_branch_labels.py
[2023-08-01T21:31:01.192+0000] {processor.py:799} INFO - Processing file /home/airflow/.local/lib/python3.7/site-packages/airflow/example_dags/example_branch_labels.py for tasks to queue
[2023-08-01T21:31:01.193+0000] {logging_mixin.py:149} INFO - [2023-08-01T21:31:01.193+0000] {dagbag.py:541} INFO - Filling up the DagBag from /home/airflow/.local/lib/python3.7/site-packages/airflow/example_dags/example_branch_labels.py
[2023-08-01T21:31:01.202+0000] {processor.py:809} INFO - DAG(s) dict_keys(['example_branch_labels']) retrieved from /home/airflow/.local/lib/python3.7/site-packages/airflow/example_dags/example_branch_labels.py
[2023-08-01T21:31:01.276+0000] {logging_mixin.py:149} INFO - [2023-08-01T21:31:01.276+0000] {dag.py:2726} INFO - Sync 1 DAGs
[2023-08-01T21:31:01.314+0000] {logging_mixin.py:149} INFO - [2023-08-01T21:31:01.314+0000] {dag.py:3490} INFO - Setting next_dagrun for example_branch_labels to 2023-07-31T00:00:00+00:00, run_after=2023-08-01T00:00:00+00:00
[2023-08-01T21:31:01.335+0000] {processor.py:178} INFO - Processing /home/airflow/.local/lib/python3.7/site-packages/airflow/example_dags/example_branch_labels.py took 0.147 seconds
[2023-08-01T21:32:03.097+0000] {processor.py:156} INFO - Started process (PID=39) to work on /home/airflow/.local/lib/python3.7/site-packages/airflow/example_dags/example_branch_labels.py
[2023-08-01T21:32:03.103+0000] {processor.py:799} INFO - Processing file /home/airflow/.local/lib/python3.7/site-packages/airflow/example_dags/example_branch_labels.py for tasks to queue
[2023-08-01T21:32:03.108+0000] {logging_mixin.py:149} INFO - [2023-08-01T21:32:03.107+0000] {dagbag.py:541} INFO - Filling up the DagBag from /home/airflow/.local/lib/python3.7/site-packages/airflow/example_dags/example_branch_labels.py
[2023-08-01T21:32:03.413+0000] {processor.py:809} INFO - DAG(s) dict_keys(['example_branch_labels']) retrieved from /home/airflow/.local/lib/python3.7/site-packages/airflow/example_dags/example_branch_labels.py
[2023-08-01T21:32:03.753+0000] {logging_mixin.py:149} INFO - [2023-08-01T21:32:03.753+0000] {dag.py:2726} INFO - Sync 1 DAGs
[2023-08-01T21:32:03.883+0000] {logging_mixin.py:149} INFO - [2023-08-01T21:32:03.882+0000] {dag.py:3490} INFO - Setting next_dagrun for example_branch_labels to 2023-07-31T00:00:00+00:00, run_after=2023-08-01T00:00:00+00:00
[2023-08-01T21:32:03.987+0000] {processor.py:178} INFO - Processing /home/airflow/.local/lib/python3.7/site-packages/airflow/example_dags/example_branch_labels.py took 0.919 seconds
[2023-08-01T21:32:34.659+0000] {processor.py:156} INFO - Started process (PID=96) to work on /home/airflow/.local/lib/python3.7/site-packages/airflow/example_dags/example_branch_labels.py
[2023-08-01T21:32:34.665+0000] {processor.py:799} INFO - Processing file /home/airflow/.local/lib/python3.7/site-packages/airflow/example_dags/example_branch_labels.py for tasks to queue
[2023-08-01T21:32:34.667+0000] {logging_mixin.py:149} INFO - [2023-08-01T21:32:34.667+0000] {dagbag.py:541} INFO - Filling up the DagBag from /home/airflow/.local/lib/python3.7/site-packages/airflow/example_dags/example_branch_labels.py
[2023-08-01T21:32:34.713+0000] {processor.py:809} INFO - DAG(s) dict_keys(['example_branch_labels']) retrieved from /home/airflow/.local/lib/python3.7/site-packages/airflow/example_dags/example_branch_labels.py
[2023-08-01T21:32:35.012+0000] {logging_mixin.py:149} INFO - [2023-08-01T21:32:35.012+0000] {dag.py:2726} INFO - Sync 1 DAGs
[2023-08-01T21:32:35.082+0000] {logging_mixin.py:149} INFO - [2023-08-01T21:32:35.082+0000] {dag.py:3490} INFO - Setting next_dagrun for example_branch_labels to 2023-07-31T00:00:00+00:00, run_after=2023-08-01T00:00:00+00:00
[2023-08-01T21:32:35.122+0000] {processor.py:178} INFO - Processing /home/airflow/.local/lib/python3.7/site-packages/airflow/example_dags/example_branch_labels.py took 0.470 seconds
[2023-08-01T21:33:05.225+0000] {processor.py:156} INFO - Started process (PID=153) to work on /home/airflow/.local/lib/python3.7/site-packages/airflow/example_dags/example_branch_labels.py
[2023-08-01T21:33:05.227+0000] {processor.py:799} INFO - Processing file /home/airflow/.local/lib/python3.7/site-packages/airflow/example_dags/example_branch_labels.py for tasks to queue
[2023-08-01T21:33:05.229+0000] {logging_mixin.py:149} INFO - [2023-08-01T21:33:05.229+0000] {dagbag.py:541} INFO - Filling up the DagBag from /home/airflow/.local/lib/python3.7/site-packages/airflow/example_dags/example_branch_labels.py
[2023-08-01T21:33:05.243+0000] {processor.py:809} INFO - DAG(s) dict_keys(['example_branch_labels']) retrieved from /home/airflow/.local/lib/python3.7/site-packages/airflow/example_dags/example_branch_labels.py
[2023-08-01T21:33:05.321+0000] {logging_mixin.py:149} INFO - [2023-08-01T21:33:05.321+0000] {dag.py:2726} INFO - Sync 1 DAGs
[2023-08-01T21:33:05.468+0000] {logging_mixin.py:149} INFO - [2023-08-01T21:33:05.468+0000] {dag.py:3490} INFO - Setting next_dagrun for example_branch_labels to 2023-07-31T00:00:00+00:00, run_after=2023-08-01T00:00:00+00:00
[2023-08-01T21:33:05.497+0000] {processor.py:178} INFO - Processing /home/airflow/.local/lib/python3.7/site-packages/airflow/example_dags/example_branch_labels.py took 0.277 seconds
[2023-08-01T21:33:36.669+0000] {processor.py:156} INFO - Started process (PID=210) to work on /home/airflow/.local/lib/python3.7/site-packages/airflow/example_dags/example_branch_labels.py
[2023-08-01T21:33:36.670+0000] {processor.py:799} INFO - Processing file /home/airflow/.local/lib/python3.7/site-packages/airflow/example_dags/example_branch_labels.py for tasks to queue
[2023-08-01T21:33:36.671+0000] {logging_mixin.py:149} INFO - [2023-08-01T21:33:36.671+0000] {dagbag.py:541} INFO - Filling up the DagBag from /home/airflow/.local/lib/python3.7/site-packages/airflow/example_dags/example_branch_labels.py
[2023-08-01T21:33:36.684+0000] {processor.py:809} INFO - DAG(s) dict_keys(['example_branch_labels']) retrieved from /home/airflow/.local/lib/python3.7/site-packages/airflow/example_dags/example_branch_labels.py
[2023-08-01T21:33:36.772+0000] {logging_mixin.py:149} INFO - [2023-08-01T21:33:36.772+0000] {dag.py:2726} INFO - Sync 1 DAGs
[2023-08-01T21:33:36.829+0000] {logging_mixin.py:149} INFO - [2023-08-01T21:33:36.829+0000] {dag.py:3490} INFO - Setting next_dagrun for example_branch_labels to 2023-07-31T00:00:00+00:00, run_after=2023-08-01T00:00:00+00:00
[2023-08-01T21:33:36.862+0000] {processor.py:178} INFO - Processing /home/airflow/.local/lib/python3.7/site-packages/airflow/example_dags/example_branch_labels.py took 0.197 seconds
[2023-08-01T21:34:07.146+0000] {processor.py:156} INFO - Started process (PID=267) to work on /home/airflow/.local/lib/python3.7/site-packages/airflow/example_dags/example_branch_labels.py
[2023-08-01T21:34:07.148+0000] {processor.py:799} INFO - Processing file /home/airflow/.local/lib/python3.7/site-packages/airflow/example_dags/example_branch_labels.py for tasks to queue
[2023-08-01T21:34:07.149+0000] {logging_mixin.py:149} INFO - [2023-08-01T21:34:07.149+0000] {dagbag.py:541} INFO - Filling up the DagBag from /home/airflow/.local/lib/python3.7/site-packages/airflow/example_dags/example_branch_labels.py
[2023-08-01T21:34:07.158+0000] {processor.py:809} INFO - DAG(s) dict_keys(['example_branch_labels']) retrieved from /home/airflow/.local/lib/python3.7/site-packages/airflow/example_dags/example_branch_labels.py
[2023-08-01T21:34:07.235+0000] {logging_mixin.py:149} INFO - [2023-08-01T21:34:07.235+0000] {dag.py:2726} INFO - Sync 1 DAGs
[2023-08-01T21:34:07.272+0000] {logging_mixin.py:149} INFO - [2023-08-01T21:34:07.272+0000] {dag.py:3490} INFO - Setting next_dagrun for example_branch_labels to 2023-07-31T00:00:00+00:00, run_after=2023-08-01T00:00:00+00:00
[2023-08-01T21:34:07.295+0000] {processor.py:178} INFO - Processing /home/airflow/.local/lib/python3.7/site-packages/airflow/example_dags/example_branch_labels.py took 0.152 seconds
[2023-08-01T21:34:37.511+0000] {processor.py:156} INFO - Started process (PID=324) to work on /home/airflow/.local/lib/python3.7/site-packages/airflow/example_dags/example_branch_labels.py
[2023-08-01T21:34:37.513+0000] {processor.py:799} INFO - Processing file /home/airflow/.local/lib/python3.7/site-packages/airflow/example_dags/example_branch_labels.py for tasks to queue
[2023-08-01T21:34:37.515+0000] {logging_mixin.py:149} INFO - [2023-08-01T21:34:37.514+0000] {dagbag.py:541} INFO - Filling up the DagBag from /home/airflow/.local/lib/python3.7/site-packages/airflow/example_dags/example_branch_labels.py
[2023-08-01T21:34:37.527+0000] {processor.py:809} INFO - DAG(s) dict_keys(['example_branch_labels']) retrieved from /home/airflow/.local/lib/python3.7/site-packages/airflow/example_dags/example_branch_labels.py
[2023-08-01T21:34:37.612+0000] {logging_mixin.py:149} INFO - [2023-08-01T21:34:37.612+0000] {dag.py:2726} INFO - Sync 1 DAGs
[2023-08-01T21:34:37.651+0000] {logging_mixin.py:149} INFO - [2023-08-01T21:34:37.651+0000] {dag.py:3490} INFO - Setting next_dagrun for example_branch_labels to 2023-07-31T00:00:00+00:00, run_after=2023-08-01T00:00:00+00:00
[2023-08-01T21:34:37.671+0000] {processor.py:178} INFO - Processing /home/airflow/.local/lib/python3.7/site-packages/airflow/example_dags/example_branch_labels.py took 0.165 seconds
[2023-08-01T21:35:08.192+0000] {processor.py:156} INFO - Started process (PID=381) to work on /home/airflow/.local/lib/python3.7/site-packages/airflow/example_dags/example_branch_labels.py
[2023-08-01T21:35:08.194+0000] {processor.py:799} INFO - Processing file /home/airflow/.local/lib/python3.7/site-packages/airflow/example_dags/example_branch_labels.py for tasks to queue
[2023-08-01T21:35:08.195+0000] {logging_mixin.py:149} INFO - [2023-08-01T21:35:08.194+0000] {dagbag.py:541} INFO - Filling up the DagBag from /home/airflow/.local/lib/python3.7/site-packages/airflow/example_dags/example_branch_labels.py
[2023-08-01T21:35:08.204+0000] {processor.py:809} INFO - DAG(s) dict_keys(['example_branch_labels']) retrieved from /home/airflow/.local/lib/python3.7/site-packages/airflow/example_dags/example_branch_labels.py
[2023-08-01T21:35:08.277+0000] {logging_mixin.py:149} INFO - [2023-08-01T21:35:08.277+0000] {dag.py:2726} INFO - Sync 1 DAGs
[2023-08-01T21:35:08.313+0000] {logging_mixin.py:149} INFO - [2023-08-01T21:35:08.313+0000] {dag.py:3490} INFO - Setting next_dagrun for example_branch_labels to 2023-07-31T00:00:00+00:00, run_after=2023-08-01T00:00:00+00:00
[2023-08-01T21:35:08.334+0000] {processor.py:178} INFO - Processing /home/airflow/.local/lib/python3.7/site-packages/airflow/example_dags/example_branch_labels.py took 0.145 seconds
[2023-08-01T21:35:38.489+0000] {processor.py:156} INFO - Started process (PID=438) to work on /home/airflow/.local/lib/python3.7/site-packages/airflow/example_dags/example_branch_labels.py
[2023-08-01T21:35:38.491+0000] {processor.py:799} INFO - Processing file /home/airflow/.local/lib/python3.7/site-packages/airflow/example_dags/example_branch_labels.py for tasks to queue
[2023-08-01T21:35:38.491+0000] {logging_mixin.py:149} INFO - [2023-08-01T21:35:38.491+0000] {dagbag.py:541} INFO - Filling up the DagBag from /home/airflow/.local/lib/python3.7/site-packages/airflow/example_dags/example_branch_labels.py
[2023-08-01T21:35:38.500+0000] {processor.py:809} INFO - DAG(s) dict_keys(['example_branch_labels']) retrieved from /home/airflow/.local/lib/python3.7/site-packages/airflow/example_dags/example_branch_labels.py
[2023-08-01T21:35:38.578+0000] {logging_mixin.py:149} INFO - [2023-08-01T21:35:38.577+0000] {dag.py:2726} INFO - Sync 1 DAGs
[2023-08-01T21:35:38.617+0000] {logging_mixin.py:149} INFO - [2023-08-01T21:35:38.616+0000] {dag.py:3490} INFO - Setting next_dagrun for example_branch_labels to 2023-07-31T00:00:00+00:00, run_after=2023-08-01T00:00:00+00:00
[2023-08-01T21:35:38.638+0000] {processor.py:178} INFO - Processing /home/airflow/.local/lib/python3.7/site-packages/airflow/example_dags/example_branch_labels.py took 0.152 seconds
[2023-08-01T21:36:09.787+0000] {processor.py:156} INFO - Started process (PID=495) to work on /home/airflow/.local/lib/python3.7/site-packages/airflow/example_dags/example_branch_labels.py
[2023-08-01T21:36:09.792+0000] {processor.py:799} INFO - Processing file /home/airflow/.local/lib/python3.7/site-packages/airflow/example_dags/example_branch_labels.py for tasks to queue
[2023-08-01T21:36:09.794+0000] {logging_mixin.py:149} INFO - [2023-08-01T21:36:09.794+0000] {dagbag.py:541} INFO - Filling up the DagBag from /home/airflow/.local/lib/python3.7/site-packages/airflow/example_dags/example_branch_labels.py
[2023-08-01T21:36:09.808+0000] {processor.py:809} INFO - DAG(s) dict_keys(['example_branch_labels']) retrieved from /home/airflow/.local/lib/python3.7/site-packages/airflow/example_dags/example_branch_labels.py
[2023-08-01T21:36:09.902+0000] {logging_mixin.py:149} INFO - [2023-08-01T21:36:09.901+0000] {dag.py:2726} INFO - Sync 1 DAGs
[2023-08-01T21:36:09.971+0000] {logging_mixin.py:149} INFO - [2023-08-01T21:36:09.971+0000] {dag.py:3490} INFO - Setting next_dagrun for example_branch_labels to 2023-07-31T00:00:00+00:00, run_after=2023-08-01T00:00:00+00:00
[2023-08-01T21:36:10.011+0000] {processor.py:178} INFO - Processing /home/airflow/.local/lib/python3.7/site-packages/airflow/example_dags/example_branch_labels.py took 0.232 seconds
[2023-08-01T21:36:40.236+0000] {processor.py:156} INFO - Started process (PID=552) to work on /home/airflow/.local/lib/python3.7/site-packages/airflow/example_dags/example_branch_labels.py
[2023-08-01T21:36:40.237+0000] {processor.py:799} INFO - Processing file /home/airflow/.local/lib/python3.7/site-packages/airflow/example_dags/example_branch_labels.py for tasks to queue
[2023-08-01T21:36:40.238+0000] {logging_mixin.py:149} INFO - [2023-08-01T21:36:40.238+0000] {dagbag.py:541} INFO - Filling up the DagBag from /home/airflow/.local/lib/python3.7/site-packages/airflow/example_dags/example_branch_labels.py
[2023-08-01T21:36:40.247+0000] {processor.py:809} INFO - DAG(s) dict_keys(['example_branch_labels']) retrieved from /home/airflow/.local/lib/python3.7/site-packages/airflow/example_dags/example_branch_labels.py
[2023-08-01T21:36:40.324+0000] {logging_mixin.py:149} INFO - [2023-08-01T21:36:40.324+0000] {dag.py:2726} INFO - Sync 1 DAGs
[2023-08-01T21:36:40.363+0000] {logging_mixin.py:149} INFO - [2023-08-01T21:36:40.363+0000] {dag.py:3490} INFO - Setting next_dagrun for example_branch_labels to 2023-07-31T00:00:00+00:00, run_after=2023-08-01T00:00:00+00:00
[2023-08-01T21:36:40.384+0000] {processor.py:178} INFO - Processing /home/airflow/.local/lib/python3.7/site-packages/airflow/example_dags/example_branch_labels.py took 0.152 seconds
