[2023-08-01T21:30:30.975+0000] {processor.py:156} INFO - Started process (PID=46) to work on /home/airflow/.local/lib/python3.7/site-packages/airflow/example_dags/example_latest_only.py
[2023-08-01T21:30:30.976+0000] {processor.py:799} INFO - Processing file /home/airflow/.local/lib/python3.7/site-packages/airflow/example_dags/example_latest_only.py for tasks to queue
[2023-08-01T21:30:30.977+0000] {logging_mixin.py:149} INFO - [2023-08-01T21:30:30.977+0000] {dagbag.py:541} INFO - Filling up the DagBag from /home/airflow/.local/lib/python3.7/site-packages/airflow/example_dags/example_latest_only.py
[2023-08-01T21:30:30.984+0000] {processor.py:809} INFO - DAG(s) dict_keys(['latest_only']) retrieved from /home/airflow/.local/lib/python3.7/site-packages/airflow/example_dags/example_latest_only.py
[2023-08-01T21:30:31.048+0000] {logging_mixin.py:149} INFO - [2023-08-01T21:30:31.047+0000] {dag.py:2726} INFO - Sync 1 DAGs
[2023-08-01T21:30:31.087+0000] {logging_mixin.py:149} INFO - [2023-08-01T21:30:31.087+0000] {dag.py:3490} INFO - Setting next_dagrun for latest_only to 2023-08-01T17:30:31.086919+00:00, run_after=2023-08-01T21:30:31.086919+00:00
[2023-08-01T21:30:31.115+0000] {processor.py:178} INFO - Processing /home/airflow/.local/lib/python3.7/site-packages/airflow/example_dags/example_latest_only.py took 0.143 seconds
[2023-08-01T21:31:01.786+0000] {processor.py:156} INFO - Started process (PID=103) to work on /home/airflow/.local/lib/python3.7/site-packages/airflow/example_dags/example_latest_only.py
[2023-08-01T21:31:01.787+0000] {processor.py:799} INFO - Processing file /home/airflow/.local/lib/python3.7/site-packages/airflow/example_dags/example_latest_only.py for tasks to queue
[2023-08-01T21:31:01.788+0000] {logging_mixin.py:149} INFO - [2023-08-01T21:31:01.787+0000] {dagbag.py:541} INFO - Filling up the DagBag from /home/airflow/.local/lib/python3.7/site-packages/airflow/example_dags/example_latest_only.py
[2023-08-01T21:31:01.794+0000] {processor.py:809} INFO - DAG(s) dict_keys(['latest_only']) retrieved from /home/airflow/.local/lib/python3.7/site-packages/airflow/example_dags/example_latest_only.py
[2023-08-01T21:31:01.868+0000] {logging_mixin.py:149} INFO - [2023-08-01T21:31:01.868+0000] {dag.py:2726} INFO - Sync 1 DAGs
[2023-08-01T21:31:01.904+0000] {logging_mixin.py:149} INFO - [2023-08-01T21:31:01.904+0000] {dag.py:3490} INFO - Setting next_dagrun for latest_only to 2023-08-01T17:31:01.904011+00:00, run_after=2023-08-01T21:31:01.904011+00:00
[2023-08-01T21:31:01.927+0000] {processor.py:178} INFO - Processing /home/airflow/.local/lib/python3.7/site-packages/airflow/example_dags/example_latest_only.py took 0.144 seconds
[2023-08-01T21:32:05.421+0000] {processor.py:156} INFO - Started process (PID=45) to work on /home/airflow/.local/lib/python3.7/site-packages/airflow/example_dags/example_latest_only.py
[2023-08-01T21:32:05.435+0000] {processor.py:799} INFO - Processing file /home/airflow/.local/lib/python3.7/site-packages/airflow/example_dags/example_latest_only.py for tasks to queue
[2023-08-01T21:32:05.446+0000] {logging_mixin.py:149} INFO - [2023-08-01T21:32:05.445+0000] {dagbag.py:541} INFO - Filling up the DagBag from /home/airflow/.local/lib/python3.7/site-packages/airflow/example_dags/example_latest_only.py
[2023-08-01T21:32:05.535+0000] {processor.py:809} INFO - DAG(s) dict_keys(['latest_only']) retrieved from /home/airflow/.local/lib/python3.7/site-packages/airflow/example_dags/example_latest_only.py
[2023-08-01T21:32:05.662+0000] {logging_mixin.py:149} INFO - [2023-08-01T21:32:05.662+0000] {dag.py:2726} INFO - Sync 1 DAGs
[2023-08-01T21:32:05.781+0000] {logging_mixin.py:149} INFO - [2023-08-01T21:32:05.780+0000] {dag.py:3490} INFO - Setting next_dagrun for latest_only to 2023-08-01T17:32:05.777998+00:00, run_after=2023-08-01T21:32:05.777998+00:00
[2023-08-01T21:32:05.903+0000] {processor.py:178} INFO - Processing /home/airflow/.local/lib/python3.7/site-packages/airflow/example_dags/example_latest_only.py took 0.505 seconds
[2023-08-01T21:32:36.385+0000] {processor.py:156} INFO - Started process (PID=102) to work on /home/airflow/.local/lib/python3.7/site-packages/airflow/example_dags/example_latest_only.py
[2023-08-01T21:32:36.388+0000] {processor.py:799} INFO - Processing file /home/airflow/.local/lib/python3.7/site-packages/airflow/example_dags/example_latest_only.py for tasks to queue
[2023-08-01T21:32:36.389+0000] {logging_mixin.py:149} INFO - [2023-08-01T21:32:36.389+0000] {dagbag.py:541} INFO - Filling up the DagBag from /home/airflow/.local/lib/python3.7/site-packages/airflow/example_dags/example_latest_only.py
[2023-08-01T21:32:36.398+0000] {processor.py:809} INFO - DAG(s) dict_keys(['latest_only']) retrieved from /home/airflow/.local/lib/python3.7/site-packages/airflow/example_dags/example_latest_only.py
[2023-08-01T21:32:36.478+0000] {logging_mixin.py:149} INFO - [2023-08-01T21:32:36.478+0000] {dag.py:2726} INFO - Sync 1 DAGs
[2023-08-01T21:32:36.526+0000] {logging_mixin.py:149} INFO - [2023-08-01T21:32:36.526+0000] {dag.py:3490} INFO - Setting next_dagrun for latest_only to 2023-08-01T17:32:36.525088+00:00, run_after=2023-08-01T21:32:36.525088+00:00
[2023-08-01T21:32:36.556+0000] {processor.py:178} INFO - Processing /home/airflow/.local/lib/python3.7/site-packages/airflow/example_dags/example_latest_only.py took 0.176 seconds
[2023-08-01T21:33:07.470+0000] {processor.py:156} INFO - Started process (PID=159) to work on /home/airflow/.local/lib/python3.7/site-packages/airflow/example_dags/example_latest_only.py
[2023-08-01T21:33:07.472+0000] {processor.py:799} INFO - Processing file /home/airflow/.local/lib/python3.7/site-packages/airflow/example_dags/example_latest_only.py for tasks to queue
[2023-08-01T21:33:07.473+0000] {logging_mixin.py:149} INFO - [2023-08-01T21:33:07.472+0000] {dagbag.py:541} INFO - Filling up the DagBag from /home/airflow/.local/lib/python3.7/site-packages/airflow/example_dags/example_latest_only.py
[2023-08-01T21:33:07.479+0000] {processor.py:809} INFO - DAG(s) dict_keys(['latest_only']) retrieved from /home/airflow/.local/lib/python3.7/site-packages/airflow/example_dags/example_latest_only.py
[2023-08-01T21:33:07.552+0000] {logging_mixin.py:149} INFO - [2023-08-01T21:33:07.552+0000] {dag.py:2726} INFO - Sync 1 DAGs
[2023-08-01T21:33:07.688+0000] {logging_mixin.py:149} INFO - [2023-08-01T21:33:07.688+0000] {dag.py:3490} INFO - Setting next_dagrun for latest_only to 2023-08-01T17:33:07.688101+00:00, run_after=2023-08-01T21:33:07.688101+00:00
[2023-08-01T21:33:07.711+0000] {processor.py:178} INFO - Processing /home/airflow/.local/lib/python3.7/site-packages/airflow/example_dags/example_latest_only.py took 0.244 seconds
[2023-08-01T21:33:38.994+0000] {processor.py:156} INFO - Started process (PID=216) to work on /home/airflow/.local/lib/python3.7/site-packages/airflow/example_dags/example_latest_only.py
[2023-08-01T21:33:38.997+0000] {processor.py:799} INFO - Processing file /home/airflow/.local/lib/python3.7/site-packages/airflow/example_dags/example_latest_only.py for tasks to queue
[2023-08-01T21:33:38.999+0000] {logging_mixin.py:149} INFO - [2023-08-01T21:33:38.998+0000] {dagbag.py:541} INFO - Filling up the DagBag from /home/airflow/.local/lib/python3.7/site-packages/airflow/example_dags/example_latest_only.py
[2023-08-01T21:33:39.007+0000] {processor.py:809} INFO - DAG(s) dict_keys(['latest_only']) retrieved from /home/airflow/.local/lib/python3.7/site-packages/airflow/example_dags/example_latest_only.py
[2023-08-01T21:33:39.113+0000] {logging_mixin.py:149} INFO - [2023-08-01T21:33:39.113+0000] {dag.py:2726} INFO - Sync 1 DAGs
[2023-08-01T21:33:39.158+0000] {logging_mixin.py:149} INFO - [2023-08-01T21:33:39.157+0000] {dag.py:3490} INFO - Setting next_dagrun for latest_only to 2023-08-01T17:33:39.153524+00:00, run_after=2023-08-01T21:33:39.153524+00:00
[2023-08-01T21:33:39.188+0000] {processor.py:178} INFO - Processing /home/airflow/.local/lib/python3.7/site-packages/airflow/example_dags/example_latest_only.py took 0.199 seconds
[2023-08-01T21:34:09.821+0000] {processor.py:156} INFO - Started process (PID=273) to work on /home/airflow/.local/lib/python3.7/site-packages/airflow/example_dags/example_latest_only.py
[2023-08-01T21:34:09.822+0000] {processor.py:799} INFO - Processing file /home/airflow/.local/lib/python3.7/site-packages/airflow/example_dags/example_latest_only.py for tasks to queue
[2023-08-01T21:34:09.823+0000] {logging_mixin.py:149} INFO - [2023-08-01T21:34:09.823+0000] {dagbag.py:541} INFO - Filling up the DagBag from /home/airflow/.local/lib/python3.7/site-packages/airflow/example_dags/example_latest_only.py
[2023-08-01T21:34:09.829+0000] {processor.py:809} INFO - DAG(s) dict_keys(['latest_only']) retrieved from /home/airflow/.local/lib/python3.7/site-packages/airflow/example_dags/example_latest_only.py
[2023-08-01T21:34:09.900+0000] {logging_mixin.py:149} INFO - [2023-08-01T21:34:09.900+0000] {dag.py:2726} INFO - Sync 1 DAGs
[2023-08-01T21:34:09.935+0000] {logging_mixin.py:149} INFO - [2023-08-01T21:34:09.935+0000] {dag.py:3490} INFO - Setting next_dagrun for latest_only to 2023-08-01T17:34:09.934566+00:00, run_after=2023-08-01T21:34:09.934566+00:00
[2023-08-01T21:34:09.957+0000] {processor.py:178} INFO - Processing /home/airflow/.local/lib/python3.7/site-packages/airflow/example_dags/example_latest_only.py took 0.140 seconds
[2023-08-01T21:34:40.201+0000] {processor.py:156} INFO - Started process (PID=330) to work on /home/airflow/.local/lib/python3.7/site-packages/airflow/example_dags/example_latest_only.py
[2023-08-01T21:34:40.203+0000] {processor.py:799} INFO - Processing file /home/airflow/.local/lib/python3.7/site-packages/airflow/example_dags/example_latest_only.py for tasks to queue
[2023-08-01T21:34:40.204+0000] {logging_mixin.py:149} INFO - [2023-08-01T21:34:40.204+0000] {dagbag.py:541} INFO - Filling up the DagBag from /home/airflow/.local/lib/python3.7/site-packages/airflow/example_dags/example_latest_only.py
[2023-08-01T21:34:40.213+0000] {processor.py:809} INFO - DAG(s) dict_keys(['latest_only']) retrieved from /home/airflow/.local/lib/python3.7/site-packages/airflow/example_dags/example_latest_only.py
[2023-08-01T21:34:40.290+0000] {logging_mixin.py:149} INFO - [2023-08-01T21:34:40.290+0000] {dag.py:2726} INFO - Sync 1 DAGs
[2023-08-01T21:34:40.336+0000] {logging_mixin.py:149} INFO - [2023-08-01T21:34:40.335+0000] {dag.py:3490} INFO - Setting next_dagrun for latest_only to 2023-08-01T17:34:40.334066+00:00, run_after=2023-08-01T21:34:40.334066+00:00
[2023-08-01T21:34:40.370+0000] {processor.py:178} INFO - Processing /home/airflow/.local/lib/python3.7/site-packages/airflow/example_dags/example_latest_only.py took 0.172 seconds
[2023-08-01T21:35:10.767+0000] {processor.py:156} INFO - Started process (PID=387) to work on /home/airflow/.local/lib/python3.7/site-packages/airflow/example_dags/example_latest_only.py
[2023-08-01T21:35:10.769+0000] {processor.py:799} INFO - Processing file /home/airflow/.local/lib/python3.7/site-packages/airflow/example_dags/example_latest_only.py for tasks to queue
[2023-08-01T21:35:10.770+0000] {logging_mixin.py:149} INFO - [2023-08-01T21:35:10.769+0000] {dagbag.py:541} INFO - Filling up the DagBag from /home/airflow/.local/lib/python3.7/site-packages/airflow/example_dags/example_latest_only.py
[2023-08-01T21:35:10.779+0000] {processor.py:809} INFO - DAG(s) dict_keys(['latest_only']) retrieved from /home/airflow/.local/lib/python3.7/site-packages/airflow/example_dags/example_latest_only.py
[2023-08-01T21:35:10.857+0000] {logging_mixin.py:149} INFO - [2023-08-01T21:35:10.856+0000] {dag.py:2726} INFO - Sync 1 DAGs
[2023-08-01T21:35:10.897+0000] {logging_mixin.py:149} INFO - [2023-08-01T21:35:10.897+0000] {dag.py:3490} INFO - Setting next_dagrun for latest_only to 2023-08-01T17:35:10.896382+00:00, run_after=2023-08-01T21:35:10.896382+00:00
[2023-08-01T21:35:10.923+0000] {processor.py:178} INFO - Processing /home/airflow/.local/lib/python3.7/site-packages/airflow/example_dags/example_latest_only.py took 0.158 seconds
[2023-08-01T21:35:41.085+0000] {processor.py:156} INFO - Started process (PID=444) to work on /home/airflow/.local/lib/python3.7/site-packages/airflow/example_dags/example_latest_only.py
[2023-08-01T21:35:41.086+0000] {processor.py:799} INFO - Processing file /home/airflow/.local/lib/python3.7/site-packages/airflow/example_dags/example_latest_only.py for tasks to queue
[2023-08-01T21:35:41.087+0000] {logging_mixin.py:149} INFO - [2023-08-01T21:35:41.087+0000] {dagbag.py:541} INFO - Filling up the DagBag from /home/airflow/.local/lib/python3.7/site-packages/airflow/example_dags/example_latest_only.py
[2023-08-01T21:35:41.094+0000] {processor.py:809} INFO - DAG(s) dict_keys(['latest_only']) retrieved from /home/airflow/.local/lib/python3.7/site-packages/airflow/example_dags/example_latest_only.py
[2023-08-01T21:35:41.167+0000] {logging_mixin.py:149} INFO - [2023-08-01T21:35:41.167+0000] {dag.py:2726} INFO - Sync 1 DAGs
[2023-08-01T21:35:41.209+0000] {logging_mixin.py:149} INFO - [2023-08-01T21:35:41.208+0000] {dag.py:3490} INFO - Setting next_dagrun for latest_only to 2023-08-01T17:35:41.208142+00:00, run_after=2023-08-01T21:35:41.208142+00:00
[2023-08-01T21:35:41.235+0000] {processor.py:178} INFO - Processing /home/airflow/.local/lib/python3.7/site-packages/airflow/example_dags/example_latest_only.py took 0.154 seconds
[2023-08-01T21:36:13.473+0000] {processor.py:156} INFO - Started process (PID=501) to work on /home/airflow/.local/lib/python3.7/site-packages/airflow/example_dags/example_latest_only.py
[2023-08-01T21:36:13.475+0000] {processor.py:799} INFO - Processing file /home/airflow/.local/lib/python3.7/site-packages/airflow/example_dags/example_latest_only.py for tasks to queue
[2023-08-01T21:36:13.476+0000] {logging_mixin.py:149} INFO - [2023-08-01T21:36:13.476+0000] {dagbag.py:541} INFO - Filling up the DagBag from /home/airflow/.local/lib/python3.7/site-packages/airflow/example_dags/example_latest_only.py
[2023-08-01T21:36:13.483+0000] {processor.py:809} INFO - DAG(s) dict_keys(['latest_only']) retrieved from /home/airflow/.local/lib/python3.7/site-packages/airflow/example_dags/example_latest_only.py
[2023-08-01T21:36:13.561+0000] {logging_mixin.py:149} INFO - [2023-08-01T21:36:13.561+0000] {dag.py:2726} INFO - Sync 1 DAGs
[2023-08-01T21:36:13.599+0000] {logging_mixin.py:149} INFO - [2023-08-01T21:36:13.599+0000] {dag.py:3490} INFO - Setting next_dagrun for latest_only to 2023-08-01T17:36:13.598500+00:00, run_after=2023-08-01T21:36:13.598500+00:00
[2023-08-01T21:36:13.624+0000] {processor.py:178} INFO - Processing /home/airflow/.local/lib/python3.7/site-packages/airflow/example_dags/example_latest_only.py took 0.154 seconds
[2023-08-01T21:36:43.838+0000] {processor.py:156} INFO - Started process (PID=558) to work on /home/airflow/.local/lib/python3.7/site-packages/airflow/example_dags/example_latest_only.py
[2023-08-01T21:36:43.839+0000] {processor.py:799} INFO - Processing file /home/airflow/.local/lib/python3.7/site-packages/airflow/example_dags/example_latest_only.py for tasks to queue
[2023-08-01T21:36:43.840+0000] {logging_mixin.py:149} INFO - [2023-08-01T21:36:43.840+0000] {dagbag.py:541} INFO - Filling up the DagBag from /home/airflow/.local/lib/python3.7/site-packages/airflow/example_dags/example_latest_only.py
[2023-08-01T21:36:43.847+0000] {processor.py:809} INFO - DAG(s) dict_keys(['latest_only']) retrieved from /home/airflow/.local/lib/python3.7/site-packages/airflow/example_dags/example_latest_only.py
[2023-08-01T21:36:43.933+0000] {logging_mixin.py:149} INFO - [2023-08-01T21:36:43.933+0000] {dag.py:2726} INFO - Sync 1 DAGs
[2023-08-01T21:36:43.972+0000] {logging_mixin.py:149} INFO - [2023-08-01T21:36:43.972+0000] {dag.py:3490} INFO - Setting next_dagrun for latest_only to 2023-08-01T17:36:43.971787+00:00, run_after=2023-08-01T21:36:43.971787+00:00
[2023-08-01T21:36:43.995+0000] {processor.py:178} INFO - Processing /home/airflow/.local/lib/python3.7/site-packages/airflow/example_dags/example_latest_only.py took 0.160 seconds
