[2023-08-01T21:30:31.850+0000] {processor.py:156} INFO - Started process (PID=54) to work on /home/airflow/.local/lib/python3.7/site-packages/airflow/example_dags/example_nested_branch_dag.py
[2023-08-01T21:30:31.852+0000] {processor.py:799} INFO - Processing file /home/airflow/.local/lib/python3.7/site-packages/airflow/example_dags/example_nested_branch_dag.py for tasks to queue
[2023-08-01T21:30:31.853+0000] {logging_mixin.py:149} INFO - [2023-08-01T21:30:31.853+0000] {dagbag.py:541} INFO - Filling up the DagBag from /home/airflow/.local/lib/python3.7/site-packages/airflow/example_dags/example_nested_branch_dag.py
[2023-08-01T21:30:31.867+0000] {processor.py:809} INFO - DAG(s) dict_keys(['example_nested_branch_dag']) retrieved from /home/airflow/.local/lib/python3.7/site-packages/airflow/example_dags/example_nested_branch_dag.py
[2023-08-01T21:30:31.937+0000] {logging_mixin.py:149} INFO - [2023-08-01T21:30:31.937+0000] {dag.py:2726} INFO - Sync 1 DAGs
[2023-08-01T21:30:32.006+0000] {logging_mixin.py:149} INFO - [2023-08-01T21:30:32.005+0000] {dag.py:3490} INFO - Setting next_dagrun for example_nested_branch_dag to 2023-07-31T00:00:00+00:00, run_after=2023-08-01T00:00:00+00:00
[2023-08-01T21:30:32.034+0000] {processor.py:178} INFO - Processing /home/airflow/.local/lib/python3.7/site-packages/airflow/example_dags/example_nested_branch_dag.py took 0.188 seconds
[2023-08-01T21:31:02.533+0000] {processor.py:156} INFO - Started process (PID=111) to work on /home/airflow/.local/lib/python3.7/site-packages/airflow/example_dags/example_nested_branch_dag.py
[2023-08-01T21:31:02.534+0000] {processor.py:799} INFO - Processing file /home/airflow/.local/lib/python3.7/site-packages/airflow/example_dags/example_nested_branch_dag.py for tasks to queue
[2023-08-01T21:31:02.535+0000] {logging_mixin.py:149} INFO - [2023-08-01T21:31:02.535+0000] {dagbag.py:541} INFO - Filling up the DagBag from /home/airflow/.local/lib/python3.7/site-packages/airflow/example_dags/example_nested_branch_dag.py
[2023-08-01T21:31:02.546+0000] {processor.py:809} INFO - DAG(s) dict_keys(['example_nested_branch_dag']) retrieved from /home/airflow/.local/lib/python3.7/site-packages/airflow/example_dags/example_nested_branch_dag.py
[2023-08-01T21:31:02.621+0000] {logging_mixin.py:149} INFO - [2023-08-01T21:31:02.621+0000] {dag.py:2726} INFO - Sync 1 DAGs
[2023-08-01T21:31:02.658+0000] {logging_mixin.py:149} INFO - [2023-08-01T21:31:02.658+0000] {dag.py:3490} INFO - Setting next_dagrun for example_nested_branch_dag to 2023-07-31T00:00:00+00:00, run_after=2023-08-01T00:00:00+00:00
[2023-08-01T21:31:02.681+0000] {processor.py:178} INFO - Processing /home/airflow/.local/lib/python3.7/site-packages/airflow/example_dags/example_nested_branch_dag.py took 0.151 seconds
[2023-08-01T21:32:08.877+0000] {processor.py:156} INFO - Started process (PID=53) to work on /home/airflow/.local/lib/python3.7/site-packages/airflow/example_dags/example_nested_branch_dag.py
[2023-08-01T21:32:08.885+0000] {processor.py:799} INFO - Processing file /home/airflow/.local/lib/python3.7/site-packages/airflow/example_dags/example_nested_branch_dag.py for tasks to queue
[2023-08-01T21:32:08.889+0000] {logging_mixin.py:149} INFO - [2023-08-01T21:32:08.889+0000] {dagbag.py:541} INFO - Filling up the DagBag from /home/airflow/.local/lib/python3.7/site-packages/airflow/example_dags/example_nested_branch_dag.py
[2023-08-01T21:32:08.942+0000] {processor.py:809} INFO - DAG(s) dict_keys(['example_nested_branch_dag']) retrieved from /home/airflow/.local/lib/python3.7/site-packages/airflow/example_dags/example_nested_branch_dag.py
[2023-08-01T21:32:09.070+0000] {logging_mixin.py:149} INFO - [2023-08-01T21:32:09.070+0000] {dag.py:2726} INFO - Sync 1 DAGs
[2023-08-01T21:32:09.139+0000] {logging_mixin.py:149} INFO - [2023-08-01T21:32:09.139+0000] {dag.py:3490} INFO - Setting next_dagrun for example_nested_branch_dag to 2023-07-31T00:00:00+00:00, run_after=2023-08-01T00:00:00+00:00
[2023-08-01T21:32:09.176+0000] {processor.py:178} INFO - Processing /home/airflow/.local/lib/python3.7/site-packages/airflow/example_dags/example_nested_branch_dag.py took 0.450 seconds
[2023-08-01T21:32:39.309+0000] {processor.py:156} INFO - Started process (PID=110) to work on /home/airflow/.local/lib/python3.7/site-packages/airflow/example_dags/example_nested_branch_dag.py
[2023-08-01T21:32:39.310+0000] {processor.py:799} INFO - Processing file /home/airflow/.local/lib/python3.7/site-packages/airflow/example_dags/example_nested_branch_dag.py for tasks to queue
[2023-08-01T21:32:39.311+0000] {logging_mixin.py:149} INFO - [2023-08-01T21:32:39.311+0000] {dagbag.py:541} INFO - Filling up the DagBag from /home/airflow/.local/lib/python3.7/site-packages/airflow/example_dags/example_nested_branch_dag.py
[2023-08-01T21:32:39.325+0000] {processor.py:809} INFO - DAG(s) dict_keys(['example_nested_branch_dag']) retrieved from /home/airflow/.local/lib/python3.7/site-packages/airflow/example_dags/example_nested_branch_dag.py
[2023-08-01T21:32:39.399+0000] {logging_mixin.py:149} INFO - [2023-08-01T21:32:39.399+0000] {dag.py:2726} INFO - Sync 1 DAGs
[2023-08-01T21:32:39.438+0000] {logging_mixin.py:149} INFO - [2023-08-01T21:32:39.438+0000] {dag.py:3490} INFO - Setting next_dagrun for example_nested_branch_dag to 2023-07-31T00:00:00+00:00, run_after=2023-08-01T00:00:00+00:00
[2023-08-01T21:32:39.462+0000] {processor.py:178} INFO - Processing /home/airflow/.local/lib/python3.7/site-packages/airflow/example_dags/example_nested_branch_dag.py took 0.157 seconds
[2023-08-01T21:33:10.373+0000] {processor.py:156} INFO - Started process (PID=167) to work on /home/airflow/.local/lib/python3.7/site-packages/airflow/example_dags/example_nested_branch_dag.py
[2023-08-01T21:33:10.374+0000] {processor.py:799} INFO - Processing file /home/airflow/.local/lib/python3.7/site-packages/airflow/example_dags/example_nested_branch_dag.py for tasks to queue
[2023-08-01T21:33:10.376+0000] {logging_mixin.py:149} INFO - [2023-08-01T21:33:10.375+0000] {dagbag.py:541} INFO - Filling up the DagBag from /home/airflow/.local/lib/python3.7/site-packages/airflow/example_dags/example_nested_branch_dag.py
[2023-08-01T21:33:10.394+0000] {processor.py:809} INFO - DAG(s) dict_keys(['example_nested_branch_dag']) retrieved from /home/airflow/.local/lib/python3.7/site-packages/airflow/example_dags/example_nested_branch_dag.py
[2023-08-01T21:33:10.469+0000] {logging_mixin.py:149} INFO - [2023-08-01T21:33:10.469+0000] {dag.py:2726} INFO - Sync 1 DAGs
[2023-08-01T21:33:10.591+0000] {logging_mixin.py:149} INFO - [2023-08-01T21:33:10.590+0000] {dag.py:3490} INFO - Setting next_dagrun for example_nested_branch_dag to 2023-07-31T00:00:00+00:00, run_after=2023-08-01T00:00:00+00:00
[2023-08-01T21:33:10.615+0000] {processor.py:178} INFO - Processing /home/airflow/.local/lib/python3.7/site-packages/airflow/example_dags/example_nested_branch_dag.py took 0.247 seconds
[2023-08-01T21:33:40.710+0000] {processor.py:156} INFO - Started process (PID=224) to work on /home/airflow/.local/lib/python3.7/site-packages/airflow/example_dags/example_nested_branch_dag.py
[2023-08-01T21:33:40.711+0000] {processor.py:799} INFO - Processing file /home/airflow/.local/lib/python3.7/site-packages/airflow/example_dags/example_nested_branch_dag.py for tasks to queue
[2023-08-01T21:33:40.713+0000] {logging_mixin.py:149} INFO - [2023-08-01T21:33:40.712+0000] {dagbag.py:541} INFO - Filling up the DagBag from /home/airflow/.local/lib/python3.7/site-packages/airflow/example_dags/example_nested_branch_dag.py
[2023-08-01T21:33:40.730+0000] {processor.py:809} INFO - DAG(s) dict_keys(['example_nested_branch_dag']) retrieved from /home/airflow/.local/lib/python3.7/site-packages/airflow/example_dags/example_nested_branch_dag.py
[2023-08-01T21:33:40.807+0000] {logging_mixin.py:149} INFO - [2023-08-01T21:33:40.807+0000] {dag.py:2726} INFO - Sync 1 DAGs
[2023-08-01T21:33:40.846+0000] {logging_mixin.py:149} INFO - [2023-08-01T21:33:40.845+0000] {dag.py:3490} INFO - Setting next_dagrun for example_nested_branch_dag to 2023-07-31T00:00:00+00:00, run_after=2023-08-01T00:00:00+00:00
[2023-08-01T21:33:40.870+0000] {processor.py:178} INFO - Processing /home/airflow/.local/lib/python3.7/site-packages/airflow/example_dags/example_nested_branch_dag.py took 0.165 seconds
[2023-08-01T21:34:11.440+0000] {processor.py:156} INFO - Started process (PID=281) to work on /home/airflow/.local/lib/python3.7/site-packages/airflow/example_dags/example_nested_branch_dag.py
[2023-08-01T21:34:11.442+0000] {processor.py:799} INFO - Processing file /home/airflow/.local/lib/python3.7/site-packages/airflow/example_dags/example_nested_branch_dag.py for tasks to queue
[2023-08-01T21:34:11.443+0000] {logging_mixin.py:149} INFO - [2023-08-01T21:34:11.443+0000] {dagbag.py:541} INFO - Filling up the DagBag from /home/airflow/.local/lib/python3.7/site-packages/airflow/example_dags/example_nested_branch_dag.py
[2023-08-01T21:34:11.458+0000] {processor.py:809} INFO - DAG(s) dict_keys(['example_nested_branch_dag']) retrieved from /home/airflow/.local/lib/python3.7/site-packages/airflow/example_dags/example_nested_branch_dag.py
[2023-08-01T21:34:11.537+0000] {logging_mixin.py:149} INFO - [2023-08-01T21:34:11.537+0000] {dag.py:2726} INFO - Sync 1 DAGs
[2023-08-01T21:34:11.574+0000] {logging_mixin.py:149} INFO - [2023-08-01T21:34:11.574+0000] {dag.py:3490} INFO - Setting next_dagrun for example_nested_branch_dag to 2023-07-31T00:00:00+00:00, run_after=2023-08-01T00:00:00+00:00
[2023-08-01T21:34:11.597+0000] {processor.py:178} INFO - Processing /home/airflow/.local/lib/python3.7/site-packages/airflow/example_dags/example_nested_branch_dag.py took 0.161 seconds
[2023-08-01T21:34:42.017+0000] {processor.py:156} INFO - Started process (PID=338) to work on /home/airflow/.local/lib/python3.7/site-packages/airflow/example_dags/example_nested_branch_dag.py
[2023-08-01T21:34:42.020+0000] {processor.py:799} INFO - Processing file /home/airflow/.local/lib/python3.7/site-packages/airflow/example_dags/example_nested_branch_dag.py for tasks to queue
[2023-08-01T21:34:42.021+0000] {logging_mixin.py:149} INFO - [2023-08-01T21:34:42.021+0000] {dagbag.py:541} INFO - Filling up the DagBag from /home/airflow/.local/lib/python3.7/site-packages/airflow/example_dags/example_nested_branch_dag.py
[2023-08-01T21:34:42.044+0000] {processor.py:809} INFO - DAG(s) dict_keys(['example_nested_branch_dag']) retrieved from /home/airflow/.local/lib/python3.7/site-packages/airflow/example_dags/example_nested_branch_dag.py
[2023-08-01T21:34:42.128+0000] {logging_mixin.py:149} INFO - [2023-08-01T21:34:42.127+0000] {dag.py:2726} INFO - Sync 1 DAGs
[2023-08-01T21:34:42.169+0000] {logging_mixin.py:149} INFO - [2023-08-01T21:34:42.169+0000] {dag.py:3490} INFO - Setting next_dagrun for example_nested_branch_dag to 2023-07-31T00:00:00+00:00, run_after=2023-08-01T00:00:00+00:00
[2023-08-01T21:34:42.197+0000] {processor.py:178} INFO - Processing /home/airflow/.local/lib/python3.7/site-packages/airflow/example_dags/example_nested_branch_dag.py took 0.188 seconds
[2023-08-01T21:35:12.536+0000] {processor.py:156} INFO - Started process (PID=395) to work on /home/airflow/.local/lib/python3.7/site-packages/airflow/example_dags/example_nested_branch_dag.py
[2023-08-01T21:35:12.538+0000] {processor.py:799} INFO - Processing file /home/airflow/.local/lib/python3.7/site-packages/airflow/example_dags/example_nested_branch_dag.py for tasks to queue
[2023-08-01T21:35:12.539+0000] {logging_mixin.py:149} INFO - [2023-08-01T21:35:12.539+0000] {dagbag.py:541} INFO - Filling up the DagBag from /home/airflow/.local/lib/python3.7/site-packages/airflow/example_dags/example_nested_branch_dag.py
[2023-08-01T21:35:12.566+0000] {processor.py:809} INFO - DAG(s) dict_keys(['example_nested_branch_dag']) retrieved from /home/airflow/.local/lib/python3.7/site-packages/airflow/example_dags/example_nested_branch_dag.py
[2023-08-01T21:35:12.657+0000] {logging_mixin.py:149} INFO - [2023-08-01T21:35:12.657+0000] {dag.py:2726} INFO - Sync 1 DAGs
[2023-08-01T21:35:12.720+0000] {logging_mixin.py:149} INFO - [2023-08-01T21:35:12.720+0000] {dag.py:3490} INFO - Setting next_dagrun for example_nested_branch_dag to 2023-07-31T00:00:00+00:00, run_after=2023-08-01T00:00:00+00:00
[2023-08-01T21:35:12.751+0000] {processor.py:178} INFO - Processing /home/airflow/.local/lib/python3.7/site-packages/airflow/example_dags/example_nested_branch_dag.py took 0.221 seconds
[2023-08-01T21:35:43.023+0000] {processor.py:156} INFO - Started process (PID=452) to work on /home/airflow/.local/lib/python3.7/site-packages/airflow/example_dags/example_nested_branch_dag.py
[2023-08-01T21:35:43.025+0000] {processor.py:799} INFO - Processing file /home/airflow/.local/lib/python3.7/site-packages/airflow/example_dags/example_nested_branch_dag.py for tasks to queue
[2023-08-01T21:35:43.026+0000] {logging_mixin.py:149} INFO - [2023-08-01T21:35:43.026+0000] {dagbag.py:541} INFO - Filling up the DagBag from /home/airflow/.local/lib/python3.7/site-packages/airflow/example_dags/example_nested_branch_dag.py
[2023-08-01T21:35:43.047+0000] {processor.py:809} INFO - DAG(s) dict_keys(['example_nested_branch_dag']) retrieved from /home/airflow/.local/lib/python3.7/site-packages/airflow/example_dags/example_nested_branch_dag.py
[2023-08-01T21:35:43.167+0000] {logging_mixin.py:149} INFO - [2023-08-01T21:35:43.166+0000] {dag.py:2726} INFO - Sync 1 DAGs
[2023-08-01T21:35:43.251+0000] {logging_mixin.py:149} INFO - [2023-08-01T21:35:43.251+0000] {dag.py:3490} INFO - Setting next_dagrun for example_nested_branch_dag to 2023-07-31T00:00:00+00:00, run_after=2023-08-01T00:00:00+00:00
[2023-08-01T21:35:43.305+0000] {processor.py:178} INFO - Processing /home/airflow/.local/lib/python3.7/site-packages/airflow/example_dags/example_nested_branch_dag.py took 0.287 seconds
[2023-08-01T21:36:14.711+0000] {processor.py:156} INFO - Started process (PID=509) to work on /home/airflow/.local/lib/python3.7/site-packages/airflow/example_dags/example_nested_branch_dag.py
[2023-08-01T21:36:14.713+0000] {processor.py:799} INFO - Processing file /home/airflow/.local/lib/python3.7/site-packages/airflow/example_dags/example_nested_branch_dag.py for tasks to queue
[2023-08-01T21:36:14.714+0000] {logging_mixin.py:149} INFO - [2023-08-01T21:36:14.714+0000] {dagbag.py:541} INFO - Filling up the DagBag from /home/airflow/.local/lib/python3.7/site-packages/airflow/example_dags/example_nested_branch_dag.py
[2023-08-01T21:36:14.726+0000] {processor.py:809} INFO - DAG(s) dict_keys(['example_nested_branch_dag']) retrieved from /home/airflow/.local/lib/python3.7/site-packages/airflow/example_dags/example_nested_branch_dag.py
[2023-08-01T21:36:14.799+0000] {logging_mixin.py:149} INFO - [2023-08-01T21:36:14.799+0000] {dag.py:2726} INFO - Sync 1 DAGs
[2023-08-01T21:36:14.837+0000] {logging_mixin.py:149} INFO - [2023-08-01T21:36:14.836+0000] {dag.py:3490} INFO - Setting next_dagrun for example_nested_branch_dag to 2023-07-31T00:00:00+00:00, run_after=2023-08-01T00:00:00+00:00
[2023-08-01T21:36:14.860+0000] {processor.py:178} INFO - Processing /home/airflow/.local/lib/python3.7/site-packages/airflow/example_dags/example_nested_branch_dag.py took 0.153 seconds
[2023-08-01T21:36:45.570+0000] {processor.py:156} INFO - Started process (PID=566) to work on /home/airflow/.local/lib/python3.7/site-packages/airflow/example_dags/example_nested_branch_dag.py
[2023-08-01T21:36:45.572+0000] {processor.py:799} INFO - Processing file /home/airflow/.local/lib/python3.7/site-packages/airflow/example_dags/example_nested_branch_dag.py for tasks to queue
[2023-08-01T21:36:45.573+0000] {logging_mixin.py:149} INFO - [2023-08-01T21:36:45.573+0000] {dagbag.py:541} INFO - Filling up the DagBag from /home/airflow/.local/lib/python3.7/site-packages/airflow/example_dags/example_nested_branch_dag.py
[2023-08-01T21:36:45.583+0000] {processor.py:809} INFO - DAG(s) dict_keys(['example_nested_branch_dag']) retrieved from /home/airflow/.local/lib/python3.7/site-packages/airflow/example_dags/example_nested_branch_dag.py
[2023-08-01T21:36:45.657+0000] {logging_mixin.py:149} INFO - [2023-08-01T21:36:45.657+0000] {dag.py:2726} INFO - Sync 1 DAGs
[2023-08-01T21:36:45.693+0000] {logging_mixin.py:149} INFO - [2023-08-01T21:36:45.693+0000] {dag.py:3490} INFO - Setting next_dagrun for example_nested_branch_dag to 2023-07-31T00:00:00+00:00, run_after=2023-08-01T00:00:00+00:00
[2023-08-01T21:36:45.715+0000] {processor.py:178} INFO - Processing /home/airflow/.local/lib/python3.7/site-packages/airflow/example_dags/example_nested_branch_dag.py took 0.148 seconds
