[2023-08-01T21:30:32.117+0000] {processor.py:156} INFO - Started process (PID=57) to work on /home/airflow/.local/lib/python3.7/site-packages/airflow/example_dags/example_sensors.py
[2023-08-01T21:30:32.118+0000] {processor.py:799} INFO - Processing file /home/airflow/.local/lib/python3.7/site-packages/airflow/example_dags/example_sensors.py for tasks to queue
[2023-08-01T21:30:32.120+0000] {logging_mixin.py:149} INFO - [2023-08-01T21:30:32.119+0000] {dagbag.py:541} INFO - Filling up the DagBag from /home/airflow/.local/lib/python3.7/site-packages/airflow/example_dags/example_sensors.py
[2023-08-01T21:30:32.137+0000] {processor.py:809} INFO - DAG(s) dict_keys(['example_sensors']) retrieved from /home/airflow/.local/lib/python3.7/site-packages/airflow/example_dags/example_sensors.py
[2023-08-01T21:30:32.227+0000] {logging_mixin.py:149} INFO - [2023-08-01T21:30:32.227+0000] {dag.py:2726} INFO - Sync 1 DAGs
[2023-08-01T21:30:32.283+0000] {logging_mixin.py:149} INFO - [2023-08-01T21:30:32.283+0000] {dag.py:3490} INFO - Setting next_dagrun for example_sensors to None, run_after=None
[2023-08-01T21:30:32.315+0000] {processor.py:178} INFO - Processing /home/airflow/.local/lib/python3.7/site-packages/airflow/example_dags/example_sensors.py took 0.202 seconds
[2023-08-01T21:31:02.742+0000] {processor.py:156} INFO - Started process (PID=114) to work on /home/airflow/.local/lib/python3.7/site-packages/airflow/example_dags/example_sensors.py
[2023-08-01T21:31:02.744+0000] {processor.py:799} INFO - Processing file /home/airflow/.local/lib/python3.7/site-packages/airflow/example_dags/example_sensors.py for tasks to queue
[2023-08-01T21:31:02.745+0000] {logging_mixin.py:149} INFO - [2023-08-01T21:31:02.744+0000] {dagbag.py:541} INFO - Filling up the DagBag from /home/airflow/.local/lib/python3.7/site-packages/airflow/example_dags/example_sensors.py
[2023-08-01T21:31:02.754+0000] {processor.py:809} INFO - DAG(s) dict_keys(['example_sensors']) retrieved from /home/airflow/.local/lib/python3.7/site-packages/airflow/example_dags/example_sensors.py
[2023-08-01T21:31:02.830+0000] {logging_mixin.py:149} INFO - [2023-08-01T21:31:02.829+0000] {dag.py:2726} INFO - Sync 1 DAGs
[2023-08-01T21:31:02.865+0000] {logging_mixin.py:149} INFO - [2023-08-01T21:31:02.865+0000] {dag.py:3490} INFO - Setting next_dagrun for example_sensors to None, run_after=None
[2023-08-01T21:31:02.889+0000] {processor.py:178} INFO - Processing /home/airflow/.local/lib/python3.7/site-packages/airflow/example_dags/example_sensors.py took 0.150 seconds
[2023-08-01T21:32:09.780+0000] {processor.py:156} INFO - Started process (PID=56) to work on /home/airflow/.local/lib/python3.7/site-packages/airflow/example_dags/example_sensors.py
[2023-08-01T21:32:09.785+0000] {processor.py:799} INFO - Processing file /home/airflow/.local/lib/python3.7/site-packages/airflow/example_dags/example_sensors.py for tasks to queue
[2023-08-01T21:32:09.787+0000] {logging_mixin.py:149} INFO - [2023-08-01T21:32:09.787+0000] {dagbag.py:541} INFO - Filling up the DagBag from /home/airflow/.local/lib/python3.7/site-packages/airflow/example_dags/example_sensors.py
[2023-08-01T21:32:09.801+0000] {processor.py:809} INFO - DAG(s) dict_keys(['example_sensors']) retrieved from /home/airflow/.local/lib/python3.7/site-packages/airflow/example_dags/example_sensors.py
[2023-08-01T21:32:09.909+0000] {logging_mixin.py:149} INFO - [2023-08-01T21:32:09.909+0000] {dag.py:2726} INFO - Sync 1 DAGs
[2023-08-01T21:32:09.970+0000] {logging_mixin.py:149} INFO - [2023-08-01T21:32:09.969+0000] {dag.py:3490} INFO - Setting next_dagrun for example_sensors to None, run_after=None
[2023-08-01T21:32:09.998+0000] {processor.py:178} INFO - Processing /home/airflow/.local/lib/python3.7/site-packages/airflow/example_dags/example_sensors.py took 0.231 seconds
[2023-08-01T21:32:40.694+0000] {processor.py:156} INFO - Started process (PID=113) to work on /home/airflow/.local/lib/python3.7/site-packages/airflow/example_dags/example_sensors.py
[2023-08-01T21:32:40.695+0000] {processor.py:799} INFO - Processing file /home/airflow/.local/lib/python3.7/site-packages/airflow/example_dags/example_sensors.py for tasks to queue
[2023-08-01T21:32:40.696+0000] {logging_mixin.py:149} INFO - [2023-08-01T21:32:40.696+0000] {dagbag.py:541} INFO - Filling up the DagBag from /home/airflow/.local/lib/python3.7/site-packages/airflow/example_dags/example_sensors.py
[2023-08-01T21:32:40.706+0000] {processor.py:809} INFO - DAG(s) dict_keys(['example_sensors']) retrieved from /home/airflow/.local/lib/python3.7/site-packages/airflow/example_dags/example_sensors.py
[2023-08-01T21:32:40.786+0000] {logging_mixin.py:149} INFO - [2023-08-01T21:32:40.786+0000] {dag.py:2726} INFO - Sync 1 DAGs
[2023-08-01T21:32:40.821+0000] {logging_mixin.py:149} INFO - [2023-08-01T21:32:40.820+0000] {dag.py:3490} INFO - Setting next_dagrun for example_sensors to None, run_after=None
[2023-08-01T21:32:40.841+0000] {processor.py:178} INFO - Processing /home/airflow/.local/lib/python3.7/site-packages/airflow/example_dags/example_sensors.py took 0.150 seconds
[2023-08-01T21:33:12.024+0000] {processor.py:156} INFO - Started process (PID=170) to work on /home/airflow/.local/lib/python3.7/site-packages/airflow/example_dags/example_sensors.py
[2023-08-01T21:33:12.025+0000] {processor.py:799} INFO - Processing file /home/airflow/.local/lib/python3.7/site-packages/airflow/example_dags/example_sensors.py for tasks to queue
[2023-08-01T21:33:12.026+0000] {logging_mixin.py:149} INFO - [2023-08-01T21:33:12.026+0000] {dagbag.py:541} INFO - Filling up the DagBag from /home/airflow/.local/lib/python3.7/site-packages/airflow/example_dags/example_sensors.py
[2023-08-01T21:33:12.036+0000] {processor.py:809} INFO - DAG(s) dict_keys(['example_sensors']) retrieved from /home/airflow/.local/lib/python3.7/site-packages/airflow/example_dags/example_sensors.py
[2023-08-01T21:33:12.198+0000] {logging_mixin.py:149} INFO - [2023-08-01T21:33:12.198+0000] {dag.py:2726} INFO - Sync 1 DAGs
[2023-08-01T21:33:12.229+0000] {logging_mixin.py:149} INFO - [2023-08-01T21:33:12.229+0000] {dag.py:3490} INFO - Setting next_dagrun for example_sensors to None, run_after=None
[2023-08-01T21:33:12.249+0000] {processor.py:178} INFO - Processing /home/airflow/.local/lib/python3.7/site-packages/airflow/example_dags/example_sensors.py took 0.228 seconds
[2023-08-01T21:33:43.317+0000] {processor.py:156} INFO - Started process (PID=227) to work on /home/airflow/.local/lib/python3.7/site-packages/airflow/example_dags/example_sensors.py
[2023-08-01T21:33:43.318+0000] {processor.py:799} INFO - Processing file /home/airflow/.local/lib/python3.7/site-packages/airflow/example_dags/example_sensors.py for tasks to queue
[2023-08-01T21:33:43.319+0000] {logging_mixin.py:149} INFO - [2023-08-01T21:33:43.318+0000] {dagbag.py:541} INFO - Filling up the DagBag from /home/airflow/.local/lib/python3.7/site-packages/airflow/example_dags/example_sensors.py
[2023-08-01T21:33:43.329+0000] {processor.py:809} INFO - DAG(s) dict_keys(['example_sensors']) retrieved from /home/airflow/.local/lib/python3.7/site-packages/airflow/example_dags/example_sensors.py
[2023-08-01T21:33:43.518+0000] {logging_mixin.py:149} INFO - [2023-08-01T21:33:43.517+0000] {dag.py:2726} INFO - Sync 1 DAGs
[2023-08-01T21:33:43.709+0000] {logging_mixin.py:149} INFO - [2023-08-01T21:33:43.709+0000] {dag.py:3490} INFO - Setting next_dagrun for example_sensors to None, run_after=None
[2023-08-01T21:33:43.740+0000] {processor.py:178} INFO - Processing /home/airflow/.local/lib/python3.7/site-packages/airflow/example_dags/example_sensors.py took 0.426 seconds
[2023-08-01T21:34:13.846+0000] {processor.py:156} INFO - Started process (PID=284) to work on /home/airflow/.local/lib/python3.7/site-packages/airflow/example_dags/example_sensors.py
[2023-08-01T21:34:13.847+0000] {processor.py:799} INFO - Processing file /home/airflow/.local/lib/python3.7/site-packages/airflow/example_dags/example_sensors.py for tasks to queue
[2023-08-01T21:34:13.848+0000] {logging_mixin.py:149} INFO - [2023-08-01T21:34:13.848+0000] {dagbag.py:541} INFO - Filling up the DagBag from /home/airflow/.local/lib/python3.7/site-packages/airflow/example_dags/example_sensors.py
[2023-08-01T21:34:13.860+0000] {processor.py:809} INFO - DAG(s) dict_keys(['example_sensors']) retrieved from /home/airflow/.local/lib/python3.7/site-packages/airflow/example_dags/example_sensors.py
[2023-08-01T21:34:13.935+0000] {logging_mixin.py:149} INFO - [2023-08-01T21:34:13.935+0000] {dag.py:2726} INFO - Sync 1 DAGs
[2023-08-01T21:34:13.969+0000] {logging_mixin.py:149} INFO - [2023-08-01T21:34:13.969+0000] {dag.py:3490} INFO - Setting next_dagrun for example_sensors to None, run_after=None
[2023-08-01T21:34:13.990+0000] {processor.py:178} INFO - Processing /home/airflow/.local/lib/python3.7/site-packages/airflow/example_dags/example_sensors.py took 0.147 seconds
[2023-08-01T21:34:44.399+0000] {processor.py:156} INFO - Started process (PID=341) to work on /home/airflow/.local/lib/python3.7/site-packages/airflow/example_dags/example_sensors.py
[2023-08-01T21:34:44.401+0000] {processor.py:799} INFO - Processing file /home/airflow/.local/lib/python3.7/site-packages/airflow/example_dags/example_sensors.py for tasks to queue
[2023-08-01T21:34:44.402+0000] {logging_mixin.py:149} INFO - [2023-08-01T21:34:44.402+0000] {dagbag.py:541} INFO - Filling up the DagBag from /home/airflow/.local/lib/python3.7/site-packages/airflow/example_dags/example_sensors.py
[2023-08-01T21:34:44.414+0000] {processor.py:809} INFO - DAG(s) dict_keys(['example_sensors']) retrieved from /home/airflow/.local/lib/python3.7/site-packages/airflow/example_dags/example_sensors.py
[2023-08-01T21:34:44.496+0000] {logging_mixin.py:149} INFO - [2023-08-01T21:34:44.495+0000] {dag.py:2726} INFO - Sync 1 DAGs
[2023-08-01T21:34:44.535+0000] {logging_mixin.py:149} INFO - [2023-08-01T21:34:44.535+0000] {dag.py:3490} INFO - Setting next_dagrun for example_sensors to None, run_after=None
[2023-08-01T21:34:44.575+0000] {processor.py:178} INFO - Processing /home/airflow/.local/lib/python3.7/site-packages/airflow/example_dags/example_sensors.py took 0.179 seconds
[2023-08-01T21:35:14.923+0000] {processor.py:156} INFO - Started process (PID=398) to work on /home/airflow/.local/lib/python3.7/site-packages/airflow/example_dags/example_sensors.py
[2023-08-01T21:35:14.924+0000] {processor.py:799} INFO - Processing file /home/airflow/.local/lib/python3.7/site-packages/airflow/example_dags/example_sensors.py for tasks to queue
[2023-08-01T21:35:14.925+0000] {logging_mixin.py:149} INFO - [2023-08-01T21:35:14.925+0000] {dagbag.py:541} INFO - Filling up the DagBag from /home/airflow/.local/lib/python3.7/site-packages/airflow/example_dags/example_sensors.py
[2023-08-01T21:35:14.935+0000] {processor.py:809} INFO - DAG(s) dict_keys(['example_sensors']) retrieved from /home/airflow/.local/lib/python3.7/site-packages/airflow/example_dags/example_sensors.py
[2023-08-01T21:35:15.015+0000] {logging_mixin.py:149} INFO - [2023-08-01T21:35:15.015+0000] {dag.py:2726} INFO - Sync 1 DAGs
[2023-08-01T21:35:15.052+0000] {logging_mixin.py:149} INFO - [2023-08-01T21:35:15.051+0000] {dag.py:3490} INFO - Setting next_dagrun for example_sensors to None, run_after=None
[2023-08-01T21:35:15.074+0000] {processor.py:178} INFO - Processing /home/airflow/.local/lib/python3.7/site-packages/airflow/example_dags/example_sensors.py took 0.154 seconds
[2023-08-01T21:35:45.758+0000] {processor.py:156} INFO - Started process (PID=455) to work on /home/airflow/.local/lib/python3.7/site-packages/airflow/example_dags/example_sensors.py
[2023-08-01T21:35:45.761+0000] {processor.py:799} INFO - Processing file /home/airflow/.local/lib/python3.7/site-packages/airflow/example_dags/example_sensors.py for tasks to queue
[2023-08-01T21:35:45.799+0000] {logging_mixin.py:149} INFO - [2023-08-01T21:35:45.798+0000] {dagbag.py:541} INFO - Filling up the DagBag from /home/airflow/.local/lib/python3.7/site-packages/airflow/example_dags/example_sensors.py
[2023-08-01T21:35:45.843+0000] {processor.py:809} INFO - DAG(s) dict_keys(['example_sensors']) retrieved from /home/airflow/.local/lib/python3.7/site-packages/airflow/example_dags/example_sensors.py
[2023-08-01T21:35:45.951+0000] {logging_mixin.py:149} INFO - [2023-08-01T21:35:45.951+0000] {dag.py:2726} INFO - Sync 1 DAGs
[2023-08-01T21:35:46.078+0000] {logging_mixin.py:149} INFO - [2023-08-01T21:35:46.078+0000] {dag.py:3490} INFO - Setting next_dagrun for example_sensors to None, run_after=None
[2023-08-01T21:35:46.114+0000] {processor.py:178} INFO - Processing /home/airflow/.local/lib/python3.7/site-packages/airflow/example_dags/example_sensors.py took 0.367 seconds
[2023-08-01T21:36:16.180+0000] {processor.py:156} INFO - Started process (PID=513) to work on /home/airflow/.local/lib/python3.7/site-packages/airflow/example_dags/example_sensors.py
[2023-08-01T21:36:16.182+0000] {processor.py:799} INFO - Processing file /home/airflow/.local/lib/python3.7/site-packages/airflow/example_dags/example_sensors.py for tasks to queue
[2023-08-01T21:36:16.183+0000] {logging_mixin.py:149} INFO - [2023-08-01T21:36:16.183+0000] {dagbag.py:541} INFO - Filling up the DagBag from /home/airflow/.local/lib/python3.7/site-packages/airflow/example_dags/example_sensors.py
[2023-08-01T21:36:16.195+0000] {processor.py:809} INFO - DAG(s) dict_keys(['example_sensors']) retrieved from /home/airflow/.local/lib/python3.7/site-packages/airflow/example_dags/example_sensors.py
[2023-08-01T21:36:16.273+0000] {logging_mixin.py:149} INFO - [2023-08-01T21:36:16.273+0000] {dag.py:2726} INFO - Sync 1 DAGs
[2023-08-01T21:36:16.307+0000] {logging_mixin.py:149} INFO - [2023-08-01T21:36:16.307+0000] {dag.py:3490} INFO - Setting next_dagrun for example_sensors to None, run_after=None
[2023-08-01T21:36:16.331+0000] {processor.py:178} INFO - Processing /home/airflow/.local/lib/python3.7/site-packages/airflow/example_dags/example_sensors.py took 0.154 seconds
[2023-08-01T21:36:46.823+0000] {processor.py:156} INFO - Started process (PID=569) to work on /home/airflow/.local/lib/python3.7/site-packages/airflow/example_dags/example_sensors.py
[2023-08-01T21:36:46.824+0000] {processor.py:799} INFO - Processing file /home/airflow/.local/lib/python3.7/site-packages/airflow/example_dags/example_sensors.py for tasks to queue
[2023-08-01T21:36:46.825+0000] {logging_mixin.py:149} INFO - [2023-08-01T21:36:46.825+0000] {dagbag.py:541} INFO - Filling up the DagBag from /home/airflow/.local/lib/python3.7/site-packages/airflow/example_dags/example_sensors.py
[2023-08-01T21:36:46.835+0000] {processor.py:809} INFO - DAG(s) dict_keys(['example_sensors']) retrieved from /home/airflow/.local/lib/python3.7/site-packages/airflow/example_dags/example_sensors.py
[2023-08-01T21:36:46.911+0000] {logging_mixin.py:149} INFO - [2023-08-01T21:36:46.911+0000] {dag.py:2726} INFO - Sync 1 DAGs
[2023-08-01T21:36:46.945+0000] {logging_mixin.py:149} INFO - [2023-08-01T21:36:46.945+0000] {dag.py:3490} INFO - Setting next_dagrun for example_sensors to None, run_after=None
[2023-08-01T21:36:46.965+0000] {processor.py:178} INFO - Processing /home/airflow/.local/lib/python3.7/site-packages/airflow/example_dags/example_sensors.py took 0.145 seconds
