[2023-08-01T21:30:30.117+0000] {processor.py:156} INFO - Started process (PID=37) to work on /home/airflow/.local/lib/python3.7/site-packages/airflow/example_dags/example_latest_only_with_trigger.py
[2023-08-01T21:30:30.118+0000] {processor.py:799} INFO - Processing file /home/airflow/.local/lib/python3.7/site-packages/airflow/example_dags/example_latest_only_with_trigger.py for tasks to queue
[2023-08-01T21:30:30.119+0000] {logging_mixin.py:149} INFO - [2023-08-01T21:30:30.119+0000] {dagbag.py:541} INFO - Filling up the DagBag from /home/airflow/.local/lib/python3.7/site-packages/airflow/example_dags/example_latest_only_with_trigger.py
[2023-08-01T21:30:30.129+0000] {processor.py:809} INFO - DAG(s) dict_keys(['latest_only_with_trigger']) retrieved from /home/airflow/.local/lib/python3.7/site-packages/airflow/example_dags/example_latest_only_with_trigger.py
[2023-08-01T21:30:30.191+0000] {logging_mixin.py:149} INFO - [2023-08-01T21:30:30.191+0000] {dag.py:2726} INFO - Sync 1 DAGs
[2023-08-01T21:30:30.231+0000] {logging_mixin.py:149} INFO - [2023-08-01T21:30:30.231+0000] {dag.py:3490} INFO - Setting next_dagrun for latest_only_with_trigger to 2023-08-01T17:30:30.230688+00:00, run_after=2023-08-01T21:30:30.230688+00:00
[2023-08-01T21:30:30.272+0000] {processor.py:178} INFO - Processing /home/airflow/.local/lib/python3.7/site-packages/airflow/example_dags/example_latest_only_with_trigger.py took 0.158 seconds
[2023-08-01T21:31:00.928+0000] {processor.py:156} INFO - Started process (PID=94) to work on /home/airflow/.local/lib/python3.7/site-packages/airflow/example_dags/example_latest_only_with_trigger.py
[2023-08-01T21:31:00.929+0000] {processor.py:799} INFO - Processing file /home/airflow/.local/lib/python3.7/site-packages/airflow/example_dags/example_latest_only_with_trigger.py for tasks to queue
[2023-08-01T21:31:00.930+0000] {logging_mixin.py:149} INFO - [2023-08-01T21:31:00.930+0000] {dagbag.py:541} INFO - Filling up the DagBag from /home/airflow/.local/lib/python3.7/site-packages/airflow/example_dags/example_latest_only_with_trigger.py
[2023-08-01T21:31:00.937+0000] {processor.py:809} INFO - DAG(s) dict_keys(['latest_only_with_trigger']) retrieved from /home/airflow/.local/lib/python3.7/site-packages/airflow/example_dags/example_latest_only_with_trigger.py
[2023-08-01T21:31:01.018+0000] {logging_mixin.py:149} INFO - [2023-08-01T21:31:01.017+0000] {dag.py:2726} INFO - Sync 1 DAGs
[2023-08-01T21:31:01.056+0000] {logging_mixin.py:149} INFO - [2023-08-01T21:31:01.056+0000] {dag.py:3490} INFO - Setting next_dagrun for latest_only_with_trigger to 2023-08-01T17:31:01.055520+00:00, run_after=2023-08-01T21:31:01.055520+00:00
[2023-08-01T21:31:01.078+0000] {processor.py:178} INFO - Processing /home/airflow/.local/lib/python3.7/site-packages/airflow/example_dags/example_latest_only_with_trigger.py took 0.153 seconds
[2023-08-01T21:32:02.531+0000] {processor.py:156} INFO - Started process (PID=36) to work on /home/airflow/.local/lib/python3.7/site-packages/airflow/example_dags/example_latest_only_with_trigger.py
[2023-08-01T21:32:02.533+0000] {processor.py:799} INFO - Processing file /home/airflow/.local/lib/python3.7/site-packages/airflow/example_dags/example_latest_only_with_trigger.py for tasks to queue
[2023-08-01T21:32:02.534+0000] {logging_mixin.py:149} INFO - [2023-08-01T21:32:02.534+0000] {dagbag.py:541} INFO - Filling up the DagBag from /home/airflow/.local/lib/python3.7/site-packages/airflow/example_dags/example_latest_only_with_trigger.py
[2023-08-01T21:32:02.547+0000] {processor.py:809} INFO - DAG(s) dict_keys(['latest_only_with_trigger']) retrieved from /home/airflow/.local/lib/python3.7/site-packages/airflow/example_dags/example_latest_only_with_trigger.py
[2023-08-01T21:32:02.632+0000] {logging_mixin.py:149} INFO - [2023-08-01T21:32:02.632+0000] {dag.py:2726} INFO - Sync 1 DAGs
[2023-08-01T21:32:02.686+0000] {logging_mixin.py:149} INFO - [2023-08-01T21:32:02.686+0000] {dag.py:3490} INFO - Setting next_dagrun for latest_only_with_trigger to 2023-08-01T17:32:02.685095+00:00, run_after=2023-08-01T21:32:02.685095+00:00
[2023-08-01T21:32:02.731+0000] {processor.py:178} INFO - Processing /home/airflow/.local/lib/python3.7/site-packages/airflow/example_dags/example_latest_only_with_trigger.py took 0.203 seconds
[2023-08-01T21:32:33.358+0000] {processor.py:156} INFO - Started process (PID=93) to work on /home/airflow/.local/lib/python3.7/site-packages/airflow/example_dags/example_latest_only_with_trigger.py
[2023-08-01T21:32:33.359+0000] {processor.py:799} INFO - Processing file /home/airflow/.local/lib/python3.7/site-packages/airflow/example_dags/example_latest_only_with_trigger.py for tasks to queue
[2023-08-01T21:32:33.360+0000] {logging_mixin.py:149} INFO - [2023-08-01T21:32:33.360+0000] {dagbag.py:541} INFO - Filling up the DagBag from /home/airflow/.local/lib/python3.7/site-packages/airflow/example_dags/example_latest_only_with_trigger.py
[2023-08-01T21:32:33.367+0000] {processor.py:809} INFO - DAG(s) dict_keys(['latest_only_with_trigger']) retrieved from /home/airflow/.local/lib/python3.7/site-packages/airflow/example_dags/example_latest_only_with_trigger.py
[2023-08-01T21:32:33.444+0000] {logging_mixin.py:149} INFO - [2023-08-01T21:32:33.444+0000] {dag.py:2726} INFO - Sync 1 DAGs
[2023-08-01T21:32:33.480+0000] {logging_mixin.py:149} INFO - [2023-08-01T21:32:33.480+0000] {dag.py:3490} INFO - Setting next_dagrun for latest_only_with_trigger to 2023-08-01T17:32:33.479735+00:00, run_after=2023-08-01T21:32:33.479735+00:00
[2023-08-01T21:32:33.504+0000] {processor.py:178} INFO - Processing /home/airflow/.local/lib/python3.7/site-packages/airflow/example_dags/example_latest_only_with_trigger.py took 0.150 seconds
[2023-08-01T21:33:03.924+0000] {processor.py:156} INFO - Started process (PID=150) to work on /home/airflow/.local/lib/python3.7/site-packages/airflow/example_dags/example_latest_only_with_trigger.py
[2023-08-01T21:33:03.925+0000] {processor.py:799} INFO - Processing file /home/airflow/.local/lib/python3.7/site-packages/airflow/example_dags/example_latest_only_with_trigger.py for tasks to queue
[2023-08-01T21:33:03.926+0000] {logging_mixin.py:149} INFO - [2023-08-01T21:33:03.926+0000] {dagbag.py:541} INFO - Filling up the DagBag from /home/airflow/.local/lib/python3.7/site-packages/airflow/example_dags/example_latest_only_with_trigger.py
[2023-08-01T21:33:03.936+0000] {processor.py:809} INFO - DAG(s) dict_keys(['latest_only_with_trigger']) retrieved from /home/airflow/.local/lib/python3.7/site-packages/airflow/example_dags/example_latest_only_with_trigger.py
[2023-08-01T21:33:04.015+0000] {logging_mixin.py:149} INFO - [2023-08-01T21:33:04.015+0000] {dag.py:2726} INFO - Sync 1 DAGs
[2023-08-01T21:33:04.135+0000] {logging_mixin.py:149} INFO - [2023-08-01T21:33:04.135+0000] {dag.py:3490} INFO - Setting next_dagrun for latest_only_with_trigger to 2023-08-01T17:33:04.134898+00:00, run_after=2023-08-01T21:33:04.134898+00:00
[2023-08-01T21:33:04.158+0000] {processor.py:178} INFO - Processing /home/airflow/.local/lib/python3.7/site-packages/airflow/example_dags/example_latest_only_with_trigger.py took 0.237 seconds
[2023-08-01T21:33:36.291+0000] {processor.py:156} INFO - Started process (PID=207) to work on /home/airflow/.local/lib/python3.7/site-packages/airflow/example_dags/example_latest_only_with_trigger.py
[2023-08-01T21:33:36.298+0000] {processor.py:799} INFO - Processing file /home/airflow/.local/lib/python3.7/site-packages/airflow/example_dags/example_latest_only_with_trigger.py for tasks to queue
[2023-08-01T21:33:36.303+0000] {logging_mixin.py:149} INFO - [2023-08-01T21:33:36.302+0000] {dagbag.py:541} INFO - Filling up the DagBag from /home/airflow/.local/lib/python3.7/site-packages/airflow/example_dags/example_latest_only_with_trigger.py
[2023-08-01T21:33:36.328+0000] {processor.py:809} INFO - DAG(s) dict_keys(['latest_only_with_trigger']) retrieved from /home/airflow/.local/lib/python3.7/site-packages/airflow/example_dags/example_latest_only_with_trigger.py
[2023-08-01T21:33:36.464+0000] {logging_mixin.py:149} INFO - [2023-08-01T21:33:36.464+0000] {dag.py:2726} INFO - Sync 1 DAGs
[2023-08-01T21:33:36.521+0000] {logging_mixin.py:149} INFO - [2023-08-01T21:33:36.520+0000] {dag.py:3490} INFO - Setting next_dagrun for latest_only_with_trigger to 2023-08-01T17:33:36.519972+00:00, run_after=2023-08-01T21:33:36.519972+00:00
[2023-08-01T21:33:36.550+0000] {processor.py:178} INFO - Processing /home/airflow/.local/lib/python3.7/site-packages/airflow/example_dags/example_latest_only_with_trigger.py took 0.268 seconds
[2023-08-01T21:34:06.758+0000] {processor.py:156} INFO - Started process (PID=264) to work on /home/airflow/.local/lib/python3.7/site-packages/airflow/example_dags/example_latest_only_with_trigger.py
[2023-08-01T21:34:06.759+0000] {processor.py:799} INFO - Processing file /home/airflow/.local/lib/python3.7/site-packages/airflow/example_dags/example_latest_only_with_trigger.py for tasks to queue
[2023-08-01T21:34:06.760+0000] {logging_mixin.py:149} INFO - [2023-08-01T21:34:06.760+0000] {dagbag.py:541} INFO - Filling up the DagBag from /home/airflow/.local/lib/python3.7/site-packages/airflow/example_dags/example_latest_only_with_trigger.py
[2023-08-01T21:34:06.768+0000] {processor.py:809} INFO - DAG(s) dict_keys(['latest_only_with_trigger']) retrieved from /home/airflow/.local/lib/python3.7/site-packages/airflow/example_dags/example_latest_only_with_trigger.py
[2023-08-01T21:34:06.844+0000] {logging_mixin.py:149} INFO - [2023-08-01T21:34:06.844+0000] {dag.py:2726} INFO - Sync 1 DAGs
[2023-08-01T21:34:06.881+0000] {logging_mixin.py:149} INFO - [2023-08-01T21:34:06.881+0000] {dag.py:3490} INFO - Setting next_dagrun for latest_only_with_trigger to 2023-08-01T17:34:06.880976+00:00, run_after=2023-08-01T21:34:06.880976+00:00
[2023-08-01T21:34:06.907+0000] {processor.py:178} INFO - Processing /home/airflow/.local/lib/python3.7/site-packages/airflow/example_dags/example_latest_only_with_trigger.py took 0.152 seconds
[2023-08-01T21:34:37.142+0000] {processor.py:156} INFO - Started process (PID=321) to work on /home/airflow/.local/lib/python3.7/site-packages/airflow/example_dags/example_latest_only_with_trigger.py
[2023-08-01T21:34:37.143+0000] {processor.py:799} INFO - Processing file /home/airflow/.local/lib/python3.7/site-packages/airflow/example_dags/example_latest_only_with_trigger.py for tasks to queue
[2023-08-01T21:34:37.144+0000] {logging_mixin.py:149} INFO - [2023-08-01T21:34:37.144+0000] {dagbag.py:541} INFO - Filling up the DagBag from /home/airflow/.local/lib/python3.7/site-packages/airflow/example_dags/example_latest_only_with_trigger.py
[2023-08-01T21:34:37.151+0000] {processor.py:809} INFO - DAG(s) dict_keys(['latest_only_with_trigger']) retrieved from /home/airflow/.local/lib/python3.7/site-packages/airflow/example_dags/example_latest_only_with_trigger.py
[2023-08-01T21:34:37.229+0000] {logging_mixin.py:149} INFO - [2023-08-01T21:34:37.229+0000] {dag.py:2726} INFO - Sync 1 DAGs
[2023-08-01T21:34:37.324+0000] {logging_mixin.py:149} INFO - [2023-08-01T21:34:37.323+0000] {dag.py:3490} INFO - Setting next_dagrun for latest_only_with_trigger to 2023-08-01T17:34:37.322672+00:00, run_after=2023-08-01T21:34:37.322672+00:00
[2023-08-01T21:34:37.362+0000] {processor.py:178} INFO - Processing /home/airflow/.local/lib/python3.7/site-packages/airflow/example_dags/example_latest_only_with_trigger.py took 0.223 seconds
[2023-08-01T21:35:07.683+0000] {processor.py:156} INFO - Started process (PID=378) to work on /home/airflow/.local/lib/python3.7/site-packages/airflow/example_dags/example_latest_only_with_trigger.py
[2023-08-01T21:35:07.684+0000] {processor.py:799} INFO - Processing file /home/airflow/.local/lib/python3.7/site-packages/airflow/example_dags/example_latest_only_with_trigger.py for tasks to queue
[2023-08-01T21:35:07.685+0000] {logging_mixin.py:149} INFO - [2023-08-01T21:35:07.685+0000] {dagbag.py:541} INFO - Filling up the DagBag from /home/airflow/.local/lib/python3.7/site-packages/airflow/example_dags/example_latest_only_with_trigger.py
[2023-08-01T21:35:07.691+0000] {processor.py:809} INFO - DAG(s) dict_keys(['latest_only_with_trigger']) retrieved from /home/airflow/.local/lib/python3.7/site-packages/airflow/example_dags/example_latest_only_with_trigger.py
[2023-08-01T21:35:07.760+0000] {logging_mixin.py:149} INFO - [2023-08-01T21:35:07.760+0000] {dag.py:2726} INFO - Sync 1 DAGs
[2023-08-01T21:35:07.795+0000] {logging_mixin.py:149} INFO - [2023-08-01T21:35:07.795+0000] {dag.py:3490} INFO - Setting next_dagrun for latest_only_with_trigger to 2023-08-01T17:35:07.795042+00:00, run_after=2023-08-01T21:35:07.795042+00:00
[2023-08-01T21:35:07.818+0000] {processor.py:178} INFO - Processing /home/airflow/.local/lib/python3.7/site-packages/airflow/example_dags/example_latest_only_with_trigger.py took 0.138 seconds
[2023-08-01T21:35:38.119+0000] {processor.py:156} INFO - Started process (PID=435) to work on /home/airflow/.local/lib/python3.7/site-packages/airflow/example_dags/example_latest_only_with_trigger.py
[2023-08-01T21:35:38.120+0000] {processor.py:799} INFO - Processing file /home/airflow/.local/lib/python3.7/site-packages/airflow/example_dags/example_latest_only_with_trigger.py for tasks to queue
[2023-08-01T21:35:38.121+0000] {logging_mixin.py:149} INFO - [2023-08-01T21:35:38.121+0000] {dagbag.py:541} INFO - Filling up the DagBag from /home/airflow/.local/lib/python3.7/site-packages/airflow/example_dags/example_latest_only_with_trigger.py
[2023-08-01T21:35:38.128+0000] {processor.py:809} INFO - DAG(s) dict_keys(['latest_only_with_trigger']) retrieved from /home/airflow/.local/lib/python3.7/site-packages/airflow/example_dags/example_latest_only_with_trigger.py
[2023-08-01T21:35:38.206+0000] {logging_mixin.py:149} INFO - [2023-08-01T21:35:38.206+0000] {dag.py:2726} INFO - Sync 1 DAGs
[2023-08-01T21:35:38.243+0000] {logging_mixin.py:149} INFO - [2023-08-01T21:35:38.242+0000] {dag.py:3490} INFO - Setting next_dagrun for latest_only_with_trigger to 2023-08-01T17:35:38.242192+00:00, run_after=2023-08-01T21:35:38.242192+00:00
[2023-08-01T21:35:38.267+0000] {processor.py:178} INFO - Processing /home/airflow/.local/lib/python3.7/site-packages/airflow/example_dags/example_latest_only_with_trigger.py took 0.153 seconds
[2023-08-01T21:36:09.229+0000] {processor.py:156} INFO - Started process (PID=492) to work on /home/airflow/.local/lib/python3.7/site-packages/airflow/example_dags/example_latest_only_with_trigger.py
[2023-08-01T21:36:09.230+0000] {processor.py:799} INFO - Processing file /home/airflow/.local/lib/python3.7/site-packages/airflow/example_dags/example_latest_only_with_trigger.py for tasks to queue
[2023-08-01T21:36:09.232+0000] {logging_mixin.py:149} INFO - [2023-08-01T21:36:09.231+0000] {dagbag.py:541} INFO - Filling up the DagBag from /home/airflow/.local/lib/python3.7/site-packages/airflow/example_dags/example_latest_only_with_trigger.py
[2023-08-01T21:36:09.242+0000] {processor.py:809} INFO - DAG(s) dict_keys(['latest_only_with_trigger']) retrieved from /home/airflow/.local/lib/python3.7/site-packages/airflow/example_dags/example_latest_only_with_trigger.py
[2023-08-01T21:36:09.330+0000] {logging_mixin.py:149} INFO - [2023-08-01T21:36:09.329+0000] {dag.py:2726} INFO - Sync 1 DAGs
[2023-08-01T21:36:09.381+0000] {logging_mixin.py:149} INFO - [2023-08-01T21:36:09.380+0000] {dag.py:3490} INFO - Setting next_dagrun for latest_only_with_trigger to 2023-08-01T17:36:09.379485+00:00, run_after=2023-08-01T21:36:09.379485+00:00
[2023-08-01T21:36:09.430+0000] {processor.py:178} INFO - Processing /home/airflow/.local/lib/python3.7/site-packages/airflow/example_dags/example_latest_only_with_trigger.py took 0.205 seconds
[2023-08-01T21:36:39.959+0000] {processor.py:156} INFO - Started process (PID=549) to work on /home/airflow/.local/lib/python3.7/site-packages/airflow/example_dags/example_latest_only_with_trigger.py
[2023-08-01T21:36:39.960+0000] {processor.py:799} INFO - Processing file /home/airflow/.local/lib/python3.7/site-packages/airflow/example_dags/example_latest_only_with_trigger.py for tasks to queue
[2023-08-01T21:36:39.961+0000] {logging_mixin.py:149} INFO - [2023-08-01T21:36:39.961+0000] {dagbag.py:541} INFO - Filling up the DagBag from /home/airflow/.local/lib/python3.7/site-packages/airflow/example_dags/example_latest_only_with_trigger.py
[2023-08-01T21:36:39.968+0000] {processor.py:809} INFO - DAG(s) dict_keys(['latest_only_with_trigger']) retrieved from /home/airflow/.local/lib/python3.7/site-packages/airflow/example_dags/example_latest_only_with_trigger.py
[2023-08-01T21:36:40.058+0000] {logging_mixin.py:149} INFO - [2023-08-01T21:36:40.058+0000] {dag.py:2726} INFO - Sync 1 DAGs
[2023-08-01T21:36:40.097+0000] {logging_mixin.py:149} INFO - [2023-08-01T21:36:40.097+0000] {dag.py:3490} INFO - Setting next_dagrun for latest_only_with_trigger to 2023-08-01T17:36:40.096597+00:00, run_after=2023-08-01T21:36:40.096597+00:00
[2023-08-01T21:36:40.123+0000] {processor.py:178} INFO - Processing /home/airflow/.local/lib/python3.7/site-packages/airflow/example_dags/example_latest_only_with_trigger.py took 0.167 seconds
