[2023-08-01T21:30:30.784+0000] {processor.py:156} INFO - Started process (PID=44) to work on /home/airflow/.local/lib/python3.7/site-packages/airflow/example_dags/example_subdag_operator.py
[2023-08-01T21:30:30.786+0000] {processor.py:799} INFO - Processing file /home/airflow/.local/lib/python3.7/site-packages/airflow/example_dags/example_subdag_operator.py for tasks to queue
[2023-08-01T21:30:30.787+0000] {logging_mixin.py:149} INFO - [2023-08-01T21:30:30.786+0000] {dagbag.py:541} INFO - Filling up the DagBag from /home/airflow/.local/lib/python3.7/site-packages/airflow/example_dags/example_subdag_operator.py
[2023-08-01T21:30:30.861+0000] {processor.py:809} INFO - DAG(s) dict_keys(['example_subdag_operator.section-1', 'example_subdag_operator.section-2', 'example_subdag_operator']) retrieved from /home/airflow/.local/lib/python3.7/site-packages/airflow/example_dags/example_subdag_operator.py
[2023-08-01T21:30:30.867+0000] {logging_mixin.py:149} INFO - [2023-08-01T21:30:30.866+0000] {dag.py:2726} INFO - Sync 3 DAGs
[2023-08-01T21:30:30.907+0000] {logging_mixin.py:149} INFO - [2023-08-01T21:30:30.907+0000] {dag.py:3490} INFO - Setting next_dagrun for example_subdag_operator to 2022-01-01T00:00:00+00:00, run_after=2022-01-01T00:00:00+00:00
[2023-08-01T21:30:30.910+0000] {logging_mixin.py:149} INFO - [2023-08-01T21:30:30.910+0000] {dag.py:3490} INFO - Setting next_dagrun for example_subdag_operator.section-1 to None, run_after=None
[2023-08-01T21:30:30.911+0000] {logging_mixin.py:149} INFO - [2023-08-01T21:30:30.911+0000] {dag.py:3490} INFO - Setting next_dagrun for example_subdag_operator.section-2 to None, run_after=None
[2023-08-01T21:30:30.923+0000] {logging_mixin.py:149} INFO - [2023-08-01T21:30:30.923+0000] {dag.py:2726} INFO - Sync 2 DAGs
[2023-08-01T21:30:30.930+0000] {logging_mixin.py:149} INFO - [2023-08-01T21:30:30.929+0000] {dag.py:3490} INFO - Setting next_dagrun for example_subdag_operator.section-1 to None, run_after=None
[2023-08-01T21:30:30.930+0000] {logging_mixin.py:149} INFO - [2023-08-01T21:30:30.930+0000] {dag.py:3490} INFO - Setting next_dagrun for example_subdag_operator.section-2 to None, run_after=None
[2023-08-01T21:30:30.942+0000] {processor.py:178} INFO - Processing /home/airflow/.local/lib/python3.7/site-packages/airflow/example_dags/example_subdag_operator.py took 0.161 seconds
[2023-08-01T21:31:01.592+0000] {processor.py:156} INFO - Started process (PID=101) to work on /home/airflow/.local/lib/python3.7/site-packages/airflow/example_dags/example_subdag_operator.py
[2023-08-01T21:31:01.595+0000] {processor.py:799} INFO - Processing file /home/airflow/.local/lib/python3.7/site-packages/airflow/example_dags/example_subdag_operator.py for tasks to queue
[2023-08-01T21:31:01.596+0000] {logging_mixin.py:149} INFO - [2023-08-01T21:31:01.596+0000] {dagbag.py:541} INFO - Filling up the DagBag from /home/airflow/.local/lib/python3.7/site-packages/airflow/example_dags/example_subdag_operator.py
[2023-08-01T21:31:01.670+0000] {processor.py:809} INFO - DAG(s) dict_keys(['example_subdag_operator.section-1', 'example_subdag_operator.section-2', 'example_subdag_operator']) retrieved from /home/airflow/.local/lib/python3.7/site-packages/airflow/example_dags/example_subdag_operator.py
[2023-08-01T21:31:01.688+0000] {logging_mixin.py:149} INFO - [2023-08-01T21:31:01.688+0000] {dag.py:2726} INFO - Sync 3 DAGs
[2023-08-01T21:31:01.727+0000] {logging_mixin.py:149} INFO - [2023-08-01T21:31:01.727+0000] {dag.py:3490} INFO - Setting next_dagrun for example_subdag_operator to 2022-01-01T00:00:00+00:00, run_after=2022-01-01T00:00:00+00:00
[2023-08-01T21:31:01.730+0000] {logging_mixin.py:149} INFO - [2023-08-01T21:31:01.730+0000] {dag.py:3490} INFO - Setting next_dagrun for example_subdag_operator.section-1 to None, run_after=None
[2023-08-01T21:31:01.732+0000] {logging_mixin.py:149} INFO - [2023-08-01T21:31:01.732+0000] {dag.py:3490} INFO - Setting next_dagrun for example_subdag_operator.section-2 to None, run_after=None
[2023-08-01T21:31:01.743+0000] {logging_mixin.py:149} INFO - [2023-08-01T21:31:01.743+0000] {dag.py:2726} INFO - Sync 2 DAGs
[2023-08-01T21:31:01.749+0000] {logging_mixin.py:149} INFO - [2023-08-01T21:31:01.749+0000] {dag.py:3490} INFO - Setting next_dagrun for example_subdag_operator.section-1 to None, run_after=None
[2023-08-01T21:31:01.749+0000] {logging_mixin.py:149} INFO - [2023-08-01T21:31:01.749+0000] {dag.py:3490} INFO - Setting next_dagrun for example_subdag_operator.section-2 to None, run_after=None
[2023-08-01T21:31:01.761+0000] {processor.py:178} INFO - Processing /home/airflow/.local/lib/python3.7/site-packages/airflow/example_dags/example_subdag_operator.py took 0.172 seconds
[2023-08-01T21:32:04.439+0000] {processor.py:156} INFO - Started process (PID=43) to work on /home/airflow/.local/lib/python3.7/site-packages/airflow/example_dags/example_subdag_operator.py
[2023-08-01T21:32:04.443+0000] {processor.py:799} INFO - Processing file /home/airflow/.local/lib/python3.7/site-packages/airflow/example_dags/example_subdag_operator.py for tasks to queue
[2023-08-01T21:32:04.445+0000] {logging_mixin.py:149} INFO - [2023-08-01T21:32:04.444+0000] {dagbag.py:541} INFO - Filling up the DagBag from /home/airflow/.local/lib/python3.7/site-packages/airflow/example_dags/example_subdag_operator.py
[2023-08-01T21:32:04.651+0000] {processor.py:809} INFO - DAG(s) dict_keys(['example_subdag_operator.section-1', 'example_subdag_operator.section-2', 'example_subdag_operator']) retrieved from /home/airflow/.local/lib/python3.7/site-packages/airflow/example_dags/example_subdag_operator.py
[2023-08-01T21:32:04.668+0000] {logging_mixin.py:149} INFO - [2023-08-01T21:32:04.668+0000] {dag.py:2726} INFO - Sync 3 DAGs
[2023-08-01T21:32:04.747+0000] {logging_mixin.py:149} INFO - [2023-08-01T21:32:04.747+0000] {dag.py:3490} INFO - Setting next_dagrun for example_subdag_operator to 2022-01-01T00:00:00+00:00, run_after=2022-01-01T00:00:00+00:00
[2023-08-01T21:32:04.780+0000] {logging_mixin.py:149} INFO - [2023-08-01T21:32:04.779+0000] {dag.py:3490} INFO - Setting next_dagrun for example_subdag_operator.section-1 to None, run_after=None
[2023-08-01T21:32:04.798+0000] {logging_mixin.py:149} INFO - [2023-08-01T21:32:04.798+0000] {dag.py:3490} INFO - Setting next_dagrun for example_subdag_operator.section-2 to None, run_after=None
[2023-08-01T21:32:04.839+0000] {logging_mixin.py:149} INFO - [2023-08-01T21:32:04.839+0000] {dag.py:2726} INFO - Sync 2 DAGs
[2023-08-01T21:32:04.873+0000] {logging_mixin.py:149} INFO - [2023-08-01T21:32:04.872+0000] {dag.py:3490} INFO - Setting next_dagrun for example_subdag_operator.section-1 to None, run_after=None
[2023-08-01T21:32:04.877+0000] {logging_mixin.py:149} INFO - [2023-08-01T21:32:04.877+0000] {dag.py:3490} INFO - Setting next_dagrun for example_subdag_operator.section-2 to None, run_after=None
[2023-08-01T21:32:04.904+0000] {processor.py:178} INFO - Processing /home/airflow/.local/lib/python3.7/site-packages/airflow/example_dags/example_subdag_operator.py took 0.480 seconds
[2023-08-01T21:32:35.619+0000] {processor.py:156} INFO - Started process (PID=100) to work on /home/airflow/.local/lib/python3.7/site-packages/airflow/example_dags/example_subdag_operator.py
[2023-08-01T21:32:35.621+0000] {processor.py:799} INFO - Processing file /home/airflow/.local/lib/python3.7/site-packages/airflow/example_dags/example_subdag_operator.py for tasks to queue
[2023-08-01T21:32:35.622+0000] {logging_mixin.py:149} INFO - [2023-08-01T21:32:35.622+0000] {dagbag.py:541} INFO - Filling up the DagBag from /home/airflow/.local/lib/python3.7/site-packages/airflow/example_dags/example_subdag_operator.py
[2023-08-01T21:32:36.144+0000] {processor.py:809} INFO - DAG(s) dict_keys(['example_subdag_operator.section-1', 'example_subdag_operator.section-2', 'example_subdag_operator']) retrieved from /home/airflow/.local/lib/python3.7/site-packages/airflow/example_dags/example_subdag_operator.py
[2023-08-01T21:32:36.214+0000] {logging_mixin.py:149} INFO - [2023-08-01T21:32:36.214+0000] {dag.py:2726} INFO - Sync 3 DAGs
[2023-08-01T21:32:36.286+0000] {logging_mixin.py:149} INFO - [2023-08-01T21:32:36.286+0000] {dag.py:3490} INFO - Setting next_dagrun for example_subdag_operator to 2022-01-01T00:00:00+00:00, run_after=2022-01-01T00:00:00+00:00
[2023-08-01T21:32:36.291+0000] {logging_mixin.py:149} INFO - [2023-08-01T21:32:36.291+0000] {dag.py:3490} INFO - Setting next_dagrun for example_subdag_operator.section-1 to None, run_after=None
[2023-08-01T21:32:36.293+0000] {logging_mixin.py:149} INFO - [2023-08-01T21:32:36.293+0000] {dag.py:3490} INFO - Setting next_dagrun for example_subdag_operator.section-2 to None, run_after=None
[2023-08-01T21:32:36.307+0000] {logging_mixin.py:149} INFO - [2023-08-01T21:32:36.307+0000] {dag.py:2726} INFO - Sync 2 DAGs
[2023-08-01T21:32:36.314+0000] {logging_mixin.py:149} INFO - [2023-08-01T21:32:36.314+0000] {dag.py:3490} INFO - Setting next_dagrun for example_subdag_operator.section-1 to None, run_after=None
[2023-08-01T21:32:36.315+0000] {logging_mixin.py:149} INFO - [2023-08-01T21:32:36.315+0000] {dag.py:3490} INFO - Setting next_dagrun for example_subdag_operator.section-2 to None, run_after=None
[2023-08-01T21:32:36.333+0000] {processor.py:178} INFO - Processing /home/airflow/.local/lib/python3.7/site-packages/airflow/example_dags/example_subdag_operator.py took 0.717 seconds
[2023-08-01T21:33:07.134+0000] {processor.py:156} INFO - Started process (PID=157) to work on /home/airflow/.local/lib/python3.7/site-packages/airflow/example_dags/example_subdag_operator.py
[2023-08-01T21:33:07.137+0000] {processor.py:799} INFO - Processing file /home/airflow/.local/lib/python3.7/site-packages/airflow/example_dags/example_subdag_operator.py for tasks to queue
[2023-08-01T21:33:07.138+0000] {logging_mixin.py:149} INFO - [2023-08-01T21:33:07.138+0000] {dagbag.py:541} INFO - Filling up the DagBag from /home/airflow/.local/lib/python3.7/site-packages/airflow/example_dags/example_subdag_operator.py
[2023-08-01T21:33:07.233+0000] {processor.py:809} INFO - DAG(s) dict_keys(['example_subdag_operator.section-1', 'example_subdag_operator.section-2', 'example_subdag_operator']) retrieved from /home/airflow/.local/lib/python3.7/site-packages/airflow/example_dags/example_subdag_operator.py
[2023-08-01T21:33:07.258+0000] {logging_mixin.py:149} INFO - [2023-08-01T21:33:07.258+0000] {dag.py:2726} INFO - Sync 3 DAGs
[2023-08-01T21:33:07.398+0000] {logging_mixin.py:149} INFO - [2023-08-01T21:33:07.398+0000] {dag.py:3490} INFO - Setting next_dagrun for example_subdag_operator to 2022-01-01T00:00:00+00:00, run_after=2022-01-01T00:00:00+00:00
[2023-08-01T21:33:07.402+0000] {logging_mixin.py:149} INFO - [2023-08-01T21:33:07.402+0000] {dag.py:3490} INFO - Setting next_dagrun for example_subdag_operator.section-1 to None, run_after=None
[2023-08-01T21:33:07.404+0000] {logging_mixin.py:149} INFO - [2023-08-01T21:33:07.404+0000] {dag.py:3490} INFO - Setting next_dagrun for example_subdag_operator.section-2 to None, run_after=None
[2023-08-01T21:33:07.415+0000] {logging_mixin.py:149} INFO - [2023-08-01T21:33:07.415+0000] {dag.py:2726} INFO - Sync 2 DAGs
[2023-08-01T21:33:07.421+0000] {logging_mixin.py:149} INFO - [2023-08-01T21:33:07.421+0000] {dag.py:3490} INFO - Setting next_dagrun for example_subdag_operator.section-1 to None, run_after=None
[2023-08-01T21:33:07.422+0000] {logging_mixin.py:149} INFO - [2023-08-01T21:33:07.422+0000] {dag.py:3490} INFO - Setting next_dagrun for example_subdag_operator.section-2 to None, run_after=None
[2023-08-01T21:33:07.433+0000] {processor.py:178} INFO - Processing /home/airflow/.local/lib/python3.7/site-packages/airflow/example_dags/example_subdag_operator.py took 0.306 seconds
[2023-08-01T21:33:38.375+0000] {processor.py:156} INFO - Started process (PID=214) to work on /home/airflow/.local/lib/python3.7/site-packages/airflow/example_dags/example_subdag_operator.py
[2023-08-01T21:33:38.392+0000] {processor.py:799} INFO - Processing file /home/airflow/.local/lib/python3.7/site-packages/airflow/example_dags/example_subdag_operator.py for tasks to queue
[2023-08-01T21:33:38.415+0000] {logging_mixin.py:149} INFO - [2023-08-01T21:33:38.414+0000] {dagbag.py:541} INFO - Filling up the DagBag from /home/airflow/.local/lib/python3.7/site-packages/airflow/example_dags/example_subdag_operator.py
[2023-08-01T21:33:38.682+0000] {processor.py:809} INFO - DAG(s) dict_keys(['example_subdag_operator.section-1', 'example_subdag_operator.section-2', 'example_subdag_operator']) retrieved from /home/airflow/.local/lib/python3.7/site-packages/airflow/example_dags/example_subdag_operator.py
[2023-08-01T21:33:38.800+0000] {logging_mixin.py:149} INFO - [2023-08-01T21:33:38.799+0000] {dag.py:2726} INFO - Sync 3 DAGs
[2023-08-01T21:33:38.867+0000] {logging_mixin.py:149} INFO - [2023-08-01T21:33:38.866+0000] {dag.py:3490} INFO - Setting next_dagrun for example_subdag_operator to 2022-01-01T00:00:00+00:00, run_after=2022-01-01T00:00:00+00:00
[2023-08-01T21:33:38.873+0000] {logging_mixin.py:149} INFO - [2023-08-01T21:33:38.872+0000] {dag.py:3490} INFO - Setting next_dagrun for example_subdag_operator.section-1 to None, run_after=None
[2023-08-01T21:33:38.874+0000] {logging_mixin.py:149} INFO - [2023-08-01T21:33:38.874+0000] {dag.py:3490} INFO - Setting next_dagrun for example_subdag_operator.section-2 to None, run_after=None
[2023-08-01T21:33:38.895+0000] {logging_mixin.py:149} INFO - [2023-08-01T21:33:38.895+0000] {dag.py:2726} INFO - Sync 2 DAGs
[2023-08-01T21:33:38.905+0000] {logging_mixin.py:149} INFO - [2023-08-01T21:33:38.905+0000] {dag.py:3490} INFO - Setting next_dagrun for example_subdag_operator.section-1 to None, run_after=None
[2023-08-01T21:33:38.907+0000] {logging_mixin.py:149} INFO - [2023-08-01T21:33:38.906+0000] {dag.py:3490} INFO - Setting next_dagrun for example_subdag_operator.section-2 to None, run_after=None
[2023-08-01T21:33:38.930+0000] {processor.py:178} INFO - Processing /home/airflow/.local/lib/python3.7/site-packages/airflow/example_dags/example_subdag_operator.py took 0.596 seconds
[2023-08-01T21:34:09.621+0000] {processor.py:156} INFO - Started process (PID=271) to work on /home/airflow/.local/lib/python3.7/site-packages/airflow/example_dags/example_subdag_operator.py
[2023-08-01T21:34:09.623+0000] {processor.py:799} INFO - Processing file /home/airflow/.local/lib/python3.7/site-packages/airflow/example_dags/example_subdag_operator.py for tasks to queue
[2023-08-01T21:34:09.624+0000] {logging_mixin.py:149} INFO - [2023-08-01T21:34:09.624+0000] {dagbag.py:541} INFO - Filling up the DagBag from /home/airflow/.local/lib/python3.7/site-packages/airflow/example_dags/example_subdag_operator.py
[2023-08-01T21:34:09.702+0000] {processor.py:809} INFO - DAG(s) dict_keys(['example_subdag_operator.section-1', 'example_subdag_operator.section-2', 'example_subdag_operator']) retrieved from /home/airflow/.local/lib/python3.7/site-packages/airflow/example_dags/example_subdag_operator.py
[2023-08-01T21:34:09.722+0000] {logging_mixin.py:149} INFO - [2023-08-01T21:34:09.722+0000] {dag.py:2726} INFO - Sync 3 DAGs
[2023-08-01T21:34:09.760+0000] {logging_mixin.py:149} INFO - [2023-08-01T21:34:09.760+0000] {dag.py:3490} INFO - Setting next_dagrun for example_subdag_operator to 2022-01-01T00:00:00+00:00, run_after=2022-01-01T00:00:00+00:00
[2023-08-01T21:34:09.763+0000] {logging_mixin.py:149} INFO - [2023-08-01T21:34:09.763+0000] {dag.py:3490} INFO - Setting next_dagrun for example_subdag_operator.section-1 to None, run_after=None
[2023-08-01T21:34:09.765+0000] {logging_mixin.py:149} INFO - [2023-08-01T21:34:09.765+0000] {dag.py:3490} INFO - Setting next_dagrun for example_subdag_operator.section-2 to None, run_after=None
[2023-08-01T21:34:09.776+0000] {logging_mixin.py:149} INFO - [2023-08-01T21:34:09.776+0000] {dag.py:2726} INFO - Sync 2 DAGs
[2023-08-01T21:34:09.783+0000] {logging_mixin.py:149} INFO - [2023-08-01T21:34:09.783+0000] {dag.py:3490} INFO - Setting next_dagrun for example_subdag_operator.section-1 to None, run_after=None
[2023-08-01T21:34:09.784+0000] {logging_mixin.py:149} INFO - [2023-08-01T21:34:09.784+0000] {dag.py:3490} INFO - Setting next_dagrun for example_subdag_operator.section-2 to None, run_after=None
[2023-08-01T21:34:09.795+0000] {processor.py:178} INFO - Processing /home/airflow/.local/lib/python3.7/site-packages/airflow/example_dags/example_subdag_operator.py took 0.177 seconds
[2023-08-01T21:34:39.927+0000] {processor.py:156} INFO - Started process (PID=328) to work on /home/airflow/.local/lib/python3.7/site-packages/airflow/example_dags/example_subdag_operator.py
[2023-08-01T21:34:39.929+0000] {processor.py:799} INFO - Processing file /home/airflow/.local/lib/python3.7/site-packages/airflow/example_dags/example_subdag_operator.py for tasks to queue
[2023-08-01T21:34:39.930+0000] {logging_mixin.py:149} INFO - [2023-08-01T21:34:39.930+0000] {dagbag.py:541} INFO - Filling up the DagBag from /home/airflow/.local/lib/python3.7/site-packages/airflow/example_dags/example_subdag_operator.py
[2023-08-01T21:34:40.030+0000] {processor.py:809} INFO - DAG(s) dict_keys(['example_subdag_operator.section-1', 'example_subdag_operator.section-2', 'example_subdag_operator']) retrieved from /home/airflow/.local/lib/python3.7/site-packages/airflow/example_dags/example_subdag_operator.py
[2023-08-01T21:34:40.058+0000] {logging_mixin.py:149} INFO - [2023-08-01T21:34:40.058+0000] {dag.py:2726} INFO - Sync 3 DAGs
[2023-08-01T21:34:40.106+0000] {logging_mixin.py:149} INFO - [2023-08-01T21:34:40.106+0000] {dag.py:3490} INFO - Setting next_dagrun for example_subdag_operator to 2022-01-01T00:00:00+00:00, run_after=2022-01-01T00:00:00+00:00
[2023-08-01T21:34:40.111+0000] {logging_mixin.py:149} INFO - [2023-08-01T21:34:40.111+0000] {dag.py:3490} INFO - Setting next_dagrun for example_subdag_operator.section-1 to None, run_after=None
[2023-08-01T21:34:40.113+0000] {logging_mixin.py:149} INFO - [2023-08-01T21:34:40.113+0000] {dag.py:3490} INFO - Setting next_dagrun for example_subdag_operator.section-2 to None, run_after=None
[2023-08-01T21:34:40.127+0000] {logging_mixin.py:149} INFO - [2023-08-01T21:34:40.127+0000] {dag.py:2726} INFO - Sync 2 DAGs
[2023-08-01T21:34:40.136+0000] {logging_mixin.py:149} INFO - [2023-08-01T21:34:40.136+0000] {dag.py:3490} INFO - Setting next_dagrun for example_subdag_operator.section-1 to None, run_after=None
[2023-08-01T21:34:40.137+0000] {logging_mixin.py:149} INFO - [2023-08-01T21:34:40.137+0000] {dag.py:3490} INFO - Setting next_dagrun for example_subdag_operator.section-2 to None, run_after=None
[2023-08-01T21:34:40.151+0000] {processor.py:178} INFO - Processing /home/airflow/.local/lib/python3.7/site-packages/airflow/example_dags/example_subdag_operator.py took 0.230 seconds
[2023-08-01T21:35:10.566+0000] {processor.py:156} INFO - Started process (PID=385) to work on /home/airflow/.local/lib/python3.7/site-packages/airflow/example_dags/example_subdag_operator.py
[2023-08-01T21:35:10.567+0000] {processor.py:799} INFO - Processing file /home/airflow/.local/lib/python3.7/site-packages/airflow/example_dags/example_subdag_operator.py for tasks to queue
[2023-08-01T21:35:10.568+0000] {logging_mixin.py:149} INFO - [2023-08-01T21:35:10.568+0000] {dagbag.py:541} INFO - Filling up the DagBag from /home/airflow/.local/lib/python3.7/site-packages/airflow/example_dags/example_subdag_operator.py
[2023-08-01T21:35:10.644+0000] {processor.py:809} INFO - DAG(s) dict_keys(['example_subdag_operator.section-1', 'example_subdag_operator.section-2', 'example_subdag_operator']) retrieved from /home/airflow/.local/lib/python3.7/site-packages/airflow/example_dags/example_subdag_operator.py
[2023-08-01T21:35:10.665+0000] {logging_mixin.py:149} INFO - [2023-08-01T21:35:10.665+0000] {dag.py:2726} INFO - Sync 3 DAGs
[2023-08-01T21:35:10.705+0000] {logging_mixin.py:149} INFO - [2023-08-01T21:35:10.704+0000] {dag.py:3490} INFO - Setting next_dagrun for example_subdag_operator to 2022-01-01T00:00:00+00:00, run_after=2022-01-01T00:00:00+00:00
[2023-08-01T21:35:10.708+0000] {logging_mixin.py:149} INFO - [2023-08-01T21:35:10.708+0000] {dag.py:3490} INFO - Setting next_dagrun for example_subdag_operator.section-1 to None, run_after=None
[2023-08-01T21:35:10.710+0000] {logging_mixin.py:149} INFO - [2023-08-01T21:35:10.710+0000] {dag.py:3490} INFO - Setting next_dagrun for example_subdag_operator.section-2 to None, run_after=None
[2023-08-01T21:35:10.722+0000] {logging_mixin.py:149} INFO - [2023-08-01T21:35:10.722+0000] {dag.py:2726} INFO - Sync 2 DAGs
[2023-08-01T21:35:10.729+0000] {logging_mixin.py:149} INFO - [2023-08-01T21:35:10.729+0000] {dag.py:3490} INFO - Setting next_dagrun for example_subdag_operator.section-1 to None, run_after=None
[2023-08-01T21:35:10.729+0000] {logging_mixin.py:149} INFO - [2023-08-01T21:35:10.729+0000] {dag.py:3490} INFO - Setting next_dagrun for example_subdag_operator.section-2 to None, run_after=None
[2023-08-01T21:35:10.741+0000] {processor.py:178} INFO - Processing /home/airflow/.local/lib/python3.7/site-packages/airflow/example_dags/example_subdag_operator.py took 0.177 seconds
[2023-08-01T21:35:40.881+0000] {processor.py:156} INFO - Started process (PID=442) to work on /home/airflow/.local/lib/python3.7/site-packages/airflow/example_dags/example_subdag_operator.py
[2023-08-01T21:35:40.882+0000] {processor.py:799} INFO - Processing file /home/airflow/.local/lib/python3.7/site-packages/airflow/example_dags/example_subdag_operator.py for tasks to queue
[2023-08-01T21:35:40.883+0000] {logging_mixin.py:149} INFO - [2023-08-01T21:35:40.883+0000] {dagbag.py:541} INFO - Filling up the DagBag from /home/airflow/.local/lib/python3.7/site-packages/airflow/example_dags/example_subdag_operator.py
[2023-08-01T21:35:40.959+0000] {processor.py:809} INFO - DAG(s) dict_keys(['example_subdag_operator.section-1', 'example_subdag_operator.section-2', 'example_subdag_operator']) retrieved from /home/airflow/.local/lib/python3.7/site-packages/airflow/example_dags/example_subdag_operator.py
[2023-08-01T21:35:40.981+0000] {logging_mixin.py:149} INFO - [2023-08-01T21:35:40.981+0000] {dag.py:2726} INFO - Sync 3 DAGs
[2023-08-01T21:35:41.018+0000] {logging_mixin.py:149} INFO - [2023-08-01T21:35:41.018+0000] {dag.py:3490} INFO - Setting next_dagrun for example_subdag_operator to 2022-01-01T00:00:00+00:00, run_after=2022-01-01T00:00:00+00:00
[2023-08-01T21:35:41.022+0000] {logging_mixin.py:149} INFO - [2023-08-01T21:35:41.022+0000] {dag.py:3490} INFO - Setting next_dagrun for example_subdag_operator.section-1 to None, run_after=None
[2023-08-01T21:35:41.024+0000] {logging_mixin.py:149} INFO - [2023-08-01T21:35:41.024+0000] {dag.py:3490} INFO - Setting next_dagrun for example_subdag_operator.section-2 to None, run_after=None
[2023-08-01T21:35:41.037+0000] {logging_mixin.py:149} INFO - [2023-08-01T21:35:41.037+0000] {dag.py:2726} INFO - Sync 2 DAGs
[2023-08-01T21:35:41.044+0000] {logging_mixin.py:149} INFO - [2023-08-01T21:35:41.044+0000] {dag.py:3490} INFO - Setting next_dagrun for example_subdag_operator.section-1 to None, run_after=None
[2023-08-01T21:35:41.045+0000] {logging_mixin.py:149} INFO - [2023-08-01T21:35:41.045+0000] {dag.py:3490} INFO - Setting next_dagrun for example_subdag_operator.section-2 to None, run_after=None
[2023-08-01T21:35:41.057+0000] {processor.py:178} INFO - Processing /home/airflow/.local/lib/python3.7/site-packages/airflow/example_dags/example_subdag_operator.py took 0.180 seconds
[2023-08-01T21:36:13.108+0000] {processor.py:156} INFO - Started process (PID=499) to work on /home/airflow/.local/lib/python3.7/site-packages/airflow/example_dags/example_subdag_operator.py
[2023-08-01T21:36:13.113+0000] {processor.py:799} INFO - Processing file /home/airflow/.local/lib/python3.7/site-packages/airflow/example_dags/example_subdag_operator.py for tasks to queue
[2023-08-01T21:36:13.116+0000] {logging_mixin.py:149} INFO - [2023-08-01T21:36:13.116+0000] {dagbag.py:541} INFO - Filling up the DagBag from /home/airflow/.local/lib/python3.7/site-packages/airflow/example_dags/example_subdag_operator.py
[2023-08-01T21:36:13.286+0000] {processor.py:809} INFO - DAG(s) dict_keys(['example_subdag_operator.section-1', 'example_subdag_operator.section-2', 'example_subdag_operator']) retrieved from /home/airflow/.local/lib/python3.7/site-packages/airflow/example_dags/example_subdag_operator.py
[2023-08-01T21:36:13.320+0000] {logging_mixin.py:149} INFO - [2023-08-01T21:36:13.319+0000] {dag.py:2726} INFO - Sync 3 DAGs
[2023-08-01T21:36:13.390+0000] {logging_mixin.py:149} INFO - [2023-08-01T21:36:13.390+0000] {dag.py:3490} INFO - Setting next_dagrun for example_subdag_operator to 2022-01-01T00:00:00+00:00, run_after=2022-01-01T00:00:00+00:00
[2023-08-01T21:36:13.398+0000] {logging_mixin.py:149} INFO - [2023-08-01T21:36:13.398+0000] {dag.py:3490} INFO - Setting next_dagrun for example_subdag_operator.section-1 to None, run_after=None
[2023-08-01T21:36:13.400+0000] {logging_mixin.py:149} INFO - [2023-08-01T21:36:13.400+0000] {dag.py:3490} INFO - Setting next_dagrun for example_subdag_operator.section-2 to None, run_after=None
[2023-08-01T21:36:13.418+0000] {logging_mixin.py:149} INFO - [2023-08-01T21:36:13.417+0000] {dag.py:2726} INFO - Sync 2 DAGs
[2023-08-01T21:36:13.425+0000] {logging_mixin.py:149} INFO - [2023-08-01T21:36:13.424+0000] {dag.py:3490} INFO - Setting next_dagrun for example_subdag_operator.section-1 to None, run_after=None
[2023-08-01T21:36:13.425+0000] {logging_mixin.py:149} INFO - [2023-08-01T21:36:13.425+0000] {dag.py:3490} INFO - Setting next_dagrun for example_subdag_operator.section-2 to None, run_after=None
[2023-08-01T21:36:13.440+0000] {processor.py:178} INFO - Processing /home/airflow/.local/lib/python3.7/site-packages/airflow/example_dags/example_subdag_operator.py took 0.350 seconds
[2023-08-01T21:36:43.646+0000] {processor.py:156} INFO - Started process (PID=556) to work on /home/airflow/.local/lib/python3.7/site-packages/airflow/example_dags/example_subdag_operator.py
[2023-08-01T21:36:43.648+0000] {processor.py:799} INFO - Processing file /home/airflow/.local/lib/python3.7/site-packages/airflow/example_dags/example_subdag_operator.py for tasks to queue
[2023-08-01T21:36:43.649+0000] {logging_mixin.py:149} INFO - [2023-08-01T21:36:43.648+0000] {dagbag.py:541} INFO - Filling up the DagBag from /home/airflow/.local/lib/python3.7/site-packages/airflow/example_dags/example_subdag_operator.py
[2023-08-01T21:36:43.721+0000] {processor.py:809} INFO - DAG(s) dict_keys(['example_subdag_operator.section-1', 'example_subdag_operator.section-2', 'example_subdag_operator']) retrieved from /home/airflow/.local/lib/python3.7/site-packages/airflow/example_dags/example_subdag_operator.py
[2023-08-01T21:36:43.740+0000] {logging_mixin.py:149} INFO - [2023-08-01T21:36:43.740+0000] {dag.py:2726} INFO - Sync 3 DAGs
[2023-08-01T21:36:43.777+0000] {logging_mixin.py:149} INFO - [2023-08-01T21:36:43.777+0000] {dag.py:3490} INFO - Setting next_dagrun for example_subdag_operator to 2022-01-01T00:00:00+00:00, run_after=2022-01-01T00:00:00+00:00
[2023-08-01T21:36:43.780+0000] {logging_mixin.py:149} INFO - [2023-08-01T21:36:43.780+0000] {dag.py:3490} INFO - Setting next_dagrun for example_subdag_operator.section-1 to None, run_after=None
[2023-08-01T21:36:43.782+0000] {logging_mixin.py:149} INFO - [2023-08-01T21:36:43.782+0000] {dag.py:3490} INFO - Setting next_dagrun for example_subdag_operator.section-2 to None, run_after=None
[2023-08-01T21:36:43.793+0000] {logging_mixin.py:149} INFO - [2023-08-01T21:36:43.793+0000] {dag.py:2726} INFO - Sync 2 DAGs
[2023-08-01T21:36:43.799+0000] {logging_mixin.py:149} INFO - [2023-08-01T21:36:43.799+0000] {dag.py:3490} INFO - Setting next_dagrun for example_subdag_operator.section-1 to None, run_after=None
[2023-08-01T21:36:43.799+0000] {logging_mixin.py:149} INFO - [2023-08-01T21:36:43.799+0000] {dag.py:3490} INFO - Setting next_dagrun for example_subdag_operator.section-2 to None, run_after=None
[2023-08-01T21:36:43.810+0000] {processor.py:178} INFO - Processing /home/airflow/.local/lib/python3.7/site-packages/airflow/example_dags/example_subdag_operator.py took 0.167 seconds
