[2023-08-01T21:30:31.148+0000] {processor.py:156} INFO - Started process (PID=48) to work on /home/airflow/.local/lib/python3.7/site-packages/airflow/example_dags/example_external_task_marker_dag.py
[2023-08-01T21:30:31.149+0000] {processor.py:799} INFO - Processing file /home/airflow/.local/lib/python3.7/site-packages/airflow/example_dags/example_external_task_marker_dag.py for tasks to queue
[2023-08-01T21:30:31.150+0000] {logging_mixin.py:149} INFO - [2023-08-01T21:30:31.150+0000] {dagbag.py:541} INFO - Filling up the DagBag from /home/airflow/.local/lib/python3.7/site-packages/airflow/example_dags/example_external_task_marker_dag.py
[2023-08-01T21:30:31.157+0000] {processor.py:809} INFO - DAG(s) dict_keys(['example_external_task_marker_child', 'example_external_task_marker_parent']) retrieved from /home/airflow/.local/lib/python3.7/site-packages/airflow/example_dags/example_external_task_marker_dag.py
[2023-08-01T21:30:31.227+0000] {logging_mixin.py:149} INFO - [2023-08-01T21:30:31.227+0000] {dag.py:2726} INFO - Sync 2 DAGs
[2023-08-01T21:30:31.283+0000] {logging_mixin.py:149} INFO - [2023-08-01T21:30:31.283+0000] {dag.py:3490} INFO - Setting next_dagrun for example_external_task_marker_child to None, run_after=None
[2023-08-01T21:30:31.290+0000] {logging_mixin.py:149} INFO - [2023-08-01T21:30:31.290+0000] {dag.py:3490} INFO - Setting next_dagrun for example_external_task_marker_parent to None, run_after=None
[2023-08-01T21:30:31.336+0000] {processor.py:178} INFO - Processing /home/airflow/.local/lib/python3.7/site-packages/airflow/example_dags/example_external_task_marker_dag.py took 0.191 seconds
[2023-08-01T21:31:01.951+0000] {processor.py:156} INFO - Started process (PID=105) to work on /home/airflow/.local/lib/python3.7/site-packages/airflow/example_dags/example_external_task_marker_dag.py
[2023-08-01T21:31:01.952+0000] {processor.py:799} INFO - Processing file /home/airflow/.local/lib/python3.7/site-packages/airflow/example_dags/example_external_task_marker_dag.py for tasks to queue
[2023-08-01T21:31:01.953+0000] {logging_mixin.py:149} INFO - [2023-08-01T21:31:01.953+0000] {dagbag.py:541} INFO - Filling up the DagBag from /home/airflow/.local/lib/python3.7/site-packages/airflow/example_dags/example_external_task_marker_dag.py
[2023-08-01T21:31:01.960+0000] {processor.py:809} INFO - DAG(s) dict_keys(['example_external_task_marker_parent', 'example_external_task_marker_child']) retrieved from /home/airflow/.local/lib/python3.7/site-packages/airflow/example_dags/example_external_task_marker_dag.py
[2023-08-01T21:31:02.039+0000] {logging_mixin.py:149} INFO - [2023-08-01T21:31:02.039+0000] {dag.py:2726} INFO - Sync 2 DAGs
[2023-08-01T21:31:02.082+0000] {logging_mixin.py:149} INFO - [2023-08-01T21:31:02.082+0000] {dag.py:3490} INFO - Setting next_dagrun for example_external_task_marker_child to None, run_after=None
[2023-08-01T21:31:02.086+0000] {logging_mixin.py:149} INFO - [2023-08-01T21:31:02.086+0000] {dag.py:3490} INFO - Setting next_dagrun for example_external_task_marker_parent to None, run_after=None
[2023-08-01T21:31:02.106+0000] {processor.py:178} INFO - Processing /home/airflow/.local/lib/python3.7/site-packages/airflow/example_dags/example_external_task_marker_dag.py took 0.158 seconds
[2023-08-01T21:32:06.178+0000] {processor.py:156} INFO - Started process (PID=47) to work on /home/airflow/.local/lib/python3.7/site-packages/airflow/example_dags/example_external_task_marker_dag.py
[2023-08-01T21:32:06.188+0000] {processor.py:799} INFO - Processing file /home/airflow/.local/lib/python3.7/site-packages/airflow/example_dags/example_external_task_marker_dag.py for tasks to queue
[2023-08-01T21:32:06.192+0000] {logging_mixin.py:149} INFO - [2023-08-01T21:32:06.191+0000] {dagbag.py:541} INFO - Filling up the DagBag from /home/airflow/.local/lib/python3.7/site-packages/airflow/example_dags/example_external_task_marker_dag.py
[2023-08-01T21:32:06.226+0000] {processor.py:809} INFO - DAG(s) dict_keys(['example_external_task_marker_parent', 'example_external_task_marker_child']) retrieved from /home/airflow/.local/lib/python3.7/site-packages/airflow/example_dags/example_external_task_marker_dag.py
[2023-08-01T21:32:06.372+0000] {logging_mixin.py:149} INFO - [2023-08-01T21:32:06.372+0000] {dag.py:2726} INFO - Sync 2 DAGs
[2023-08-01T21:32:06.448+0000] {logging_mixin.py:149} INFO - [2023-08-01T21:32:06.448+0000] {dag.py:3490} INFO - Setting next_dagrun for example_external_task_marker_child to None, run_after=None
[2023-08-01T21:32:06.459+0000] {logging_mixin.py:149} INFO - [2023-08-01T21:32:06.458+0000] {dag.py:3490} INFO - Setting next_dagrun for example_external_task_marker_parent to None, run_after=None
[2023-08-01T21:32:06.496+0000] {processor.py:178} INFO - Processing /home/airflow/.local/lib/python3.7/site-packages/airflow/example_dags/example_external_task_marker_dag.py took 0.339 seconds
[2023-08-01T21:32:36.736+0000] {processor.py:156} INFO - Started process (PID=104) to work on /home/airflow/.local/lib/python3.7/site-packages/airflow/example_dags/example_external_task_marker_dag.py
[2023-08-01T21:32:36.738+0000] {processor.py:799} INFO - Processing file /home/airflow/.local/lib/python3.7/site-packages/airflow/example_dags/example_external_task_marker_dag.py for tasks to queue
[2023-08-01T21:32:36.739+0000] {logging_mixin.py:149} INFO - [2023-08-01T21:32:36.739+0000] {dagbag.py:541} INFO - Filling up the DagBag from /home/airflow/.local/lib/python3.7/site-packages/airflow/example_dags/example_external_task_marker_dag.py
[2023-08-01T21:32:36.746+0000] {processor.py:809} INFO - DAG(s) dict_keys(['example_external_task_marker_parent', 'example_external_task_marker_child']) retrieved from /home/airflow/.local/lib/python3.7/site-packages/airflow/example_dags/example_external_task_marker_dag.py
[2023-08-01T21:32:36.870+0000] {logging_mixin.py:149} INFO - [2023-08-01T21:32:36.869+0000] {dag.py:2726} INFO - Sync 2 DAGs
[2023-08-01T21:32:36.902+0000] {logging_mixin.py:149} INFO - [2023-08-01T21:32:36.902+0000] {dag.py:3490} INFO - Setting next_dagrun for example_external_task_marker_child to None, run_after=None
[2023-08-01T21:32:36.905+0000] {logging_mixin.py:149} INFO - [2023-08-01T21:32:36.905+0000] {dag.py:3490} INFO - Setting next_dagrun for example_external_task_marker_parent to None, run_after=None
[2023-08-01T21:32:36.926+0000] {processor.py:178} INFO - Processing /home/airflow/.local/lib/python3.7/site-packages/airflow/example_dags/example_external_task_marker_dag.py took 0.194 seconds
[2023-08-01T21:33:07.747+0000] {processor.py:156} INFO - Started process (PID=161) to work on /home/airflow/.local/lib/python3.7/site-packages/airflow/example_dags/example_external_task_marker_dag.py
[2023-08-01T21:33:07.748+0000] {processor.py:799} INFO - Processing file /home/airflow/.local/lib/python3.7/site-packages/airflow/example_dags/example_external_task_marker_dag.py for tasks to queue
[2023-08-01T21:33:07.749+0000] {logging_mixin.py:149} INFO - [2023-08-01T21:33:07.749+0000] {dagbag.py:541} INFO - Filling up the DagBag from /home/airflow/.local/lib/python3.7/site-packages/airflow/example_dags/example_external_task_marker_dag.py
[2023-08-01T21:33:07.756+0000] {processor.py:809} INFO - DAG(s) dict_keys(['example_external_task_marker_child', 'example_external_task_marker_parent']) retrieved from /home/airflow/.local/lib/python3.7/site-packages/airflow/example_dags/example_external_task_marker_dag.py
[2023-08-01T21:33:07.834+0000] {logging_mixin.py:149} INFO - [2023-08-01T21:33:07.834+0000] {dag.py:2726} INFO - Sync 2 DAGs
[2023-08-01T21:33:07.957+0000] {logging_mixin.py:149} INFO - [2023-08-01T21:33:07.957+0000] {dag.py:3490} INFO - Setting next_dagrun for example_external_task_marker_child to None, run_after=None
[2023-08-01T21:33:07.961+0000] {logging_mixin.py:149} INFO - [2023-08-01T21:33:07.961+0000] {dag.py:3490} INFO - Setting next_dagrun for example_external_task_marker_parent to None, run_after=None
[2023-08-01T21:33:07.980+0000] {processor.py:178} INFO - Processing /home/airflow/.local/lib/python3.7/site-packages/airflow/example_dags/example_external_task_marker_dag.py took 0.237 seconds
[2023-08-01T21:33:39.237+0000] {processor.py:156} INFO - Started process (PID=218) to work on /home/airflow/.local/lib/python3.7/site-packages/airflow/example_dags/example_external_task_marker_dag.py
[2023-08-01T21:33:39.240+0000] {processor.py:799} INFO - Processing file /home/airflow/.local/lib/python3.7/site-packages/airflow/example_dags/example_external_task_marker_dag.py for tasks to queue
[2023-08-01T21:33:39.242+0000] {logging_mixin.py:149} INFO - [2023-08-01T21:33:39.242+0000] {dagbag.py:541} INFO - Filling up the DagBag from /home/airflow/.local/lib/python3.7/site-packages/airflow/example_dags/example_external_task_marker_dag.py
[2023-08-01T21:33:39.256+0000] {processor.py:809} INFO - DAG(s) dict_keys(['example_external_task_marker_parent', 'example_external_task_marker_child']) retrieved from /home/airflow/.local/lib/python3.7/site-packages/airflow/example_dags/example_external_task_marker_dag.py
[2023-08-01T21:33:39.352+0000] {logging_mixin.py:149} INFO - [2023-08-01T21:33:39.352+0000] {dag.py:2726} INFO - Sync 2 DAGs
[2023-08-01T21:33:39.393+0000] {logging_mixin.py:149} INFO - [2023-08-01T21:33:39.393+0000] {dag.py:3490} INFO - Setting next_dagrun for example_external_task_marker_child to None, run_after=None
[2023-08-01T21:33:39.397+0000] {logging_mixin.py:149} INFO - [2023-08-01T21:33:39.396+0000] {dag.py:3490} INFO - Setting next_dagrun for example_external_task_marker_parent to None, run_after=None
[2023-08-01T21:33:39.420+0000] {processor.py:178} INFO - Processing /home/airflow/.local/lib/python3.7/site-packages/airflow/example_dags/example_external_task_marker_dag.py took 0.187 seconds
[2023-08-01T21:34:09.989+0000] {processor.py:156} INFO - Started process (PID=275) to work on /home/airflow/.local/lib/python3.7/site-packages/airflow/example_dags/example_external_task_marker_dag.py
[2023-08-01T21:34:09.990+0000] {processor.py:799} INFO - Processing file /home/airflow/.local/lib/python3.7/site-packages/airflow/example_dags/example_external_task_marker_dag.py for tasks to queue
[2023-08-01T21:34:09.991+0000] {logging_mixin.py:149} INFO - [2023-08-01T21:34:09.991+0000] {dagbag.py:541} INFO - Filling up the DagBag from /home/airflow/.local/lib/python3.7/site-packages/airflow/example_dags/example_external_task_marker_dag.py
[2023-08-01T21:34:09.999+0000] {processor.py:809} INFO - DAG(s) dict_keys(['example_external_task_marker_parent', 'example_external_task_marker_child']) retrieved from /home/airflow/.local/lib/python3.7/site-packages/airflow/example_dags/example_external_task_marker_dag.py
[2023-08-01T21:34:10.076+0000] {logging_mixin.py:149} INFO - [2023-08-01T21:34:10.076+0000] {dag.py:2726} INFO - Sync 2 DAGs
[2023-08-01T21:34:10.114+0000] {logging_mixin.py:149} INFO - [2023-08-01T21:34:10.114+0000] {dag.py:3490} INFO - Setting next_dagrun for example_external_task_marker_child to None, run_after=None
[2023-08-01T21:34:10.118+0000] {logging_mixin.py:149} INFO - [2023-08-01T21:34:10.118+0000] {dag.py:3490} INFO - Setting next_dagrun for example_external_task_marker_parent to None, run_after=None
[2023-08-01T21:34:10.138+0000] {processor.py:178} INFO - Processing /home/airflow/.local/lib/python3.7/site-packages/airflow/example_dags/example_external_task_marker_dag.py took 0.152 seconds
[2023-08-01T21:34:40.437+0000] {processor.py:156} INFO - Started process (PID=332) to work on /home/airflow/.local/lib/python3.7/site-packages/airflow/example_dags/example_external_task_marker_dag.py
[2023-08-01T21:34:40.438+0000] {processor.py:799} INFO - Processing file /home/airflow/.local/lib/python3.7/site-packages/airflow/example_dags/example_external_task_marker_dag.py for tasks to queue
[2023-08-01T21:34:40.439+0000] {logging_mixin.py:149} INFO - [2023-08-01T21:34:40.439+0000] {dagbag.py:541} INFO - Filling up the DagBag from /home/airflow/.local/lib/python3.7/site-packages/airflow/example_dags/example_external_task_marker_dag.py
[2023-08-01T21:34:40.446+0000] {processor.py:809} INFO - DAG(s) dict_keys(['example_external_task_marker_parent', 'example_external_task_marker_child']) retrieved from /home/airflow/.local/lib/python3.7/site-packages/airflow/example_dags/example_external_task_marker_dag.py
[2023-08-01T21:34:40.525+0000] {logging_mixin.py:149} INFO - [2023-08-01T21:34:40.525+0000] {dag.py:2726} INFO - Sync 2 DAGs
[2023-08-01T21:34:40.566+0000] {logging_mixin.py:149} INFO - [2023-08-01T21:34:40.566+0000] {dag.py:3490} INFO - Setting next_dagrun for example_external_task_marker_child to None, run_after=None
[2023-08-01T21:34:40.570+0000] {logging_mixin.py:149} INFO - [2023-08-01T21:34:40.570+0000] {dag.py:3490} INFO - Setting next_dagrun for example_external_task_marker_parent to None, run_after=None
[2023-08-01T21:34:40.591+0000] {processor.py:178} INFO - Processing /home/airflow/.local/lib/python3.7/site-packages/airflow/example_dags/example_external_task_marker_dag.py took 0.157 seconds
[2023-08-01T21:35:10.950+0000] {processor.py:156} INFO - Started process (PID=389) to work on /home/airflow/.local/lib/python3.7/site-packages/airflow/example_dags/example_external_task_marker_dag.py
[2023-08-01T21:35:10.953+0000] {processor.py:799} INFO - Processing file /home/airflow/.local/lib/python3.7/site-packages/airflow/example_dags/example_external_task_marker_dag.py for tasks to queue
[2023-08-01T21:35:10.954+0000] {logging_mixin.py:149} INFO - [2023-08-01T21:35:10.954+0000] {dagbag.py:541} INFO - Filling up the DagBag from /home/airflow/.local/lib/python3.7/site-packages/airflow/example_dags/example_external_task_marker_dag.py
[2023-08-01T21:35:10.963+0000] {processor.py:809} INFO - DAG(s) dict_keys(['example_external_task_marker_child', 'example_external_task_marker_parent']) retrieved from /home/airflow/.local/lib/python3.7/site-packages/airflow/example_dags/example_external_task_marker_dag.py
[2023-08-01T21:35:11.043+0000] {logging_mixin.py:149} INFO - [2023-08-01T21:35:11.042+0000] {dag.py:2726} INFO - Sync 2 DAGs
[2023-08-01T21:35:11.085+0000] {logging_mixin.py:149} INFO - [2023-08-01T21:35:11.085+0000] {dag.py:3490} INFO - Setting next_dagrun for example_external_task_marker_child to None, run_after=None
[2023-08-01T21:35:11.089+0000] {logging_mixin.py:149} INFO - [2023-08-01T21:35:11.089+0000] {dag.py:3490} INFO - Setting next_dagrun for example_external_task_marker_parent to None, run_after=None
[2023-08-01T21:35:11.112+0000] {processor.py:178} INFO - Processing /home/airflow/.local/lib/python3.7/site-packages/airflow/example_dags/example_external_task_marker_dag.py took 0.166 seconds
[2023-08-01T21:35:41.264+0000] {processor.py:156} INFO - Started process (PID=446) to work on /home/airflow/.local/lib/python3.7/site-packages/airflow/example_dags/example_external_task_marker_dag.py
[2023-08-01T21:35:41.265+0000] {processor.py:799} INFO - Processing file /home/airflow/.local/lib/python3.7/site-packages/airflow/example_dags/example_external_task_marker_dag.py for tasks to queue
[2023-08-01T21:35:41.266+0000] {logging_mixin.py:149} INFO - [2023-08-01T21:35:41.266+0000] {dagbag.py:541} INFO - Filling up the DagBag from /home/airflow/.local/lib/python3.7/site-packages/airflow/example_dags/example_external_task_marker_dag.py
[2023-08-01T21:35:41.273+0000] {processor.py:809} INFO - DAG(s) dict_keys(['example_external_task_marker_child', 'example_external_task_marker_parent']) retrieved from /home/airflow/.local/lib/python3.7/site-packages/airflow/example_dags/example_external_task_marker_dag.py
[2023-08-01T21:35:41.367+0000] {logging_mixin.py:149} INFO - [2023-08-01T21:35:41.366+0000] {dag.py:2726} INFO - Sync 2 DAGs
[2023-08-01T21:35:41.412+0000] {logging_mixin.py:149} INFO - [2023-08-01T21:35:41.411+0000] {dag.py:3490} INFO - Setting next_dagrun for example_external_task_marker_child to None, run_after=None
[2023-08-01T21:35:41.415+0000] {logging_mixin.py:149} INFO - [2023-08-01T21:35:41.415+0000] {dag.py:3490} INFO - Setting next_dagrun for example_external_task_marker_parent to None, run_after=None
[2023-08-01T21:35:41.437+0000] {processor.py:178} INFO - Processing /home/airflow/.local/lib/python3.7/site-packages/airflow/example_dags/example_external_task_marker_dag.py took 0.176 seconds
[2023-08-01T21:36:13.655+0000] {processor.py:156} INFO - Started process (PID=503) to work on /home/airflow/.local/lib/python3.7/site-packages/airflow/example_dags/example_external_task_marker_dag.py
[2023-08-01T21:36:13.658+0000] {processor.py:799} INFO - Processing file /home/airflow/.local/lib/python3.7/site-packages/airflow/example_dags/example_external_task_marker_dag.py for tasks to queue
[2023-08-01T21:36:13.659+0000] {logging_mixin.py:149} INFO - [2023-08-01T21:36:13.659+0000] {dagbag.py:541} INFO - Filling up the DagBag from /home/airflow/.local/lib/python3.7/site-packages/airflow/example_dags/example_external_task_marker_dag.py
[2023-08-01T21:36:13.667+0000] {processor.py:809} INFO - DAG(s) dict_keys(['example_external_task_marker_parent', 'example_external_task_marker_child']) retrieved from /home/airflow/.local/lib/python3.7/site-packages/airflow/example_dags/example_external_task_marker_dag.py
[2023-08-01T21:36:13.775+0000] {logging_mixin.py:149} INFO - [2023-08-01T21:36:13.775+0000] {dag.py:2726} INFO - Sync 2 DAGs
[2023-08-01T21:36:13.867+0000] {logging_mixin.py:149} INFO - [2023-08-01T21:36:13.867+0000] {dag.py:3490} INFO - Setting next_dagrun for example_external_task_marker_child to None, run_after=None
[2023-08-01T21:36:13.871+0000] {logging_mixin.py:149} INFO - [2023-08-01T21:36:13.871+0000] {dag.py:3490} INFO - Setting next_dagrun for example_external_task_marker_parent to None, run_after=None
[2023-08-01T21:36:13.902+0000] {processor.py:178} INFO - Processing /home/airflow/.local/lib/python3.7/site-packages/airflow/example_dags/example_external_task_marker_dag.py took 0.251 seconds
[2023-08-01T21:36:44.023+0000] {processor.py:156} INFO - Started process (PID=560) to work on /home/airflow/.local/lib/python3.7/site-packages/airflow/example_dags/example_external_task_marker_dag.py
[2023-08-01T21:36:44.025+0000] {processor.py:799} INFO - Processing file /home/airflow/.local/lib/python3.7/site-packages/airflow/example_dags/example_external_task_marker_dag.py for tasks to queue
[2023-08-01T21:36:44.026+0000] {logging_mixin.py:149} INFO - [2023-08-01T21:36:44.026+0000] {dagbag.py:541} INFO - Filling up the DagBag from /home/airflow/.local/lib/python3.7/site-packages/airflow/example_dags/example_external_task_marker_dag.py
[2023-08-01T21:36:44.033+0000] {processor.py:809} INFO - DAG(s) dict_keys(['example_external_task_marker_child', 'example_external_task_marker_parent']) retrieved from /home/airflow/.local/lib/python3.7/site-packages/airflow/example_dags/example_external_task_marker_dag.py
[2023-08-01T21:36:44.112+0000] {logging_mixin.py:149} INFO - [2023-08-01T21:36:44.112+0000] {dag.py:2726} INFO - Sync 2 DAGs
[2023-08-01T21:36:44.150+0000] {logging_mixin.py:149} INFO - [2023-08-01T21:36:44.150+0000] {dag.py:3490} INFO - Setting next_dagrun for example_external_task_marker_child to None, run_after=None
[2023-08-01T21:36:44.154+0000] {logging_mixin.py:149} INFO - [2023-08-01T21:36:44.154+0000] {dag.py:3490} INFO - Setting next_dagrun for example_external_task_marker_parent to None, run_after=None
[2023-08-01T21:36:44.173+0000] {processor.py:178} INFO - Processing /home/airflow/.local/lib/python3.7/site-packages/airflow/example_dags/example_external_task_marker_dag.py took 0.154 seconds
