[2023-08-01T21:30:32.575+0000] {processor.py:156} INFO - Started process (PID=61) to work on /home/airflow/.local/lib/python3.7/site-packages/airflow/example_dags/example_python_operator.py
[2023-08-01T21:30:32.577+0000] {processor.py:799} INFO - Processing file /home/airflow/.local/lib/python3.7/site-packages/airflow/example_dags/example_python_operator.py for tasks to queue
[2023-08-01T21:30:32.578+0000] {logging_mixin.py:149} INFO - [2023-08-01T21:30:32.578+0000] {dagbag.py:541} INFO - Filling up the DagBag from /home/airflow/.local/lib/python3.7/site-packages/airflow/example_dags/example_python_operator.py
[2023-08-01T21:30:32.599+0000] {logging_mixin.py:149} INFO - [2023-08-01T21:30:32.598+0000] {taskmixin.py:211} WARNING - Dependency <Task(_PythonDecoratedOperator): print_the_context>, log_sql_query already registered for DAG: example_python_operator
[2023-08-01T21:30:32.607+0000] {logging_mixin.py:149} INFO - [2023-08-01T21:30:32.607+0000] {taskmixin.py:211} WARNING - Dependency <Task(_PythonDecoratedOperator): log_sql_query>, print_the_context already registered for DAG: example_python_operator
[2023-08-01T21:30:32.610+0000] {logging_mixin.py:149} INFO - [2023-08-01T21:30:32.609+0000] {taskmixin.py:211} WARNING - Dependency <Task(_PythonDecoratedOperator): print_the_context>, log_sql_query already registered for DAG: example_python_operator
[2023-08-01T21:30:32.611+0000] {logging_mixin.py:149} INFO - [2023-08-01T21:30:32.610+0000] {taskmixin.py:211} WARNING - Dependency <Task(_PythonDecoratedOperator): log_sql_query>, print_the_context already registered for DAG: example_python_operator
[2023-08-01T21:30:32.612+0000] {logging_mixin.py:149} INFO - [2023-08-01T21:30:32.612+0000] {taskmixin.py:211} WARNING - Dependency <Task(_PythonDecoratedOperator): print_the_context>, log_sql_query already registered for DAG: example_python_operator
[2023-08-01T21:30:32.613+0000] {logging_mixin.py:149} INFO - [2023-08-01T21:30:32.613+0000] {taskmixin.py:211} WARNING - Dependency <Task(_PythonDecoratedOperator): log_sql_query>, print_the_context already registered for DAG: example_python_operator
[2023-08-01T21:30:32.614+0000] {logging_mixin.py:149} INFO - [2023-08-01T21:30:32.614+0000] {taskmixin.py:211} WARNING - Dependency <Task(_PythonDecoratedOperator): print_the_context>, log_sql_query already registered for DAG: example_python_operator
[2023-08-01T21:30:32.614+0000] {logging_mixin.py:149} INFO - [2023-08-01T21:30:32.614+0000] {taskmixin.py:211} WARNING - Dependency <Task(_PythonDecoratedOperator): log_sql_query>, print_the_context already registered for DAG: example_python_operator
[2023-08-01T21:30:32.618+0000] {processor.py:809} INFO - DAG(s) dict_keys(['example_python_operator']) retrieved from /home/airflow/.local/lib/python3.7/site-packages/airflow/example_dags/example_python_operator.py
[2023-08-01T21:30:32.689+0000] {logging_mixin.py:149} INFO - [2023-08-01T21:30:32.689+0000] {dag.py:2726} INFO - Sync 1 DAGs
[2023-08-01T21:30:32.748+0000] {logging_mixin.py:149} INFO - [2023-08-01T21:30:32.748+0000] {dag.py:3490} INFO - Setting next_dagrun for example_python_operator to None, run_after=None
[2023-08-01T21:30:32.779+0000] {processor.py:178} INFO - Processing /home/airflow/.local/lib/python3.7/site-packages/airflow/example_dags/example_python_operator.py took 0.208 seconds
[2023-08-01T21:31:03.132+0000] {processor.py:156} INFO - Started process (PID=118) to work on /home/airflow/.local/lib/python3.7/site-packages/airflow/example_dags/example_python_operator.py
[2023-08-01T21:31:03.133+0000] {processor.py:799} INFO - Processing file /home/airflow/.local/lib/python3.7/site-packages/airflow/example_dags/example_python_operator.py for tasks to queue
[2023-08-01T21:31:03.134+0000] {logging_mixin.py:149} INFO - [2023-08-01T21:31:03.134+0000] {dagbag.py:541} INFO - Filling up the DagBag from /home/airflow/.local/lib/python3.7/site-packages/airflow/example_dags/example_python_operator.py
[2023-08-01T21:31:03.141+0000] {logging_mixin.py:149} INFO - [2023-08-01T21:31:03.141+0000] {taskmixin.py:211} WARNING - Dependency <Task(_PythonDecoratedOperator): print_the_context>, log_sql_query already registered for DAG: example_python_operator
[2023-08-01T21:31:03.142+0000] {logging_mixin.py:149} INFO - [2023-08-01T21:31:03.142+0000] {taskmixin.py:211} WARNING - Dependency <Task(_PythonDecoratedOperator): log_sql_query>, print_the_context already registered for DAG: example_python_operator
[2023-08-01T21:31:03.143+0000] {logging_mixin.py:149} INFO - [2023-08-01T21:31:03.143+0000] {taskmixin.py:211} WARNING - Dependency <Task(_PythonDecoratedOperator): print_the_context>, log_sql_query already registered for DAG: example_python_operator
[2023-08-01T21:31:03.144+0000] {logging_mixin.py:149} INFO - [2023-08-01T21:31:03.144+0000] {taskmixin.py:211} WARNING - Dependency <Task(_PythonDecoratedOperator): log_sql_query>, print_the_context already registered for DAG: example_python_operator
[2023-08-01T21:31:03.145+0000] {logging_mixin.py:149} INFO - [2023-08-01T21:31:03.145+0000] {taskmixin.py:211} WARNING - Dependency <Task(_PythonDecoratedOperator): print_the_context>, log_sql_query already registered for DAG: example_python_operator
[2023-08-01T21:31:03.145+0000] {logging_mixin.py:149} INFO - [2023-08-01T21:31:03.145+0000] {taskmixin.py:211} WARNING - Dependency <Task(_PythonDecoratedOperator): log_sql_query>, print_the_context already registered for DAG: example_python_operator
[2023-08-01T21:31:03.146+0000] {logging_mixin.py:149} INFO - [2023-08-01T21:31:03.146+0000] {taskmixin.py:211} WARNING - Dependency <Task(_PythonDecoratedOperator): print_the_context>, log_sql_query already registered for DAG: example_python_operator
[2023-08-01T21:31:03.147+0000] {logging_mixin.py:149} INFO - [2023-08-01T21:31:03.147+0000] {taskmixin.py:211} WARNING - Dependency <Task(_PythonDecoratedOperator): log_sql_query>, print_the_context already registered for DAG: example_python_operator
[2023-08-01T21:31:03.149+0000] {processor.py:809} INFO - DAG(s) dict_keys(['example_python_operator']) retrieved from /home/airflow/.local/lib/python3.7/site-packages/airflow/example_dags/example_python_operator.py
[2023-08-01T21:31:03.284+0000] {logging_mixin.py:149} INFO - [2023-08-01T21:31:03.284+0000] {dag.py:2726} INFO - Sync 1 DAGs
[2023-08-01T21:31:03.315+0000] {logging_mixin.py:149} INFO - [2023-08-01T21:31:03.315+0000] {dag.py:3490} INFO - Setting next_dagrun for example_python_operator to None, run_after=None
[2023-08-01T21:31:03.343+0000] {processor.py:178} INFO - Processing /home/airflow/.local/lib/python3.7/site-packages/airflow/example_dags/example_python_operator.py took 0.214 seconds
[2023-08-01T21:32:10.283+0000] {processor.py:156} INFO - Started process (PID=60) to work on /home/airflow/.local/lib/python3.7/site-packages/airflow/example_dags/example_python_operator.py
[2023-08-01T21:32:10.286+0000] {processor.py:799} INFO - Processing file /home/airflow/.local/lib/python3.7/site-packages/airflow/example_dags/example_python_operator.py for tasks to queue
[2023-08-01T21:32:10.288+0000] {logging_mixin.py:149} INFO - [2023-08-01T21:32:10.288+0000] {dagbag.py:541} INFO - Filling up the DagBag from /home/airflow/.local/lib/python3.7/site-packages/airflow/example_dags/example_python_operator.py
[2023-08-01T21:32:10.309+0000] {logging_mixin.py:149} INFO - [2023-08-01T21:32:10.308+0000] {taskmixin.py:211} WARNING - Dependency <Task(_PythonDecoratedOperator): print_the_context>, log_sql_query already registered for DAG: example_python_operator
[2023-08-01T21:32:10.311+0000] {logging_mixin.py:149} INFO - [2023-08-01T21:32:10.311+0000] {taskmixin.py:211} WARNING - Dependency <Task(_PythonDecoratedOperator): log_sql_query>, print_the_context already registered for DAG: example_python_operator
[2023-08-01T21:32:10.315+0000] {logging_mixin.py:149} INFO - [2023-08-01T21:32:10.314+0000] {taskmixin.py:211} WARNING - Dependency <Task(_PythonDecoratedOperator): print_the_context>, log_sql_query already registered for DAG: example_python_operator
[2023-08-01T21:32:10.322+0000] {logging_mixin.py:149} INFO - [2023-08-01T21:32:10.322+0000] {taskmixin.py:211} WARNING - Dependency <Task(_PythonDecoratedOperator): log_sql_query>, print_the_context already registered for DAG: example_python_operator
[2023-08-01T21:32:10.326+0000] {logging_mixin.py:149} INFO - [2023-08-01T21:32:10.326+0000] {taskmixin.py:211} WARNING - Dependency <Task(_PythonDecoratedOperator): print_the_context>, log_sql_query already registered for DAG: example_python_operator
[2023-08-01T21:32:10.327+0000] {logging_mixin.py:149} INFO - [2023-08-01T21:32:10.327+0000] {taskmixin.py:211} WARNING - Dependency <Task(_PythonDecoratedOperator): log_sql_query>, print_the_context already registered for DAG: example_python_operator
[2023-08-01T21:32:10.330+0000] {logging_mixin.py:149} INFO - [2023-08-01T21:32:10.330+0000] {taskmixin.py:211} WARNING - Dependency <Task(_PythonDecoratedOperator): print_the_context>, log_sql_query already registered for DAG: example_python_operator
[2023-08-01T21:32:10.331+0000] {logging_mixin.py:149} INFO - [2023-08-01T21:32:10.331+0000] {taskmixin.py:211} WARNING - Dependency <Task(_PythonDecoratedOperator): log_sql_query>, print_the_context already registered for DAG: example_python_operator
[2023-08-01T21:32:10.335+0000] {processor.py:809} INFO - DAG(s) dict_keys(['example_python_operator']) retrieved from /home/airflow/.local/lib/python3.7/site-packages/airflow/example_dags/example_python_operator.py
[2023-08-01T21:32:10.412+0000] {logging_mixin.py:149} INFO - [2023-08-01T21:32:10.412+0000] {dag.py:2726} INFO - Sync 1 DAGs
[2023-08-01T21:32:10.515+0000] {logging_mixin.py:149} INFO - [2023-08-01T21:32:10.514+0000] {dag.py:3490} INFO - Setting next_dagrun for example_python_operator to None, run_after=None
[2023-08-01T21:32:10.569+0000] {processor.py:178} INFO - Processing /home/airflow/.local/lib/python3.7/site-packages/airflow/example_dags/example_python_operator.py took 0.290 seconds
[2023-08-01T21:32:41.151+0000] {processor.py:156} INFO - Started process (PID=117) to work on /home/airflow/.local/lib/python3.7/site-packages/airflow/example_dags/example_python_operator.py
[2023-08-01T21:32:41.152+0000] {processor.py:799} INFO - Processing file /home/airflow/.local/lib/python3.7/site-packages/airflow/example_dags/example_python_operator.py for tasks to queue
[2023-08-01T21:32:41.153+0000] {logging_mixin.py:149} INFO - [2023-08-01T21:32:41.153+0000] {dagbag.py:541} INFO - Filling up the DagBag from /home/airflow/.local/lib/python3.7/site-packages/airflow/example_dags/example_python_operator.py
[2023-08-01T21:32:41.166+0000] {logging_mixin.py:149} INFO - [2023-08-01T21:32:41.165+0000] {taskmixin.py:211} WARNING - Dependency <Task(_PythonDecoratedOperator): print_the_context>, log_sql_query already registered for DAG: example_python_operator
[2023-08-01T21:32:41.166+0000] {logging_mixin.py:149} INFO - [2023-08-01T21:32:41.166+0000] {taskmixin.py:211} WARNING - Dependency <Task(_PythonDecoratedOperator): log_sql_query>, print_the_context already registered for DAG: example_python_operator
[2023-08-01T21:32:41.168+0000] {logging_mixin.py:149} INFO - [2023-08-01T21:32:41.167+0000] {taskmixin.py:211} WARNING - Dependency <Task(_PythonDecoratedOperator): print_the_context>, log_sql_query already registered for DAG: example_python_operator
[2023-08-01T21:32:41.168+0000] {logging_mixin.py:149} INFO - [2023-08-01T21:32:41.168+0000] {taskmixin.py:211} WARNING - Dependency <Task(_PythonDecoratedOperator): log_sql_query>, print_the_context already registered for DAG: example_python_operator
[2023-08-01T21:32:41.169+0000] {logging_mixin.py:149} INFO - [2023-08-01T21:32:41.169+0000] {taskmixin.py:211} WARNING - Dependency <Task(_PythonDecoratedOperator): print_the_context>, log_sql_query already registered for DAG: example_python_operator
[2023-08-01T21:32:41.170+0000] {logging_mixin.py:149} INFO - [2023-08-01T21:32:41.170+0000] {taskmixin.py:211} WARNING - Dependency <Task(_PythonDecoratedOperator): log_sql_query>, print_the_context already registered for DAG: example_python_operator
[2023-08-01T21:32:41.171+0000] {logging_mixin.py:149} INFO - [2023-08-01T21:32:41.171+0000] {taskmixin.py:211} WARNING - Dependency <Task(_PythonDecoratedOperator): print_the_context>, log_sql_query already registered for DAG: example_python_operator
[2023-08-01T21:32:41.173+0000] {logging_mixin.py:149} INFO - [2023-08-01T21:32:41.173+0000] {taskmixin.py:211} WARNING - Dependency <Task(_PythonDecoratedOperator): log_sql_query>, print_the_context already registered for DAG: example_python_operator
[2023-08-01T21:32:41.176+0000] {processor.py:809} INFO - DAG(s) dict_keys(['example_python_operator']) retrieved from /home/airflow/.local/lib/python3.7/site-packages/airflow/example_dags/example_python_operator.py
[2023-08-01T21:32:41.290+0000] {logging_mixin.py:149} INFO - [2023-08-01T21:32:41.290+0000] {dag.py:2726} INFO - Sync 1 DAGs
[2023-08-01T21:32:41.408+0000] {logging_mixin.py:149} INFO - [2023-08-01T21:32:41.408+0000] {dag.py:3490} INFO - Setting next_dagrun for example_python_operator to None, run_after=None
[2023-08-01T21:32:41.435+0000] {processor.py:178} INFO - Processing /home/airflow/.local/lib/python3.7/site-packages/airflow/example_dags/example_python_operator.py took 0.287 seconds
[2023-08-01T21:33:12.710+0000] {processor.py:156} INFO - Started process (PID=174) to work on /home/airflow/.local/lib/python3.7/site-packages/airflow/example_dags/example_python_operator.py
[2023-08-01T21:33:12.711+0000] {processor.py:799} INFO - Processing file /home/airflow/.local/lib/python3.7/site-packages/airflow/example_dags/example_python_operator.py for tasks to queue
[2023-08-01T21:33:12.713+0000] {logging_mixin.py:149} INFO - [2023-08-01T21:33:12.713+0000] {dagbag.py:541} INFO - Filling up the DagBag from /home/airflow/.local/lib/python3.7/site-packages/airflow/example_dags/example_python_operator.py
[2023-08-01T21:33:12.722+0000] {logging_mixin.py:149} INFO - [2023-08-01T21:33:12.722+0000] {taskmixin.py:211} WARNING - Dependency <Task(_PythonDecoratedOperator): print_the_context>, log_sql_query already registered for DAG: example_python_operator
[2023-08-01T21:33:12.723+0000] {logging_mixin.py:149} INFO - [2023-08-01T21:33:12.723+0000] {taskmixin.py:211} WARNING - Dependency <Task(_PythonDecoratedOperator): log_sql_query>, print_the_context already registered for DAG: example_python_operator
[2023-08-01T21:33:12.724+0000] {logging_mixin.py:149} INFO - [2023-08-01T21:33:12.724+0000] {taskmixin.py:211} WARNING - Dependency <Task(_PythonDecoratedOperator): print_the_context>, log_sql_query already registered for DAG: example_python_operator
[2023-08-01T21:33:12.725+0000] {logging_mixin.py:149} INFO - [2023-08-01T21:33:12.724+0000] {taskmixin.py:211} WARNING - Dependency <Task(_PythonDecoratedOperator): log_sql_query>, print_the_context already registered for DAG: example_python_operator
[2023-08-01T21:33:12.725+0000] {logging_mixin.py:149} INFO - [2023-08-01T21:33:12.725+0000] {taskmixin.py:211} WARNING - Dependency <Task(_PythonDecoratedOperator): print_the_context>, log_sql_query already registered for DAG: example_python_operator
[2023-08-01T21:33:12.726+0000] {logging_mixin.py:149} INFO - [2023-08-01T21:33:12.726+0000] {taskmixin.py:211} WARNING - Dependency <Task(_PythonDecoratedOperator): log_sql_query>, print_the_context already registered for DAG: example_python_operator
[2023-08-01T21:33:12.727+0000] {logging_mixin.py:149} INFO - [2023-08-01T21:33:12.727+0000] {taskmixin.py:211} WARNING - Dependency <Task(_PythonDecoratedOperator): print_the_context>, log_sql_query already registered for DAG: example_python_operator
[2023-08-01T21:33:12.727+0000] {logging_mixin.py:149} INFO - [2023-08-01T21:33:12.727+0000] {taskmixin.py:211} WARNING - Dependency <Task(_PythonDecoratedOperator): log_sql_query>, print_the_context already registered for DAG: example_python_operator
[2023-08-01T21:33:12.731+0000] {processor.py:809} INFO - DAG(s) dict_keys(['example_python_operator']) retrieved from /home/airflow/.local/lib/python3.7/site-packages/airflow/example_dags/example_python_operator.py
[2023-08-01T21:33:12.891+0000] {logging_mixin.py:149} INFO - [2023-08-01T21:33:12.891+0000] {dag.py:2726} INFO - Sync 1 DAGs
[2023-08-01T21:33:12.923+0000] {logging_mixin.py:149} INFO - [2023-08-01T21:33:12.923+0000] {dag.py:3490} INFO - Setting next_dagrun for example_python_operator to None, run_after=None
[2023-08-01T21:33:12.945+0000] {processor.py:178} INFO - Processing /home/airflow/.local/lib/python3.7/site-packages/airflow/example_dags/example_python_operator.py took 0.239 seconds
[2023-08-01T21:33:44.137+0000] {processor.py:156} INFO - Started process (PID=231) to work on /home/airflow/.local/lib/python3.7/site-packages/airflow/example_dags/example_python_operator.py
[2023-08-01T21:33:44.143+0000] {processor.py:799} INFO - Processing file /home/airflow/.local/lib/python3.7/site-packages/airflow/example_dags/example_python_operator.py for tasks to queue
[2023-08-01T21:33:44.145+0000] {logging_mixin.py:149} INFO - [2023-08-01T21:33:44.145+0000] {dagbag.py:541} INFO - Filling up the DagBag from /home/airflow/.local/lib/python3.7/site-packages/airflow/example_dags/example_python_operator.py
[2023-08-01T21:33:44.196+0000] {logging_mixin.py:149} INFO - [2023-08-01T21:33:44.195+0000] {taskmixin.py:211} WARNING - Dependency <Task(_PythonDecoratedOperator): print_the_context>, log_sql_query already registered for DAG: example_python_operator
[2023-08-01T21:33:44.209+0000] {logging_mixin.py:149} INFO - [2023-08-01T21:33:44.203+0000] {taskmixin.py:211} WARNING - Dependency <Task(_PythonDecoratedOperator): log_sql_query>, print_the_context already registered for DAG: example_python_operator
[2023-08-01T21:33:44.225+0000] {logging_mixin.py:149} INFO - [2023-08-01T21:33:44.225+0000] {taskmixin.py:211} WARNING - Dependency <Task(_PythonDecoratedOperator): print_the_context>, log_sql_query already registered for DAG: example_python_operator
[2023-08-01T21:33:44.228+0000] {logging_mixin.py:149} INFO - [2023-08-01T21:33:44.228+0000] {taskmixin.py:211} WARNING - Dependency <Task(_PythonDecoratedOperator): log_sql_query>, print_the_context already registered for DAG: example_python_operator
[2023-08-01T21:33:44.284+0000] {logging_mixin.py:149} INFO - [2023-08-01T21:33:44.283+0000] {taskmixin.py:211} WARNING - Dependency <Task(_PythonDecoratedOperator): print_the_context>, log_sql_query already registered for DAG: example_python_operator
[2023-08-01T21:33:44.287+0000] {logging_mixin.py:149} INFO - [2023-08-01T21:33:44.287+0000] {taskmixin.py:211} WARNING - Dependency <Task(_PythonDecoratedOperator): log_sql_query>, print_the_context already registered for DAG: example_python_operator
[2023-08-01T21:33:44.302+0000] {logging_mixin.py:149} INFO - [2023-08-01T21:33:44.296+0000] {taskmixin.py:211} WARNING - Dependency <Task(_PythonDecoratedOperator): print_the_context>, log_sql_query already registered for DAG: example_python_operator
[2023-08-01T21:33:44.314+0000] {logging_mixin.py:149} INFO - [2023-08-01T21:33:44.313+0000] {taskmixin.py:211} WARNING - Dependency <Task(_PythonDecoratedOperator): log_sql_query>, print_the_context already registered for DAG: example_python_operator
[2023-08-01T21:33:44.325+0000] {processor.py:809} INFO - DAG(s) dict_keys(['example_python_operator']) retrieved from /home/airflow/.local/lib/python3.7/site-packages/airflow/example_dags/example_python_operator.py
[2023-08-01T21:33:44.488+0000] {logging_mixin.py:149} INFO - [2023-08-01T21:33:44.487+0000] {dag.py:2726} INFO - Sync 1 DAGs
[2023-08-01T21:33:44.532+0000] {logging_mixin.py:149} INFO - [2023-08-01T21:33:44.532+0000] {dag.py:3490} INFO - Setting next_dagrun for example_python_operator to None, run_after=None
[2023-08-01T21:33:44.565+0000] {processor.py:178} INFO - Processing /home/airflow/.local/lib/python3.7/site-packages/airflow/example_dags/example_python_operator.py took 0.442 seconds
[2023-08-01T21:34:15.401+0000] {processor.py:156} INFO - Started process (PID=288) to work on /home/airflow/.local/lib/python3.7/site-packages/airflow/example_dags/example_python_operator.py
[2023-08-01T21:34:15.403+0000] {processor.py:799} INFO - Processing file /home/airflow/.local/lib/python3.7/site-packages/airflow/example_dags/example_python_operator.py for tasks to queue
[2023-08-01T21:34:15.404+0000] {logging_mixin.py:149} INFO - [2023-08-01T21:34:15.404+0000] {dagbag.py:541} INFO - Filling up the DagBag from /home/airflow/.local/lib/python3.7/site-packages/airflow/example_dags/example_python_operator.py
[2023-08-01T21:34:15.416+0000] {logging_mixin.py:149} INFO - [2023-08-01T21:34:15.415+0000] {taskmixin.py:211} WARNING - Dependency <Task(_PythonDecoratedOperator): print_the_context>, log_sql_query already registered for DAG: example_python_operator
[2023-08-01T21:34:15.416+0000] {logging_mixin.py:149} INFO - [2023-08-01T21:34:15.416+0000] {taskmixin.py:211} WARNING - Dependency <Task(_PythonDecoratedOperator): log_sql_query>, print_the_context already registered for DAG: example_python_operator
[2023-08-01T21:34:15.417+0000] {logging_mixin.py:149} INFO - [2023-08-01T21:34:15.417+0000] {taskmixin.py:211} WARNING - Dependency <Task(_PythonDecoratedOperator): print_the_context>, log_sql_query already registered for DAG: example_python_operator
[2023-08-01T21:34:15.418+0000] {logging_mixin.py:149} INFO - [2023-08-01T21:34:15.418+0000] {taskmixin.py:211} WARNING - Dependency <Task(_PythonDecoratedOperator): log_sql_query>, print_the_context already registered for DAG: example_python_operator
[2023-08-01T21:34:15.419+0000] {logging_mixin.py:149} INFO - [2023-08-01T21:34:15.419+0000] {taskmixin.py:211} WARNING - Dependency <Task(_PythonDecoratedOperator): print_the_context>, log_sql_query already registered for DAG: example_python_operator
[2023-08-01T21:34:15.420+0000] {logging_mixin.py:149} INFO - [2023-08-01T21:34:15.420+0000] {taskmixin.py:211} WARNING - Dependency <Task(_PythonDecoratedOperator): log_sql_query>, print_the_context already registered for DAG: example_python_operator
[2023-08-01T21:34:15.421+0000] {logging_mixin.py:149} INFO - [2023-08-01T21:34:15.421+0000] {taskmixin.py:211} WARNING - Dependency <Task(_PythonDecoratedOperator): print_the_context>, log_sql_query already registered for DAG: example_python_operator
[2023-08-01T21:34:15.421+0000] {logging_mixin.py:149} INFO - [2023-08-01T21:34:15.421+0000] {taskmixin.py:211} WARNING - Dependency <Task(_PythonDecoratedOperator): log_sql_query>, print_the_context already registered for DAG: example_python_operator
[2023-08-01T21:34:15.425+0000] {processor.py:809} INFO - DAG(s) dict_keys(['example_python_operator']) retrieved from /home/airflow/.local/lib/python3.7/site-packages/airflow/example_dags/example_python_operator.py
[2023-08-01T21:34:15.499+0000] {logging_mixin.py:149} INFO - [2023-08-01T21:34:15.499+0000] {dag.py:2726} INFO - Sync 1 DAGs
[2023-08-01T21:34:15.532+0000] {logging_mixin.py:149} INFO - [2023-08-01T21:34:15.532+0000] {dag.py:3490} INFO - Setting next_dagrun for example_python_operator to None, run_after=None
[2023-08-01T21:34:15.556+0000] {processor.py:178} INFO - Processing /home/airflow/.local/lib/python3.7/site-packages/airflow/example_dags/example_python_operator.py took 0.161 seconds
[2023-08-01T21:34:46.098+0000] {processor.py:156} INFO - Started process (PID=345) to work on /home/airflow/.local/lib/python3.7/site-packages/airflow/example_dags/example_python_operator.py
[2023-08-01T21:34:46.100+0000] {processor.py:799} INFO - Processing file /home/airflow/.local/lib/python3.7/site-packages/airflow/example_dags/example_python_operator.py for tasks to queue
[2023-08-01T21:34:46.102+0000] {logging_mixin.py:149} INFO - [2023-08-01T21:34:46.101+0000] {dagbag.py:541} INFO - Filling up the DagBag from /home/airflow/.local/lib/python3.7/site-packages/airflow/example_dags/example_python_operator.py
[2023-08-01T21:34:46.136+0000] {logging_mixin.py:149} INFO - [2023-08-01T21:34:46.135+0000] {taskmixin.py:211} WARNING - Dependency <Task(_PythonDecoratedOperator): print_the_context>, log_sql_query already registered for DAG: example_python_operator
[2023-08-01T21:34:46.137+0000] {logging_mixin.py:149} INFO - [2023-08-01T21:34:46.137+0000] {taskmixin.py:211} WARNING - Dependency <Task(_PythonDecoratedOperator): log_sql_query>, print_the_context already registered for DAG: example_python_operator
[2023-08-01T21:34:46.141+0000] {logging_mixin.py:149} INFO - [2023-08-01T21:34:46.141+0000] {taskmixin.py:211} WARNING - Dependency <Task(_PythonDecoratedOperator): print_the_context>, log_sql_query already registered for DAG: example_python_operator
[2023-08-01T21:34:46.145+0000] {logging_mixin.py:149} INFO - [2023-08-01T21:34:46.144+0000] {taskmixin.py:211} WARNING - Dependency <Task(_PythonDecoratedOperator): log_sql_query>, print_the_context already registered for DAG: example_python_operator
[2023-08-01T21:34:46.146+0000] {logging_mixin.py:149} INFO - [2023-08-01T21:34:46.146+0000] {taskmixin.py:211} WARNING - Dependency <Task(_PythonDecoratedOperator): print_the_context>, log_sql_query already registered for DAG: example_python_operator
[2023-08-01T21:34:46.147+0000] {logging_mixin.py:149} INFO - [2023-08-01T21:34:46.147+0000] {taskmixin.py:211} WARNING - Dependency <Task(_PythonDecoratedOperator): log_sql_query>, print_the_context already registered for DAG: example_python_operator
[2023-08-01T21:34:46.149+0000] {logging_mixin.py:149} INFO - [2023-08-01T21:34:46.148+0000] {taskmixin.py:211} WARNING - Dependency <Task(_PythonDecoratedOperator): print_the_context>, log_sql_query already registered for DAG: example_python_operator
[2023-08-01T21:34:46.149+0000] {logging_mixin.py:149} INFO - [2023-08-01T21:34:46.149+0000] {taskmixin.py:211} WARNING - Dependency <Task(_PythonDecoratedOperator): log_sql_query>, print_the_context already registered for DAG: example_python_operator
[2023-08-01T21:34:46.153+0000] {processor.py:809} INFO - DAG(s) dict_keys(['example_python_operator']) retrieved from /home/airflow/.local/lib/python3.7/site-packages/airflow/example_dags/example_python_operator.py
[2023-08-01T21:34:46.276+0000] {logging_mixin.py:149} INFO - [2023-08-01T21:34:46.276+0000] {dag.py:2726} INFO - Sync 1 DAGs
[2023-08-01T21:34:46.332+0000] {logging_mixin.py:149} INFO - [2023-08-01T21:34:46.331+0000] {dag.py:3490} INFO - Setting next_dagrun for example_python_operator to None, run_after=None
[2023-08-01T21:34:46.371+0000] {processor.py:178} INFO - Processing /home/airflow/.local/lib/python3.7/site-packages/airflow/example_dags/example_python_operator.py took 0.280 seconds
[2023-08-01T21:35:17.414+0000] {processor.py:156} INFO - Started process (PID=402) to work on /home/airflow/.local/lib/python3.7/site-packages/airflow/example_dags/example_python_operator.py
[2023-08-01T21:35:17.416+0000] {processor.py:799} INFO - Processing file /home/airflow/.local/lib/python3.7/site-packages/airflow/example_dags/example_python_operator.py for tasks to queue
[2023-08-01T21:35:17.417+0000] {logging_mixin.py:149} INFO - [2023-08-01T21:35:17.417+0000] {dagbag.py:541} INFO - Filling up the DagBag from /home/airflow/.local/lib/python3.7/site-packages/airflow/example_dags/example_python_operator.py
[2023-08-01T21:35:17.428+0000] {logging_mixin.py:149} INFO - [2023-08-01T21:35:17.428+0000] {taskmixin.py:211} WARNING - Dependency <Task(_PythonDecoratedOperator): print_the_context>, log_sql_query already registered for DAG: example_python_operator
[2023-08-01T21:35:17.429+0000] {logging_mixin.py:149} INFO - [2023-08-01T21:35:17.428+0000] {taskmixin.py:211} WARNING - Dependency <Task(_PythonDecoratedOperator): log_sql_query>, print_the_context already registered for DAG: example_python_operator
[2023-08-01T21:35:17.430+0000] {logging_mixin.py:149} INFO - [2023-08-01T21:35:17.430+0000] {taskmixin.py:211} WARNING - Dependency <Task(_PythonDecoratedOperator): print_the_context>, log_sql_query already registered for DAG: example_python_operator
[2023-08-01T21:35:17.430+0000] {logging_mixin.py:149} INFO - [2023-08-01T21:35:17.430+0000] {taskmixin.py:211} WARNING - Dependency <Task(_PythonDecoratedOperator): log_sql_query>, print_the_context already registered for DAG: example_python_operator
[2023-08-01T21:35:17.432+0000] {logging_mixin.py:149} INFO - [2023-08-01T21:35:17.431+0000] {taskmixin.py:211} WARNING - Dependency <Task(_PythonDecoratedOperator): print_the_context>, log_sql_query already registered for DAG: example_python_operator
[2023-08-01T21:35:17.432+0000] {logging_mixin.py:149} INFO - [2023-08-01T21:35:17.432+0000] {taskmixin.py:211} WARNING - Dependency <Task(_PythonDecoratedOperator): log_sql_query>, print_the_context already registered for DAG: example_python_operator
[2023-08-01T21:35:17.433+0000] {logging_mixin.py:149} INFO - [2023-08-01T21:35:17.433+0000] {taskmixin.py:211} WARNING - Dependency <Task(_PythonDecoratedOperator): print_the_context>, log_sql_query already registered for DAG: example_python_operator
[2023-08-01T21:35:17.434+0000] {logging_mixin.py:149} INFO - [2023-08-01T21:35:17.434+0000] {taskmixin.py:211} WARNING - Dependency <Task(_PythonDecoratedOperator): log_sql_query>, print_the_context already registered for DAG: example_python_operator
[2023-08-01T21:35:17.437+0000] {processor.py:809} INFO - DAG(s) dict_keys(['example_python_operator']) retrieved from /home/airflow/.local/lib/python3.7/site-packages/airflow/example_dags/example_python_operator.py
[2023-08-01T21:35:17.526+0000] {logging_mixin.py:149} INFO - [2023-08-01T21:35:17.526+0000] {dag.py:2726} INFO - Sync 1 DAGs
[2023-08-01T21:35:17.563+0000] {logging_mixin.py:149} INFO - [2023-08-01T21:35:17.563+0000] {dag.py:3490} INFO - Setting next_dagrun for example_python_operator to None, run_after=None
[2023-08-01T21:35:17.586+0000] {processor.py:178} INFO - Processing /home/airflow/.local/lib/python3.7/site-packages/airflow/example_dags/example_python_operator.py took 0.178 seconds
[2023-08-01T21:35:48.514+0000] {processor.py:156} INFO - Started process (PID=459) to work on /home/airflow/.local/lib/python3.7/site-packages/airflow/example_dags/example_python_operator.py
[2023-08-01T21:35:48.517+0000] {processor.py:799} INFO - Processing file /home/airflow/.local/lib/python3.7/site-packages/airflow/example_dags/example_python_operator.py for tasks to queue
[2023-08-01T21:35:48.518+0000] {logging_mixin.py:149} INFO - [2023-08-01T21:35:48.518+0000] {dagbag.py:541} INFO - Filling up the DagBag from /home/airflow/.local/lib/python3.7/site-packages/airflow/example_dags/example_python_operator.py
[2023-08-01T21:35:48.537+0000] {logging_mixin.py:149} INFO - [2023-08-01T21:35:48.536+0000] {taskmixin.py:211} WARNING - Dependency <Task(_PythonDecoratedOperator): print_the_context>, log_sql_query already registered for DAG: example_python_operator
[2023-08-01T21:35:48.538+0000] {logging_mixin.py:149} INFO - [2023-08-01T21:35:48.538+0000] {taskmixin.py:211} WARNING - Dependency <Task(_PythonDecoratedOperator): log_sql_query>, print_the_context already registered for DAG: example_python_operator
[2023-08-01T21:35:48.540+0000] {logging_mixin.py:149} INFO - [2023-08-01T21:35:48.539+0000] {taskmixin.py:211} WARNING - Dependency <Task(_PythonDecoratedOperator): print_the_context>, log_sql_query already registered for DAG: example_python_operator
[2023-08-01T21:35:48.543+0000] {logging_mixin.py:149} INFO - [2023-08-01T21:35:48.543+0000] {taskmixin.py:211} WARNING - Dependency <Task(_PythonDecoratedOperator): log_sql_query>, print_the_context already registered for DAG: example_python_operator
[2023-08-01T21:35:48.545+0000] {logging_mixin.py:149} INFO - [2023-08-01T21:35:48.545+0000] {taskmixin.py:211} WARNING - Dependency <Task(_PythonDecoratedOperator): print_the_context>, log_sql_query already registered for DAG: example_python_operator
[2023-08-01T21:35:48.546+0000] {logging_mixin.py:149} INFO - [2023-08-01T21:35:48.546+0000] {taskmixin.py:211} WARNING - Dependency <Task(_PythonDecoratedOperator): log_sql_query>, print_the_context already registered for DAG: example_python_operator
[2023-08-01T21:35:48.550+0000] {logging_mixin.py:149} INFO - [2023-08-01T21:35:48.550+0000] {taskmixin.py:211} WARNING - Dependency <Task(_PythonDecoratedOperator): print_the_context>, log_sql_query already registered for DAG: example_python_operator
[2023-08-01T21:35:48.552+0000] {logging_mixin.py:149} INFO - [2023-08-01T21:35:48.552+0000] {taskmixin.py:211} WARNING - Dependency <Task(_PythonDecoratedOperator): log_sql_query>, print_the_context already registered for DAG: example_python_operator
[2023-08-01T21:35:48.562+0000] {processor.py:809} INFO - DAG(s) dict_keys(['example_python_operator']) retrieved from /home/airflow/.local/lib/python3.7/site-packages/airflow/example_dags/example_python_operator.py
[2023-08-01T21:35:48.663+0000] {logging_mixin.py:149} INFO - [2023-08-01T21:35:48.663+0000] {dag.py:2726} INFO - Sync 1 DAGs
[2023-08-01T21:35:48.701+0000] {logging_mixin.py:149} INFO - [2023-08-01T21:35:48.701+0000] {dag.py:3490} INFO - Setting next_dagrun for example_python_operator to None, run_after=None
[2023-08-01T21:35:48.727+0000] {processor.py:178} INFO - Processing /home/airflow/.local/lib/python3.7/site-packages/airflow/example_dags/example_python_operator.py took 0.218 seconds
[2023-08-01T21:36:19.519+0000] {processor.py:156} INFO - Started process (PID=516) to work on /home/airflow/.local/lib/python3.7/site-packages/airflow/example_dags/example_python_operator.py
[2023-08-01T21:36:19.523+0000] {processor.py:799} INFO - Processing file /home/airflow/.local/lib/python3.7/site-packages/airflow/example_dags/example_python_operator.py for tasks to queue
[2023-08-01T21:36:19.530+0000] {logging_mixin.py:149} INFO - [2023-08-01T21:36:19.530+0000] {dagbag.py:541} INFO - Filling up the DagBag from /home/airflow/.local/lib/python3.7/site-packages/airflow/example_dags/example_python_operator.py
[2023-08-01T21:36:19.562+0000] {logging_mixin.py:149} INFO - [2023-08-01T21:36:19.562+0000] {taskmixin.py:211} WARNING - Dependency <Task(_PythonDecoratedOperator): print_the_context>, log_sql_query already registered for DAG: example_python_operator
[2023-08-01T21:36:19.564+0000] {logging_mixin.py:149} INFO - [2023-08-01T21:36:19.564+0000] {taskmixin.py:211} WARNING - Dependency <Task(_PythonDecoratedOperator): log_sql_query>, print_the_context already registered for DAG: example_python_operator
[2023-08-01T21:36:19.566+0000] {logging_mixin.py:149} INFO - [2023-08-01T21:36:19.566+0000] {taskmixin.py:211} WARNING - Dependency <Task(_PythonDecoratedOperator): print_the_context>, log_sql_query already registered for DAG: example_python_operator
[2023-08-01T21:36:19.568+0000] {logging_mixin.py:149} INFO - [2023-08-01T21:36:19.567+0000] {taskmixin.py:211} WARNING - Dependency <Task(_PythonDecoratedOperator): log_sql_query>, print_the_context already registered for DAG: example_python_operator
[2023-08-01T21:36:19.569+0000] {logging_mixin.py:149} INFO - [2023-08-01T21:36:19.569+0000] {taskmixin.py:211} WARNING - Dependency <Task(_PythonDecoratedOperator): print_the_context>, log_sql_query already registered for DAG: example_python_operator
[2023-08-01T21:36:19.570+0000] {logging_mixin.py:149} INFO - [2023-08-01T21:36:19.570+0000] {taskmixin.py:211} WARNING - Dependency <Task(_PythonDecoratedOperator): log_sql_query>, print_the_context already registered for DAG: example_python_operator
[2023-08-01T21:36:19.572+0000] {logging_mixin.py:149} INFO - [2023-08-01T21:36:19.572+0000] {taskmixin.py:211} WARNING - Dependency <Task(_PythonDecoratedOperator): print_the_context>, log_sql_query already registered for DAG: example_python_operator
[2023-08-01T21:36:19.574+0000] {logging_mixin.py:149} INFO - [2023-08-01T21:36:19.573+0000] {taskmixin.py:211} WARNING - Dependency <Task(_PythonDecoratedOperator): log_sql_query>, print_the_context already registered for DAG: example_python_operator
[2023-08-01T21:36:19.582+0000] {processor.py:809} INFO - DAG(s) dict_keys(['example_python_operator']) retrieved from /home/airflow/.local/lib/python3.7/site-packages/airflow/example_dags/example_python_operator.py
[2023-08-01T21:36:19.692+0000] {logging_mixin.py:149} INFO - [2023-08-01T21:36:19.692+0000] {dag.py:2726} INFO - Sync 1 DAGs
[2023-08-01T21:36:19.747+0000] {logging_mixin.py:149} INFO - [2023-08-01T21:36:19.747+0000] {dag.py:3490} INFO - Setting next_dagrun for example_python_operator to None, run_after=None
[2023-08-01T21:36:19.776+0000] {processor.py:178} INFO - Processing /home/airflow/.local/lib/python3.7/site-packages/airflow/example_dags/example_python_operator.py took 0.267 seconds
[2023-08-01T21:36:50.311+0000] {processor.py:156} INFO - Started process (PID=573) to work on /home/airflow/.local/lib/python3.7/site-packages/airflow/example_dags/example_python_operator.py
[2023-08-01T21:36:50.315+0000] {processor.py:799} INFO - Processing file /home/airflow/.local/lib/python3.7/site-packages/airflow/example_dags/example_python_operator.py for tasks to queue
[2023-08-01T21:36:50.317+0000] {logging_mixin.py:149} INFO - [2023-08-01T21:36:50.317+0000] {dagbag.py:541} INFO - Filling up the DagBag from /home/airflow/.local/lib/python3.7/site-packages/airflow/example_dags/example_python_operator.py
[2023-08-01T21:36:50.336+0000] {logging_mixin.py:149} INFO - [2023-08-01T21:36:50.336+0000] {taskmixin.py:211} WARNING - Dependency <Task(_PythonDecoratedOperator): print_the_context>, log_sql_query already registered for DAG: example_python_operator
[2023-08-01T21:36:50.338+0000] {logging_mixin.py:149} INFO - [2023-08-01T21:36:50.338+0000] {taskmixin.py:211} WARNING - Dependency <Task(_PythonDecoratedOperator): log_sql_query>, print_the_context already registered for DAG: example_python_operator
[2023-08-01T21:36:50.339+0000] {logging_mixin.py:149} INFO - [2023-08-01T21:36:50.339+0000] {taskmixin.py:211} WARNING - Dependency <Task(_PythonDecoratedOperator): print_the_context>, log_sql_query already registered for DAG: example_python_operator
[2023-08-01T21:36:50.339+0000] {logging_mixin.py:149} INFO - [2023-08-01T21:36:50.339+0000] {taskmixin.py:211} WARNING - Dependency <Task(_PythonDecoratedOperator): log_sql_query>, print_the_context already registered for DAG: example_python_operator
[2023-08-01T21:36:50.341+0000] {logging_mixin.py:149} INFO - [2023-08-01T21:36:50.340+0000] {taskmixin.py:211} WARNING - Dependency <Task(_PythonDecoratedOperator): print_the_context>, log_sql_query already registered for DAG: example_python_operator
[2023-08-01T21:36:50.342+0000] {logging_mixin.py:149} INFO - [2023-08-01T21:36:50.341+0000] {taskmixin.py:211} WARNING - Dependency <Task(_PythonDecoratedOperator): log_sql_query>, print_the_context already registered for DAG: example_python_operator
[2023-08-01T21:36:50.343+0000] {logging_mixin.py:149} INFO - [2023-08-01T21:36:50.343+0000] {taskmixin.py:211} WARNING - Dependency <Task(_PythonDecoratedOperator): print_the_context>, log_sql_query already registered for DAG: example_python_operator
[2023-08-01T21:36:50.343+0000] {logging_mixin.py:149} INFO - [2023-08-01T21:36:50.343+0000] {taskmixin.py:211} WARNING - Dependency <Task(_PythonDecoratedOperator): log_sql_query>, print_the_context already registered for DAG: example_python_operator
[2023-08-01T21:36:50.349+0000] {processor.py:809} INFO - DAG(s) dict_keys(['example_python_operator']) retrieved from /home/airflow/.local/lib/python3.7/site-packages/airflow/example_dags/example_python_operator.py
[2023-08-01T21:36:50.543+0000] {logging_mixin.py:149} INFO - [2023-08-01T21:36:50.543+0000] {dag.py:2726} INFO - Sync 1 DAGs
[2023-08-01T21:36:50.587+0000] {logging_mixin.py:149} INFO - [2023-08-01T21:36:50.587+0000] {dag.py:3490} INFO - Setting next_dagrun for example_python_operator to None, run_after=None
[2023-08-01T21:36:50.619+0000] {processor.py:178} INFO - Processing /home/airflow/.local/lib/python3.7/site-packages/airflow/example_dags/example_python_operator.py took 0.317 seconds
