[2023-08-01T21:30:29.434+0000] {processor.py:156} INFO - Started process (PID=33) to work on /home/airflow/.local/lib/python3.7/site-packages/airflow/example_dags/example_short_circuit_decorator.py
[2023-08-01T21:30:29.437+0000] {processor.py:799} INFO - Processing file /home/airflow/.local/lib/python3.7/site-packages/airflow/example_dags/example_short_circuit_decorator.py for tasks to queue
[2023-08-01T21:30:29.438+0000] {logging_mixin.py:149} INFO - [2023-08-01T21:30:29.437+0000] {dagbag.py:541} INFO - Filling up the DagBag from /home/airflow/.local/lib/python3.7/site-packages/airflow/example_dags/example_short_circuit_decorator.py
[2023-08-01T21:30:29.460+0000] {processor.py:809} INFO - DAG(s) dict_keys(['example_short_circuit_decorator']) retrieved from /home/airflow/.local/lib/python3.7/site-packages/airflow/example_dags/example_short_circuit_decorator.py
[2023-08-01T21:30:29.686+0000] {logging_mixin.py:149} INFO - [2023-08-01T21:30:29.686+0000] {dag.py:2726} INFO - Sync 1 DAGs
[2023-08-01T21:30:29.728+0000] {logging_mixin.py:149} INFO - [2023-08-01T21:30:29.728+0000] {dag.py:3490} INFO - Setting next_dagrun for example_short_circuit_decorator to 2023-07-31T21:30:29.727546+00:00, run_after=2023-08-01T21:30:29.727546+00:00
[2023-08-01T21:30:29.757+0000] {processor.py:178} INFO - Processing /home/airflow/.local/lib/python3.7/site-packages/airflow/example_dags/example_short_circuit_decorator.py took 0.332 seconds
[2023-08-01T21:31:00.387+0000] {processor.py:156} INFO - Started process (PID=90) to work on /home/airflow/.local/lib/python3.7/site-packages/airflow/example_dags/example_short_circuit_decorator.py
[2023-08-01T21:31:00.389+0000] {processor.py:799} INFO - Processing file /home/airflow/.local/lib/python3.7/site-packages/airflow/example_dags/example_short_circuit_decorator.py for tasks to queue
[2023-08-01T21:31:00.390+0000] {logging_mixin.py:149} INFO - [2023-08-01T21:31:00.390+0000] {dagbag.py:541} INFO - Filling up the DagBag from /home/airflow/.local/lib/python3.7/site-packages/airflow/example_dags/example_short_circuit_decorator.py
[2023-08-01T21:31:00.408+0000] {processor.py:809} INFO - DAG(s) dict_keys(['example_short_circuit_decorator']) retrieved from /home/airflow/.local/lib/python3.7/site-packages/airflow/example_dags/example_short_circuit_decorator.py
[2023-08-01T21:31:00.516+0000] {logging_mixin.py:149} INFO - [2023-08-01T21:31:00.515+0000] {dag.py:2726} INFO - Sync 1 DAGs
[2023-08-01T21:31:00.571+0000] {logging_mixin.py:149} INFO - [2023-08-01T21:31:00.571+0000] {dag.py:3490} INFO - Setting next_dagrun for example_short_circuit_decorator to 2023-07-31T21:31:00.570184+00:00, run_after=2023-08-01T21:31:00.570184+00:00
[2023-08-01T21:31:00.599+0000] {processor.py:178} INFO - Processing /home/airflow/.local/lib/python3.7/site-packages/airflow/example_dags/example_short_circuit_decorator.py took 0.217 seconds
[2023-08-01T21:32:01.986+0000] {processor.py:156} INFO - Started process (PID=32) to work on /home/airflow/.local/lib/python3.7/site-packages/airflow/example_dags/example_short_circuit_decorator.py
[2023-08-01T21:32:01.997+0000] {processor.py:799} INFO - Processing file /home/airflow/.local/lib/python3.7/site-packages/airflow/example_dags/example_short_circuit_decorator.py for tasks to queue
[2023-08-01T21:32:01.998+0000] {logging_mixin.py:149} INFO - [2023-08-01T21:32:01.998+0000] {dagbag.py:541} INFO - Filling up the DagBag from /home/airflow/.local/lib/python3.7/site-packages/airflow/example_dags/example_short_circuit_decorator.py
[2023-08-01T21:32:02.020+0000] {processor.py:809} INFO - DAG(s) dict_keys(['example_short_circuit_decorator']) retrieved from /home/airflow/.local/lib/python3.7/site-packages/airflow/example_dags/example_short_circuit_decorator.py
[2023-08-01T21:32:02.138+0000] {logging_mixin.py:149} INFO - [2023-08-01T21:32:02.138+0000] {dag.py:2726} INFO - Sync 1 DAGs
[2023-08-01T21:32:02.200+0000] {logging_mixin.py:149} INFO - [2023-08-01T21:32:02.199+0000] {dag.py:3490} INFO - Setting next_dagrun for example_short_circuit_decorator to 2023-07-31T21:32:02.198892+00:00, run_after=2023-08-01T21:32:02.198892+00:00
[2023-08-01T21:32:02.250+0000] {processor.py:178} INFO - Processing /home/airflow/.local/lib/python3.7/site-packages/airflow/example_dags/example_short_circuit_decorator.py took 0.271 seconds
[2023-08-01T21:32:32.678+0000] {processor.py:156} INFO - Started process (PID=89) to work on /home/airflow/.local/lib/python3.7/site-packages/airflow/example_dags/example_short_circuit_decorator.py
[2023-08-01T21:32:32.681+0000] {processor.py:799} INFO - Processing file /home/airflow/.local/lib/python3.7/site-packages/airflow/example_dags/example_short_circuit_decorator.py for tasks to queue
[2023-08-01T21:32:32.686+0000] {logging_mixin.py:149} INFO - [2023-08-01T21:32:32.685+0000] {dagbag.py:541} INFO - Filling up the DagBag from /home/airflow/.local/lib/python3.7/site-packages/airflow/example_dags/example_short_circuit_decorator.py
[2023-08-01T21:32:32.776+0000] {processor.py:809} INFO - DAG(s) dict_keys(['example_short_circuit_decorator']) retrieved from /home/airflow/.local/lib/python3.7/site-packages/airflow/example_dags/example_short_circuit_decorator.py
[2023-08-01T21:32:32.964+0000] {logging_mixin.py:149} INFO - [2023-08-01T21:32:32.964+0000] {dag.py:2726} INFO - Sync 1 DAGs
[2023-08-01T21:32:33.010+0000] {logging_mixin.py:149} INFO - [2023-08-01T21:32:33.010+0000] {dag.py:3490} INFO - Setting next_dagrun for example_short_circuit_decorator to 2023-07-31T21:32:33.009145+00:00, run_after=2023-08-01T21:32:33.009145+00:00
[2023-08-01T21:32:33.045+0000] {processor.py:178} INFO - Processing /home/airflow/.local/lib/python3.7/site-packages/airflow/example_dags/example_short_circuit_decorator.py took 0.376 seconds
[2023-08-01T21:33:03.184+0000] {processor.py:156} INFO - Started process (PID=146) to work on /home/airflow/.local/lib/python3.7/site-packages/airflow/example_dags/example_short_circuit_decorator.py
[2023-08-01T21:33:03.185+0000] {processor.py:799} INFO - Processing file /home/airflow/.local/lib/python3.7/site-packages/airflow/example_dags/example_short_circuit_decorator.py for tasks to queue
[2023-08-01T21:33:03.188+0000] {logging_mixin.py:149} INFO - [2023-08-01T21:33:03.188+0000] {dagbag.py:541} INFO - Filling up the DagBag from /home/airflow/.local/lib/python3.7/site-packages/airflow/example_dags/example_short_circuit_decorator.py
[2023-08-01T21:33:03.206+0000] {processor.py:809} INFO - DAG(s) dict_keys(['example_short_circuit_decorator']) retrieved from /home/airflow/.local/lib/python3.7/site-packages/airflow/example_dags/example_short_circuit_decorator.py
[2023-08-01T21:33:03.302+0000] {logging_mixin.py:149} INFO - [2023-08-01T21:33:03.302+0000] {dag.py:2726} INFO - Sync 1 DAGs
[2023-08-01T21:33:03.488+0000] {logging_mixin.py:149} INFO - [2023-08-01T21:33:03.488+0000] {dag.py:3490} INFO - Setting next_dagrun for example_short_circuit_decorator to 2023-07-31T21:33:03.487593+00:00, run_after=2023-08-01T21:33:03.487593+00:00
[2023-08-01T21:33:03.516+0000] {processor.py:178} INFO - Processing /home/airflow/.local/lib/python3.7/site-packages/airflow/example_dags/example_short_circuit_decorator.py took 0.337 seconds
[2023-08-01T21:33:34.701+0000] {processor.py:156} INFO - Started process (PID=203) to work on /home/airflow/.local/lib/python3.7/site-packages/airflow/example_dags/example_short_circuit_decorator.py
[2023-08-01T21:33:34.724+0000] {processor.py:799} INFO - Processing file /home/airflow/.local/lib/python3.7/site-packages/airflow/example_dags/example_short_circuit_decorator.py for tasks to queue
[2023-08-01T21:33:34.741+0000] {logging_mixin.py:149} INFO - [2023-08-01T21:33:34.739+0000] {dagbag.py:541} INFO - Filling up the DagBag from /home/airflow/.local/lib/python3.7/site-packages/airflow/example_dags/example_short_circuit_decorator.py
[2023-08-01T21:33:35.045+0000] {processor.py:809} INFO - DAG(s) dict_keys(['example_short_circuit_decorator']) retrieved from /home/airflow/.local/lib/python3.7/site-packages/airflow/example_dags/example_short_circuit_decorator.py
[2023-08-01T21:33:35.388+0000] {logging_mixin.py:149} INFO - [2023-08-01T21:33:35.388+0000] {dag.py:2726} INFO - Sync 1 DAGs
[2023-08-01T21:33:35.494+0000] {logging_mixin.py:149} INFO - [2023-08-01T21:33:35.494+0000] {dag.py:3490} INFO - Setting next_dagrun for example_short_circuit_decorator to 2023-07-31T21:33:35.491510+00:00, run_after=2023-08-01T21:33:35.491510+00:00
[2023-08-01T21:33:35.532+0000] {processor.py:178} INFO - Processing /home/airflow/.local/lib/python3.7/site-packages/airflow/example_dags/example_short_circuit_decorator.py took 0.859 seconds
[2023-08-01T21:34:05.960+0000] {processor.py:156} INFO - Started process (PID=260) to work on /home/airflow/.local/lib/python3.7/site-packages/airflow/example_dags/example_short_circuit_decorator.py
[2023-08-01T21:34:05.963+0000] {processor.py:799} INFO - Processing file /home/airflow/.local/lib/python3.7/site-packages/airflow/example_dags/example_short_circuit_decorator.py for tasks to queue
[2023-08-01T21:34:05.964+0000] {logging_mixin.py:149} INFO - [2023-08-01T21:34:05.964+0000] {dagbag.py:541} INFO - Filling up the DagBag from /home/airflow/.local/lib/python3.7/site-packages/airflow/example_dags/example_short_circuit_decorator.py
[2023-08-01T21:34:05.998+0000] {processor.py:809} INFO - DAG(s) dict_keys(['example_short_circuit_decorator']) retrieved from /home/airflow/.local/lib/python3.7/site-packages/airflow/example_dags/example_short_circuit_decorator.py
[2023-08-01T21:34:06.111+0000] {logging_mixin.py:149} INFO - [2023-08-01T21:34:06.111+0000] {dag.py:2726} INFO - Sync 1 DAGs
[2023-08-01T21:34:06.174+0000] {logging_mixin.py:149} INFO - [2023-08-01T21:34:06.173+0000] {dag.py:3490} INFO - Setting next_dagrun for example_short_circuit_decorator to 2023-07-31T21:34:06.170769+00:00, run_after=2023-08-01T21:34:06.170769+00:00
[2023-08-01T21:34:06.213+0000] {processor.py:178} INFO - Processing /home/airflow/.local/lib/python3.7/site-packages/airflow/example_dags/example_short_circuit_decorator.py took 0.262 seconds
[2023-08-01T21:34:36.661+0000] {processor.py:156} INFO - Started process (PID=317) to work on /home/airflow/.local/lib/python3.7/site-packages/airflow/example_dags/example_short_circuit_decorator.py
[2023-08-01T21:34:36.663+0000] {processor.py:799} INFO - Processing file /home/airflow/.local/lib/python3.7/site-packages/airflow/example_dags/example_short_circuit_decorator.py for tasks to queue
[2023-08-01T21:34:36.665+0000] {logging_mixin.py:149} INFO - [2023-08-01T21:34:36.665+0000] {dagbag.py:541} INFO - Filling up the DagBag from /home/airflow/.local/lib/python3.7/site-packages/airflow/example_dags/example_short_circuit_decorator.py
[2023-08-01T21:34:36.699+0000] {processor.py:809} INFO - DAG(s) dict_keys(['example_short_circuit_decorator']) retrieved from /home/airflow/.local/lib/python3.7/site-packages/airflow/example_dags/example_short_circuit_decorator.py
[2023-08-01T21:34:36.822+0000] {logging_mixin.py:149} INFO - [2023-08-01T21:34:36.821+0000] {dag.py:2726} INFO - Sync 1 DAGs
[2023-08-01T21:34:36.870+0000] {logging_mixin.py:149} INFO - [2023-08-01T21:34:36.869+0000] {dag.py:3490} INFO - Setting next_dagrun for example_short_circuit_decorator to 2023-07-31T21:34:36.868710+00:00, run_after=2023-08-01T21:34:36.868710+00:00
[2023-08-01T21:34:36.904+0000] {processor.py:178} INFO - Processing /home/airflow/.local/lib/python3.7/site-packages/airflow/example_dags/example_short_circuit_decorator.py took 0.250 seconds
[2023-08-01T21:35:07.225+0000] {processor.py:156} INFO - Started process (PID=374) to work on /home/airflow/.local/lib/python3.7/site-packages/airflow/example_dags/example_short_circuit_decorator.py
[2023-08-01T21:35:07.226+0000] {processor.py:799} INFO - Processing file /home/airflow/.local/lib/python3.7/site-packages/airflow/example_dags/example_short_circuit_decorator.py for tasks to queue
[2023-08-01T21:35:07.228+0000] {logging_mixin.py:149} INFO - [2023-08-01T21:35:07.227+0000] {dagbag.py:541} INFO - Filling up the DagBag from /home/airflow/.local/lib/python3.7/site-packages/airflow/example_dags/example_short_circuit_decorator.py
[2023-08-01T21:35:07.244+0000] {processor.py:809} INFO - DAG(s) dict_keys(['example_short_circuit_decorator']) retrieved from /home/airflow/.local/lib/python3.7/site-packages/airflow/example_dags/example_short_circuit_decorator.py
[2023-08-01T21:35:07.325+0000] {logging_mixin.py:149} INFO - [2023-08-01T21:35:07.325+0000] {dag.py:2726} INFO - Sync 1 DAGs
[2023-08-01T21:35:07.364+0000] {logging_mixin.py:149} INFO - [2023-08-01T21:35:07.363+0000] {dag.py:3490} INFO - Setting next_dagrun for example_short_circuit_decorator to 2023-07-31T21:35:07.363031+00:00, run_after=2023-08-01T21:35:07.363031+00:00
[2023-08-01T21:35:07.387+0000] {processor.py:178} INFO - Processing /home/airflow/.local/lib/python3.7/site-packages/airflow/example_dags/example_short_circuit_decorator.py took 0.166 seconds
[2023-08-01T21:35:37.476+0000] {processor.py:156} INFO - Started process (PID=431) to work on /home/airflow/.local/lib/python3.7/site-packages/airflow/example_dags/example_short_circuit_decorator.py
[2023-08-01T21:35:37.478+0000] {processor.py:799} INFO - Processing file /home/airflow/.local/lib/python3.7/site-packages/airflow/example_dags/example_short_circuit_decorator.py for tasks to queue
[2023-08-01T21:35:37.479+0000] {logging_mixin.py:149} INFO - [2023-08-01T21:35:37.479+0000] {dagbag.py:541} INFO - Filling up the DagBag from /home/airflow/.local/lib/python3.7/site-packages/airflow/example_dags/example_short_circuit_decorator.py
[2023-08-01T21:35:37.496+0000] {processor.py:809} INFO - DAG(s) dict_keys(['example_short_circuit_decorator']) retrieved from /home/airflow/.local/lib/python3.7/site-packages/airflow/example_dags/example_short_circuit_decorator.py
[2023-08-01T21:35:37.580+0000] {logging_mixin.py:149} INFO - [2023-08-01T21:35:37.580+0000] {dag.py:2726} INFO - Sync 1 DAGs
[2023-08-01T21:35:37.630+0000] {logging_mixin.py:149} INFO - [2023-08-01T21:35:37.630+0000] {dag.py:3490} INFO - Setting next_dagrun for example_short_circuit_decorator to 2023-07-31T21:35:37.629156+00:00, run_after=2023-08-01T21:35:37.629156+00:00
[2023-08-01T21:35:37.656+0000] {processor.py:178} INFO - Processing /home/airflow/.local/lib/python3.7/site-packages/airflow/example_dags/example_short_circuit_decorator.py took 0.182 seconds
[2023-08-01T21:36:08.597+0000] {processor.py:156} INFO - Started process (PID=488) to work on /home/airflow/.local/lib/python3.7/site-packages/airflow/example_dags/example_short_circuit_decorator.py
[2023-08-01T21:36:08.600+0000] {processor.py:799} INFO - Processing file /home/airflow/.local/lib/python3.7/site-packages/airflow/example_dags/example_short_circuit_decorator.py for tasks to queue
[2023-08-01T21:36:08.601+0000] {logging_mixin.py:149} INFO - [2023-08-01T21:36:08.601+0000] {dagbag.py:541} INFO - Filling up the DagBag from /home/airflow/.local/lib/python3.7/site-packages/airflow/example_dags/example_short_circuit_decorator.py
[2023-08-01T21:36:08.625+0000] {processor.py:809} INFO - DAG(s) dict_keys(['example_short_circuit_decorator']) retrieved from /home/airflow/.local/lib/python3.7/site-packages/airflow/example_dags/example_short_circuit_decorator.py
[2023-08-01T21:36:08.789+0000] {logging_mixin.py:149} INFO - [2023-08-01T21:36:08.789+0000] {dag.py:2726} INFO - Sync 1 DAGs
[2023-08-01T21:36:08.845+0000] {logging_mixin.py:149} INFO - [2023-08-01T21:36:08.845+0000] {dag.py:3490} INFO - Setting next_dagrun for example_short_circuit_decorator to 2023-07-31T21:36:08.843756+00:00, run_after=2023-08-01T21:36:08.843756+00:00
[2023-08-01T21:36:08.876+0000] {processor.py:178} INFO - Processing /home/airflow/.local/lib/python3.7/site-packages/airflow/example_dags/example_short_circuit_decorator.py took 0.286 seconds
[2023-08-01T21:36:39.461+0000] {processor.py:156} INFO - Started process (PID=545) to work on /home/airflow/.local/lib/python3.7/site-packages/airflow/example_dags/example_short_circuit_decorator.py
[2023-08-01T21:36:39.462+0000] {processor.py:799} INFO - Processing file /home/airflow/.local/lib/python3.7/site-packages/airflow/example_dags/example_short_circuit_decorator.py for tasks to queue
[2023-08-01T21:36:39.463+0000] {logging_mixin.py:149} INFO - [2023-08-01T21:36:39.463+0000] {dagbag.py:541} INFO - Filling up the DagBag from /home/airflow/.local/lib/python3.7/site-packages/airflow/example_dags/example_short_circuit_decorator.py
[2023-08-01T21:36:39.481+0000] {processor.py:809} INFO - DAG(s) dict_keys(['example_short_circuit_decorator']) retrieved from /home/airflow/.local/lib/python3.7/site-packages/airflow/example_dags/example_short_circuit_decorator.py
[2023-08-01T21:36:39.582+0000] {logging_mixin.py:149} INFO - [2023-08-01T21:36:39.582+0000] {dag.py:2726} INFO - Sync 1 DAGs
[2023-08-01T21:36:39.626+0000] {logging_mixin.py:149} INFO - [2023-08-01T21:36:39.626+0000] {dag.py:3490} INFO - Setting next_dagrun for example_short_circuit_decorator to 2023-07-31T21:36:39.625327+00:00, run_after=2023-08-01T21:36:39.625327+00:00
[2023-08-01T21:36:39.653+0000] {processor.py:178} INFO - Processing /home/airflow/.local/lib/python3.7/site-packages/airflow/example_dags/example_short_circuit_decorator.py took 0.196 seconds
