[2023-08-01T21:30:31.397+0000] {processor.py:156} INFO - Started process (PID=50) to work on /home/airflow/.local/lib/python3.7/site-packages/airflow/example_dags/example_complex.py
[2023-08-01T21:30:31.398+0000] {processor.py:799} INFO - Processing file /home/airflow/.local/lib/python3.7/site-packages/airflow/example_dags/example_complex.py for tasks to queue
[2023-08-01T21:30:31.400+0000] {logging_mixin.py:149} INFO - [2023-08-01T21:30:31.400+0000] {dagbag.py:541} INFO - Filling up the DagBag from /home/airflow/.local/lib/python3.7/site-packages/airflow/example_dags/example_complex.py
[2023-08-01T21:30:31.413+0000] {logging_mixin.py:149} INFO - [2023-08-01T21:30:31.413+0000] {taskmixin.py:211} WARNING - Dependency <Task(BashOperator): create_entry_group>, delete_entry_group already registered for DAG: example_complex
[2023-08-01T21:30:31.414+0000] {logging_mixin.py:149} INFO - [2023-08-01T21:30:31.414+0000] {taskmixin.py:211} WARNING - Dependency <Task(BashOperator): delete_entry_group>, create_entry_group already registered for DAG: example_complex
[2023-08-01T21:30:31.415+0000] {logging_mixin.py:149} INFO - [2023-08-01T21:30:31.414+0000] {taskmixin.py:211} WARNING - Dependency <Task(BashOperator): create_entry_gcs>, delete_entry already registered for DAG: example_complex
[2023-08-01T21:30:31.415+0000] {logging_mixin.py:149} INFO - [2023-08-01T21:30:31.415+0000] {taskmixin.py:211} WARNING - Dependency <Task(BashOperator): delete_entry>, create_entry_gcs already registered for DAG: example_complex
[2023-08-01T21:30:31.416+0000] {logging_mixin.py:149} INFO - [2023-08-01T21:30:31.416+0000] {taskmixin.py:211} WARNING - Dependency <Task(BashOperator): create_tag>, delete_tag already registered for DAG: example_complex
[2023-08-01T21:30:31.417+0000] {logging_mixin.py:149} INFO - [2023-08-01T21:30:31.417+0000] {taskmixin.py:211} WARNING - Dependency <Task(BashOperator): delete_tag>, create_tag already registered for DAG: example_complex
[2023-08-01T21:30:31.419+0000] {processor.py:809} INFO - DAG(s) dict_keys(['example_complex']) retrieved from /home/airflow/.local/lib/python3.7/site-packages/airflow/example_dags/example_complex.py
[2023-08-01T21:30:31.497+0000] {logging_mixin.py:149} INFO - [2023-08-01T21:30:31.497+0000] {dag.py:2726} INFO - Sync 1 DAGs
[2023-08-01T21:30:31.553+0000] {logging_mixin.py:149} INFO - [2023-08-01T21:30:31.553+0000] {dag.py:3490} INFO - Setting next_dagrun for example_complex to None, run_after=None
[2023-08-01T21:30:31.582+0000] {processor.py:178} INFO - Processing /home/airflow/.local/lib/python3.7/site-packages/airflow/example_dags/example_complex.py took 0.188 seconds
[2023-08-01T21:31:02.134+0000] {processor.py:156} INFO - Started process (PID=107) to work on /home/airflow/.local/lib/python3.7/site-packages/airflow/example_dags/example_complex.py
[2023-08-01T21:31:02.135+0000] {processor.py:799} INFO - Processing file /home/airflow/.local/lib/python3.7/site-packages/airflow/example_dags/example_complex.py for tasks to queue
[2023-08-01T21:31:02.136+0000] {logging_mixin.py:149} INFO - [2023-08-01T21:31:02.136+0000] {dagbag.py:541} INFO - Filling up the DagBag from /home/airflow/.local/lib/python3.7/site-packages/airflow/example_dags/example_complex.py
[2023-08-01T21:31:02.146+0000] {logging_mixin.py:149} INFO - [2023-08-01T21:31:02.146+0000] {taskmixin.py:211} WARNING - Dependency <Task(BashOperator): create_entry_group>, delete_entry_group already registered for DAG: example_complex
[2023-08-01T21:31:02.147+0000] {logging_mixin.py:149} INFO - [2023-08-01T21:31:02.147+0000] {taskmixin.py:211} WARNING - Dependency <Task(BashOperator): delete_entry_group>, create_entry_group already registered for DAG: example_complex
[2023-08-01T21:31:02.147+0000] {logging_mixin.py:149} INFO - [2023-08-01T21:31:02.147+0000] {taskmixin.py:211} WARNING - Dependency <Task(BashOperator): create_entry_gcs>, delete_entry already registered for DAG: example_complex
[2023-08-01T21:31:02.148+0000] {logging_mixin.py:149} INFO - [2023-08-01T21:31:02.148+0000] {taskmixin.py:211} WARNING - Dependency <Task(BashOperator): delete_entry>, create_entry_gcs already registered for DAG: example_complex
[2023-08-01T21:31:02.149+0000] {logging_mixin.py:149} INFO - [2023-08-01T21:31:02.149+0000] {taskmixin.py:211} WARNING - Dependency <Task(BashOperator): create_tag>, delete_tag already registered for DAG: example_complex
[2023-08-01T21:31:02.149+0000] {logging_mixin.py:149} INFO - [2023-08-01T21:31:02.149+0000] {taskmixin.py:211} WARNING - Dependency <Task(BashOperator): delete_tag>, create_tag already registered for DAG: example_complex
[2023-08-01T21:31:02.151+0000] {processor.py:809} INFO - DAG(s) dict_keys(['example_complex']) retrieved from /home/airflow/.local/lib/python3.7/site-packages/airflow/example_dags/example_complex.py
[2023-08-01T21:31:02.233+0000] {logging_mixin.py:149} INFO - [2023-08-01T21:31:02.232+0000] {dag.py:2726} INFO - Sync 1 DAGs
[2023-08-01T21:31:02.269+0000] {logging_mixin.py:149} INFO - [2023-08-01T21:31:02.269+0000] {dag.py:3490} INFO - Setting next_dagrun for example_complex to None, run_after=None
[2023-08-01T21:31:02.290+0000] {processor.py:178} INFO - Processing /home/airflow/.local/lib/python3.7/site-packages/airflow/example_dags/example_complex.py took 0.159 seconds
[2023-08-01T21:32:06.826+0000] {processor.py:156} INFO - Started process (PID=49) to work on /home/airflow/.local/lib/python3.7/site-packages/airflow/example_dags/example_complex.py
[2023-08-01T21:32:06.842+0000] {processor.py:799} INFO - Processing file /home/airflow/.local/lib/python3.7/site-packages/airflow/example_dags/example_complex.py for tasks to queue
[2023-08-01T21:32:06.845+0000] {logging_mixin.py:149} INFO - [2023-08-01T21:32:06.844+0000] {dagbag.py:541} INFO - Filling up the DagBag from /home/airflow/.local/lib/python3.7/site-packages/airflow/example_dags/example_complex.py
[2023-08-01T21:32:06.904+0000] {logging_mixin.py:149} INFO - [2023-08-01T21:32:06.902+0000] {taskmixin.py:211} WARNING - Dependency <Task(BashOperator): create_entry_group>, delete_entry_group already registered for DAG: example_complex
[2023-08-01T21:32:06.908+0000] {logging_mixin.py:149} INFO - [2023-08-01T21:32:06.908+0000] {taskmixin.py:211} WARNING - Dependency <Task(BashOperator): delete_entry_group>, create_entry_group already registered for DAG: example_complex
[2023-08-01T21:32:06.912+0000] {logging_mixin.py:149} INFO - [2023-08-01T21:32:06.912+0000] {taskmixin.py:211} WARNING - Dependency <Task(BashOperator): create_entry_gcs>, delete_entry already registered for DAG: example_complex
[2023-08-01T21:32:06.914+0000] {logging_mixin.py:149} INFO - [2023-08-01T21:32:06.913+0000] {taskmixin.py:211} WARNING - Dependency <Task(BashOperator): delete_entry>, create_entry_gcs already registered for DAG: example_complex
[2023-08-01T21:32:06.918+0000] {logging_mixin.py:149} INFO - [2023-08-01T21:32:06.917+0000] {taskmixin.py:211} WARNING - Dependency <Task(BashOperator): create_tag>, delete_tag already registered for DAG: example_complex
[2023-08-01T21:32:06.923+0000] {logging_mixin.py:149} INFO - [2023-08-01T21:32:06.923+0000] {taskmixin.py:211} WARNING - Dependency <Task(BashOperator): delete_tag>, create_tag already registered for DAG: example_complex
[2023-08-01T21:32:06.927+0000] {processor.py:809} INFO - DAG(s) dict_keys(['example_complex']) retrieved from /home/airflow/.local/lib/python3.7/site-packages/airflow/example_dags/example_complex.py
[2023-08-01T21:32:07.079+0000] {logging_mixin.py:149} INFO - [2023-08-01T21:32:07.078+0000] {dag.py:2726} INFO - Sync 1 DAGs
[2023-08-01T21:32:07.183+0000] {logging_mixin.py:149} INFO - [2023-08-01T21:32:07.182+0000] {dag.py:3490} INFO - Setting next_dagrun for example_complex to None, run_after=None
[2023-08-01T21:32:07.245+0000] {processor.py:178} INFO - Processing /home/airflow/.local/lib/python3.7/site-packages/airflow/example_dags/example_complex.py took 0.542 seconds
[2023-08-01T21:32:37.875+0000] {processor.py:156} INFO - Started process (PID=106) to work on /home/airflow/.local/lib/python3.7/site-packages/airflow/example_dags/example_complex.py
[2023-08-01T21:32:37.877+0000] {processor.py:799} INFO - Processing file /home/airflow/.local/lib/python3.7/site-packages/airflow/example_dags/example_complex.py for tasks to queue
[2023-08-01T21:32:37.879+0000] {logging_mixin.py:149} INFO - [2023-08-01T21:32:37.879+0000] {dagbag.py:541} INFO - Filling up the DagBag from /home/airflow/.local/lib/python3.7/site-packages/airflow/example_dags/example_complex.py
[2023-08-01T21:32:37.893+0000] {logging_mixin.py:149} INFO - [2023-08-01T21:32:37.893+0000] {taskmixin.py:211} WARNING - Dependency <Task(BashOperator): create_entry_group>, delete_entry_group already registered for DAG: example_complex
[2023-08-01T21:32:37.894+0000] {logging_mixin.py:149} INFO - [2023-08-01T21:32:37.894+0000] {taskmixin.py:211} WARNING - Dependency <Task(BashOperator): delete_entry_group>, create_entry_group already registered for DAG: example_complex
[2023-08-01T21:32:37.895+0000] {logging_mixin.py:149} INFO - [2023-08-01T21:32:37.895+0000] {taskmixin.py:211} WARNING - Dependency <Task(BashOperator): create_entry_gcs>, delete_entry already registered for DAG: example_complex
[2023-08-01T21:32:37.896+0000] {logging_mixin.py:149} INFO - [2023-08-01T21:32:37.895+0000] {taskmixin.py:211} WARNING - Dependency <Task(BashOperator): delete_entry>, create_entry_gcs already registered for DAG: example_complex
[2023-08-01T21:32:37.896+0000] {logging_mixin.py:149} INFO - [2023-08-01T21:32:37.896+0000] {taskmixin.py:211} WARNING - Dependency <Task(BashOperator): create_tag>, delete_tag already registered for DAG: example_complex
[2023-08-01T21:32:37.897+0000] {logging_mixin.py:149} INFO - [2023-08-01T21:32:37.897+0000] {taskmixin.py:211} WARNING - Dependency <Task(BashOperator): delete_tag>, create_tag already registered for DAG: example_complex
[2023-08-01T21:32:37.899+0000] {processor.py:809} INFO - DAG(s) dict_keys(['example_complex']) retrieved from /home/airflow/.local/lib/python3.7/site-packages/airflow/example_dags/example_complex.py
[2023-08-01T21:32:37.980+0000] {logging_mixin.py:149} INFO - [2023-08-01T21:32:37.980+0000] {dag.py:2726} INFO - Sync 1 DAGs
[2023-08-01T21:32:38.017+0000] {logging_mixin.py:149} INFO - [2023-08-01T21:32:38.016+0000] {dag.py:3490} INFO - Setting next_dagrun for example_complex to None, run_after=None
[2023-08-01T21:32:38.040+0000] {processor.py:178} INFO - Processing /home/airflow/.local/lib/python3.7/site-packages/airflow/example_dags/example_complex.py took 0.169 seconds
[2023-08-01T21:33:08.804+0000] {processor.py:156} INFO - Started process (PID=163) to work on /home/airflow/.local/lib/python3.7/site-packages/airflow/example_dags/example_complex.py
[2023-08-01T21:33:08.806+0000] {processor.py:799} INFO - Processing file /home/airflow/.local/lib/python3.7/site-packages/airflow/example_dags/example_complex.py for tasks to queue
[2023-08-01T21:33:08.807+0000] {logging_mixin.py:149} INFO - [2023-08-01T21:33:08.807+0000] {dagbag.py:541} INFO - Filling up the DagBag from /home/airflow/.local/lib/python3.7/site-packages/airflow/example_dags/example_complex.py
[2023-08-01T21:33:08.821+0000] {logging_mixin.py:149} INFO - [2023-08-01T21:33:08.821+0000] {taskmixin.py:211} WARNING - Dependency <Task(BashOperator): create_entry_group>, delete_entry_group already registered for DAG: example_complex
[2023-08-01T21:33:08.822+0000] {logging_mixin.py:149} INFO - [2023-08-01T21:33:08.822+0000] {taskmixin.py:211} WARNING - Dependency <Task(BashOperator): delete_entry_group>, create_entry_group already registered for DAG: example_complex
[2023-08-01T21:33:08.823+0000] {logging_mixin.py:149} INFO - [2023-08-01T21:33:08.823+0000] {taskmixin.py:211} WARNING - Dependency <Task(BashOperator): create_entry_gcs>, delete_entry already registered for DAG: example_complex
[2023-08-01T21:33:08.823+0000] {logging_mixin.py:149} INFO - [2023-08-01T21:33:08.823+0000] {taskmixin.py:211} WARNING - Dependency <Task(BashOperator): delete_entry>, create_entry_gcs already registered for DAG: example_complex
[2023-08-01T21:33:08.824+0000] {logging_mixin.py:149} INFO - [2023-08-01T21:33:08.824+0000] {taskmixin.py:211} WARNING - Dependency <Task(BashOperator): create_tag>, delete_tag already registered for DAG: example_complex
[2023-08-01T21:33:08.825+0000] {logging_mixin.py:149} INFO - [2023-08-01T21:33:08.825+0000] {taskmixin.py:211} WARNING - Dependency <Task(BashOperator): delete_tag>, create_tag already registered for DAG: example_complex
[2023-08-01T21:33:08.827+0000] {processor.py:809} INFO - DAG(s) dict_keys(['example_complex']) retrieved from /home/airflow/.local/lib/python3.7/site-packages/airflow/example_dags/example_complex.py
[2023-08-01T21:33:08.908+0000] {logging_mixin.py:149} INFO - [2023-08-01T21:33:08.908+0000] {dag.py:2726} INFO - Sync 1 DAGs
[2023-08-01T21:33:09.033+0000] {logging_mixin.py:149} INFO - [2023-08-01T21:33:09.032+0000] {dag.py:3490} INFO - Setting next_dagrun for example_complex to None, run_after=None
[2023-08-01T21:33:09.054+0000] {processor.py:178} INFO - Processing /home/airflow/.local/lib/python3.7/site-packages/airflow/example_dags/example_complex.py took 0.255 seconds
[2023-08-01T21:33:39.454+0000] {processor.py:156} INFO - Started process (PID=220) to work on /home/airflow/.local/lib/python3.7/site-packages/airflow/example_dags/example_complex.py
[2023-08-01T21:33:39.456+0000] {processor.py:799} INFO - Processing file /home/airflow/.local/lib/python3.7/site-packages/airflow/example_dags/example_complex.py for tasks to queue
[2023-08-01T21:33:39.457+0000] {logging_mixin.py:149} INFO - [2023-08-01T21:33:39.457+0000] {dagbag.py:541} INFO - Filling up the DagBag from /home/airflow/.local/lib/python3.7/site-packages/airflow/example_dags/example_complex.py
[2023-08-01T21:33:39.470+0000] {logging_mixin.py:149} INFO - [2023-08-01T21:33:39.470+0000] {taskmixin.py:211} WARNING - Dependency <Task(BashOperator): create_entry_group>, delete_entry_group already registered for DAG: example_complex
[2023-08-01T21:33:39.471+0000] {logging_mixin.py:149} INFO - [2023-08-01T21:33:39.471+0000] {taskmixin.py:211} WARNING - Dependency <Task(BashOperator): delete_entry_group>, create_entry_group already registered for DAG: example_complex
[2023-08-01T21:33:39.472+0000] {logging_mixin.py:149} INFO - [2023-08-01T21:33:39.472+0000] {taskmixin.py:211} WARNING - Dependency <Task(BashOperator): create_entry_gcs>, delete_entry already registered for DAG: example_complex
[2023-08-01T21:33:39.472+0000] {logging_mixin.py:149} INFO - [2023-08-01T21:33:39.472+0000] {taskmixin.py:211} WARNING - Dependency <Task(BashOperator): delete_entry>, create_entry_gcs already registered for DAG: example_complex
[2023-08-01T21:33:39.473+0000] {logging_mixin.py:149} INFO - [2023-08-01T21:33:39.473+0000] {taskmixin.py:211} WARNING - Dependency <Task(BashOperator): create_tag>, delete_tag already registered for DAG: example_complex
[2023-08-01T21:33:39.474+0000] {logging_mixin.py:149} INFO - [2023-08-01T21:33:39.474+0000] {taskmixin.py:211} WARNING - Dependency <Task(BashOperator): delete_tag>, create_tag already registered for DAG: example_complex
[2023-08-01T21:33:39.476+0000] {processor.py:809} INFO - DAG(s) dict_keys(['example_complex']) retrieved from /home/airflow/.local/lib/python3.7/site-packages/airflow/example_dags/example_complex.py
[2023-08-01T21:33:39.566+0000] {logging_mixin.py:149} INFO - [2023-08-01T21:33:39.566+0000] {dag.py:2726} INFO - Sync 1 DAGs
[2023-08-01T21:33:39.603+0000] {logging_mixin.py:149} INFO - [2023-08-01T21:33:39.603+0000] {dag.py:3490} INFO - Setting next_dagrun for example_complex to None, run_after=None
[2023-08-01T21:33:39.627+0000] {processor.py:178} INFO - Processing /home/airflow/.local/lib/python3.7/site-packages/airflow/example_dags/example_complex.py took 0.176 seconds
[2023-08-01T21:34:10.173+0000] {processor.py:156} INFO - Started process (PID=277) to work on /home/airflow/.local/lib/python3.7/site-packages/airflow/example_dags/example_complex.py
[2023-08-01T21:34:10.174+0000] {processor.py:799} INFO - Processing file /home/airflow/.local/lib/python3.7/site-packages/airflow/example_dags/example_complex.py for tasks to queue
[2023-08-01T21:34:10.175+0000] {logging_mixin.py:149} INFO - [2023-08-01T21:34:10.175+0000] {dagbag.py:541} INFO - Filling up the DagBag from /home/airflow/.local/lib/python3.7/site-packages/airflow/example_dags/example_complex.py
[2023-08-01T21:34:10.187+0000] {logging_mixin.py:149} INFO - [2023-08-01T21:34:10.186+0000] {taskmixin.py:211} WARNING - Dependency <Task(BashOperator): create_entry_group>, delete_entry_group already registered for DAG: example_complex
[2023-08-01T21:34:10.187+0000] {logging_mixin.py:149} INFO - [2023-08-01T21:34:10.187+0000] {taskmixin.py:211} WARNING - Dependency <Task(BashOperator): delete_entry_group>, create_entry_group already registered for DAG: example_complex
[2023-08-01T21:34:10.188+0000] {logging_mixin.py:149} INFO - [2023-08-01T21:34:10.188+0000] {taskmixin.py:211} WARNING - Dependency <Task(BashOperator): create_entry_gcs>, delete_entry already registered for DAG: example_complex
[2023-08-01T21:34:10.189+0000] {logging_mixin.py:149} INFO - [2023-08-01T21:34:10.189+0000] {taskmixin.py:211} WARNING - Dependency <Task(BashOperator): delete_entry>, create_entry_gcs already registered for DAG: example_complex
[2023-08-01T21:34:10.189+0000] {logging_mixin.py:149} INFO - [2023-08-01T21:34:10.189+0000] {taskmixin.py:211} WARNING - Dependency <Task(BashOperator): create_tag>, delete_tag already registered for DAG: example_complex
[2023-08-01T21:34:10.190+0000] {logging_mixin.py:149} INFO - [2023-08-01T21:34:10.190+0000] {taskmixin.py:211} WARNING - Dependency <Task(BashOperator): delete_tag>, create_tag already registered for DAG: example_complex
[2023-08-01T21:34:10.192+0000] {processor.py:809} INFO - DAG(s) dict_keys(['example_complex']) retrieved from /home/airflow/.local/lib/python3.7/site-packages/airflow/example_dags/example_complex.py
[2023-08-01T21:34:10.281+0000] {logging_mixin.py:149} INFO - [2023-08-01T21:34:10.281+0000] {dag.py:2726} INFO - Sync 1 DAGs
[2023-08-01T21:34:10.317+0000] {logging_mixin.py:149} INFO - [2023-08-01T21:34:10.317+0000] {dag.py:3490} INFO - Setting next_dagrun for example_complex to None, run_after=None
[2023-08-01T21:34:10.339+0000] {processor.py:178} INFO - Processing /home/airflow/.local/lib/python3.7/site-packages/airflow/example_dags/example_complex.py took 0.169 seconds
[2023-08-01T21:34:40.619+0000] {processor.py:156} INFO - Started process (PID=334) to work on /home/airflow/.local/lib/python3.7/site-packages/airflow/example_dags/example_complex.py
[2023-08-01T21:34:40.621+0000] {processor.py:799} INFO - Processing file /home/airflow/.local/lib/python3.7/site-packages/airflow/example_dags/example_complex.py for tasks to queue
[2023-08-01T21:34:40.622+0000] {logging_mixin.py:149} INFO - [2023-08-01T21:34:40.621+0000] {dagbag.py:541} INFO - Filling up the DagBag from /home/airflow/.local/lib/python3.7/site-packages/airflow/example_dags/example_complex.py
[2023-08-01T21:34:40.631+0000] {logging_mixin.py:149} INFO - [2023-08-01T21:34:40.631+0000] {taskmixin.py:211} WARNING - Dependency <Task(BashOperator): create_entry_group>, delete_entry_group already registered for DAG: example_complex
[2023-08-01T21:34:40.632+0000] {logging_mixin.py:149} INFO - [2023-08-01T21:34:40.632+0000] {taskmixin.py:211} WARNING - Dependency <Task(BashOperator): delete_entry_group>, create_entry_group already registered for DAG: example_complex
[2023-08-01T21:34:40.633+0000] {logging_mixin.py:149} INFO - [2023-08-01T21:34:40.633+0000] {taskmixin.py:211} WARNING - Dependency <Task(BashOperator): create_entry_gcs>, delete_entry already registered for DAG: example_complex
[2023-08-01T21:34:40.633+0000] {logging_mixin.py:149} INFO - [2023-08-01T21:34:40.633+0000] {taskmixin.py:211} WARNING - Dependency <Task(BashOperator): delete_entry>, create_entry_gcs already registered for DAG: example_complex
[2023-08-01T21:34:40.634+0000] {logging_mixin.py:149} INFO - [2023-08-01T21:34:40.634+0000] {taskmixin.py:211} WARNING - Dependency <Task(BashOperator): create_tag>, delete_tag already registered for DAG: example_complex
[2023-08-01T21:34:40.634+0000] {logging_mixin.py:149} INFO - [2023-08-01T21:34:40.634+0000] {taskmixin.py:211} WARNING - Dependency <Task(BashOperator): delete_tag>, create_tag already registered for DAG: example_complex
[2023-08-01T21:34:40.637+0000] {processor.py:809} INFO - DAG(s) dict_keys(['example_complex']) retrieved from /home/airflow/.local/lib/python3.7/site-packages/airflow/example_dags/example_complex.py
[2023-08-01T21:34:40.720+0000] {logging_mixin.py:149} INFO - [2023-08-01T21:34:40.720+0000] {dag.py:2726} INFO - Sync 1 DAGs
[2023-08-01T21:34:40.759+0000] {logging_mixin.py:149} INFO - [2023-08-01T21:34:40.759+0000] {dag.py:3490} INFO - Setting next_dagrun for example_complex to None, run_after=None
[2023-08-01T21:34:40.782+0000] {processor.py:178} INFO - Processing /home/airflow/.local/lib/python3.7/site-packages/airflow/example_dags/example_complex.py took 0.165 seconds
[2023-08-01T21:35:11.141+0000] {processor.py:156} INFO - Started process (PID=391) to work on /home/airflow/.local/lib/python3.7/site-packages/airflow/example_dags/example_complex.py
[2023-08-01T21:35:11.142+0000] {processor.py:799} INFO - Processing file /home/airflow/.local/lib/python3.7/site-packages/airflow/example_dags/example_complex.py for tasks to queue
[2023-08-01T21:35:11.143+0000] {logging_mixin.py:149} INFO - [2023-08-01T21:35:11.143+0000] {dagbag.py:541} INFO - Filling up the DagBag from /home/airflow/.local/lib/python3.7/site-packages/airflow/example_dags/example_complex.py
[2023-08-01T21:35:11.154+0000] {logging_mixin.py:149} INFO - [2023-08-01T21:35:11.153+0000] {taskmixin.py:211} WARNING - Dependency <Task(BashOperator): create_entry_group>, delete_entry_group already registered for DAG: example_complex
[2023-08-01T21:35:11.154+0000] {logging_mixin.py:149} INFO - [2023-08-01T21:35:11.154+0000] {taskmixin.py:211} WARNING - Dependency <Task(BashOperator): delete_entry_group>, create_entry_group already registered for DAG: example_complex
[2023-08-01T21:35:11.155+0000] {logging_mixin.py:149} INFO - [2023-08-01T21:35:11.155+0000] {taskmixin.py:211} WARNING - Dependency <Task(BashOperator): create_entry_gcs>, delete_entry already registered for DAG: example_complex
[2023-08-01T21:35:11.156+0000] {logging_mixin.py:149} INFO - [2023-08-01T21:35:11.155+0000] {taskmixin.py:211} WARNING - Dependency <Task(BashOperator): delete_entry>, create_entry_gcs already registered for DAG: example_complex
[2023-08-01T21:35:11.156+0000] {logging_mixin.py:149} INFO - [2023-08-01T21:35:11.156+0000] {taskmixin.py:211} WARNING - Dependency <Task(BashOperator): create_tag>, delete_tag already registered for DAG: example_complex
[2023-08-01T21:35:11.157+0000] {logging_mixin.py:149} INFO - [2023-08-01T21:35:11.157+0000] {taskmixin.py:211} WARNING - Dependency <Task(BashOperator): delete_tag>, create_tag already registered for DAG: example_complex
[2023-08-01T21:35:11.159+0000] {processor.py:809} INFO - DAG(s) dict_keys(['example_complex']) retrieved from /home/airflow/.local/lib/python3.7/site-packages/airflow/example_dags/example_complex.py
[2023-08-01T21:35:11.292+0000] {logging_mixin.py:149} INFO - [2023-08-01T21:35:11.292+0000] {dag.py:2726} INFO - Sync 1 DAGs
[2023-08-01T21:35:11.332+0000] {logging_mixin.py:149} INFO - [2023-08-01T21:35:11.332+0000] {dag.py:3490} INFO - Setting next_dagrun for example_complex to None, run_after=None
[2023-08-01T21:35:11.360+0000] {processor.py:178} INFO - Processing /home/airflow/.local/lib/python3.7/site-packages/airflow/example_dags/example_complex.py took 0.222 seconds
[2023-08-01T21:35:41.466+0000] {processor.py:156} INFO - Started process (PID=448) to work on /home/airflow/.local/lib/python3.7/site-packages/airflow/example_dags/example_complex.py
[2023-08-01T21:35:41.468+0000] {processor.py:799} INFO - Processing file /home/airflow/.local/lib/python3.7/site-packages/airflow/example_dags/example_complex.py for tasks to queue
[2023-08-01T21:35:41.468+0000] {logging_mixin.py:149} INFO - [2023-08-01T21:35:41.468+0000] {dagbag.py:541} INFO - Filling up the DagBag from /home/airflow/.local/lib/python3.7/site-packages/airflow/example_dags/example_complex.py
[2023-08-01T21:35:41.480+0000] {logging_mixin.py:149} INFO - [2023-08-01T21:35:41.479+0000] {taskmixin.py:211} WARNING - Dependency <Task(BashOperator): create_entry_group>, delete_entry_group already registered for DAG: example_complex
[2023-08-01T21:35:41.481+0000] {logging_mixin.py:149} INFO - [2023-08-01T21:35:41.481+0000] {taskmixin.py:211} WARNING - Dependency <Task(BashOperator): delete_entry_group>, create_entry_group already registered for DAG: example_complex
[2023-08-01T21:35:41.481+0000] {logging_mixin.py:149} INFO - [2023-08-01T21:35:41.481+0000] {taskmixin.py:211} WARNING - Dependency <Task(BashOperator): create_entry_gcs>, delete_entry already registered for DAG: example_complex
[2023-08-01T21:35:41.482+0000] {logging_mixin.py:149} INFO - [2023-08-01T21:35:41.482+0000] {taskmixin.py:211} WARNING - Dependency <Task(BashOperator): delete_entry>, create_entry_gcs already registered for DAG: example_complex
[2023-08-01T21:35:41.483+0000] {logging_mixin.py:149} INFO - [2023-08-01T21:35:41.483+0000] {taskmixin.py:211} WARNING - Dependency <Task(BashOperator): create_tag>, delete_tag already registered for DAG: example_complex
[2023-08-01T21:35:41.483+0000] {logging_mixin.py:149} INFO - [2023-08-01T21:35:41.483+0000] {taskmixin.py:211} WARNING - Dependency <Task(BashOperator): delete_tag>, create_tag already registered for DAG: example_complex
[2023-08-01T21:35:41.485+0000] {processor.py:809} INFO - DAG(s) dict_keys(['example_complex']) retrieved from /home/airflow/.local/lib/python3.7/site-packages/airflow/example_dags/example_complex.py
[2023-08-01T21:35:41.572+0000] {logging_mixin.py:149} INFO - [2023-08-01T21:35:41.572+0000] {dag.py:2726} INFO - Sync 1 DAGs
[2023-08-01T21:35:41.612+0000] {logging_mixin.py:149} INFO - [2023-08-01T21:35:41.612+0000] {dag.py:3490} INFO - Setting next_dagrun for example_complex to None, run_after=None
[2023-08-01T21:35:41.637+0000] {processor.py:178} INFO - Processing /home/airflow/.local/lib/python3.7/site-packages/airflow/example_dags/example_complex.py took 0.173 seconds
[2023-08-01T21:36:13.986+0000] {processor.py:156} INFO - Started process (PID=505) to work on /home/airflow/.local/lib/python3.7/site-packages/airflow/example_dags/example_complex.py
[2023-08-01T21:36:13.988+0000] {processor.py:799} INFO - Processing file /home/airflow/.local/lib/python3.7/site-packages/airflow/example_dags/example_complex.py for tasks to queue
[2023-08-01T21:36:13.991+0000] {logging_mixin.py:149} INFO - [2023-08-01T21:36:13.990+0000] {dagbag.py:541} INFO - Filling up the DagBag from /home/airflow/.local/lib/python3.7/site-packages/airflow/example_dags/example_complex.py
[2023-08-01T21:36:14.015+0000] {logging_mixin.py:149} INFO - [2023-08-01T21:36:14.014+0000] {taskmixin.py:211} WARNING - Dependency <Task(BashOperator): create_entry_group>, delete_entry_group already registered for DAG: example_complex
[2023-08-01T21:36:14.016+0000] {logging_mixin.py:149} INFO - [2023-08-01T21:36:14.016+0000] {taskmixin.py:211} WARNING - Dependency <Task(BashOperator): delete_entry_group>, create_entry_group already registered for DAG: example_complex
[2023-08-01T21:36:14.018+0000] {logging_mixin.py:149} INFO - [2023-08-01T21:36:14.018+0000] {taskmixin.py:211} WARNING - Dependency <Task(BashOperator): create_entry_gcs>, delete_entry already registered for DAG: example_complex
[2023-08-01T21:36:14.019+0000] {logging_mixin.py:149} INFO - [2023-08-01T21:36:14.019+0000] {taskmixin.py:211} WARNING - Dependency <Task(BashOperator): delete_entry>, create_entry_gcs already registered for DAG: example_complex
[2023-08-01T21:36:14.020+0000] {logging_mixin.py:149} INFO - [2023-08-01T21:36:14.020+0000] {taskmixin.py:211} WARNING - Dependency <Task(BashOperator): create_tag>, delete_tag already registered for DAG: example_complex
[2023-08-01T21:36:14.021+0000] {logging_mixin.py:149} INFO - [2023-08-01T21:36:14.021+0000] {taskmixin.py:211} WARNING - Dependency <Task(BashOperator): delete_tag>, create_tag already registered for DAG: example_complex
[2023-08-01T21:36:14.024+0000] {processor.py:809} INFO - DAG(s) dict_keys(['example_complex']) retrieved from /home/airflow/.local/lib/python3.7/site-packages/airflow/example_dags/example_complex.py
[2023-08-01T21:36:14.300+0000] {logging_mixin.py:149} INFO - [2023-08-01T21:36:14.299+0000] {dag.py:2726} INFO - Sync 1 DAGs
[2023-08-01T21:36:14.352+0000] {logging_mixin.py:149} INFO - [2023-08-01T21:36:14.351+0000] {dag.py:3490} INFO - Setting next_dagrun for example_complex to None, run_after=None
[2023-08-01T21:36:14.404+0000] {processor.py:178} INFO - Processing /home/airflow/.local/lib/python3.7/site-packages/airflow/example_dags/example_complex.py took 0.425 seconds
[2023-08-01T21:36:45.214+0000] {processor.py:156} INFO - Started process (PID=562) to work on /home/airflow/.local/lib/python3.7/site-packages/airflow/example_dags/example_complex.py
[2023-08-01T21:36:45.216+0000] {processor.py:799} INFO - Processing file /home/airflow/.local/lib/python3.7/site-packages/airflow/example_dags/example_complex.py for tasks to queue
[2023-08-01T21:36:45.217+0000] {logging_mixin.py:149} INFO - [2023-08-01T21:36:45.217+0000] {dagbag.py:541} INFO - Filling up the DagBag from /home/airflow/.local/lib/python3.7/site-packages/airflow/example_dags/example_complex.py
[2023-08-01T21:36:45.228+0000] {logging_mixin.py:149} INFO - [2023-08-01T21:36:45.228+0000] {taskmixin.py:211} WARNING - Dependency <Task(BashOperator): create_entry_group>, delete_entry_group already registered for DAG: example_complex
[2023-08-01T21:36:45.229+0000] {logging_mixin.py:149} INFO - [2023-08-01T21:36:45.229+0000] {taskmixin.py:211} WARNING - Dependency <Task(BashOperator): delete_entry_group>, create_entry_group already registered for DAG: example_complex
[2023-08-01T21:36:45.230+0000] {logging_mixin.py:149} INFO - [2023-08-01T21:36:45.230+0000] {taskmixin.py:211} WARNING - Dependency <Task(BashOperator): create_entry_gcs>, delete_entry already registered for DAG: example_complex
[2023-08-01T21:36:45.230+0000] {logging_mixin.py:149} INFO - [2023-08-01T21:36:45.230+0000] {taskmixin.py:211} WARNING - Dependency <Task(BashOperator): delete_entry>, create_entry_gcs already registered for DAG: example_complex
[2023-08-01T21:36:45.231+0000] {logging_mixin.py:149} INFO - [2023-08-01T21:36:45.231+0000] {taskmixin.py:211} WARNING - Dependency <Task(BashOperator): create_tag>, delete_tag already registered for DAG: example_complex
[2023-08-01T21:36:45.232+0000] {logging_mixin.py:149} INFO - [2023-08-01T21:36:45.231+0000] {taskmixin.py:211} WARNING - Dependency <Task(BashOperator): delete_tag>, create_tag already registered for DAG: example_complex
[2023-08-01T21:36:45.233+0000] {processor.py:809} INFO - DAG(s) dict_keys(['example_complex']) retrieved from /home/airflow/.local/lib/python3.7/site-packages/airflow/example_dags/example_complex.py
[2023-08-01T21:36:45.314+0000] {logging_mixin.py:149} INFO - [2023-08-01T21:36:45.314+0000] {dag.py:2726} INFO - Sync 1 DAGs
[2023-08-01T21:36:45.349+0000] {logging_mixin.py:149} INFO - [2023-08-01T21:36:45.349+0000] {dag.py:3490} INFO - Setting next_dagrun for example_complex to None, run_after=None
[2023-08-01T21:36:45.375+0000] {processor.py:178} INFO - Processing /home/airflow/.local/lib/python3.7/site-packages/airflow/example_dags/example_complex.py took 0.164 seconds
