[2023-08-01T21:30:30.215+0000] {processor.py:156} INFO - Started process (PID=38) to work on /home/airflow/.local/lib/python3.7/site-packages/airflow/example_dags/example_sla_dag.py
[2023-08-01T21:30:30.216+0000] {processor.py:799} INFO - Processing file /home/airflow/.local/lib/python3.7/site-packages/airflow/example_dags/example_sla_dag.py for tasks to queue
[2023-08-01T21:30:30.217+0000] {logging_mixin.py:149} INFO - [2023-08-01T21:30:30.217+0000] {dagbag.py:541} INFO - Filling up the DagBag from /home/airflow/.local/lib/python3.7/site-packages/airflow/example_dags/example_sla_dag.py
[2023-08-01T21:30:30.231+0000] {processor.py:809} INFO - DAG(s) dict_keys(['example_sla_dag']) retrieved from /home/airflow/.local/lib/python3.7/site-packages/airflow/example_dags/example_sla_dag.py
[2023-08-01T21:30:30.306+0000] {logging_mixin.py:149} INFO - [2023-08-01T21:30:30.306+0000] {dag.py:2726} INFO - Sync 1 DAGs
[2023-08-01T21:30:30.348+0000] {logging_mixin.py:149} INFO - [2023-08-01T21:30:30.348+0000] {dag.py:3490} INFO - Setting next_dagrun for example_sla_dag to 2023-08-01T21:28:00+00:00, run_after=2023-08-01T21:30:00+00:00
[2023-08-01T21:30:30.372+0000] {processor.py:178} INFO - Processing /home/airflow/.local/lib/python3.7/site-packages/airflow/example_dags/example_sla_dag.py took 0.160 seconds
[2023-08-01T21:31:01.018+0000] {processor.py:156} INFO - Started process (PID=95) to work on /home/airflow/.local/lib/python3.7/site-packages/airflow/example_dags/example_sla_dag.py
[2023-08-01T21:31:01.019+0000] {processor.py:799} INFO - Processing file /home/airflow/.local/lib/python3.7/site-packages/airflow/example_dags/example_sla_dag.py for tasks to queue
[2023-08-01T21:31:01.020+0000] {logging_mixin.py:149} INFO - [2023-08-01T21:31:01.020+0000] {dagbag.py:541} INFO - Filling up the DagBag from /home/airflow/.local/lib/python3.7/site-packages/airflow/example_dags/example_sla_dag.py
[2023-08-01T21:31:01.031+0000] {processor.py:809} INFO - DAG(s) dict_keys(['example_sla_dag']) retrieved from /home/airflow/.local/lib/python3.7/site-packages/airflow/example_dags/example_sla_dag.py
[2023-08-01T21:31:01.104+0000] {logging_mixin.py:149} INFO - [2023-08-01T21:31:01.104+0000] {dag.py:2726} INFO - Sync 1 DAGs
[2023-08-01T21:31:01.145+0000] {logging_mixin.py:149} INFO - [2023-08-01T21:31:01.145+0000] {dag.py:3490} INFO - Setting next_dagrun for example_sla_dag to 2023-08-01T21:28:00+00:00, run_after=2023-08-01T21:30:00+00:00
[2023-08-01T21:31:01.166+0000] {processor.py:178} INFO - Processing /home/airflow/.local/lib/python3.7/site-packages/airflow/example_dags/example_sla_dag.py took 0.151 seconds
[2023-08-01T21:32:02.732+0000] {processor.py:156} INFO - Started process (PID=37) to work on /home/airflow/.local/lib/python3.7/site-packages/airflow/example_dags/example_sla_dag.py
[2023-08-01T21:32:02.733+0000] {processor.py:799} INFO - Processing file /home/airflow/.local/lib/python3.7/site-packages/airflow/example_dags/example_sla_dag.py for tasks to queue
[2023-08-01T21:32:02.734+0000] {logging_mixin.py:149} INFO - [2023-08-01T21:32:02.734+0000] {dagbag.py:541} INFO - Filling up the DagBag from /home/airflow/.local/lib/python3.7/site-packages/airflow/example_dags/example_sla_dag.py
[2023-08-01T21:32:02.747+0000] {processor.py:809} INFO - DAG(s) dict_keys(['example_sla_dag']) retrieved from /home/airflow/.local/lib/python3.7/site-packages/airflow/example_dags/example_sla_dag.py
[2023-08-01T21:32:02.860+0000] {logging_mixin.py:149} INFO - [2023-08-01T21:32:02.860+0000] {dag.py:2726} INFO - Sync 1 DAGs
[2023-08-01T21:32:02.927+0000] {logging_mixin.py:149} INFO - [2023-08-01T21:32:02.927+0000] {dag.py:3490} INFO - Setting next_dagrun for example_sla_dag to 2023-08-01T21:30:00+00:00, run_after=2023-08-01T21:32:00+00:00
[2023-08-01T21:32:02.965+0000] {processor.py:178} INFO - Processing /home/airflow/.local/lib/python3.7/site-packages/airflow/example_dags/example_sla_dag.py took 0.236 seconds
[2023-08-01T21:32:33.372+0000] {processor.py:156} INFO - Started process (PID=94) to work on /home/airflow/.local/lib/python3.7/site-packages/airflow/example_dags/example_sla_dag.py
[2023-08-01T21:32:33.374+0000] {processor.py:799} INFO - Processing file /home/airflow/.local/lib/python3.7/site-packages/airflow/example_dags/example_sla_dag.py for tasks to queue
[2023-08-01T21:32:33.375+0000] {logging_mixin.py:149} INFO - [2023-08-01T21:32:33.375+0000] {dagbag.py:541} INFO - Filling up the DagBag from /home/airflow/.local/lib/python3.7/site-packages/airflow/example_dags/example_sla_dag.py
[2023-08-01T21:32:33.384+0000] {processor.py:809} INFO - DAG(s) dict_keys(['example_sla_dag']) retrieved from /home/airflow/.local/lib/python3.7/site-packages/airflow/example_dags/example_sla_dag.py
[2023-08-01T21:32:33.463+0000] {logging_mixin.py:149} INFO - [2023-08-01T21:32:33.462+0000] {dag.py:2726} INFO - Sync 1 DAGs
[2023-08-01T21:32:33.501+0000] {logging_mixin.py:149} INFO - [2023-08-01T21:32:33.501+0000] {dag.py:3490} INFO - Setting next_dagrun for example_sla_dag to 2023-08-01T21:30:00+00:00, run_after=2023-08-01T21:32:00+00:00
[2023-08-01T21:32:33.522+0000] {processor.py:178} INFO - Processing /home/airflow/.local/lib/python3.7/site-packages/airflow/example_dags/example_sla_dag.py took 0.153 seconds
[2023-08-01T21:33:04.110+0000] {processor.py:156} INFO - Started process (PID=151) to work on /home/airflow/.local/lib/python3.7/site-packages/airflow/example_dags/example_sla_dag.py
[2023-08-01T21:33:04.111+0000] {processor.py:799} INFO - Processing file /home/airflow/.local/lib/python3.7/site-packages/airflow/example_dags/example_sla_dag.py for tasks to queue
[2023-08-01T21:33:04.112+0000] {logging_mixin.py:149} INFO - [2023-08-01T21:33:04.112+0000] {dagbag.py:541} INFO - Filling up the DagBag from /home/airflow/.local/lib/python3.7/site-packages/airflow/example_dags/example_sla_dag.py
[2023-08-01T21:33:04.123+0000] {processor.py:809} INFO - DAG(s) dict_keys(['example_sla_dag']) retrieved from /home/airflow/.local/lib/python3.7/site-packages/airflow/example_dags/example_sla_dag.py
[2023-08-01T21:33:04.196+0000] {logging_mixin.py:149} INFO - [2023-08-01T21:33:04.196+0000] {dag.py:2726} INFO - Sync 1 DAGs
[2023-08-01T21:33:04.313+0000] {logging_mixin.py:149} INFO - [2023-08-01T21:33:04.312+0000] {dag.py:3490} INFO - Setting next_dagrun for example_sla_dag to 2023-08-01T21:30:00+00:00, run_after=2023-08-01T21:32:00+00:00
[2023-08-01T21:33:04.333+0000] {processor.py:178} INFO - Processing /home/airflow/.local/lib/python3.7/site-packages/airflow/example_dags/example_sla_dag.py took 0.226 seconds
[2023-08-01T21:33:36.435+0000] {processor.py:156} INFO - Started process (PID=208) to work on /home/airflow/.local/lib/python3.7/site-packages/airflow/example_dags/example_sla_dag.py
[2023-08-01T21:33:36.437+0000] {processor.py:799} INFO - Processing file /home/airflow/.local/lib/python3.7/site-packages/airflow/example_dags/example_sla_dag.py for tasks to queue
[2023-08-01T21:33:36.439+0000] {logging_mixin.py:149} INFO - [2023-08-01T21:33:36.439+0000] {dagbag.py:541} INFO - Filling up the DagBag from /home/airflow/.local/lib/python3.7/site-packages/airflow/example_dags/example_sla_dag.py
[2023-08-01T21:33:36.454+0000] {processor.py:809} INFO - DAG(s) dict_keys(['example_sla_dag']) retrieved from /home/airflow/.local/lib/python3.7/site-packages/airflow/example_dags/example_sla_dag.py
[2023-08-01T21:33:36.553+0000] {logging_mixin.py:149} INFO - [2023-08-01T21:33:36.552+0000] {dag.py:2726} INFO - Sync 1 DAGs
[2023-08-01T21:33:36.604+0000] {logging_mixin.py:149} INFO - [2023-08-01T21:33:36.604+0000] {dag.py:3490} INFO - Setting next_dagrun for example_sla_dag to 2023-08-01T21:30:00+00:00, run_after=2023-08-01T21:32:00+00:00
[2023-08-01T21:33:36.632+0000] {processor.py:178} INFO - Processing /home/airflow/.local/lib/python3.7/site-packages/airflow/example_dags/example_sla_dag.py took 0.201 seconds
[2023-08-01T21:34:06.765+0000] {processor.py:156} INFO - Started process (PID=265) to work on /home/airflow/.local/lib/python3.7/site-packages/airflow/example_dags/example_sla_dag.py
[2023-08-01T21:34:06.766+0000] {processor.py:799} INFO - Processing file /home/airflow/.local/lib/python3.7/site-packages/airflow/example_dags/example_sla_dag.py for tasks to queue
[2023-08-01T21:34:06.768+0000] {logging_mixin.py:149} INFO - [2023-08-01T21:34:06.768+0000] {dagbag.py:541} INFO - Filling up the DagBag from /home/airflow/.local/lib/python3.7/site-packages/airflow/example_dags/example_sla_dag.py
[2023-08-01T21:34:06.778+0000] {processor.py:809} INFO - DAG(s) dict_keys(['example_sla_dag']) retrieved from /home/airflow/.local/lib/python3.7/site-packages/airflow/example_dags/example_sla_dag.py
[2023-08-01T21:34:06.851+0000] {logging_mixin.py:149} INFO - [2023-08-01T21:34:06.851+0000] {dag.py:2726} INFO - Sync 1 DAGs
[2023-08-01T21:34:06.890+0000] {logging_mixin.py:149} INFO - [2023-08-01T21:34:06.890+0000] {dag.py:3490} INFO - Setting next_dagrun for example_sla_dag to 2023-08-01T21:32:00+00:00, run_after=2023-08-01T21:34:00+00:00
[2023-08-01T21:34:06.913+0000] {processor.py:178} INFO - Processing /home/airflow/.local/lib/python3.7/site-packages/airflow/example_dags/example_sla_dag.py took 0.150 seconds
[2023-08-01T21:34:37.230+0000] {processor.py:156} INFO - Started process (PID=322) to work on /home/airflow/.local/lib/python3.7/site-packages/airflow/example_dags/example_sla_dag.py
[2023-08-01T21:34:37.232+0000] {processor.py:799} INFO - Processing file /home/airflow/.local/lib/python3.7/site-packages/airflow/example_dags/example_sla_dag.py for tasks to queue
[2023-08-01T21:34:37.233+0000] {logging_mixin.py:149} INFO - [2023-08-01T21:34:37.233+0000] {dagbag.py:541} INFO - Filling up the DagBag from /home/airflow/.local/lib/python3.7/site-packages/airflow/example_dags/example_sla_dag.py
[2023-08-01T21:34:37.273+0000] {processor.py:809} INFO - DAG(s) dict_keys(['example_sla_dag']) retrieved from /home/airflow/.local/lib/python3.7/site-packages/airflow/example_dags/example_sla_dag.py
[2023-08-01T21:34:37.393+0000] {logging_mixin.py:149} INFO - [2023-08-01T21:34:37.393+0000] {dag.py:2726} INFO - Sync 1 DAGs
[2023-08-01T21:34:37.451+0000] {logging_mixin.py:149} INFO - [2023-08-01T21:34:37.451+0000] {dag.py:3490} INFO - Setting next_dagrun for example_sla_dag to 2023-08-01T21:32:00+00:00, run_after=2023-08-01T21:34:00+00:00
[2023-08-01T21:34:37.476+0000] {processor.py:178} INFO - Processing /home/airflow/.local/lib/python3.7/site-packages/airflow/example_dags/example_sla_dag.py took 0.250 seconds
[2023-08-01T21:35:07.844+0000] {processor.py:156} INFO - Started process (PID=379) to work on /home/airflow/.local/lib/python3.7/site-packages/airflow/example_dags/example_sla_dag.py
[2023-08-01T21:35:07.845+0000] {processor.py:799} INFO - Processing file /home/airflow/.local/lib/python3.7/site-packages/airflow/example_dags/example_sla_dag.py for tasks to queue
[2023-08-01T21:35:07.846+0000] {logging_mixin.py:149} INFO - [2023-08-01T21:35:07.846+0000] {dagbag.py:541} INFO - Filling up the DagBag from /home/airflow/.local/lib/python3.7/site-packages/airflow/example_dags/example_sla_dag.py
[2023-08-01T21:35:07.856+0000] {processor.py:809} INFO - DAG(s) dict_keys(['example_sla_dag']) retrieved from /home/airflow/.local/lib/python3.7/site-packages/airflow/example_dags/example_sla_dag.py
[2023-08-01T21:35:07.926+0000] {logging_mixin.py:149} INFO - [2023-08-01T21:35:07.926+0000] {dag.py:2726} INFO - Sync 1 DAGs
[2023-08-01T21:35:07.964+0000] {logging_mixin.py:149} INFO - [2023-08-01T21:35:07.964+0000] {dag.py:3490} INFO - Setting next_dagrun for example_sla_dag to 2023-08-01T21:32:00+00:00, run_after=2023-08-01T21:34:00+00:00
[2023-08-01T21:35:07.984+0000] {processor.py:178} INFO - Processing /home/airflow/.local/lib/python3.7/site-packages/airflow/example_dags/example_sla_dag.py took 0.143 seconds
[2023-08-01T21:35:38.295+0000] {processor.py:156} INFO - Started process (PID=436) to work on /home/airflow/.local/lib/python3.7/site-packages/airflow/example_dags/example_sla_dag.py
[2023-08-01T21:35:38.297+0000] {processor.py:799} INFO - Processing file /home/airflow/.local/lib/python3.7/site-packages/airflow/example_dags/example_sla_dag.py for tasks to queue
[2023-08-01T21:35:38.297+0000] {logging_mixin.py:149} INFO - [2023-08-01T21:35:38.297+0000] {dagbag.py:541} INFO - Filling up the DagBag from /home/airflow/.local/lib/python3.7/site-packages/airflow/example_dags/example_sla_dag.py
[2023-08-01T21:35:38.307+0000] {processor.py:809} INFO - DAG(s) dict_keys(['example_sla_dag']) retrieved from /home/airflow/.local/lib/python3.7/site-packages/airflow/example_dags/example_sla_dag.py
[2023-08-01T21:35:38.389+0000] {logging_mixin.py:149} INFO - [2023-08-01T21:35:38.389+0000] {dag.py:2726} INFO - Sync 1 DAGs
[2023-08-01T21:35:38.429+0000] {logging_mixin.py:149} INFO - [2023-08-01T21:35:38.429+0000] {dag.py:3490} INFO - Setting next_dagrun for example_sla_dag to 2023-08-01T21:32:00+00:00, run_after=2023-08-01T21:34:00+00:00
[2023-08-01T21:35:38.452+0000] {processor.py:178} INFO - Processing /home/airflow/.local/lib/python3.7/site-packages/airflow/example_dags/example_sla_dag.py took 0.161 seconds
[2023-08-01T21:36:09.327+0000] {processor.py:156} INFO - Started process (PID=493) to work on /home/airflow/.local/lib/python3.7/site-packages/airflow/example_dags/example_sla_dag.py
[2023-08-01T21:36:09.331+0000] {processor.py:799} INFO - Processing file /home/airflow/.local/lib/python3.7/site-packages/airflow/example_dags/example_sla_dag.py for tasks to queue
[2023-08-01T21:36:09.332+0000] {logging_mixin.py:149} INFO - [2023-08-01T21:36:09.332+0000] {dagbag.py:541} INFO - Filling up the DagBag from /home/airflow/.local/lib/python3.7/site-packages/airflow/example_dags/example_sla_dag.py
[2023-08-01T21:36:09.345+0000] {processor.py:809} INFO - DAG(s) dict_keys(['example_sla_dag']) retrieved from /home/airflow/.local/lib/python3.7/site-packages/airflow/example_dags/example_sla_dag.py
[2023-08-01T21:36:09.550+0000] {logging_mixin.py:149} INFO - [2023-08-01T21:36:09.549+0000] {dag.py:2726} INFO - Sync 1 DAGs
[2023-08-01T21:36:09.695+0000] {logging_mixin.py:149} INFO - [2023-08-01T21:36:09.695+0000] {dag.py:3490} INFO - Setting next_dagrun for example_sla_dag to 2023-08-01T21:34:00+00:00, run_after=2023-08-01T21:36:00+00:00
[2023-08-01T21:36:09.728+0000] {processor.py:178} INFO - Processing /home/airflow/.local/lib/python3.7/site-packages/airflow/example_dags/example_sla_dag.py took 0.407 seconds
[2023-08-01T21:36:40.054+0000] {processor.py:156} INFO - Started process (PID=550) to work on /home/airflow/.local/lib/python3.7/site-packages/airflow/example_dags/example_sla_dag.py
[2023-08-01T21:36:40.056+0000] {processor.py:799} INFO - Processing file /home/airflow/.local/lib/python3.7/site-packages/airflow/example_dags/example_sla_dag.py for tasks to queue
[2023-08-01T21:36:40.057+0000] {logging_mixin.py:149} INFO - [2023-08-01T21:36:40.056+0000] {dagbag.py:541} INFO - Filling up the DagBag from /home/airflow/.local/lib/python3.7/site-packages/airflow/example_dags/example_sla_dag.py
[2023-08-01T21:36:40.067+0000] {processor.py:809} INFO - DAG(s) dict_keys(['example_sla_dag']) retrieved from /home/airflow/.local/lib/python3.7/site-packages/airflow/example_dags/example_sla_dag.py
[2023-08-01T21:36:40.145+0000] {logging_mixin.py:149} INFO - [2023-08-01T21:36:40.145+0000] {dag.py:2726} INFO - Sync 1 DAGs
[2023-08-01T21:36:40.186+0000] {logging_mixin.py:149} INFO - [2023-08-01T21:36:40.186+0000] {dag.py:3490} INFO - Setting next_dagrun for example_sla_dag to 2023-08-01T21:34:00+00:00, run_after=2023-08-01T21:36:00+00:00
[2023-08-01T21:36:40.208+0000] {processor.py:178} INFO - Processing /home/airflow/.local/lib/python3.7/site-packages/airflow/example_dags/example_sla_dag.py took 0.157 seconds
