[2023-08-01T21:30:30.002+0000] {processor.py:156} INFO - Started process (PID=36) to work on /home/airflow/.local/lib/python3.7/site-packages/airflow/example_dags/tutorial.py
[2023-08-01T21:30:30.003+0000] {processor.py:799} INFO - Processing file /home/airflow/.local/lib/python3.7/site-packages/airflow/example_dags/tutorial.py for tasks to queue
[2023-08-01T21:30:30.004+0000] {logging_mixin.py:149} INFO - [2023-08-01T21:30:30.004+0000] {dagbag.py:541} INFO - Filling up the DagBag from /home/airflow/.local/lib/python3.7/site-packages/airflow/example_dags/tutorial.py
[2023-08-01T21:30:30.020+0000] {processor.py:809} INFO - DAG(s) dict_keys(['tutorial']) retrieved from /home/airflow/.local/lib/python3.7/site-packages/airflow/example_dags/tutorial.py
[2023-08-01T21:30:30.108+0000] {logging_mixin.py:149} INFO - [2023-08-01T21:30:30.108+0000] {dag.py:2726} INFO - Sync 1 DAGs
[2023-08-01T21:30:30.154+0000] {logging_mixin.py:149} INFO - [2023-08-01T21:30:30.154+0000] {dag.py:3490} INFO - Setting next_dagrun for tutorial to 2023-07-31T21:30:30.153904+00:00, run_after=2023-08-01T21:30:30.153904+00:00
[2023-08-01T21:30:30.180+0000] {processor.py:178} INFO - Processing /home/airflow/.local/lib/python3.7/site-packages/airflow/example_dags/tutorial.py took 0.181 seconds
[2023-08-01T21:31:00.833+0000] {processor.py:156} INFO - Started process (PID=93) to work on /home/airflow/.local/lib/python3.7/site-packages/airflow/example_dags/tutorial.py
[2023-08-01T21:31:00.834+0000] {processor.py:799} INFO - Processing file /home/airflow/.local/lib/python3.7/site-packages/airflow/example_dags/tutorial.py for tasks to queue
[2023-08-01T21:31:00.835+0000] {logging_mixin.py:149} INFO - [2023-08-01T21:31:00.835+0000] {dagbag.py:541} INFO - Filling up the DagBag from /home/airflow/.local/lib/python3.7/site-packages/airflow/example_dags/tutorial.py
[2023-08-01T21:31:00.845+0000] {processor.py:809} INFO - DAG(s) dict_keys(['tutorial']) retrieved from /home/airflow/.local/lib/python3.7/site-packages/airflow/example_dags/tutorial.py
[2023-08-01T21:31:00.918+0000] {logging_mixin.py:149} INFO - [2023-08-01T21:31:00.918+0000] {dag.py:2726} INFO - Sync 1 DAGs
[2023-08-01T21:31:00.961+0000] {logging_mixin.py:149} INFO - [2023-08-01T21:31:00.961+0000] {dag.py:3490} INFO - Setting next_dagrun for tutorial to 2023-07-31T21:31:00.960781+00:00, run_after=2023-08-01T21:31:00.960781+00:00
[2023-08-01T21:31:00.988+0000] {processor.py:178} INFO - Processing /home/airflow/.local/lib/python3.7/site-packages/airflow/example_dags/tutorial.py took 0.158 seconds
[2023-08-01T21:32:02.421+0000] {processor.py:156} INFO - Started process (PID=35) to work on /home/airflow/.local/lib/python3.7/site-packages/airflow/example_dags/tutorial.py
[2023-08-01T21:32:02.423+0000] {processor.py:799} INFO - Processing file /home/airflow/.local/lib/python3.7/site-packages/airflow/example_dags/tutorial.py for tasks to queue
[2023-08-01T21:32:02.424+0000] {logging_mixin.py:149} INFO - [2023-08-01T21:32:02.424+0000] {dagbag.py:541} INFO - Filling up the DagBag from /home/airflow/.local/lib/python3.7/site-packages/airflow/example_dags/tutorial.py
[2023-08-01T21:32:02.451+0000] {processor.py:809} INFO - DAG(s) dict_keys(['tutorial']) retrieved from /home/airflow/.local/lib/python3.7/site-packages/airflow/example_dags/tutorial.py
[2023-08-01T21:32:02.567+0000] {logging_mixin.py:149} INFO - [2023-08-01T21:32:02.567+0000] {dag.py:2726} INFO - Sync 1 DAGs
[2023-08-01T21:32:02.652+0000] {logging_mixin.py:149} INFO - [2023-08-01T21:32:02.652+0000] {dag.py:3490} INFO - Setting next_dagrun for tutorial to 2023-07-31T21:32:02.651618+00:00, run_after=2023-08-01T21:32:02.651618+00:00
[2023-08-01T21:32:02.687+0000] {processor.py:178} INFO - Processing /home/airflow/.local/lib/python3.7/site-packages/airflow/example_dags/tutorial.py took 0.277 seconds
[2023-08-01T21:32:33.182+0000] {processor.py:156} INFO - Started process (PID=92) to work on /home/airflow/.local/lib/python3.7/site-packages/airflow/example_dags/tutorial.py
[2023-08-01T21:32:33.183+0000] {processor.py:799} INFO - Processing file /home/airflow/.local/lib/python3.7/site-packages/airflow/example_dags/tutorial.py for tasks to queue
[2023-08-01T21:32:33.185+0000] {logging_mixin.py:149} INFO - [2023-08-01T21:32:33.184+0000] {dagbag.py:541} INFO - Filling up the DagBag from /home/airflow/.local/lib/python3.7/site-packages/airflow/example_dags/tutorial.py
[2023-08-01T21:32:33.192+0000] {processor.py:809} INFO - DAG(s) dict_keys(['tutorial']) retrieved from /home/airflow/.local/lib/python3.7/site-packages/airflow/example_dags/tutorial.py
[2023-08-01T21:32:33.266+0000] {logging_mixin.py:149} INFO - [2023-08-01T21:32:33.266+0000] {dag.py:2726} INFO - Sync 1 DAGs
[2023-08-01T21:32:33.305+0000] {logging_mixin.py:149} INFO - [2023-08-01T21:32:33.304+0000] {dag.py:3490} INFO - Setting next_dagrun for tutorial to 2023-07-31T21:32:33.304346+00:00, run_after=2023-08-01T21:32:33.304346+00:00
[2023-08-01T21:32:33.331+0000] {processor.py:178} INFO - Processing /home/airflow/.local/lib/python3.7/site-packages/airflow/example_dags/tutorial.py took 0.153 seconds
[2023-08-01T21:33:03.838+0000] {processor.py:156} INFO - Started process (PID=149) to work on /home/airflow/.local/lib/python3.7/site-packages/airflow/example_dags/tutorial.py
[2023-08-01T21:33:03.839+0000] {processor.py:799} INFO - Processing file /home/airflow/.local/lib/python3.7/site-packages/airflow/example_dags/tutorial.py for tasks to queue
[2023-08-01T21:33:03.840+0000] {logging_mixin.py:149} INFO - [2023-08-01T21:33:03.840+0000] {dagbag.py:541} INFO - Filling up the DagBag from /home/airflow/.local/lib/python3.7/site-packages/airflow/example_dags/tutorial.py
[2023-08-01T21:33:03.847+0000] {processor.py:809} INFO - DAG(s) dict_keys(['tutorial']) retrieved from /home/airflow/.local/lib/python3.7/site-packages/airflow/example_dags/tutorial.py
[2023-08-01T21:33:03.920+0000] {logging_mixin.py:149} INFO - [2023-08-01T21:33:03.920+0000] {dag.py:2726} INFO - Sync 1 DAGs
[2023-08-01T21:33:04.050+0000] {logging_mixin.py:149} INFO - [2023-08-01T21:33:04.049+0000] {dag.py:3490} INFO - Setting next_dagrun for tutorial to 2023-07-31T21:33:04.049136+00:00, run_after=2023-08-01T21:33:04.049136+00:00
[2023-08-01T21:33:04.073+0000] {processor.py:178} INFO - Processing /home/airflow/.local/lib/python3.7/site-packages/airflow/example_dags/tutorial.py took 0.237 seconds
[2023-08-01T21:33:35.918+0000] {processor.py:156} INFO - Started process (PID=206) to work on /home/airflow/.local/lib/python3.7/site-packages/airflow/example_dags/tutorial.py
[2023-08-01T21:33:35.924+0000] {processor.py:799} INFO - Processing file /home/airflow/.local/lib/python3.7/site-packages/airflow/example_dags/tutorial.py for tasks to queue
[2023-08-01T21:33:35.926+0000] {logging_mixin.py:149} INFO - [2023-08-01T21:33:35.926+0000] {dagbag.py:541} INFO - Filling up the DagBag from /home/airflow/.local/lib/python3.7/site-packages/airflow/example_dags/tutorial.py
[2023-08-01T21:33:35.961+0000] {processor.py:809} INFO - DAG(s) dict_keys(['tutorial']) retrieved from /home/airflow/.local/lib/python3.7/site-packages/airflow/example_dags/tutorial.py
[2023-08-01T21:33:36.229+0000] {logging_mixin.py:149} INFO - [2023-08-01T21:33:36.229+0000] {dag.py:2726} INFO - Sync 1 DAGs
[2023-08-01T21:33:36.302+0000] {logging_mixin.py:149} INFO - [2023-08-01T21:33:36.301+0000] {dag.py:3490} INFO - Setting next_dagrun for tutorial to 2023-07-31T21:33:36.298949+00:00, run_after=2023-08-01T21:33:36.298949+00:00
[2023-08-01T21:33:36.382+0000] {processor.py:178} INFO - Processing /home/airflow/.local/lib/python3.7/site-packages/airflow/example_dags/tutorial.py took 0.467 seconds
[2023-08-01T21:34:06.573+0000] {processor.py:156} INFO - Started process (PID=263) to work on /home/airflow/.local/lib/python3.7/site-packages/airflow/example_dags/tutorial.py
[2023-08-01T21:34:06.574+0000] {processor.py:799} INFO - Processing file /home/airflow/.local/lib/python3.7/site-packages/airflow/example_dags/tutorial.py for tasks to queue
[2023-08-01T21:34:06.575+0000] {logging_mixin.py:149} INFO - [2023-08-01T21:34:06.575+0000] {dagbag.py:541} INFO - Filling up the DagBag from /home/airflow/.local/lib/python3.7/site-packages/airflow/example_dags/tutorial.py
[2023-08-01T21:34:06.585+0000] {processor.py:809} INFO - DAG(s) dict_keys(['tutorial']) retrieved from /home/airflow/.local/lib/python3.7/site-packages/airflow/example_dags/tutorial.py
[2023-08-01T21:34:06.662+0000] {logging_mixin.py:149} INFO - [2023-08-01T21:34:06.662+0000] {dag.py:2726} INFO - Sync 1 DAGs
[2023-08-01T21:34:06.700+0000] {logging_mixin.py:149} INFO - [2023-08-01T21:34:06.700+0000] {dag.py:3490} INFO - Setting next_dagrun for tutorial to 2023-07-31T21:34:06.699974+00:00, run_after=2023-08-01T21:34:06.699974+00:00
[2023-08-01T21:34:06.725+0000] {processor.py:178} INFO - Processing /home/airflow/.local/lib/python3.7/site-packages/airflow/example_dags/tutorial.py took 0.156 seconds
[2023-08-01T21:34:37.047+0000] {processor.py:156} INFO - Started process (PID=320) to work on /home/airflow/.local/lib/python3.7/site-packages/airflow/example_dags/tutorial.py
[2023-08-01T21:34:37.049+0000] {processor.py:799} INFO - Processing file /home/airflow/.local/lib/python3.7/site-packages/airflow/example_dags/tutorial.py for tasks to queue
[2023-08-01T21:34:37.050+0000] {logging_mixin.py:149} INFO - [2023-08-01T21:34:37.050+0000] {dagbag.py:541} INFO - Filling up the DagBag from /home/airflow/.local/lib/python3.7/site-packages/airflow/example_dags/tutorial.py
[2023-08-01T21:34:37.060+0000] {processor.py:809} INFO - DAG(s) dict_keys(['tutorial']) retrieved from /home/airflow/.local/lib/python3.7/site-packages/airflow/example_dags/tutorial.py
[2023-08-01T21:34:37.136+0000] {logging_mixin.py:149} INFO - [2023-08-01T21:34:37.136+0000] {dag.py:2726} INFO - Sync 1 DAGs
[2023-08-01T21:34:37.174+0000] {logging_mixin.py:149} INFO - [2023-08-01T21:34:37.174+0000] {dag.py:3490} INFO - Setting next_dagrun for tutorial to 2023-07-31T21:34:37.173559+00:00, run_after=2023-08-01T21:34:37.173559+00:00
[2023-08-01T21:34:37.199+0000] {processor.py:178} INFO - Processing /home/airflow/.local/lib/python3.7/site-packages/airflow/example_dags/tutorial.py took 0.155 seconds
[2023-08-01T21:35:07.679+0000] {processor.py:156} INFO - Started process (PID=377) to work on /home/airflow/.local/lib/python3.7/site-packages/airflow/example_dags/tutorial.py
[2023-08-01T21:35:07.681+0000] {processor.py:799} INFO - Processing file /home/airflow/.local/lib/python3.7/site-packages/airflow/example_dags/tutorial.py for tasks to queue
[2023-08-01T21:35:07.681+0000] {logging_mixin.py:149} INFO - [2023-08-01T21:35:07.681+0000] {dagbag.py:541} INFO - Filling up the DagBag from /home/airflow/.local/lib/python3.7/site-packages/airflow/example_dags/tutorial.py
[2023-08-01T21:35:07.689+0000] {processor.py:809} INFO - DAG(s) dict_keys(['tutorial']) retrieved from /home/airflow/.local/lib/python3.7/site-packages/airflow/example_dags/tutorial.py
[2023-08-01T21:35:07.759+0000] {logging_mixin.py:149} INFO - [2023-08-01T21:35:07.759+0000] {dag.py:2726} INFO - Sync 1 DAGs
[2023-08-01T21:35:07.794+0000] {logging_mixin.py:149} INFO - [2023-08-01T21:35:07.793+0000] {dag.py:3490} INFO - Setting next_dagrun for tutorial to 2023-07-31T21:35:07.793083+00:00, run_after=2023-08-01T21:35:07.793083+00:00
[2023-08-01T21:35:07.818+0000] {processor.py:178} INFO - Processing /home/airflow/.local/lib/python3.7/site-packages/airflow/example_dags/tutorial.py took 0.141 seconds
[2023-08-01T21:35:38.114+0000] {processor.py:156} INFO - Started process (PID=434) to work on /home/airflow/.local/lib/python3.7/site-packages/airflow/example_dags/tutorial.py
[2023-08-01T21:35:38.115+0000] {processor.py:799} INFO - Processing file /home/airflow/.local/lib/python3.7/site-packages/airflow/example_dags/tutorial.py for tasks to queue
[2023-08-01T21:35:38.116+0000] {logging_mixin.py:149} INFO - [2023-08-01T21:35:38.116+0000] {dagbag.py:541} INFO - Filling up the DagBag from /home/airflow/.local/lib/python3.7/site-packages/airflow/example_dags/tutorial.py
[2023-08-01T21:35:38.124+0000] {processor.py:809} INFO - DAG(s) dict_keys(['tutorial']) retrieved from /home/airflow/.local/lib/python3.7/site-packages/airflow/example_dags/tutorial.py
[2023-08-01T21:35:38.207+0000] {logging_mixin.py:149} INFO - [2023-08-01T21:35:38.206+0000] {dag.py:2726} INFO - Sync 1 DAGs
[2023-08-01T21:35:38.245+0000] {logging_mixin.py:149} INFO - [2023-08-01T21:35:38.244+0000] {dag.py:3490} INFO - Setting next_dagrun for tutorial to 2023-07-31T21:35:38.244420+00:00, run_after=2023-08-01T21:35:38.244420+00:00
[2023-08-01T21:35:38.270+0000] {processor.py:178} INFO - Processing /home/airflow/.local/lib/python3.7/site-packages/airflow/example_dags/tutorial.py took 0.160 seconds
[2023-08-01T21:36:09.119+0000] {processor.py:156} INFO - Started process (PID=491) to work on /home/airflow/.local/lib/python3.7/site-packages/airflow/example_dags/tutorial.py
[2023-08-01T21:36:09.120+0000] {processor.py:799} INFO - Processing file /home/airflow/.local/lib/python3.7/site-packages/airflow/example_dags/tutorial.py for tasks to queue
[2023-08-01T21:36:09.121+0000] {logging_mixin.py:149} INFO - [2023-08-01T21:36:09.121+0000] {dagbag.py:541} INFO - Filling up the DagBag from /home/airflow/.local/lib/python3.7/site-packages/airflow/example_dags/tutorial.py
[2023-08-01T21:36:09.129+0000] {processor.py:809} INFO - DAG(s) dict_keys(['tutorial']) retrieved from /home/airflow/.local/lib/python3.7/site-packages/airflow/example_dags/tutorial.py
[2023-08-01T21:36:09.212+0000] {logging_mixin.py:149} INFO - [2023-08-01T21:36:09.212+0000] {dag.py:2726} INFO - Sync 1 DAGs
[2023-08-01T21:36:09.255+0000] {logging_mixin.py:149} INFO - [2023-08-01T21:36:09.255+0000] {dag.py:3490} INFO - Setting next_dagrun for tutorial to 2023-07-31T21:36:09.254345+00:00, run_after=2023-08-01T21:36:09.254345+00:00
[2023-08-01T21:36:09.282+0000] {processor.py:178} INFO - Processing /home/airflow/.local/lib/python3.7/site-packages/airflow/example_dags/tutorial.py took 0.167 seconds
[2023-08-01T21:36:39.872+0000] {processor.py:156} INFO - Started process (PID=548) to work on /home/airflow/.local/lib/python3.7/site-packages/airflow/example_dags/tutorial.py
[2023-08-01T21:36:39.873+0000] {processor.py:799} INFO - Processing file /home/airflow/.local/lib/python3.7/site-packages/airflow/example_dags/tutorial.py for tasks to queue
[2023-08-01T21:36:39.874+0000] {logging_mixin.py:149} INFO - [2023-08-01T21:36:39.874+0000] {dagbag.py:541} INFO - Filling up the DagBag from /home/airflow/.local/lib/python3.7/site-packages/airflow/example_dags/tutorial.py
[2023-08-01T21:36:39.881+0000] {processor.py:809} INFO - DAG(s) dict_keys(['tutorial']) retrieved from /home/airflow/.local/lib/python3.7/site-packages/airflow/example_dags/tutorial.py
[2023-08-01T21:36:39.952+0000] {logging_mixin.py:149} INFO - [2023-08-01T21:36:39.952+0000] {dag.py:2726} INFO - Sync 1 DAGs
[2023-08-01T21:36:39.995+0000] {logging_mixin.py:149} INFO - [2023-08-01T21:36:39.995+0000] {dag.py:3490} INFO - Setting next_dagrun for tutorial to 2023-07-31T21:36:39.994779+00:00, run_after=2023-08-01T21:36:39.994779+00:00
[2023-08-01T21:36:40.024+0000] {processor.py:178} INFO - Processing /home/airflow/.local/lib/python3.7/site-packages/airflow/example_dags/tutorial.py took 0.154 seconds
