[2023-08-01T21:30:32.431+0000] {processor.py:156} INFO - Started process (PID=60) to work on /home/airflow/.local/lib/python3.7/site-packages/airflow/example_dags/tutorial_dag.py
[2023-08-01T21:30:32.433+0000] {processor.py:799} INFO - Processing file /home/airflow/.local/lib/python3.7/site-packages/airflow/example_dags/tutorial_dag.py for tasks to queue
[2023-08-01T21:30:32.435+0000] {logging_mixin.py:149} INFO - [2023-08-01T21:30:32.434+0000] {dagbag.py:541} INFO - Filling up the DagBag from /home/airflow/.local/lib/python3.7/site-packages/airflow/example_dags/tutorial_dag.py
[2023-08-01T21:30:32.446+0000] {processor.py:809} INFO - DAG(s) dict_keys(['tutorial_dag']) retrieved from /home/airflow/.local/lib/python3.7/site-packages/airflow/example_dags/tutorial_dag.py
[2023-08-01T21:30:32.519+0000] {logging_mixin.py:149} INFO - [2023-08-01T21:30:32.519+0000] {dag.py:2726} INFO - Sync 1 DAGs
[2023-08-01T21:30:32.580+0000] {logging_mixin.py:149} INFO - [2023-08-01T21:30:32.580+0000] {dag.py:3490} INFO - Setting next_dagrun for tutorial_dag to None, run_after=None
[2023-08-01T21:30:32.620+0000] {processor.py:178} INFO - Processing /home/airflow/.local/lib/python3.7/site-packages/airflow/example_dags/tutorial_dag.py took 0.198 seconds
[2023-08-01T21:31:02.968+0000] {processor.py:156} INFO - Started process (PID=117) to work on /home/airflow/.local/lib/python3.7/site-packages/airflow/example_dags/tutorial_dag.py
[2023-08-01T21:31:02.969+0000] {processor.py:799} INFO - Processing file /home/airflow/.local/lib/python3.7/site-packages/airflow/example_dags/tutorial_dag.py for tasks to queue
[2023-08-01T21:31:02.970+0000] {logging_mixin.py:149} INFO - [2023-08-01T21:31:02.970+0000] {dagbag.py:541} INFO - Filling up the DagBag from /home/airflow/.local/lib/python3.7/site-packages/airflow/example_dags/tutorial_dag.py
[2023-08-01T21:31:02.976+0000] {processor.py:809} INFO - DAG(s) dict_keys(['tutorial_dag']) retrieved from /home/airflow/.local/lib/python3.7/site-packages/airflow/example_dags/tutorial_dag.py
[2023-08-01T21:31:03.046+0000] {logging_mixin.py:149} INFO - [2023-08-01T21:31:03.046+0000] {dag.py:2726} INFO - Sync 1 DAGs
[2023-08-01T21:31:03.082+0000] {logging_mixin.py:149} INFO - [2023-08-01T21:31:03.082+0000] {dag.py:3490} INFO - Setting next_dagrun for tutorial_dag to None, run_after=None
[2023-08-01T21:31:03.106+0000] {processor.py:178} INFO - Processing /home/airflow/.local/lib/python3.7/site-packages/airflow/example_dags/tutorial_dag.py took 0.140 seconds
[2023-08-01T21:32:10.106+0000] {processor.py:156} INFO - Started process (PID=59) to work on /home/airflow/.local/lib/python3.7/site-packages/airflow/example_dags/tutorial_dag.py
[2023-08-01T21:32:10.108+0000] {processor.py:799} INFO - Processing file /home/airflow/.local/lib/python3.7/site-packages/airflow/example_dags/tutorial_dag.py for tasks to queue
[2023-08-01T21:32:10.110+0000] {logging_mixin.py:149} INFO - [2023-08-01T21:32:10.110+0000] {dagbag.py:541} INFO - Filling up the DagBag from /home/airflow/.local/lib/python3.7/site-packages/airflow/example_dags/tutorial_dag.py
[2023-08-01T21:32:10.117+0000] {processor.py:809} INFO - DAG(s) dict_keys(['tutorial_dag']) retrieved from /home/airflow/.local/lib/python3.7/site-packages/airflow/example_dags/tutorial_dag.py
[2023-08-01T21:32:10.194+0000] {logging_mixin.py:149} INFO - [2023-08-01T21:32:10.194+0000] {dag.py:2726} INFO - Sync 1 DAGs
[2023-08-01T21:32:10.257+0000] {logging_mixin.py:149} INFO - [2023-08-01T21:32:10.256+0000] {dag.py:3490} INFO - Setting next_dagrun for tutorial_dag to None, run_after=None
[2023-08-01T21:32:10.295+0000] {processor.py:178} INFO - Processing /home/airflow/.local/lib/python3.7/site-packages/airflow/example_dags/tutorial_dag.py took 0.193 seconds
[2023-08-01T21:32:40.985+0000] {processor.py:156} INFO - Started process (PID=116) to work on /home/airflow/.local/lib/python3.7/site-packages/airflow/example_dags/tutorial_dag.py
[2023-08-01T21:32:40.986+0000] {processor.py:799} INFO - Processing file /home/airflow/.local/lib/python3.7/site-packages/airflow/example_dags/tutorial_dag.py for tasks to queue
[2023-08-01T21:32:40.987+0000] {logging_mixin.py:149} INFO - [2023-08-01T21:32:40.987+0000] {dagbag.py:541} INFO - Filling up the DagBag from /home/airflow/.local/lib/python3.7/site-packages/airflow/example_dags/tutorial_dag.py
[2023-08-01T21:32:40.993+0000] {processor.py:809} INFO - DAG(s) dict_keys(['tutorial_dag']) retrieved from /home/airflow/.local/lib/python3.7/site-packages/airflow/example_dags/tutorial_dag.py
[2023-08-01T21:32:41.067+0000] {logging_mixin.py:149} INFO - [2023-08-01T21:32:41.066+0000] {dag.py:2726} INFO - Sync 1 DAGs
[2023-08-01T21:32:41.102+0000] {logging_mixin.py:149} INFO - [2023-08-01T21:32:41.102+0000] {dag.py:3490} INFO - Setting next_dagrun for tutorial_dag to None, run_after=None
[2023-08-01T21:32:41.125+0000] {processor.py:178} INFO - Processing /home/airflow/.local/lib/python3.7/site-packages/airflow/example_dags/tutorial_dag.py took 0.143 seconds
[2023-08-01T21:33:12.377+0000] {processor.py:156} INFO - Started process (PID=173) to work on /home/airflow/.local/lib/python3.7/site-packages/airflow/example_dags/tutorial_dag.py
[2023-08-01T21:33:12.378+0000] {processor.py:799} INFO - Processing file /home/airflow/.local/lib/python3.7/site-packages/airflow/example_dags/tutorial_dag.py for tasks to queue
[2023-08-01T21:33:12.379+0000] {logging_mixin.py:149} INFO - [2023-08-01T21:33:12.379+0000] {dagbag.py:541} INFO - Filling up the DagBag from /home/airflow/.local/lib/python3.7/site-packages/airflow/example_dags/tutorial_dag.py
[2023-08-01T21:33:12.386+0000] {processor.py:809} INFO - DAG(s) dict_keys(['tutorial_dag']) retrieved from /home/airflow/.local/lib/python3.7/site-packages/airflow/example_dags/tutorial_dag.py
[2023-08-01T21:33:12.513+0000] {logging_mixin.py:149} INFO - [2023-08-01T21:33:12.512+0000] {dag.py:2726} INFO - Sync 1 DAGs
[2023-08-01T21:33:12.675+0000] {logging_mixin.py:149} INFO - [2023-08-01T21:33:12.675+0000] {dag.py:3490} INFO - Setting next_dagrun for tutorial_dag to None, run_after=None
[2023-08-01T21:33:12.701+0000] {processor.py:178} INFO - Processing /home/airflow/.local/lib/python3.7/site-packages/airflow/example_dags/tutorial_dag.py took 0.327 seconds
[2023-08-01T21:33:43.875+0000] {processor.py:156} INFO - Started process (PID=230) to work on /home/airflow/.local/lib/python3.7/site-packages/airflow/example_dags/tutorial_dag.py
[2023-08-01T21:33:43.877+0000] {processor.py:799} INFO - Processing file /home/airflow/.local/lib/python3.7/site-packages/airflow/example_dags/tutorial_dag.py for tasks to queue
[2023-08-01T21:33:43.878+0000] {logging_mixin.py:149} INFO - [2023-08-01T21:33:43.878+0000] {dagbag.py:541} INFO - Filling up the DagBag from /home/airflow/.local/lib/python3.7/site-packages/airflow/example_dags/tutorial_dag.py
[2023-08-01T21:33:43.884+0000] {processor.py:809} INFO - DAG(s) dict_keys(['tutorial_dag']) retrieved from /home/airflow/.local/lib/python3.7/site-packages/airflow/example_dags/tutorial_dag.py
[2023-08-01T21:33:44.006+0000] {logging_mixin.py:149} INFO - [2023-08-01T21:33:44.006+0000] {dag.py:2726} INFO - Sync 1 DAGs
[2023-08-01T21:33:44.055+0000] {logging_mixin.py:149} INFO - [2023-08-01T21:33:44.055+0000] {dag.py:3490} INFO - Setting next_dagrun for tutorial_dag to None, run_after=None
[2023-08-01T21:33:44.099+0000] {processor.py:178} INFO - Processing /home/airflow/.local/lib/python3.7/site-packages/airflow/example_dags/tutorial_dag.py took 0.226 seconds
[2023-08-01T21:34:14.356+0000] {processor.py:156} INFO - Started process (PID=287) to work on /home/airflow/.local/lib/python3.7/site-packages/airflow/example_dags/tutorial_dag.py
[2023-08-01T21:34:14.358+0000] {processor.py:799} INFO - Processing file /home/airflow/.local/lib/python3.7/site-packages/airflow/example_dags/tutorial_dag.py for tasks to queue
[2023-08-01T21:34:14.359+0000] {logging_mixin.py:149} INFO - [2023-08-01T21:34:14.358+0000] {dagbag.py:541} INFO - Filling up the DagBag from /home/airflow/.local/lib/python3.7/site-packages/airflow/example_dags/tutorial_dag.py
[2023-08-01T21:34:14.365+0000] {processor.py:809} INFO - DAG(s) dict_keys(['tutorial_dag']) retrieved from /home/airflow/.local/lib/python3.7/site-packages/airflow/example_dags/tutorial_dag.py
[2023-08-01T21:34:14.439+0000] {logging_mixin.py:149} INFO - [2023-08-01T21:34:14.439+0000] {dag.py:2726} INFO - Sync 1 DAGs
[2023-08-01T21:34:14.473+0000] {logging_mixin.py:149} INFO - [2023-08-01T21:34:14.473+0000] {dag.py:3490} INFO - Setting next_dagrun for tutorial_dag to None, run_after=None
[2023-08-01T21:34:14.495+0000] {processor.py:178} INFO - Processing /home/airflow/.local/lib/python3.7/site-packages/airflow/example_dags/tutorial_dag.py took 0.142 seconds
[2023-08-01T21:34:44.860+0000] {processor.py:156} INFO - Started process (PID=344) to work on /home/airflow/.local/lib/python3.7/site-packages/airflow/example_dags/tutorial_dag.py
[2023-08-01T21:34:44.862+0000] {processor.py:799} INFO - Processing file /home/airflow/.local/lib/python3.7/site-packages/airflow/example_dags/tutorial_dag.py for tasks to queue
[2023-08-01T21:34:44.863+0000] {logging_mixin.py:149} INFO - [2023-08-01T21:34:44.863+0000] {dagbag.py:541} INFO - Filling up the DagBag from /home/airflow/.local/lib/python3.7/site-packages/airflow/example_dags/tutorial_dag.py
[2023-08-01T21:34:44.875+0000] {processor.py:809} INFO - DAG(s) dict_keys(['tutorial_dag']) retrieved from /home/airflow/.local/lib/python3.7/site-packages/airflow/example_dags/tutorial_dag.py
[2023-08-01T21:34:44.961+0000] {logging_mixin.py:149} INFO - [2023-08-01T21:34:44.961+0000] {dag.py:2726} INFO - Sync 1 DAGs
[2023-08-01T21:34:45.003+0000] {logging_mixin.py:149} INFO - [2023-08-01T21:34:45.002+0000] {dag.py:3490} INFO - Setting next_dagrun for tutorial_dag to None, run_after=None
[2023-08-01T21:34:45.027+0000] {processor.py:178} INFO - Processing /home/airflow/.local/lib/python3.7/site-packages/airflow/example_dags/tutorial_dag.py took 0.174 seconds
[2023-08-01T21:35:15.202+0000] {processor.py:156} INFO - Started process (PID=401) to work on /home/airflow/.local/lib/python3.7/site-packages/airflow/example_dags/tutorial_dag.py
[2023-08-01T21:35:15.203+0000] {processor.py:799} INFO - Processing file /home/airflow/.local/lib/python3.7/site-packages/airflow/example_dags/tutorial_dag.py for tasks to queue
[2023-08-01T21:35:15.205+0000] {logging_mixin.py:149} INFO - [2023-08-01T21:35:15.204+0000] {dagbag.py:541} INFO - Filling up the DagBag from /home/airflow/.local/lib/python3.7/site-packages/airflow/example_dags/tutorial_dag.py
[2023-08-01T21:35:15.211+0000] {processor.py:809} INFO - DAG(s) dict_keys(['tutorial_dag']) retrieved from /home/airflow/.local/lib/python3.7/site-packages/airflow/example_dags/tutorial_dag.py
[2023-08-01T21:35:15.285+0000] {logging_mixin.py:149} INFO - [2023-08-01T21:35:15.285+0000] {dag.py:2726} INFO - Sync 1 DAGs
[2023-08-01T21:35:15.320+0000] {logging_mixin.py:149} INFO - [2023-08-01T21:35:15.320+0000] {dag.py:3490} INFO - Setting next_dagrun for tutorial_dag to None, run_after=None
[2023-08-01T21:35:15.344+0000] {processor.py:178} INFO - Processing /home/airflow/.local/lib/python3.7/site-packages/airflow/example_dags/tutorial_dag.py took 0.145 seconds
[2023-08-01T21:35:46.164+0000] {processor.py:156} INFO - Started process (PID=458) to work on /home/airflow/.local/lib/python3.7/site-packages/airflow/example_dags/tutorial_dag.py
[2023-08-01T21:35:46.167+0000] {processor.py:799} INFO - Processing file /home/airflow/.local/lib/python3.7/site-packages/airflow/example_dags/tutorial_dag.py for tasks to queue
[2023-08-01T21:35:46.169+0000] {logging_mixin.py:149} INFO - [2023-08-01T21:35:46.169+0000] {dagbag.py:541} INFO - Filling up the DagBag from /home/airflow/.local/lib/python3.7/site-packages/airflow/example_dags/tutorial_dag.py
[2023-08-01T21:35:46.182+0000] {processor.py:809} INFO - DAG(s) dict_keys(['tutorial_dag']) retrieved from /home/airflow/.local/lib/python3.7/site-packages/airflow/example_dags/tutorial_dag.py
[2023-08-01T21:35:46.300+0000] {logging_mixin.py:149} INFO - [2023-08-01T21:35:46.300+0000] {dag.py:2726} INFO - Sync 1 DAGs
[2023-08-01T21:35:46.354+0000] {logging_mixin.py:149} INFO - [2023-08-01T21:35:46.353+0000] {dag.py:3490} INFO - Setting next_dagrun for tutorial_dag to None, run_after=None
[2023-08-01T21:35:46.386+0000] {processor.py:178} INFO - Processing /home/airflow/.local/lib/python3.7/site-packages/airflow/example_dags/tutorial_dag.py took 0.227 seconds
[2023-08-01T21:36:17.230+0000] {processor.py:156} INFO - Started process (PID=515) to work on /home/airflow/.local/lib/python3.7/site-packages/airflow/example_dags/tutorial_dag.py
[2023-08-01T21:36:17.231+0000] {processor.py:799} INFO - Processing file /home/airflow/.local/lib/python3.7/site-packages/airflow/example_dags/tutorial_dag.py for tasks to queue
[2023-08-01T21:36:17.232+0000] {logging_mixin.py:149} INFO - [2023-08-01T21:36:17.232+0000] {dagbag.py:541} INFO - Filling up the DagBag from /home/airflow/.local/lib/python3.7/site-packages/airflow/example_dags/tutorial_dag.py
[2023-08-01T21:36:17.239+0000] {processor.py:809} INFO - DAG(s) dict_keys(['tutorial_dag']) retrieved from /home/airflow/.local/lib/python3.7/site-packages/airflow/example_dags/tutorial_dag.py
[2023-08-01T21:36:17.340+0000] {logging_mixin.py:149} INFO - [2023-08-01T21:36:17.340+0000] {dag.py:2726} INFO - Sync 1 DAGs
[2023-08-01T21:36:17.381+0000] {logging_mixin.py:149} INFO - [2023-08-01T21:36:17.381+0000] {dag.py:3490} INFO - Setting next_dagrun for tutorial_dag to None, run_after=None
[2023-08-01T21:36:17.406+0000] {processor.py:178} INFO - Processing /home/airflow/.local/lib/python3.7/site-packages/airflow/example_dags/tutorial_dag.py took 0.180 seconds
[2023-08-01T21:36:48.038+0000] {processor.py:156} INFO - Started process (PID=572) to work on /home/airflow/.local/lib/python3.7/site-packages/airflow/example_dags/tutorial_dag.py
[2023-08-01T21:36:48.040+0000] {processor.py:799} INFO - Processing file /home/airflow/.local/lib/python3.7/site-packages/airflow/example_dags/tutorial_dag.py for tasks to queue
[2023-08-01T21:36:48.041+0000] {logging_mixin.py:149} INFO - [2023-08-01T21:36:48.041+0000] {dagbag.py:541} INFO - Filling up the DagBag from /home/airflow/.local/lib/python3.7/site-packages/airflow/example_dags/tutorial_dag.py
[2023-08-01T21:36:48.049+0000] {processor.py:809} INFO - DAG(s) dict_keys(['tutorial_dag']) retrieved from /home/airflow/.local/lib/python3.7/site-packages/airflow/example_dags/tutorial_dag.py
[2023-08-01T21:36:48.125+0000] {logging_mixin.py:149} INFO - [2023-08-01T21:36:48.124+0000] {dag.py:2726} INFO - Sync 1 DAGs
[2023-08-01T21:36:48.158+0000] {logging_mixin.py:149} INFO - [2023-08-01T21:36:48.158+0000] {dag.py:3490} INFO - Setting next_dagrun for tutorial_dag to None, run_after=None
[2023-08-01T21:36:48.179+0000] {processor.py:178} INFO - Processing /home/airflow/.local/lib/python3.7/site-packages/airflow/example_dags/tutorial_dag.py took 0.145 seconds
